/usr/workspace/iopp/install_scripts/bin/iopp-init: line 11: module: command not found
/usr/workspace/iopp/software/tailorfs /usr/workspace/iopp/software/tailorfs/scripts
mkdir: cannot create directory 'build_2': File exists
/usr/workspace/iopp/software/tailorfs/build_2 /usr/workspace/iopp/software/tailorfs /usr/workspace/iopp/software/tailorfs/scripts
-- The C compiler identification is GNU 8.3.1
-- The CXX compiler identification is GNU 8.3.1
-- Detecting C compiler ABI info
-- Detecting C compiler ABI info - done
-- Check for working C compiler: /usr/tce/packages/gcc/gcc-8.3.1/bin/gcc - skipped
-- Detecting C compile features
-- Detecting C compile features - done
-- Detecting CXX compiler ABI info
-- Detecting CXX compiler ABI info - done
-- Check for working CXX compiler: /usr/tce/packages/gcc/gcc-8.3.1/bin/g++ - skipped
-- Detecting CXX compile features
-- Detecting CXX compile features - done
-- /usr/local/bin
-- /usr/workspace/iopp/software/tailorfs/dependency/.spack-env/view/usr/workspace/iopp/software/tailorfs/build_2/lib/cmake/usr/workspace/iopp/software/tailorfs/external/brahma/dependency/.spack-env/view/usr/workspace/iopp/software/tailorfs/build_2/lib/cmake
-- /usr/local/bin
-- Found cpp-logger: TRUE  
-- [CPP_LOGGER] found cpp-logger at /usr/workspace/iopp/software/tailorfs/build_2/include
-- [Gotcha] found gotcha at /usr/workspace/iopp/software/tailorfs/dependency/.spack-env/view/include/
-- Found MPI_CXX: /usr/tce/packages/spectrum-mpi/ibm/spectrum-mpi-2020.08.19/lib/libmpiprofilesupport.so (found version "3.1") 
-- Found MPI: TRUE (found version "3.1") found components: CXX 
-- [MPI] found mpi.h at /usr/tce/packages/spectrum-mpi/ibm/spectrum-mpi-2020.08.19/include
-- /usr/local/bin
-- [CPP_LOGGER] found cpp-logger at /usr/workspace/iopp/software/tailorfs/build_2/include
-- Found nlohmann_json: /usr/workspace/iopp/software/tailorfs/dependency/.spack-env/view/lib64/cmake/nlohmann_json/nlohmann_jsonConfig.cmake (found suitable version "3.10.5", minimum required is "3.10.5") 
-- found nlohmann_json
-- found mpi.h at /usr/tce/packages/spectrum-mpi/ibm/spectrum-mpi-2020.08.19/include
-- Looking for pthread.h
-- Looking for pthread.h - found
-- Performing Test CMAKE_HAVE_LIBC_PTHREAD
-- Performing Test CMAKE_HAVE_LIBC_PTHREAD - Failed
-- Looking for pthread_create in pthreads
-- Looking for pthread_create in pthreads - not found
-- Looking for pthread_create in pthread
-- Looking for pthread_create in pthread - found
-- Found Threads: TRUE  
-- Found mimir: TRUE  
-- [MIMIR] found mimir at /usr/workspace/iopp/software/tailorfs/build_2/include
-- [CPP_LOGGER] found cpp-logger at /usr/workspace/iopp/software/tailorfs/build_2/include
-- Found brahma: TRUE  
-- [BRAHMA] found brahma at /usr/workspace/iopp/software/tailorfs/build_2/include
-- UNIFYFS_INCLUDE_DIRS: /usr/workspace/iopp/software/tailorfs/dependency/.spack-env/view/include
-- UNIFYFS_ROOT_DIR: /usr/workspace/iopp/software/tailorfs/dependency/.spack-env/view
-- UNIFYFS_LIBRARY_PATH: /usr/workspace/iopp/software/tailorfs/dependency/.spack-env/view/lib
-- Found unifyfs: TRUE  
-- [UnifyFS] found headers at /usr/workspace/iopp/software/tailorfs/dependency/.spack-env/view/include
-- [MPI] found mpi.h at /usr/tce/packages/spectrum-mpi/ibm/spectrum-mpi-2020.08.19/include
-- Number of nodes: 2
-- Number of nodes: 2
-- Configuring done
-- Generating done
-- Build files have been written to: /usr/workspace/iopp/software/tailorfs/build_2
[  5%] Building CXX object test/micro_benchmark/CMakeFiles/io_tests.dir/io_tests.cpp.o
[  5%] Building CXX object external/cpp-logger/CMakeFiles/cpp-logger.dir/src/cpp-logger/logger.cpp.o
[  7%] Linking CXX shared library ../../lib/libcpp-logger.so
[  7%] Built target cpp-logger
[ 12%] Building CXX object external/brahma/CMakeFiles/brahma.dir/src/brahma/mpi.cpp.o
[ 17%] Building CXX object external/brahma/CMakeFiles/brahma.dir/src/brahma/interface/stdio.cpp.o
[ 20%] Building CXX object external/brahma/CMakeFiles/brahma.dir/src/brahma/interface/posix.cpp.o
[ 20%] Building CXX object external/brahma/CMakeFiles/brahma.dir/src/brahma/interface/interface.cpp.o
[ 25%] Building CXX object external/brahma/CMakeFiles/brahma.dir/src/brahma/interface/mpiio.cpp.o
[ 25%] Building CXX object external/brahma/CMakeFiles/brahma.dir/src/brahma/interface/interface_utility.cpp.o
[ 25%] Building CXX object external/brahma/CMakeFiles/brahma.dir/src/brahma/interceptor.cpp.o
[ 30%] Building CXX object external/mimir/CMakeFiles/mimir.dir/src/mimir/common/debug.cpp.o
[ 30%] Building CXX object external/mimir/CMakeFiles/mimir.dir/src/mimir/api/job_configuration.cpp.o
[ 33%] Building CXX object external/brahma/CMakeFiles/brahma.dir/src/brahma/brahma.cpp.o
[ 35%] Building CXX object external/mimir/CMakeFiles/mimir.dir/src/mimir/api/posix.cpp.o
[ 41%] Building CXX object external/mimir/CMakeFiles/mimir.dir/src/mimir/api/workflow.cpp.o
[ 43%] Building CXX object external/mimir/CMakeFiles/mimir.dir/src/mimir/advice/advice.cpp.o
[ 46%] Building CXX object external/mimir/CMakeFiles/mimir.dir/src/mimir/api/application.cpp.o
[ 46%] Building CXX object external/mimir/CMakeFiles/mimir.dir/src/mimir/api/mimir_interceptor.cpp.o
[ 48%] Linking CXX shared library ../../lib/libbrahma.so
[ 48%] Built target brahma
[ 51%] Linking CXX executable ../../bin/io_tests
[ 51%] Built target io_tests
[ 53%] Linking CXX shared library ../../lib/libmimir.so
[ 53%] Built target mimir
[ 56%] Building CXX object test/mimir/CMakeFiles/mimir_test.dir/mimir_test.cpp.o
[ 61%] Building CXX object CMakeFiles/tailorfs.dir/src/tailorfs/core/process_state.cpp.o
[ 64%] Building CXX object CMakeFiles/tailorfs.dir/src/tailorfs/brahma/stdio.cpp.o
[ 66%] Building CXX object CMakeFiles/tailorfs.dir/src/tailorfs/core/fsview/mpiio_fsview.cpp.o
[ 66%] Building CXX object CMakeFiles/tailorfs.dir/src/tailorfs/tailorfs.cpp.o
[ 71%] Building CXX object CMakeFiles/tailorfs.dir/src/tailorfs/brahma/posix.cpp.o
[ 71%] Building CXX object CMakeFiles/tailorfs.dir/src/tailorfs/brahma/mpi.cpp.o
[ 76%] Building CXX object CMakeFiles/tailorfs.dir/src/tailorfs/core/fsview_manager.cpp.o
[ 76%] Building CXX object CMakeFiles/tailorfs.dir/src/tailorfs/core/fsview/stdio_fsview.cpp.o
[ 79%] Building CXX object CMakeFiles/tailorfs.dir/main.cpp.o
[ 82%] Building CXX object CMakeFiles/tailorfs.dir/src/tailorfs/core/fsview/unifyfs_fsview.cpp.o
[ 84%] Building CXX object CMakeFiles/tailorfs.dir/src/tailorfs/core/fsview/posix_fsview.cpp.o
[ 87%] Building CXX object CMakeFiles/tailorfs.dir/src/tailorfs/brahma/mpiio.cpp.o
[ 89%] Building CXX object CMakeFiles/tailorfs.dir/src/tailorfs/util/unifyfs-stage-transfer.cpp.o
[ 92%] Linking CXX shared library lib/libtailorfs.so
[ 92%] Built target tailorfs
[ 94%] Building CXX object CMakeFiles/tailorfs_exe.dir/main.cpp.o
[ 97%] Linking CXX executable ../../bin/mimir_test
[ 97%] Built target mimir_test
[100%] Linking CXX executable bin/tailorfs_exe
[100%] Built target tailorfs_exe
Test project /usr/workspace/iopp/software/tailorfs/build_2
      Start 485: test_generate_config_lassen_2_32_1_1024_1024_fpp_seq_wo_all
 1/17 Test #485: test_generate_config_lassen_2_32_1_1024_1024_fpp_seq_wo_all ..........   Passed    1.35 sec
      Start 487: test_generate_config_lassen_2_32_1_1024_1024_fpp_seq_ro_all
 2/17 Test #487: test_generate_config_lassen_2_32_1_1024_1024_fpp_seq_ro_all ..........   Passed    0.62 sec
      Start 489: test_generate_config_lassen_2_32_1_1024_1024_fpp_seq_raw_all
 3/17 Test #489: test_generate_config_lassen_2_32_1_1024_1024_fpp_seq_raw_all .........   Passed    0.98 sec
      Start 491: test_generate_config_lassen_2_32_1_1024_1024_fpp_seq_raw_split
 4/17 Test #491: test_generate_config_lassen_2_32_1_1024_1024_fpp_seq_raw_split .......   Passed    0.85 sec
      Start 493: test_generate_config_lassen_2_32_1_1024_1024_fpp_seq_raw_alt
 5/17 Test #493: test_generate_config_lassen_2_32_1_1024_1024_fpp_seq_raw_alt .........   Passed    0.82 sec
      Start 495: test_generate_config_lassen_2_32_1_1024_1024_fpp_seq_update_all
 6/17 Test #495: test_generate_config_lassen_2_32_1_1024_1024_fpp_seq_update_all ......   Passed    0.60 sec
      Start 497: test_generate_config_lassen_2_32_1_1024_1024_fpp_seq_worm_all
 7/17 Test #497: test_generate_config_lassen_2_32_1_1024_1024_fpp_seq_worm_all ........   Passed    0.70 sec
      Start 499: test_generate_config_lassen_2_32_1_1024_1024_fpp_seq_worm_split
 8/17 Test #499: test_generate_config_lassen_2_32_1_1024_1024_fpp_seq_worm_split ......   Passed    1.40 sec
      Start 501: test_generate_config_lassen_2_32_1_1024_1024_fpp_seq_worm_alt
 9/17 Test #501: test_generate_config_lassen_2_32_1_1024_1024_fpp_seq_worm_alt ........   Passed    0.89 sec
      Start 503: test_generate_config_lassen_2_32_1_1024_1024_fpp_random_ro_all
10/17 Test #503: test_generate_config_lassen_2_32_1_1024_1024_fpp_random_ro_all .......   Passed    0.69 sec
      Start 505: test_generate_config_lassen_2_32_1_1024_1024_fpp_random_raw_all
11/17 Test #505: test_generate_config_lassen_2_32_1_1024_1024_fpp_random_raw_all ......   Passed    0.67 sec
      Start 507: test_generate_config_lassen_2_32_1_1024_1024_fpp_random_raw_split
12/17 Test #507: test_generate_config_lassen_2_32_1_1024_1024_fpp_random_raw_split ....   Passed    0.58 sec
      Start 509: test_generate_config_lassen_2_32_1_1024_1024_fpp_random_raw_alt
13/17 Test #509: test_generate_config_lassen_2_32_1_1024_1024_fpp_random_raw_alt ......   Passed    1.04 sec
      Start 511: test_generate_config_lassen_2_32_1_1024_1024_fpp_random_update_all
14/17 Test #511: test_generate_config_lassen_2_32_1_1024_1024_fpp_random_update_all ...   Passed    0.69 sec
      Start 513: test_generate_config_lassen_2_32_1_1024_1024_fpp_random_worm_all
15/17 Test #513: test_generate_config_lassen_2_32_1_1024_1024_fpp_random_worm_all .....   Passed    0.68 sec
      Start 515: test_generate_config_lassen_2_32_1_1024_1024_fpp_random_worm_split
16/17 Test #515: test_generate_config_lassen_2_32_1_1024_1024_fpp_random_worm_split ...   Passed    0.57 sec
      Start 517: test_generate_config_lassen_2_32_1_1024_1024_fpp_random_worm_alt
17/17 Test #517: test_generate_config_lassen_2_32_1_1024_1024_fpp_random_worm_alt .....   Passed    0.71 sec

100% tests passed, 0 tests failed out of 17

Total Test time (real) =  13.98 sec
Timing, TailorFS
UpdateCTestConfiguration  from :/usr/workspace/iopp/software/tailorfs/build_2/DartConfiguration.tcl
UpdateCTestConfiguration  from :/usr/workspace/iopp/software/tailorfs/build_2/DartConfiguration.tcl
Test project /usr/workspace/iopp/software/tailorfs/build_2
Constructing a list of tests
Done constructing a list of tests
Updating test list for fixtures
Added 0 tests to meet fixture requirements
Checking test dependency graph...
Checking test dependency graph end
test 814
    Start 814: test_tailor_mb_lassen_2_32_1_1024_1024_fpp_seq_wo_all

814: Test command: /usr/bin/bash "/usr/workspace/iopp/software/tailorfs/test/scripts/main_unifyfs_wrapper.sh" "lassen" "32" "/usr/workspace/iopp/software/tailorfs" "/usr/workspace/iopp/software/tailorfs/build_2/bin/io_tests" "/g/g92/haridev/unifyfs/logs" "/usr/workspace/iopp/software/tailorfs/dependency/.spack-env/view" "--request_size" "1048576" "--iteration" "1024" "--ranks_per_node" "32" "--access_pattern" "0" "--file_sharing" "0" "--process_grouping" "0" "--reporter" "compact" "Write-Only"
814: Environment variables: 
814:  pfs=/p/gpfs1/iopp
814:  BBPATH=/mnt/bb_6fc4bc552c29888844956a04c7527941
814:  MIMIR_CONFIG_PATH=/usr/workspace/iopp/software/tailorfs/test/mimir/json_files/lassen/mimir_config_2_32_1_1024_1024_fpp_seq_wo_all.json
814:  LD_LIBRARY_PATH=/usr/workspace/iopp/software/tailorfs/build_2/lib:/usr/workspace/iopp/software/tailorfs/dependency/.spack-env/view/lib
814: Test timeout computed to be: 10000000
814: /usr/workspace/iopp/software/tailorfs/test/scripts/lassen /usr/WS2/iopp/software/tailorfs/build_2/test/micro_benchmark
814: [TailorFS] Configuring test for lassen
814: [TailorFS] Run Test
814: Warning: Overriding <MPI_ROOT UNEXPECTEDLY NOT SET> (module loaded must exactly match)
814: Warning: Using      spectrum-mpi/2020.08.19 to match app's MPI
814: Please tell John Gyllenhaal (gyllen@llnl.gov, 4-5485) if this MPI env fix doesn't work
814: [TAILORFS PRINT]: Enabling ERROR loggin
814: Filters: Write-Only
814: RNG seed: 3389475791
814: Passed 1 test case with 1036 assertions.
814: 
814: [TAILORFS PRINT]: Enabling ERROR loggin
814: Filters: Write-Only
814: RNG seed: 2385768818
814: Passed 1 test case with 1036 assertions.
814: 
814: [TAILORFS PRINT]: Enabling ERROR loggin
814: Filters: Write-Only
814: RNG seed: 2338341060
814: Passed 1 test case with 1036 assertions.
814: 
814: [TAILORFS PRINT]: Enabling ERROR loggin
814: Filters: Write-Only
814: RNG seed: 2426469722
814: Passed 1 test case with 1036 assertions.
814: 
814: [TAILORFS PRINT]: Enabling ERROR loggin
814: Filters: Write-Only
814: RNG seed: 1625843418
814: Passed 1 test case with 1036 assertions.
814: 
814: [TAILORFS PRINT]: Enabling ERROR loggin
814: Filters: Write-Only
814: RNG seed: 1786424186
814: Passed 1 test case with 1036 assertions.
814: 
814: [TAILORFS PRINT]: Enabling ERROR loggin
814: Filters: Write-Only
814: RNG seed: 850670205
814: Passed 1 test case with 1036 assertions.
814: 
814: [TAILORFS PRINT]: Enabling ERROR loggin
814: Filters: Write-Only
814: RNG seed: 1678669156
814: Passed 1 test case with 1036 assertions.
814: 
814: [TAILORFS PRINT]: Enabling ERROR loggin
814: Filters: Write-Only
814: RNG seed: 925564753
814: Passed 1 test case with 1036 assertions.
814: 
814: [TAILORFS PRINT]: Enabling ERROR loggin
814: Filters: Write-Only
814: RNG seed: 2482732453
814: Passed 1 test case with 1036 assertions.
814: 
814: [TAILORFS PRINT]: Enabling ERROR loggin
814: Filters: Write-Only
814: RNG seed: 70918086
814: Passed 1 test case with 1036 assertions.
814: 
814: [TAILORFS PRINT]: Enabling ERROR loggin
814: Filters: Write-Only
814: RNG seed: 3192977493
814: Passed 1 test case with 1036 assertions.
814: 
814: [TAILORFS PRINT]: Enabling ERROR loggin
814: Filters: Write-Only
814: RNG seed: 3559232319
814: Passed 1 test case with 1036 assertions.
814: 
814: [TAILORFS PRINT]: Enabling ERROR loggin
814: Filters: Write-Only
814: RNG seed: 292523887
814: Passed 1 test case with 1036 assertions.
814: 
814: [TAILORFS PRINT]: Enabling ERROR loggin
814: Filters: Write-Only
814: RNG seed: 979743717
814: Passed 1 test case with 1036 assertions.
814: 
814: [TAILORFS PRINT]: Enabling ERROR loggin
814: Filters: Write-Only
814: RNG seed: 1350481027
814: Passed 1 test case with 1036 assertions.
814: 
814: [TAILORFS PRINT]: Enabling ERROR loggin
814: Filters: Write-Only
814: RNG seed: 526938089
814: Passed 1 test case with 1036 assertions.
814: 
814: [TAILORFS PRINT]: Enabling ERROR loggin
814: Filters: Write-Only
814: RNG seed: 1236836937
814: Passed 1 test case with 1036 assertions.
814: 
814: [TAILORFS PRINT]: Enabling ERROR loggin
814: Filters: Write-Only
814: RNG seed: 3504197653
814: Passed 1 test case with 1036 assertions.
814: 
814: [TAILORFS PRINT]: Enabling ERROR loggin
814: Filters: Write-Only
814: RNG seed: 1922604434
814: Passed 1 test case with 1036 assertions.
814: 
814: [TAILORFS PRINT]: Enabling ERROR loggin
814: Filters: Write-Only
814: RNG seed: 2963967013
814: Passed 1 test case with 1036 assertions.
814: 
814: [TAILORFS PRINT]: Enabling ERROR loggin
814: Filters: Write-Only
814: RNG seed: 3465925131
814: Passed 1 test case with 1036 assertions.
814: 
814: [TAILORFS PRINT]: Enabling ERROR loggin
814: Filters: Write-Only
814: RNG seed: 2722423208
814: Passed 1 test case with 1036 assertions.
814: 
814: [TAILORFS PRINT]: Enabling ERROR loggin
814: Filters: Write-Only
814: RNG seed: 2579439066
814: Passed 1 test case with 1036 assertions.
814: 
814: [TAILORFS PRINT]: Enabling ERROR loggin
814: Filters: Write-Only
814: RNG seed: 4290794906
814: Passed 1 test case with 1036 assertions.
814: 
814: [TAILORFS PRINT]: Enabling ERROR loggin
814: Filters: Write-Only
814: RNG seed: 581523164
814: Passed 1 test case with 1036 assertions.
814: 
814: [TAILORFS PRINT]: Enabling ERROR loggin
814: Filters: Write-Only
814: RNG seed: 1052950670
814: Passed 1 test case with 1036 assertions.
814: 
814: [TAILORFS PRINT]: Enabling ERROR loggin
814: Filters: Write-Only
814: RNG seed: 907587489
814: Passed 1 test case with 1036 assertions.
814: 
814: [TAILORFS PRINT]: Enabling ERROR loggin
814: Filters: Write-Only
814: RNG seed: 1374460560
814: Passed 1 test case with 1036 assertions.
814: 
814: [TAILORFS PRINT]: Enabling ERROR loggin
814: Filters: Write-Only
814: RNG seed: 1631249305
814: Passed 1 test case with 1036 assertions.
814: 
814: [TAILORFS PRINT]: Enabling ERROR loggin
814: Filters: Write-Only
814: RNG seed: 2768828105
814: Passed 1 test case with 1036 assertions.
814: 
814: [TAILORFS PRINT]: Enabling ERROR loggin
814: Filters: Write-Only
814: RNG seed: 3417853195
814: Passed 1 test case with 1036 assertions.
814: 
814: [TAILORFS PRINT]: Enabling ERROR loggin
814: Filters: Write-Only
814: RNG seed: 431670579
814: Passed 1 test case with 1036 assertions.
814: 
814: [TAILORFS PRINT]: Enabling ERROR loggin
814: Filters: Write-Only
814: RNG seed: 3807797236
814: Passed 1 test case with 1036 assertions.
814: 
814: [TAILORFS PRINT]: Enabling ERROR loggin
814: Filters: Write-Only
814: RNG seed: 456245751
814: Passed 1 test case with 1036 assertions.
814: 
814: [TAILORFS PRINT]: Enabling ERROR loggin
814: Filters: Write-Only
814: RNG seed: 587422038
814: Passed 1 test case with 1036 assertions.
814: 
814: [TAILORFS PRINT]: Enabling ERROR loggin
814: Filters: Write-Only
814: RNG seed: 518328132
814: Passed 1 test case with 1036 assertions.
814: 
814: [TAILORFS PRINT]: Enabling ERROR loggin
814: Filters: Write-Only
814: RNG seed: 2393895311
814: Passed 1 test case with 1036 assertions.
814: 
814: [TAILORFS PRINT]: Enabling ERROR loggin
814: Filters: Write-Only
814: RNG seed: 620409929
814: Passed 1 test case with 1036 assertions.
814: 
814: [TAILORFS PRINT]: Enabling ERROR loggin
814: Filters: Write-Only
814: RNG seed: 652437572
814: Passed 1 test case with 1036 assertions.
814: 
814: [TAILORFS PRINT]: Enabling ERROR loggin
814: Filters: Write-Only
814: RNG seed: 3875053781
814: Passed 1 test case with 1036 assertions.
814: 
814: [TAILORFS PRINT]: Enabling ERROR loggin
814: Filters: Write-Only
814: RNG seed: 4063483161
814: Passed 1 test case with 1036 assertions.
814: 
814: [TAILORFS PRINT]: Enabling ERROR loggin
814: Filters: Write-Only
814: RNG seed: 2809189762
814: Passed 1 test case with 1036 assertions.
814: 
814: [TAILORFS PRINT]: Enabling ERROR loggin
814: Filters: Write-Only
814: RNG seed: 3678981886
814: Passed 1 test case with 1036 assertions.
814: 
814: [TAILORFS PRINT]: Enabling ERROR loggin
814: Filters: Write-Only
814: RNG seed: 411745569
814: Passed 1 test case with 1036 assertions.
814: 
814: [TAILORFS PRINT]: Enabling ERROR loggin
814: Filters: Write-Only
814: RNG seed: 2262715495
814: Passed 1 test case with 1036 assertions.
814: 
814: [TAILORFS PRINT]: Enabling ERROR loggin
814: Filters: Write-Only
814: RNG seed: 3160101499
814: Passed 1 test case with 1036 assertions.
814: 
814: [TAILORFS PRINT]: Enabling ERROR loggin
814: Filters: Write-Only
814: RNG seed: 2942173453
814: Passed 1 test case with 1036 assertions.
814: 
814: [TAILORFS PRINT]: Enabling ERROR loggin
814: Filters: Write-Only
814: RNG seed: 3346299496
814: Passed 1 test case with 1036 assertions.
814: 
814: [TAILORFS PRINT]: Enabling ERROR loggin
814: Filters: Write-Only
814: RNG seed: 262171728
814: Passed 1 test case with 1036 assertions.
814: 
814: [TAILORFS PRINT]: Enabling ERROR loggin
814: Filters: Write-Only
814: RNG seed: 3408817784
814: Passed 1 test case with 1036 assertions.
814: 
814: [TAILORFS PRINT]: Enabling ERROR loggin
814: Filters: Write-Only
814: RNG seed: 4009850582
814: Passed 1 test case with 1036 assertions.
814: 
814: [TAILORFS PRINT]: Enabling ERROR loggin
814: Filters: Write-Only
814: RNG seed: 1748461543
814: Passed 1 test case with 1036 assertions.
814: 
814: [TAILORFS PRINT]: Enabling ERROR loggin
814: Filters: Write-Only
814: RNG seed: 3676627456
814: Passed 1 test case with 1036 assertions.
814: 
814: [TAILORFS PRINT]: Enabling ERROR loggin
814: Filters: Write-Only
814: RNG seed: 464460603
814: Passed 1 test case with 1036 assertions.
814: 
814: [TAILORFS PRINT]: Enabling ERROR loggin
814: Filters: Write-Only
814: RNG seed: 3432900782
814: Passed 1 test case with 1036 assertions.
814: 
814: [TAILORFS PRINT]: Enabling ERROR loggin
814: Filters: Write-Only
814: RNG seed: 2335260714
814: Passed 1 test case with 1036 assertions.
814: 
814: [TAILORFS PRINT]: Enabling ERROR loggin
814: Filters: Write-Only
814: RNG seed: 3928448420
814: Passed 1 test case with 1036 assertions.
814: 
814: [TAILORFS PRINT]: Enabling ERROR loggin
814: Filters: Write-Only
814: RNG seed: 4097277700
814: Passed 1 test case with 1036 assertions.
814: 
814: [TAILORFS PRINT]: Enabling ERROR loggin
814: Filters: Write-Only
814: RNG seed: 654369377
814: Passed 1 test case with 1036 assertions.
814: 
814: [TAILORFS PRINT]: Enabling ERROR loggin
814: Filters: Write-Only
814: RNG seed: 3922254023
814: Passed 1 test case with 1036 assertions.
814: 
814: [TAILORFS PRINT]: Enabling ERROR loggin
814: Filters: Write-Only
814: RNG seed: 3032843875
814: Passed 1 test case with 1036 assertions.
814: 
814: [TAILORFS PRINT]: Enabling ERROR loggin
814: Filters: Write-Only
814: RNG seed: 905801330
814: [TAILORFS PRINT]:     Timing,      1024,   1048576,  0.000000,  0.000000,  1.304362,  1.141965,  0.210253,  0.000000,     POSIX,        wo,1,0,0,0
814: 
814: Passed 1 test case with 1036 assertions.
814: 
814: [TAILORFS PRINT]: Enabling ERROR loggin
814: Filters: Write-Only
814: RNG seed: 855772456
814: Passed 1 test case with 1036 assertions.
814: 
814: /usr/WS2/iopp/software/tailorfs/build_2/test/micro_benchmark
814: Finishing test.
814: [TailorFS] Finishing test.
1/9 Test #814: test_tailor_mb_lassen_2_32_1_1024_1024_fpp_seq_wo_all .......   Passed    7.22 sec
test 816
    Start 816: test_tailor_mb_lassen_2_32_1_1024_1024_fpp_seq_ro_all

816: Test command: /usr/bin/bash "/usr/workspace/iopp/software/tailorfs/test/scripts/main_unifyfs_wrapper.sh" "lassen" "32" "/usr/workspace/iopp/software/tailorfs" "/usr/workspace/iopp/software/tailorfs/build_2/bin/io_tests" "/g/g92/haridev/unifyfs/logs" "/usr/workspace/iopp/software/tailorfs/dependency/.spack-env/view" "--request_size" "1048576" "--iteration" "1024" "--ranks_per_node" "32" "--access_pattern" "0" "--file_sharing" "0" "--process_grouping" "0" "--reporter" "compact" "Read-Only"
816: Environment variables: 
816:  pfs=/p/gpfs1/iopp
816:  BBPATH=/mnt/bb_6fc4bc552c29888844956a04c7527941
816:  MIMIR_CONFIG_PATH=/usr/workspace/iopp/software/tailorfs/test/mimir/json_files/lassen/mimir_config_2_32_1_1024_1024_fpp_seq_ro_all.json
816:  LD_LIBRARY_PATH=/usr/workspace/iopp/software/tailorfs/build_2/lib:/usr/workspace/iopp/software/tailorfs/dependency/.spack-env/view/lib
816: Test timeout computed to be: 10000000
816: /usr/workspace/iopp/software/tailorfs/test/scripts/lassen /usr/WS2/iopp/software/tailorfs/build_2/test/micro_benchmark
816: [TailorFS] Configuring test for lassen
816: [TailorFS] Run Test
816: Warning: Overriding <MPI_ROOT UNEXPECTEDLY NOT SET> (module loaded must exactly match)
816: Warning: Using      spectrum-mpi/2020.08.19 to match app's MPI
816: Please tell John Gyllenhaal (gyllen@llnl.gov, 4-5485) if this MPI env fix doesn't work
816: [TAILORFS PRINT]: Enabling ERROR loggin
816: Filters: Read-Only
816: RNG seed: 623023198
816: Passed 1 test case with 1038 assertions.
816: 
816: [TAILORFS PRINT]: Enabling ERROR loggin
816: Filters: Read-Only
816: RNG seed: 4123768934
816: Passed 1 test case with 1038 assertions.
816: 
816: [TAILORFS PRINT]: Enabling ERROR loggin
816: Filters: Read-Only
816: RNG seed: 2004868164
816: Passed 1 test case with 1038 assertions.
816: 
816: [TAILORFS PRINT]: Enabling ERROR loggin
816: Filters: Read-Only
816: RNG seed: 1525537652
816: Passed 1 test case with 1038 assertions.
816: 
816: [TAILORFS PRINT]: Enabling ERROR loggin
816: Filters: Read-Only
816: RNG seed: 3870323098
816: Passed 1 test case with 1038 assertions.
816: 
816: [TAILORFS PRINT]: Enabling ERROR loggin
816: Filters: Read-Only
816: RNG seed: 715842576
816: Passed 1 test case with 1038 assertions.
816: 
816: [TAILORFS PRINT]: Enabling ERROR loggin
816: Filters: Read-Only
816: RNG seed: 3945955474
816: Passed 1 test case with 1038 assertions.
816: 
816: [TAILORFS PRINT]: Enabling ERROR loggin
816: Filters: Read-Only
816: RNG seed: 1184692020
816: Passed 1 test case with 1038 assertions.
816: 
816: [TAILORFS PRINT]: Enabling ERROR loggin
816: Filters: Read-Only
816: RNG seed: 1006755222
816: Passed 1 test case with 1038 assertions.
816: 
816: [TAILORFS PRINT]: Enabling ERROR loggin
816: Filters: Read-Only
816: RNG seed: 1740658856
816: Passed 1 test case with 1038 assertions.
816: 
816: [TAILORFS PRINT]: Enabling ERROR loggin
816: Filters: Read-Only
816: RNG seed: 3443063758
816: Passed 1 test case with 1038 assertions.
816: 
816: [TAILORFS PRINT]: Enabling ERROR loggin
816: Filters: Read-Only
816: RNG seed: 3471900366
816: Passed 1 test case with 1038 assertions.
816: 
816: [TAILORFS PRINT]: Enabling ERROR loggin
816: Filters: Read-Only
816: RNG seed: 1023516036
816: Passed 1 test case with 1038 assertions.
816: 
816: [TAILORFS PRINT]: Enabling ERROR loggin
816: Filters: Read-Only
816: RNG seed: 609550261
816: Passed 1 test case with 1038 assertions.
816: 
816: [TAILORFS PRINT]: Enabling ERROR loggin
816: Filters: Read-Only
816: RNG seed: 3069110948
816: Passed 1 test case with 1038 assertions.
816: 
816: [TAILORFS PRINT]: Enabling ERROR loggin
816: Filters: Read-Only
816: RNG seed: 542747609
816: Passed 1 test case with 1038 assertions.
816: 
816: [TAILORFS PRINT]: Enabling ERROR loggin
816: Filters: Read-Only
816: RNG seed: 1008428035
816: Passed 1 test case with 1038 assertions.
816: 
816: [TAILORFS PRINT]: Enabling ERROR loggin
816: Filters: Read-Only
816: RNG seed: 3342440655
816: Passed 1 test case with 1038 assertions.
816: 
816: [TAILORFS PRINT]: Enabling ERROR loggin
816: Filters: Read-Only
816: RNG seed: 1285886858
816: Passed 1 test case with 1038 assertions.
816: 
816: [TAILORFS PRINT]: Enabling ERROR loggin
816: Filters: Read-Only
816: RNG seed: 754819896
816: Passed 1 test case with 1038 assertions.
816: 
816: [TAILORFS PRINT]: Enabling ERROR loggin
816: Filters: Read-Only
816: RNG seed: 1996199859
816: Passed 1 test case with 1038 assertions.
816: 
816: [TAILORFS PRINT]: Enabling ERROR loggin
816: Filters: Read-Only
816: RNG seed: 33091719
816: Passed 1 test case with 1038 assertions.
816: 
816: [TAILORFS PRINT]: Enabling ERROR loggin
816: Filters: Read-Only
816: RNG seed: 906063283
816: Passed 1 test case with 1038 assertions.
816: 
816: [TAILORFS PRINT]: Enabling ERROR loggin
816: Filters: Read-Only
816: RNG seed: 2364505843
816: Passed 1 test case with 1038 assertions.
816: 
816: [TAILORFS PRINT]: Enabling ERROR loggin
816: Filters: Read-Only
816: RNG seed: 3879982029
816: Passed 1 test case with 1038 assertions.
816: 
816: [TAILORFS PRINT]: Enabling ERROR loggin
816: Filters: Read-Only
816: RNG seed: 3005437466
816: Passed 1 test case with 1038 assertions.
816: 
816: [TAILORFS PRINT]: Enabling ERROR loggin
816: Filters: Read-Only
816: RNG seed: 1783735318
816: Passed 1 test case with 1038 assertions.
816: 
816: [TAILORFS PRINT]: Enabling ERROR loggin
816: Filters: Read-Only
816: RNG seed: 494049926
816: Passed 1 test case with 1038 assertions.
816: 
816: [TAILORFS PRINT]: Enabling ERROR loggin
816: Filters: Read-Only
816: RNG seed: 3996184840
816: Passed 1 test case with 1038 assertions.
816: 
816: [TAILORFS PRINT]: Enabling ERROR loggin
816: Filters: Read-Only
816: RNG seed: 3174259722
816: Passed 1 test case with 1038 assertions.
816: 
816: [TAILORFS PRINT]: Enabling ERROR loggin
816: Filters: Read-Only
816: RNG seed: 99175392
816: Passed 1 test case with 1038 assertions.
816: 
816: [TAILORFS PRINT]: Enabling ERROR loggin
816: Filters: Read-Only
816: RNG seed: 19868242
816: Passed 1 test case with 1038 assertions.
816: 
816: [TAILORFS PRINT]: Enabling ERROR loggin
816: Filters: Read-Only
816: RNG seed: 1031331149
816: Passed 1 test case with 1038 assertions.
816: 
816: [TAILORFS PRINT]: Enabling ERROR loggin
816: Filters: Read-Only
816: RNG seed: 746482075
816: Passed 1 test case with 1038 assertions.
816: 
816: [TAILORFS PRINT]: Enabling ERROR loggin
816: Filters: Read-Only
816: RNG seed: 2452753887
816: Passed 1 test case with 1038 assertions.
816: 
816: [TAILORFS PRINT]: Enabling ERROR loggin
816: Filters: Read-Only
816: RNG seed: 1905831570
816: Passed 1 test case with 1038 assertions.
816: 
816: [TAILORFS PRINT]: Enabling ERROR loggin
816: Filters: Read-Only
816: RNG seed: 1071615223
816: Passed 1 test case with 1038 assertions.
816: 
816: [TAILORFS PRINT]: Enabling ERROR loggin
816: Filters: Read-Only
816: RNG seed: 2454634025
816: Passed 1 test case with 1038 assertions.
816: 
816: [TAILORFS PRINT]: Enabling ERROR loggin
816: Filters: Read-Only
816: RNG seed: 380301375
816: Passed 1 test case with 1038 assertions.
816: 
816: [TAILORFS PRINT]: Enabling ERROR loggin
816: Filters: Read-Only
816: RNG seed: 477579171
816: [TAILORFS PRINT]:     Timing,      1024,   1048576,  0.000000,  0.000000,  2.766848,  0.032762,  0.000000,  0.123854,     POSIX,        ro,1,0,0,0
816: 
816: Passed 1 test case with 1039 assertions.
816: 
816: [TAILORFS PRINT]: Enabling ERROR loggin
816: Filters: Read-Only
816: RNG seed: 2780251602
816: Passed 1 test case with 1038 assertions.
816: 
816: [TAILORFS PRINT]: Enabling ERROR loggin
816: Filters: Read-Only
816: RNG seed: 3033193182
816: Passed 1 test case with 1038 assertions.
816: 
816: [TAILORFS PRINT]: Enabling ERROR loggin
816: Filters: Read-Only
816: RNG seed: 1032548509
816: Passed 1 test case with 1038 assertions.
816: 
816: [TAILORFS PRINT]: Enabling ERROR loggin
816: Filters: Read-Only
816: RNG seed: 1080755727
816: Passed 1 test case with 1038 assertions.
816: 
816: [TAILORFS PRINT]: Enabling ERROR loggin
816: Filters: Read-Only
816: RNG seed: 245777483
816: Passed 1 test case with 1038 assertions.
816: 
816: [TAILORFS PRINT]: Enabling ERROR loggin
816: Filters: Read-Only
816: RNG seed: 2128740966
816: Passed 1 test case with 1038 assertions.
816: 
816: [TAILORFS PRINT]: Enabling ERROR loggin
816: Filters: Read-Only
816: RNG seed: 3727576095
816: Passed 1 test case with 1038 assertions.
816: 
816: [TAILORFS PRINT]: Enabling ERROR loggin
816: Filters: Read-Only
816: RNG seed: 3396766534
816: Passed 1 test case with 1038 assertions.
816: 
816: [TAILORFS PRINT]: Enabling ERROR loggin
816: Filters: Read-Only
816: RNG seed: 1828083888
816: Passed 1 test case with 1038 assertions.
816: 
816: [TAILORFS PRINT]: Enabling ERROR loggin
816: Filters: Read-Only
816: RNG seed: 2397691811
816: Passed 1 test case with 1038 assertions.
816: 
816: [TAILORFS PRINT]: Enabling ERROR loggin
816: Filters: Read-Only
816: RNG seed: 2770329306
816: Passed 1 test case with 1038 assertions.
816: 
816: [TAILORFS PRINT]: Enabling ERROR loggin
816: Filters: Read-Only
816: RNG seed: 2634020616
816: Passed 1 test case with 1038 assertions.
816: 
816: [TAILORFS PRINT]: Enabling ERROR loggin
816: Filters: Read-Only
816: RNG seed: 2639640083
816: Passed 1 test case with 1038 assertions.
816: 
816: [TAILORFS PRINT]: Enabling ERROR loggin
816: Filters: Read-Only
816: RNG seed: 1687675581
816: Passed 1 test case with 1038 assertions.
816: 
816: [TAILORFS PRINT]: Enabling ERROR loggin
816: Filters: Read-Only
816: RNG seed: 47410323
816: Passed 1 test case with 1038 assertions.
816: 
816: [TAILORFS PRINT]: Enabling ERROR loggin
816: Filters: Read-Only
816: RNG seed: 1995253735
816: Passed 1 test case with 1038 assertions.
816: 
816: [TAILORFS PRINT]: Enabling ERROR loggin
816: Filters: Read-Only
816: RNG seed: 40464810
816: Passed 1 test case with 1038 assertions.
816: 
816: [TAILORFS PRINT]: Enabling ERROR loggin
816: Filters: Read-Only
816: RNG seed: 2193760503
816: Passed 1 test case with 1038 assertions.
816: 
816: [TAILORFS PRINT]: Enabling ERROR loggin
816: Filters: Read-Only
816: RNG seed: 1017944844
816: Passed 1 test case with 1038 assertions.
816: 
816: [TAILORFS PRINT]: Enabling ERROR loggin
816: Filters: Read-Only
816: RNG seed: 2816806002
816: Passed 1 test case with 1038 assertions.
816: 
816: [TAILORFS PRINT]: Enabling ERROR loggin
816: Filters: Read-Only
816: RNG seed: 1374265412
816: Passed 1 test case with 1038 assertions.
816: 
816: [TAILORFS PRINT]: Enabling ERROR loggin
816: Filters: Read-Only
816: RNG seed: 3063026953
816: Passed 1 test case with 1038 assertions.
816: 
816: [TAILORFS PRINT]: Enabling ERROR loggin
816: Filters: Read-Only
816: RNG seed: 2070484902
816: Passed 1 test case with 1038 assertions.
816: 
816: [TAILORFS PRINT]: Enabling ERROR loggin
816: Filters: Read-Only
816: RNG seed: 479633787
816: Passed 1 test case with 1038 assertions.
816: 
816: /usr/WS2/iopp/software/tailorfs/build_2/test/micro_benchmark
816: Finishing test.
816: [TailorFS] Finishing test.
2/9 Test #816: test_tailor_mb_lassen_2_32_1_1024_1024_fpp_seq_ro_all .......   Passed   10.61 sec
test 818
    Start 818: test_tailor_mb_lassen_2_32_1_1024_1024_fpp_seq_raw_all

818: Test command: /usr/bin/bash "/usr/workspace/iopp/software/tailorfs/test/scripts/main_unifyfs_wrapper.sh" "lassen" "32" "/usr/workspace/iopp/software/tailorfs" "/usr/workspace/iopp/software/tailorfs/build_2/bin/io_tests" "/g/g92/haridev/unifyfs/logs" "/usr/workspace/iopp/software/tailorfs/dependency/.spack-env/view" "--request_size" "1048576" "--iteration" "1024" "--ranks_per_node" "32" "--access_pattern" "0" "--file_sharing" "0" "--process_grouping" "0" "--reporter" "compact" "Read-After-Write"
818: Environment variables: 
818:  pfs=/p/gpfs1/iopp
818:  BBPATH=/mnt/bb_6fc4bc552c29888844956a04c7527941
818:  MIMIR_CONFIG_PATH=/usr/workspace/iopp/software/tailorfs/test/mimir/json_files/lassen/mimir_config_2_32_1_1024_1024_fpp_seq_raw_all.json
818:  LD_LIBRARY_PATH=/usr/workspace/iopp/software/tailorfs/build_2/lib:/usr/workspace/iopp/software/tailorfs/dependency/.spack-env/view/lib
818: Test timeout computed to be: 10000000
818: /usr/workspace/iopp/software/tailorfs/test/scripts/lassen /usr/WS2/iopp/software/tailorfs/build_2/test/micro_benchmark
818: [TailorFS] Configuring test for lassen
818: [TailorFS] Run Test
818: Warning: Overriding <MPI_ROOT UNEXPECTEDLY NOT SET> (module loaded must exactly match)
818: Warning: Using      spectrum-mpi/2020.08.19 to match app's MPI
818: Please tell John Gyllenhaal (gyllen@llnl.gov, 4-5485) if this MPI env fix doesn't work
818: [TAILORFS PRINT]: Enabling ERROR loggin
818: Filters: Read-After-Write
818: RNG seed: 342430733
818: Passed 1 test case with 2058 assertions.
818: 
818: [TAILORFS PRINT]: Enabling ERROR loggin
818: Filters: Read-After-Write
818: RNG seed: 4286536932
818: [TAILORFS PRINT]:     Timing,      1024,   1048576,  0.000000,  0.000000,  4.543335,  1.846279,  0.245071,  0.149894,     POSIX,       raw,1,0,0,0
818: 
818: Passed 1 test case with 2058 assertions.
818: 
818: [TAILORFS PRINT]: Enabling ERROR loggin
818: Filters: Read-After-Write
818: RNG seed: 2154184416
818: Passed 1 test case with 2058 assertions.
818: 
818: [TAILORFS PRINT]: Enabling ERROR loggin
818: Filters: Read-After-Write
818: RNG seed: 4125810516
818: Passed 1 test case with 2058 assertions.
818: 
818: [TAILORFS PRINT]: Enabling ERROR loggin
818: Filters: Read-After-Write
818: RNG seed: 127041637
818: Passed 1 test case with 2058 assertions.
818: 
818: [TAILORFS PRINT]: Enabling ERROR loggin
818: Filters: Read-After-Write
818: RNG seed: 311780864
818: Passed 1 test case with 2058 assertions.
818: 
818: [TAILORFS PRINT]: Enabling ERROR loggin
818: Filters: Read-After-Write
818: RNG seed: 3945079659
818: Passed 1 test case with 2058 assertions.
818: 
818: [TAILORFS PRINT]: Enabling ERROR loggin
818: Filters: Read-After-Write
818: RNG seed: 4269886774
818: Passed 1 test case with 2058 assertions.
818: 
818: [TAILORFS PRINT]: Enabling ERROR loggin
818: Filters: Read-After-Write
818: RNG seed: 3054422540
818: Passed 1 test case with 2058 assertions.
818: 
818: [TAILORFS PRINT]: Enabling ERROR loggin
818: Filters: Read-After-Write
818: RNG seed: 2115145143
818: Passed 1 test case with 2058 assertions.
818: 
818: [TAILORFS PRINT]: Enabling ERROR loggin
818: Filters: Read-After-Write
818: RNG seed: 601616461
818: Passed 1 test case with 2058 assertions.
818: 
818: [TAILORFS PRINT]: Enabling ERROR loggin
818: Filters: Read-After-Write
818: RNG seed: 2723439874
818: Passed 1 test case with 2058 assertions.
818: 
818: [TAILORFS PRINT]: Enabling ERROR loggin
818: Filters: Read-After-Write
818: RNG seed: 3530217743
818: Passed 1 test case with 2058 assertions.
818: 
818: [TAILORFS PRINT]: Enabling ERROR loggin
818: Filters: Read-After-Write
818: RNG seed: 3192602299
818: Passed 1 test case with 2058 assertions.
818: 
818: [TAILORFS PRINT]: Enabling ERROR loggin
818: Filters: Read-After-Write
818: RNG seed: 466579325
818: Passed 1 test case with 2058 assertions.
818: 
818: [TAILORFS PRINT]: Enabling ERROR loggin
818: Filters: Read-After-Write
818: RNG seed: 2791442558
818: Passed 1 test case with 2058 assertions.
818: 
818: [TAILORFS PRINT]: Enabling ERROR loggin
818: Filters: Read-After-Write
818: RNG seed: 3532136929
818: Passed 1 test case with 2058 assertions.
818: 
818: [TAILORFS PRINT]: Enabling ERROR loggin
818: Filters: Read-After-Write
818: RNG seed: 1149684836
818: Passed 1 test case with 2058 assertions.
818: 
818: [TAILORFS PRINT]: Enabling ERROR loggin
818: Filters: Read-After-Write
818: RNG seed: 3027369808
818: Passed 1 test case with 2058 assertions.
818: 
818: [TAILORFS PRINT]: Enabling ERROR loggin
818: Filters: Read-After-Write
818: RNG seed: 2892959107
818: Passed 1 test case with 2058 assertions.
818: 
818: [TAILORFS PRINT]: Enabling ERROR loggin
818: Filters: Read-After-Write
818: RNG seed: 1004816182
818: Passed 1 test case with 2058 assertions.
818: 
818: [TAILORFS PRINT]: Enabling ERROR loggin
818: Filters: Read-After-Write
818: RNG seed: 3635642974
818: Passed 1 test case with 2058 assertions.
818: 
818: [TAILORFS PRINT]: Enabling ERROR loggin
818: Filters: Read-After-Write
818: RNG seed: 1937483850
818: Passed 1 test case with 2058 assertions.
818: 
818: [TAILORFS PRINT]: Enabling ERROR loggin
818: Filters: Read-After-Write
818: RNG seed: 2029786640
818: Passed 1 test case with 2058 assertions.
818: 
818: [TAILORFS PRINT]: Enabling ERROR loggin
818: Filters: Read-After-Write
818: RNG seed: 3430421418
818: Passed 1 test case with 2058 assertions.
818: 
818: [TAILORFS PRINT]: Enabling ERROR loggin
818: Filters: Read-After-Write
818: RNG seed: 3045498587
818: Passed 1 test case with 2058 assertions.
818: 
818: [TAILORFS PRINT]: Enabling ERROR loggin
818: Filters: Read-After-Write
818: RNG seed: 3119161428
818: Passed 1 test case with 2058 assertions.
818: 
818: [TAILORFS PRINT]: Enabling ERROR loggin
818: Filters: Read-After-Write
818: RNG seed: 843565517
818: Passed 1 test case with 2058 assertions.
818: 
818: [TAILORFS PRINT]: Enabling ERROR loggin
818: Filters: Read-After-Write
818: RNG seed: 2346502481
818: Passed 1 test case with 2058 assertions.
818: 
818: [TAILORFS PRINT]: Enabling ERROR loggin
818: Filters: Read-After-Write
818: RNG seed: 3175111841
818: Passed 1 test case with 2058 assertions.
818: 
818: [TAILORFS PRINT]: Enabling ERROR loggin
818: Filters: Read-After-Write
818: RNG seed: 2318596757
818: Passed 1 test case with 2058 assertions.
818: 
818: [TAILORFS PRINT]: Enabling ERROR loggin
818: Filters: Read-After-Write
818: RNG seed: 1385624873
818: Passed 1 test case with 2058 assertions.
818: 
818: [TAILORFS PRINT]: Enabling ERROR loggin
818: Filters: Read-After-Write
818: RNG seed: 2629781346
818: Passed 1 test case with 2058 assertions.
818: 
818: [TAILORFS PRINT]: Enabling ERROR loggin
818: Filters: Read-After-Write
818: RNG seed: 1253615087
818: Passed 1 test case with 2058 assertions.
818: 
818: [TAILORFS PRINT]: Enabling ERROR loggin
818: Filters: Read-After-Write
818: RNG seed: 3093411200
818: Passed 1 test case with 2058 assertions.
818: 
818: [TAILORFS PRINT]: Enabling ERROR loggin
818: Filters: Read-After-Write
818: RNG seed: 1060944868
818: Passed 1 test case with 2058 assertions.
818: 
818: [TAILORFS PRINT]: Enabling ERROR loggin
818: Filters: Read-After-Write
818: RNG seed: 4105967563
818: Passed 1 test case with 2058 assertions.
818: 
818: [TAILORFS PRINT]: Enabling ERROR loggin
818: Filters: Read-After-Write
818: RNG seed: 2475610436
818: Passed 1 test case with 2058 assertions.
818: 
818: [TAILORFS PRINT]: Enabling ERROR loggin
818: Filters: Read-After-Write
818: RNG seed: 158726341
818: Passed 1 test case with 2058 assertions.
818: 
818: [TAILORFS PRINT]: Enabling ERROR loggin
818: Filters: Read-After-Write
818: RNG seed: 246541797
818: Passed 1 test case with 2058 assertions.
818: 
818: [TAILORFS PRINT]: Enabling ERROR loggin
818: Filters: Read-After-Write
818: RNG seed: 1749534923
818: Passed 1 test case with 2058 assertions.
818: 
818: [TAILORFS PRINT]: Enabling ERROR loggin
818: Filters: Read-After-Write
818: RNG seed: 4193401726
818: Passed 1 test case with 2058 assertions.
818: 
818: [TAILORFS PRINT]: Enabling ERROR loggin
818: Filters: Read-After-Write
818: RNG seed: 2089077922
818: Passed 1 test case with 2058 assertions.
818: 
818: [TAILORFS PRINT]: Enabling ERROR loggin
818: Filters: Read-After-Write
818: RNG seed: 4056603109
818: Passed 1 test case with 2058 assertions.
818: 
818: [TAILORFS PRINT]: Enabling ERROR loggin
818: Filters: Read-After-Write
818: RNG seed: 854496530
818: Passed 1 test case with 2058 assertions.
818: 
818: [TAILORFS PRINT]: Enabling ERROR loggin
818: Filters: Read-After-Write
818: RNG seed: 2091465963
818: Passed 1 test case with 2058 assertions.
818: 
818: [TAILORFS PRINT]: Enabling ERROR loggin
818: Filters: Read-After-Write
818: RNG seed: 1569804745
818: Passed 1 test case with 2058 assertions.
818: 
818: [TAILORFS PRINT]: Enabling ERROR loggin
818: Filters: Read-After-Write
818: RNG seed: 2453681987
818: Passed 1 test case with 2058 assertions.
818: 
818: [TAILORFS PRINT]: Enabling ERROR loggin
818: Filters: Read-After-Write
818: RNG seed: 520050006
818: Passed 1 test case with 2058 assertions.
818: 
818: [TAILORFS PRINT]: Enabling ERROR loggin
818: Filters: Read-After-Write
818: RNG seed: 3972755384
818: Passed 1 test case with 2058 assertions.
818: 
818: [TAILORFS PRINT]: Enabling ERROR loggin
818: Filters: Read-After-Write
818: RNG seed: 3917091449
818: Passed 1 test case with 2058 assertions.
818: 
818: [TAILORFS PRINT]: Enabling ERROR loggin
818: Filters: Read-After-Write
818: RNG seed: 2817422252
818: Passed 1 test case with 2058 assertions.
818: 
818: [TAILORFS PRINT]: Enabling ERROR loggin
818: Filters: Read-After-Write
818: RNG seed: 4066487145
818: Passed 1 test case with 2058 assertions.
818: 
818: [TAILORFS PRINT]: Enabling ERROR loggin
818: Filters: Read-After-Write
818: RNG seed: 4157201328
818: Passed 1 test case with 2058 assertions.
818: 
818: [TAILORFS PRINT]: Enabling ERROR loggin
818: Filters: Read-After-Write
818: RNG seed: 2294639637
818: Passed 1 test case with 2058 assertions.
818: 
818: [TAILORFS PRINT]: Enabling ERROR loggin
818: Filters: Read-After-Write
818: RNG seed: 3369625710
818: Passed 1 test case with 2058 assertions.
818: 
818: [TAILORFS PRINT]: Enabling ERROR loggin
818: Filters: Read-After-Write
818: RNG seed: 423974052
818: Passed 1 test case with 2058 assertions.
818: 
818: [TAILORFS PRINT]: Enabling ERROR loggin
818: Filters: Read-After-Write
818: RNG seed: 761338331
818: Passed 1 test case with 2058 assertions.
818: 
818: [TAILORFS PRINT]: Enabling ERROR loggin
818: Filters: Read-After-Write
818: RNG seed: 3500980330
818: Passed 1 test case with 2058 assertions.
818: 
818: [TAILORFS PRINT]: Enabling ERROR loggin
818: Filters: Read-After-Write
818: RNG seed: 2727942663
818: Passed 1 test case with 2058 assertions.
818: 
818: [TAILORFS PRINT]: Enabling ERROR loggin
818: Filters: Read-After-Write
818: RNG seed: 2675239825
818: Passed 1 test case with 2058 assertions.
818: 
818: [TAILORFS PRINT]: Enabling ERROR loggin
818: Filters: Read-After-Write
818: RNG seed: 1269790437
818: Passed 1 test case with 2058 assertions.
818: 
818: [TAILORFS PRINT]: Enabling ERROR loggin
818: Filters: Read-After-Write
818: RNG seed: 2256007617
818: Passed 1 test case with 2058 assertions.
818: 
818: [TAILORFS PRINT]: Enabling ERROR loggin
818: Filters: Read-After-Write
818: RNG seed: 2925037003
818: Passed 1 test case with 2058 assertions.
818: 
818: /usr/WS2/iopp/software/tailorfs/build_2/test/micro_benchmark
818: Finishing test.
818: [TailorFS] Finishing test.
3/9 Test #818: test_tailor_mb_lassen_2_32_1_1024_1024_fpp_seq_raw_all ......   Passed   10.26 sec
test 820
    Start 820: test_tailor_mb_lassen_2_32_1_1024_1024_fpp_seq_raw_split

820: Test command: /usr/bin/bash "/usr/workspace/iopp/software/tailorfs/test/scripts/main_unifyfs_wrapper.sh" "lassen" "32" "/usr/workspace/iopp/software/tailorfs" "/usr/workspace/iopp/software/tailorfs/build_2/bin/io_tests" "/g/g92/haridev/unifyfs/logs" "/usr/workspace/iopp/software/tailorfs/dependency/.spack-env/view" "--request_size" "1048576" "--iteration" "1024" "--ranks_per_node" "32" "--access_pattern" "0" "--file_sharing" "0" "--process_grouping" "1" "--reporter" "compact" "Read-After-Write"
820: Environment variables: 
820:  pfs=/p/gpfs1/iopp
820:  BBPATH=/mnt/bb_6fc4bc552c29888844956a04c7527941
820:  MIMIR_CONFIG_PATH=/usr/workspace/iopp/software/tailorfs/test/mimir/json_files/lassen/mimir_config_2_32_1_1024_1024_fpp_seq_raw_split.json
820:  LD_LIBRARY_PATH=/usr/workspace/iopp/software/tailorfs/build_2/lib:/usr/workspace/iopp/software/tailorfs/dependency/.spack-env/view/lib
820: Test timeout computed to be: 10000000
820: /usr/workspace/iopp/software/tailorfs/test/scripts/lassen /usr/WS2/iopp/software/tailorfs/build_2/test/micro_benchmark
820: [TailorFS] Configuring test for lassen
820: [TailorFS] Run Test
820: Warning: Overriding <MPI_ROOT UNEXPECTEDLY NOT SET> (module loaded must exactly match)
820: Warning: Using      spectrum-mpi/2020.08.19 to match app's MPI
820: Please tell John Gyllenhaal (gyllen@llnl.gov, 4-5485) if this MPI env fix doesn't work
820: [TAILORFS PRINT]: Enabling ERROR loggin
820: Filters: Read-After-Write
820: RNG seed: 4294492357
820: [TAILORFS PRINT]:     Timing,      1024,   1048576,  0.000000,  0.000000,  1.470187,  0.862545,  0.285323,  0.153553,     POSIX,       raw,1,0,0,1
820: 
820: Passed 1 test case with 1035 assertions.
820: 
820: [TAILORFS PRINT]: Enabling ERROR loggin
820: Filters: Read-After-Write
820: RNG seed: 2801912969
820: Passed 1 test case with 1035 assertions.
820: 
820: [TAILORFS PRINT]: Enabling ERROR loggin
820: Filters: Read-After-Write
820: RNG seed: 3694151552
820: Passed 1 test case with 1035 assertions.
820: 
820: [TAILORFS PRINT]: Enabling ERROR loggin
820: Filters: Read-After-Write
820: RNG seed: 1242440644
820: Passed 1 test case with 1035 assertions.
820: 
820: [TAILORFS PRINT]: Enabling ERROR loggin
820: Filters: Read-After-Write
820: RNG seed: 2753390972
820: Passed 1 test case with 1035 assertions.
820: 
820: [TAILORFS PRINT]: Enabling ERROR loggin
820: Filters: Read-After-Write
820: RNG seed: 821513782
820: Passed 1 test case with 1035 assertions.
820: 
820: [TAILORFS PRINT]: Enabling ERROR loggin
820: Filters: Read-After-Write
820: RNG seed: 356995581
820: Passed 1 test case with 1035 assertions.
820: 
820: [TAILORFS PRINT]: Enabling ERROR loggin
820: Filters: Read-After-Write
820: RNG seed: 2339283841
820: Passed 1 test case with 1035 assertions.
820: 
820: [TAILORFS PRINT]: Enabling ERROR loggin
820: Filters: Read-After-Write
820: RNG seed: 1202918293
820: Passed 1 test case with 1035 assertions.
820: 
820: [TAILORFS PRINT]: Enabling ERROR loggin
820: Filters: Read-After-Write
820: RNG seed: 2269954138
820: Passed 1 test case with 1035 assertions.
820: 
820: [TAILORFS PRINT]: Enabling ERROR loggin
820: Filters: Read-After-Write
820: RNG seed: 848224990
820: Passed 1 test case with 1035 assertions.
820: 
820: [TAILORFS PRINT]: Enabling ERROR loggin
820: Filters: Read-After-Write
820: RNG seed: 2680098890
820: Passed 1 test case with 1035 assertions.
820: 
820: [TAILORFS PRINT]: Enabling ERROR loggin
820: Filters: Read-After-Write
820: RNG seed: 1271341747
820: Passed 1 test case with 1035 assertions.
820: 
820: [TAILORFS PRINT]: Enabling ERROR loggin
820: Filters: Read-After-Write
820: RNG seed: 794953259
820: Passed 1 test case with 1035 assertions.
820: 
820: [TAILORFS PRINT]: Enabling ERROR loggin
820: Filters: Read-After-Write
820: RNG seed: 2756537775
820: Passed 1 test case with 1035 assertions.
820: 
820: [TAILORFS PRINT]: Enabling ERROR loggin
820: Filters: Read-After-Write
820: RNG seed: 1872818173
820: Passed 1 test case with 1035 assertions.
820: 
820: [TAILORFS PRINT]: Enabling ERROR loggin
820: Filters: Read-After-Write
820: RNG seed: 4268035193
820: Passed 1 test case with 1035 assertions.
820: 
820: [TAILORFS PRINT]: Enabling ERROR loggin
820: Filters: Read-After-Write
820: RNG seed: 3275490309
820: Passed 1 test case with 1035 assertions.
820: 
820: [TAILORFS PRINT]: Enabling ERROR loggin
820: Filters: Read-After-Write
820: RNG seed: 3181153375
820: Passed 1 test case with 1035 assertions.
820: 
820: [TAILORFS PRINT]: Enabling ERROR loggin
820: Filters: Read-After-Write
820: RNG seed: 2021841891
820: Passed 1 test case with 1035 assertions.
820: 
820: [TAILORFS PRINT]: Enabling ERROR loggin
820: Filters: Read-After-Write
820: RNG seed: 1648760893
820: Passed 1 test case with 1035 assertions.
820: 
820: [TAILORFS PRINT]: Enabling ERROR loggin
820: Filters: Read-After-Write
820: RNG seed: 1407027945
820: Passed 1 test case with 1035 assertions.
820: 
820: [TAILORFS PRINT]: Enabling ERROR loggin
820: Filters: Read-After-Write
820: RNG seed: 3649362799
820: Passed 1 test case with 1035 assertions.
820: 
820: [TAILORFS PRINT]: Enabling ERROR loggin
820: Filters: Read-After-Write
820: RNG seed: 159106097
820: Passed 1 test case with 1035 assertions.
820: 
820: [TAILORFS PRINT]: Enabling ERROR loggin
820: Filters: Read-After-Write
820: RNG seed: 2456995927
820: Passed 1 test case with 1035 assertions.
820: 
820: [TAILORFS PRINT]: Enabling ERROR loggin
820: Filters: Read-After-Write
820: RNG seed: 908122353
820: Passed 1 test case with 1035 assertions.
820: 
820: [TAILORFS PRINT]: Enabling ERROR loggin
820: Filters: Read-After-Write
820: RNG seed: 315040444
820: Passed 1 test case with 1035 assertions.
820: 
820: [TAILORFS PRINT]: Enabling ERROR loggin
820: Filters: Read-After-Write
820: RNG seed: 3959797299
820: Passed 1 test case with 1035 assertions.
820: 
820: [TAILORFS PRINT]: Enabling ERROR loggin
820: Filters: Read-After-Write
820: RNG seed: 3823081005
820: Passed 1 test case with 1035 assertions.
820: 
820: [TAILORFS PRINT]: Enabling ERROR loggin
820: Filters: Read-After-Write
820: RNG seed: 4177148698
820: Passed 1 test case with 1035 assertions.
820: 
820: [TAILORFS PRINT]: Enabling ERROR loggin
820: Filters: Read-After-Write
820: RNG seed: 2847137528
820: Passed 1 test case with 1035 assertions.
820: 
820: [TAILORFS PRINT]: Enabling ERROR loggin
820: Filters: Read-After-Write
820: RNG seed: 2850839012
820: Passed 1 test case with 1035 assertions.
820: 
820: [TAILORFS PRINT]: Enabling ERROR loggin
820: Filters: Read-After-Write
820: RNG seed: 1308952080
820: Passed 1 test case with 1035 assertions.
820: 
820: [TAILORFS PRINT]: Enabling ERROR loggin
820: Filters: Read-After-Write
820: RNG seed: 3388854287
820: Passed 1 test case with 1035 assertions.
820: 
820: [TAILORFS PRINT]: Enabling ERROR loggin
820: Filters: Read-After-Write
820: RNG seed: 1096795637
820: Passed 1 test case with 1035 assertions.
820: 
820: [TAILORFS PRINT]: Enabling ERROR loggin
820: Filters: Read-After-Write
820: RNG seed: 326486415
820: Passed 1 test case with 1035 assertions.
820: 
820: [TAILORFS PRINT]: Enabling ERROR loggin
820: Filters: Read-After-Write
820: RNG seed: 348776024
820: Passed 1 test case with 1035 assertions.
820: 
820: [TAILORFS PRINT]: Enabling ERROR loggin
820: Filters: Read-After-Write
820: RNG seed: 165754904
820: Passed 1 test case with 1035 assertions.
820: 
820: [TAILORFS PRINT]: Enabling ERROR loggin
820: Filters: Read-After-Write
820: RNG seed: 777217642
820: Passed 1 test case with 1035 assertions.
820: 
820: [TAILORFS PRINT]: Enabling ERROR loggin
820: Filters: Read-After-Write
820: RNG seed: 2861340607
820: Passed 1 test case with 1035 assertions.
820: 
820: [TAILORFS PRINT]: Enabling ERROR loggin
820: Filters: Read-After-Write
820: RNG seed: 3315802968
820: Passed 1 test case with 1035 assertions.
820: 
820: [TAILORFS PRINT]: Enabling ERROR loggin
820: Filters: Read-After-Write
820: RNG seed: 461794274
820: Passed 1 test case with 1035 assertions.
820: 
820: [TAILORFS PRINT]: Enabling ERROR loggin
820: Filters: Read-After-Write
820: RNG seed: 3369612806
820: Passed 1 test case with 1035 assertions.
820: 
820: [TAILORFS PRINT]: Enabling ERROR loggin
820: Filters: Read-After-Write
820: RNG seed: 170301727
820: Passed 1 test case with 1035 assertions.
820: 
820: [TAILORFS PRINT]: Enabling ERROR loggin
820: Filters: Read-After-Write
820: RNG seed: 3939317524
820: Passed 1 test case with 1035 assertions.
820: 
820: [TAILORFS PRINT]: Enabling ERROR loggin
820: Filters: Read-After-Write
820: RNG seed: 839435422
820: Passed 1 test case with 1035 assertions.
820: 
820: [TAILORFS PRINT]: Enabling ERROR loggin
820: Filters: Read-After-Write
820: RNG seed: 902408371
820: Passed 1 test case with 1035 assertions.
820: 
820: [TAILORFS PRINT]: Enabling ERROR loggin
820: Filters: Read-After-Write
820: RNG seed: 2323091036
820: Passed 1 test case with 1035 assertions.
820: 
820: [TAILORFS PRINT]: Enabling ERROR loggin
820: Filters: Read-After-Write
820: RNG seed: 3821515488
820: Passed 1 test case with 1035 assertions.
820: 
820: [TAILORFS PRINT]: Enabling ERROR loggin
820: Filters: Read-After-Write
820: RNG seed: 1437825572
820: Passed 1 test case with 1035 assertions.
820: 
820: [TAILORFS PRINT]: Enabling ERROR loggin
820: Filters: Read-After-Write
820: RNG seed: 1007662271
820: Passed 1 test case with 1035 assertions.
820: 
820: [TAILORFS PRINT]: Enabling ERROR loggin
820: Filters: Read-After-Write
820: RNG seed: 2075677644
820: Passed 1 test case with 1035 assertions.
820: 
820: [TAILORFS PRINT]: Enabling ERROR loggin
820: Filters: Read-After-Write
820: RNG seed: 2717332591
820: Passed 1 test case with 1035 assertions.
820: 
820: [TAILORFS PRINT]: Enabling ERROR loggin
820: Filters: Read-After-Write
820: RNG seed: 625980804
820: Passed 1 test case with 1035 assertions.
820: 
820: [TAILORFS PRINT]: Enabling ERROR loggin
820: Filters: Read-After-Write
820: RNG seed: 1338483281
820: Passed 1 test case with 1035 assertions.
820: 
820: [TAILORFS PRINT]: Enabling ERROR loggin
820: Filters: Read-After-Write
820: RNG seed: 1121770755
820: Passed 1 test case with 1035 assertions.
820: 
820: [TAILORFS PRINT]: Enabling ERROR loggin
820: Filters: Read-After-Write
820: RNG seed: 3132890472
820: Passed 1 test case with 1035 assertions.
820: 
820: [TAILORFS PRINT]: Enabling ERROR loggin
820: Filters: Read-After-Write
820: RNG seed: 3529301645
820: Passed 1 test case with 1035 assertions.
820: 
820: [TAILORFS PRINT]: Enabling ERROR loggin
820: Filters: Read-After-Write
820: RNG seed: 259383639
820: Passed 1 test case with 1035 assertions.
820: 
820: [TAILORFS PRINT]: Enabling ERROR loggin
820: Filters: Read-After-Write
820: RNG seed: 1679804711
820: Passed 1 test case with 1035 assertions.
820: 
820: [TAILORFS PRINT]: Enabling ERROR loggin
820: Filters: Read-After-Write
820: RNG seed: 3261342777
820: Passed 1 test case with 1035 assertions.
820: 
820: [TAILORFS PRINT]: Enabling ERROR loggin
820: Filters: Read-After-Write
820: RNG seed: 2211047673
820: Passed 1 test case with 1035 assertions.
820: 
820: [TAILORFS PRINT]: Enabling ERROR loggin
820: Filters: Read-After-Write
820: RNG seed: 2156502489
820: Passed 1 test case with 1035 assertions.
820: 
820: [TAILORFS PRINT]: Enabling ERROR loggin
820: Filters: Read-After-Write
820: RNG seed: 423480137
820: Passed 1 test case with 1035 assertions.
820: 
820: /usr/WS2/iopp/software/tailorfs/build_2/test/micro_benchmark
820: Finishing test.
820: [TailorFS] Finishing test.
4/9 Test #820: test_tailor_mb_lassen_2_32_1_1024_1024_fpp_seq_raw_split ....   Passed   10.19 sec
test 822
    Start 822: test_tailor_mb_lassen_2_32_1_1024_1024_fpp_seq_raw_alt

822: Test command: /usr/bin/bash "/usr/workspace/iopp/software/tailorfs/test/scripts/main_unifyfs_wrapper.sh" "lassen" "32" "/usr/workspace/iopp/software/tailorfs" "/usr/workspace/iopp/software/tailorfs/build_2/bin/io_tests" "/g/g92/haridev/unifyfs/logs" "/usr/workspace/iopp/software/tailorfs/dependency/.spack-env/view" "--request_size" "1048576" "--iteration" "1024" "--ranks_per_node" "32" "--access_pattern" "0" "--file_sharing" "0" "--process_grouping" "2" "--reporter" "compact" "Read-After-Write"
822: Environment variables: 
822:  pfs=/p/gpfs1/iopp
822:  BBPATH=/mnt/bb_6fc4bc552c29888844956a04c7527941
822:  MIMIR_CONFIG_PATH=/usr/workspace/iopp/software/tailorfs/test/mimir/json_files/lassen/mimir_config_2_32_1_1024_1024_fpp_seq_raw_alt.json
822:  LD_LIBRARY_PATH=/usr/workspace/iopp/software/tailorfs/build_2/lib:/usr/workspace/iopp/software/tailorfs/dependency/.spack-env/view/lib
822: Test timeout computed to be: 10000000
822: /usr/workspace/iopp/software/tailorfs/test/scripts/lassen /usr/WS2/iopp/software/tailorfs/build_2/test/micro_benchmark
822: [TailorFS] Configuring test for lassen
822: [TailorFS] Run Test
822: Warning: Overriding <MPI_ROOT UNEXPECTEDLY NOT SET> (module loaded must exactly match)
822: Warning: Using      spectrum-mpi/2020.08.19 to match app's MPI
822: Please tell John Gyllenhaal (gyllen@llnl.gov, 4-5485) if this MPI env fix doesn't work
822: [TAILORFS PRINT]: Enabling ERROR loggin
822: Filters: Read-After-Write
822: RNG seed: 4183052088
822: [TAILORFS PRINT]:     Timing,      1024,   1048576,  0.000000,  0.000000,  0.592980,  0.008063,  0.265648,  0.300631,     POSIX,       raw,1,0,0,2
822: 
822: Passed 1 test case with 1035 assertions.
822: 
822: [TAILORFS PRINT]: Enabling ERROR loggin
822: Filters: Read-After-Write
822: RNG seed: 1688926028
822: Passed 1 test case with 1035 assertions.
822: 
822: [TAILORFS PRINT]: Enabling ERROR loggin
822: Filters: Read-After-Write
822: RNG seed: 1112512305
822: Passed 1 test case with 1035 assertions.
822: 
822: [TAILORFS PRINT]: Enabling ERROR loggin
822: Filters: Read-After-Write
822: RNG seed: 239646570
822: Passed 1 test case with 1035 assertions.
822: 
822: [TAILORFS PRINT]: Enabling ERROR loggin
822: Filters: Read-After-Write
822: RNG seed: 3491422670
822: Passed 1 test case with 1035 assertions.
822: 
822: [TAILORFS PRINT]: Enabling ERROR loggin
822: Filters: Read-After-Write
822: RNG seed: 4121166629
822: Passed 1 test case with 1035 assertions.
822: 
822: [TAILORFS PRINT]: Enabling ERROR loggin
822: Filters: Read-After-Write
822: RNG seed: 234322326
822: Passed 1 test case with 1035 assertions.
822: 
822: [TAILORFS PRINT]: Enabling ERROR loggin
822: Filters: Read-After-Write
822: RNG seed: 1297549680
822: Passed 1 test case with 1035 assertions.
822: 
822: [TAILORFS PRINT]: Enabling ERROR loggin
822: Filters: Read-After-Write
822: RNG seed: 244934592
822: Passed 1 test case with 1035 assertions.
822: 
822: [TAILORFS PRINT]: Enabling ERROR loggin
822: Filters: Read-After-Write
822: RNG seed: 2537475807
822: Passed 1 test case with 1035 assertions.
822: 
822: [TAILORFS PRINT]: Enabling ERROR loggin
822: Filters: Read-After-Write
822: RNG seed: 4140223322
822: Passed 1 test case with 1035 assertions.
822: 
822: [TAILORFS PRINT]: Enabling ERROR loggin
822: Filters: Read-After-Write
822: RNG seed: 2422351648
822: Passed 1 test case with 1035 assertions.
822: 
822: [TAILORFS PRINT]: Enabling ERROR loggin
822: Filters: Read-After-Write
822: RNG seed: 2930866271
822: Passed 1 test case with 1035 assertions.
822: 
822: [TAILORFS PRINT]: Enabling ERROR loggin
822: Filters: Read-After-Write
822: RNG seed: 532744648
822: Passed 1 test case with 1035 assertions.
822: 
822: [TAILORFS PRINT]: Enabling ERROR loggin
822: Filters: Read-After-Write
822: RNG seed: 2376659639
822: Passed 1 test case with 1035 assertions.
822: 
822: [TAILORFS PRINT]: Enabling ERROR loggin
822: Filters: Read-After-Write
822: RNG seed: 1423612597
822: Passed 1 test case with 1035 assertions.
822: 
822: [TAILORFS PRINT]: Enabling ERROR loggin
822: Filters: Read-After-Write
822: RNG seed: 2838657402
822: Passed 1 test case with 1035 assertions.
822: 
822: [TAILORFS PRINT]: Enabling ERROR loggin
822: Filters: Read-After-Write
822: RNG seed: 416165548
822: Passed 1 test case with 1035 assertions.
822: 
822: [TAILORFS PRINT]: Enabling ERROR loggin
822: Filters: Read-After-Write
822: RNG seed: 2272248496
822: Passed 1 test case with 1035 assertions.
822: 
822: [TAILORFS PRINT]: Enabling ERROR loggin
822: Filters: Read-After-Write
822: RNG seed: 268175694
822: Passed 1 test case with 1035 assertions.
822: 
822: [TAILORFS PRINT]: Enabling ERROR loggin
822: Filters: Read-After-Write
822: RNG seed: 3024120028
822: Passed 1 test case with 1035 assertions.
822: 
822: [TAILORFS PRINT]: Enabling ERROR loggin
822: Filters: Read-After-Write
822: RNG seed: 2341919438
822: Passed 1 test case with 1035 assertions.
822: 
822: [TAILORFS PRINT]: Enabling ERROR loggin
822: Filters: Read-After-Write
822: RNG seed: 3991388361
822: Passed 1 test case with 1035 assertions.
822: 
822: [TAILORFS PRINT]: Enabling ERROR loggin
822: Filters: Read-After-Write
822: RNG seed: 4215505334
822: Passed 1 test case with 1035 assertions.
822: 
822: [TAILORFS PRINT]: Enabling ERROR loggin
822: Filters: Read-After-Write
822: RNG seed: 2138943751
822: Passed 1 test case with 1035 assertions.
822: 
822: [TAILORFS PRINT]: Enabling ERROR loggin
822: Filters: Read-After-Write
822: RNG seed: 2848164120
822: Passed 1 test case with 1035 assertions.
822: 
822: [TAILORFS PRINT]: Enabling ERROR loggin
822: Filters: Read-After-Write
822: RNG seed: 4259152047
822: Passed 1 test case with 1035 assertions.
822: 
822: [TAILORFS PRINT]: Enabling ERROR loggin
822: Filters: Read-After-Write
822: RNG seed: 2915463485
822: Passed 1 test case with 1035 assertions.
822: 
822: [TAILORFS PRINT]: Enabling ERROR loggin
822: Filters: Read-After-Write
822: RNG seed: 3266738622
822: Passed 1 test case with 1035 assertions.
822: 
822: [TAILORFS PRINT]: Enabling ERROR loggin
822: Filters: Read-After-Write
822: RNG seed: 1580919739
822: Passed 1 test case with 1035 assertions.
822: 
822: [TAILORFS PRINT]: Enabling ERROR loggin
822: Filters: Read-After-Write
822: RNG seed: 3072372250
822: Passed 1 test case with 1035 assertions.
822: 
822: [TAILORFS PRINT]: Enabling ERROR loggin
822: Filters: Read-After-Write
822: RNG seed: 3582409013
822: Passed 1 test case with 1035 assertions.
822: 
822: [TAILORFS PRINT]: Enabling ERROR loggin
822: Filters: Read-After-Write
822: RNG seed: 3665900055
822: Passed 1 test case with 1035 assertions.
822: 
822: [TAILORFS PRINT]: Enabling ERROR loggin
822: Filters: Read-After-Write
822: RNG seed: 3088594186
822: Passed 1 test case with 1035 assertions.
822: 
822: [TAILORFS PRINT]: Enabling ERROR loggin
822: Filters: Read-After-Write
822: RNG seed: 3314012031
822: Passed 1 test case with 1035 assertions.
822: 
822: [TAILORFS PRINT]: Enabling ERROR loggin
822: Filters: Read-After-Write
822: RNG seed: 3142335894
822: Passed 1 test case with 1035 assertions.
822: 
822: [TAILORFS PRINT]: Enabling ERROR loggin
822: Filters: Read-After-Write
822: RNG seed: 803806045
822: Passed 1 test case with 1035 assertions.
822: 
822: [TAILORFS PRINT]: Enabling ERROR loggin
822: Filters: Read-After-Write
822: RNG seed: 2799289028
822: Passed 1 test case with 1035 assertions.
822: 
822: [TAILORFS PRINT]: Enabling ERROR loggin
822: Filters: Read-After-Write
822: RNG seed: 3122553264
822: Passed 1 test case with 1035 assertions.
822: 
822: [TAILORFS PRINT]: Enabling ERROR loggin
822: Filters: Read-After-Write
822: RNG seed: 2142585773
822: Passed 1 test case with 1035 assertions.
822: 
822: [TAILORFS PRINT]: Enabling ERROR loggin
822: Filters: Read-After-Write
822: RNG seed: 1453826589
822: Passed 1 test case with 1035 assertions.
822: 
822: [TAILORFS PRINT]: Enabling ERROR loggin
822: Filters: Read-After-Write
822: RNG seed: 2211981383
822: Passed 1 test case with 1035 assertions.
822: 
822: [TAILORFS PRINT]: Enabling ERROR loggin
822: Filters: Read-After-Write
822: RNG seed: 320808926
822: Passed 1 test case with 1035 assertions.
822: 
822: [TAILORFS PRINT]: Enabling ERROR loggin
822: Filters: Read-After-Write
822: RNG seed: 197721333
822: Passed 1 test case with 1035 assertions.
822: 
822: [TAILORFS PRINT]: Enabling ERROR loggin
822: Filters: Read-After-Write
822: RNG seed: 3392258400
822: Passed 1 test case with 1035 assertions.
822: 
822: [TAILORFS PRINT]: Enabling ERROR loggin
822: Filters: Read-After-Write
822: RNG seed: 1193820150
822: Passed 1 test case with 1035 assertions.
822: 
822: [TAILORFS PRINT]: Enabling ERROR loggin
822: Filters: Read-After-Write
822: RNG seed: 1639876843
822: Passed 1 test case with 1035 assertions.
822: 
822: [TAILORFS PRINT]: Enabling ERROR loggin
822: Filters: Read-After-Write
822: RNG seed: 193926581
822: Passed 1 test case with 1035 assertions.
822: 
822: [TAILORFS PRINT]: Enabling ERROR loggin
822: Filters: Read-After-Write
822: RNG seed: 614571679
822: Passed 1 test case with 1035 assertions.
822: 
822: [TAILORFS PRINT]: Enabling ERROR loggin
822: Filters: Read-After-Write
822: RNG seed: 3140330241
822: Passed 1 test case with 1035 assertions.
822: 
822: [TAILORFS PRINT]: Enabling ERROR loggin
822: Filters: Read-After-Write
822: RNG seed: 756397261
822: Passed 1 test case with 1035 assertions.
822: 
822: [TAILORFS PRINT]: Enabling ERROR loggin
822: Filters: Read-After-Write
822: RNG seed: 2466324196
822: Passed 1 test case with 1035 assertions.
822: 
822: [TAILORFS PRINT]: Enabling ERROR loggin
822: Filters: Read-After-Write
822: RNG seed: 3500091871
822: Passed 1 test case with 1035 assertions.
822: 
822: [TAILORFS PRINT]: Enabling ERROR loggin
822: Filters: Read-After-Write
822: RNG seed: 2249506811
822: Passed 1 test case with 1035 assertions.
822: 
822: [TAILORFS PRINT]: Enabling ERROR loggin
822: Filters: Read-After-Write
822: RNG seed: 3112818753
822: Passed 1 test case with 1035 assertions.
822: 
822: [TAILORFS PRINT]: Enabling ERROR loggin
822: Filters: Read-After-Write
822: RNG seed: 613259869
822: Passed 1 test case with 1035 assertions.
822: 
822: [TAILORFS PRINT]: Enabling ERROR loggin
822: Filters: Read-After-Write
822: RNG seed: 2963153700
822: Passed 1 test case with 1035 assertions.
822: 
822: [TAILORFS PRINT]: Enabling ERROR loggin
822: Filters: Read-After-Write
822: RNG seed: 1739785940
822: Passed 1 test case with 1035 assertions.
822: 
822: [TAILORFS PRINT]: Enabling ERROR loggin
822: Filters: Read-After-Write
822: RNG seed: 199609320
822: Passed 1 test case with 1035 assertions.
822: 
822: [TAILORFS PRINT]: Enabling ERROR loggin
822: Filters: Read-After-Write
822: RNG seed: 3239983383
822: Passed 1 test case with 1035 assertions.
822: 
822: [TAILORFS PRINT]: Enabling ERROR loggin
822: Filters: Read-After-Write
822: RNG seed: 2830540274
822: Passed 1 test case with 1035 assertions.
822: 
822: [TAILORFS PRINT]: Enabling ERROR loggin
822: Filters: Read-After-Write
822: RNG seed: 799011226
822: Passed 1 test case with 1035 assertions.
822: 
822: [TAILORFS PRINT]: Enabling ERROR loggin
822: Filters: Read-After-Write
822: RNG seed: 1707555846
822: Passed 1 test case with 1035 assertions.
822: 
822: [TAILORFS PRINT]: Enabling ERROR loggin
822: Filters: Read-After-Write
822: RNG seed: 941996440
822: Passed 1 test case with 1035 assertions.
822: 
822: /usr/WS2/iopp/software/tailorfs/build_2/test/micro_benchmark
822: Finishing test.
822: [TailorFS] Finishing test.
5/9 Test #822: test_tailor_mb_lassen_2_32_1_1024_1024_fpp_seq_raw_alt ......   Passed    5.34 sec
test 824
    Start 824: test_tailor_mb_lassen_2_32_1_1024_1024_fpp_seq_update_all

824: Test command: /usr/bin/bash "/usr/workspace/iopp/software/tailorfs/test/scripts/main_unifyfs_wrapper.sh" "lassen" "32" "/usr/workspace/iopp/software/tailorfs" "/usr/workspace/iopp/software/tailorfs/build_2/bin/io_tests" "/g/g92/haridev/unifyfs/logs" "/usr/workspace/iopp/software/tailorfs/dependency/.spack-env/view" "--request_size" "1048576" "--iteration" "1024" "--ranks_per_node" "32" "--access_pattern" "0" "--file_sharing" "0" "--process_grouping" "0" "--reporter" "compact" "Update"
824: Environment variables: 
824:  pfs=/p/gpfs1/iopp
824:  BBPATH=/mnt/bb_6fc4bc552c29888844956a04c7527941
824:  MIMIR_CONFIG_PATH=/usr/workspace/iopp/software/tailorfs/test/mimir/json_files/lassen/mimir_config_2_32_1_1024_1024_fpp_seq_update_all.json
824:  LD_LIBRARY_PATH=/usr/workspace/iopp/software/tailorfs/build_2/lib:/usr/workspace/iopp/software/tailorfs/dependency/.spack-env/view/lib
824: Test timeout computed to be: 10000000
824: /usr/workspace/iopp/software/tailorfs/test/scripts/lassen /usr/WS2/iopp/software/tailorfs/build_2/test/micro_benchmark
824: [TailorFS] Configuring test for lassen
824: [TailorFS] Run Test
824: Warning: Overriding <MPI_ROOT UNEXPECTEDLY NOT SET> (module loaded must exactly match)
824: Warning: Using      spectrum-mpi/2020.08.19 to match app's MPI
824: Please tell John Gyllenhaal (gyllen@llnl.gov, 4-5485) if this MPI env fix doesn't work
824: [TAILORFS ERROR]: Opening file using POSIX - failed
824: [TAILORFS ERROR]: Opening file using POSIX - failed
824: [TAILORFS ERROR]: Opening file using POSIX - failed
824: [TAILORFS ERROR]: Opening file using POSIX - failed
824: [TAILORFS ERROR]: Opening file using POSIX - failed
824: [TAILORFS ERROR]: Opening file using POSIX - failed
824: [TAILORFS ERROR]: Opening file using POSIX - failed
824: [TAILORFS ERROR]: Opening file using POSIX - failed
824: [TAILORFS ERROR]: Opening file using POSIX - failed
824: [TAILORFS ERROR]: Opening file using POSIX - failed
824: [TAILORFS ERROR]: Opening file using POSIX - failed
824: [TAILORFS ERROR]: Opening file using POSIX - failed
824: [TAILORFS ERROR]: Opening file using POSIX - failed
824: [TAILORFS ERROR]: Opening file using POSIX - failed
824: [TAILORFS ERROR]: Opening file using POSIX - failed
824: [TAILORFS ERROR]: Opening file using POSIX - failed
824: [TAILORFS ERROR]: Opening file using POSIX - failed
824: [TAILORFS ERROR]: Opening file using POSIX - failed
824: [TAILORFS ERROR]: Opening file using POSIX - failed
824: [TAILORFS ERROR]: Opening file using POSIX - failed
824: [TAILORFS ERROR]: Opening file using POSIX - failed
824: [TAILORFS ERROR]: Opening file using POSIX - failed
824: [TAILORFS ERROR]: Opening file using POSIX - failed
824: [TAILORFS ERROR]: Opening file using POSIX - failed
824: [TAILORFS ERROR]: Opening file using POSIX - failed
824: [TAILORFS ERROR]: Opening file using POSIX - failed
824: [TAILORFS ERROR]: Opening file using POSIX - failed
824: [TAILORFS ERROR]: Opening file using POSIX - failed
824: [TAILORFS ERROR]: Opening file using POSIX - failed
824: [TAILORFS ERROR]: Opening file using POSIX - failed
824: [TAILORFS ERROR]: Opening file using POSIX - failed
824: [TAILORFS ERROR]: Opening file using POSIX - failed
824: [TAILORFS ERROR]: Opening file using POSIX - failed
824: [TAILORFS ERROR]: Opening file using POSIX - failed
824: [TAILORFS ERROR]: Opening file using POSIX - failed
824: [TAILORFS ERROR]: Opening file using POSIX - failed
824: [TAILORFS ERROR]: Opening file using POSIX - failed
824: [TAILORFS ERROR]: Opening file using POSIX - failed
824: [TAILORFS ERROR]: Opening file using POSIX - failed
824: [TAILORFS ERROR]: Opening file using POSIX - failed
824: [TAILORFS ERROR]: Opening file using POSIX - failed
824: [TAILORFS ERROR]: Opening file using POSIX - failed
824: [TAILORFS ERROR]: Opening file using POSIX - failed
824: [TAILORFS ERROR]: Opening file using POSIX - failed
824: [TAILORFS ERROR]: Opening file using POSIX - failed
824: [TAILORFS ERROR]: Opening file using POSIX - failed
824: [TAILORFS ERROR]: Opening file using POSIX - failed
824: [TAILORFS ERROR]: Opening file using POSIX - failed
824: [TAILORFS ERROR]: Opening file using POSIX - failed
824: [TAILORFS ERROR]: Opening file using POSIX - failed
824: [TAILORFS ERROR]: Opening file using POSIX - failed
824: [TAILORFS ERROR]: Opening file using POSIX - failed
824: [TAILORFS ERROR]: Opening file using POSIX - failed
824: [TAILORFS ERROR]: Opening file using POSIX - failed
824: [TAILORFS ERROR]: Opening file using POSIX - failed
824: [TAILORFS ERROR]: Opening file using POSIX - failed
824: [TAILORFS ERROR]: Opening file using POSIX - failed
824: [TAILORFS ERROR]: Opening file using POSIX - failed
824: [TAILORFS ERROR]: Opening file using POSIX - failed
824: [TAILORFS ERROR]: Opening file using POSIX - failed
824: [TAILORFS ERROR]: Opening file using POSIX - failed
824: [TAILORFS ERROR]: Opening file using POSIX - failed
824: [TAILORFS ERROR]: Opening file using POSIX - failed
824: [TAILORFS ERROR]: Opening file using POSIX - failed
824: [TAILORFS PRINT]: Enabling ERROR loggin
824: Filters: Update
824: RNG seed: 2795440787
824: [TAILORFS PRINT]: tailorfs::POSIXFSView::Open for file /p/gpfs1/iopp/tailorfs/data/test.dat_2
824: Passed 1 test case with 1038 assertions.
824: 
824: [TAILORFS PRINT]: Enabling ERROR loggin
824: Filters: Update
824: RNG seed: 1918938448
824: [TAILORFS PRINT]: tailorfs::POSIXFSView::Open for file /p/gpfs1/iopp/tailorfs/data/test.dat_32
824: Passed 1 test case with 1038 assertions.
824: 
824: [TAILORFS PRINT]: Enabling ERROR loggin
824: Filters: Update
824: RNG seed: 71321829
824: [TAILORFS PRINT]: tailorfs::POSIXFSView::Open for file /p/gpfs1/iopp/tailorfs/data/test.dat_1
824: Passed 1 test case with 1038 assertions.
824: 
824: [TAILORFS PRINT]: Enabling ERROR loggin
824: Filters: Update
824: RNG seed: 236334101
824: [TAILORFS PRINT]: tailorfs::POSIXFSView::Open for file /p/gpfs1/iopp/tailorfs/data/test.dat_33
824: Passed 1 test case with 1038 assertions.
824: 
824: [TAILORFS PRINT]: Enabling ERROR loggin
824: Filters: Update
824: RNG seed: 3377966414
824: [TAILORFS PRINT]: tailorfs::POSIXFSView::Open for file /p/gpfs1/iopp/tailorfs/data/test.dat_3
824: Passed 1 test case with 1038 assertions.
824: 
824: [TAILORFS PRINT]: Enabling ERROR loggin
824: Filters: Update
824: RNG seed: 3025942284
824: [TAILORFS PRINT]: tailorfs::POSIXFSView::Open for file /p/gpfs1/iopp/tailorfs/data/test.dat_34
824: Passed 1 test case with 1038 assertions.
824: 
824: [TAILORFS PRINT]: Enabling ERROR loggin
824: Filters: Update
824: RNG seed: 2799325348
824: [TAILORFS PRINT]: tailorfs::POSIXFSView::Open for file /p/gpfs1/iopp/tailorfs/data/test.dat_28
824: Passed 1 test case with 1038 assertions.
824: 
824: [TAILORFS PRINT]: Enabling ERROR loggin
824: Filters: Update
824: RNG seed: 3351451395
824: [TAILORFS PRINT]: tailorfs::POSIXFSView::Open for file /p/gpfs1/iopp/tailorfs/data/test.dat_38
824: Passed 1 test case with 1038 assertions.
824: 
824: [TAILORFS PRINT]: Enabling ERROR loggin
824: Filters: Update
824: RNG seed: 2248764827
824: [TAILORFS PRINT]: tailorfs::POSIXFSView::Open for file /p/gpfs1/iopp/tailorfs/data/test.dat_40
824: Passed 1 test case with 1038 assertions.
824: 
824: [TAILORFS PRINT]: Enabling ERROR loggin
824: Filters: Update
824: RNG seed: 3868440449
824: [TAILORFS PRINT]: tailorfs::POSIXFSView::Open for file /p/gpfs1/iopp/tailorfs/data/test.dat_6
824: Passed 1 test case with 1038 assertions.
824: 
824: [TAILORFS PRINT]: Enabling ERROR loggin
824: Filters: Update
824: RNG seed: 10025420
824: [TAILORFS PRINT]: tailorfs::POSIXFSView::Open for file /p/gpfs1/iopp/tailorfs/data/test.dat_41
824: Passed 1 test case with 1038 assertions.
824: 
824: [TAILORFS PRINT]: Enabling ERROR loggin
824: Filters: Update
824: RNG seed: 2050084651
824: [TAILORFS PRINT]: tailorfs::POSIXFSView::Open for file /p/gpfs1/iopp/tailorfs/data/test.dat_9
824: Passed 1 test case with 1038 assertions.
824: 
824: [TAILORFS PRINT]: Enabling ERROR loggin
824: Filters: Update
824: RNG seed: 567186358
824: [TAILORFS PRINT]: tailorfs::POSIXFSView::Open for file /p/gpfs1/iopp/tailorfs/data/test.dat_36
824: Passed 1 test case with 1038 assertions.
824: 
824: [TAILORFS PRINT]: Enabling ERROR loggin
824: Filters: Update
824: RNG seed: 2891492953
824: [TAILORFS PRINT]: tailorfs::POSIXFSView::Open for file /p/gpfs1/iopp/tailorfs/data/test.dat_10
824: Passed 1 test case with 1038 assertions.
824: 
824: [TAILORFS PRINT]: Enabling ERROR loggin
824: Filters: Update
824: RNG seed: 681338437
824: [TAILORFS PRINT]: tailorfs::POSIXFSView::Open for file /p/gpfs1/iopp/tailorfs/data/test.dat_35
824: Passed 1 test case with 1038 assertions.
824: 
824: [TAILORFS PRINT]: Enabling ERROR loggin
824: Filters: Update
824: RNG seed: 3709380425
824: [TAILORFS PRINT]: tailorfs::POSIXFSView::Open for file /p/gpfs1/iopp/tailorfs/data/test.dat_29
824: Passed 1 test case with 1038 assertions.
824: 
824: [TAILORFS PRINT]: Enabling ERROR loggin
824: Filters: Update
824: RNG seed: 3015729656
824: [TAILORFS PRINT]: tailorfs::POSIXFSView::Open for file /p/gpfs1/iopp/tailorfs/data/test.dat_44
824: Passed 1 test case with 1038 assertions.
824: 
824: [TAILORFS PRINT]: Enabling ERROR loggin
824: Filters: Update
824: RNG seed: 670601585
824: [TAILORFS PRINT]: tailorfs::POSIXFSView::Open for file /p/gpfs1/iopp/tailorfs/data/test.dat_0
824: [TAILORFS PRINT]:     Timing,      1024,   1048576,  0.000000,  0.000000,  1.270576,  0.000215,  0.865403,  0.000000,     POSIX,        up,1,0,0,0
824: 
824: Passed 1 test case with 1039 assertions.
824: 
824: [TAILORFS PRINT]: Enabling ERROR loggin
824: Filters: Update
824: RNG seed: 3320396226
824: [TAILORFS PRINT]: tailorfs::POSIXFSView::Open for file /p/gpfs1/iopp/tailorfs/data/test.dat_37
824: Passed 1 test case with 1038 assertions.
824: 
824: [TAILORFS PRINT]: Enabling ERROR loggin
824: Filters: Update
824: RNG seed: 2929408559
824: [TAILORFS PRINT]: tailorfs::POSIXFSView::Open for file /p/gpfs1/iopp/tailorfs/data/test.dat_5
824: Passed 1 test case with 1038 assertions.
824: 
824: [TAILORFS PRINT]: Enabling ERROR loggin
824: Filters: Update
824: RNG seed: 94923800
824: [TAILORFS PRINT]: tailorfs::POSIXFSView::Open for file /p/gpfs1/iopp/tailorfs/data/test.dat_8
824: Passed 1 test case with 1038 assertions.
824: 
824: [TAILORFS PRINT]: Enabling ERROR loggin
824: Filters: Update
824: RNG seed: 405846288
824: [TAILORFS PRINT]: tailorfs::POSIXFSView::Open for file /p/gpfs1/iopp/tailorfs/data/test.dat_45
824: Passed 1 test case with 1038 assertions.
824: 
824: [TAILORFS PRINT]: Enabling ERROR loggin
824: Filters: Update
824: RNG seed: 1250861555
824: [TAILORFS PRINT]: tailorfs::POSIXFSView::Open for file /p/gpfs1/iopp/tailorfs/data/test.dat_30
824: Passed 1 test case with 1038 assertions.
824: 
824: [TAILORFS PRINT]: Enabling ERROR loggin
824: Filters: Update
824: RNG seed: 2734516253
824: [TAILORFS PRINT]: tailorfs::POSIXFSView::Open for file /p/gpfs1/iopp/tailorfs/data/test.dat_42
824: Passed 1 test case with 1038 assertions.
824: 
824: [TAILORFS PRINT]: Enabling ERROR loggin
824: Filters: Update
824: RNG seed: 2865499547
824: [TAILORFS PRINT]: tailorfs::POSIXFSView::Open for file /p/gpfs1/iopp/tailorfs/data/test.dat_7
824: Passed 1 test case with 1038 assertions.
824: 
824: [TAILORFS PRINT]: Enabling ERROR loggin
824: Filters: Update
824: RNG seed: 305407396
824: [TAILORFS PRINT]: tailorfs::POSIXFSView::Open for file /p/gpfs1/iopp/tailorfs/data/test.dat_39
824: Passed 1 test case with 1038 assertions.
824: 
824: [TAILORFS PRINT]: Enabling ERROR loggin
824: Filters: Update
824: RNG seed: 2461534391
824: [TAILORFS PRINT]: tailorfs::POSIXFSView::Open for file /p/gpfs1/iopp/tailorfs/data/test.dat_13
824: Passed 1 test case with 1038 assertions.
824: 
824: [TAILORFS PRINT]: Enabling ERROR loggin
824: Filters: Update
824: RNG seed: 540916704
824: [TAILORFS PRINT]: tailorfs::POSIXFSView::Open for file /p/gpfs1/iopp/tailorfs/data/test.dat_43
824: Passed 1 test case with 1038 assertions.
824: 
824: [TAILORFS PRINT]: Enabling ERROR loggin
824: Filters: Update
824: RNG seed: 291828240
824: [TAILORFS PRINT]: tailorfs::POSIXFSView::Open for file /p/gpfs1/iopp/tailorfs/data/test.dat_31
824: Passed 1 test case with 1038 assertions.
824: 
824: [TAILORFS PRINT]: Enabling ERROR loggin
824: Filters: Update
824: RNG seed: 889744607
824: [TAILORFS PRINT]: tailorfs::POSIXFSView::Open for file /p/gpfs1/iopp/tailorfs/data/test.dat_50
824: Passed 1 test case with 1038 assertions.
824: 
824: [TAILORFS PRINT]: Enabling ERROR loggin
824: Filters: Update
824: RNG seed: 3610677307
824: [TAILORFS PRINT]: tailorfs::POSIXFSView::Open for file /p/gpfs1/iopp/tailorfs/data/test.dat_11
824: Passed 1 test case with 1038 assertions.
824: 
824: [TAILORFS PRINT]: Enabling ERROR loggin
824: Filters: Update
824: RNG seed: 1149924714
824: [TAILORFS PRINT]: tailorfs::POSIXFSView::Open for file /p/gpfs1/iopp/tailorfs/data/test.dat_46
824: Passed 1 test case with 1038 assertions.
824: 
824: [TAILORFS PRINT]: Enabling ERROR loggin
824: Filters: Update
824: RNG seed: 895584776
824: [TAILORFS PRINT]: tailorfs::POSIXFSView::Open for file /p/gpfs1/iopp/tailorfs/data/test.dat_4
824: Passed 1 test case with 1038 assertions.
824: 
824: [TAILORFS PRINT]: Enabling ERROR loggin
824: Filters: Update
824: RNG seed: 1792563070
824: [TAILORFS PRINT]: tailorfs::POSIXFSView::Open for file /p/gpfs1/iopp/tailorfs/data/test.dat_48
824: Passed 1 test case with 1038 assertions.
824: 
824: [TAILORFS PRINT]: Enabling ERROR loggin
824: Filters: Update
824: RNG seed: 35028580
824: [TAILORFS PRINT]: tailorfs::POSIXFSView::Open for file /p/gpfs1/iopp/tailorfs/data/test.dat_12
824: Passed 1 test case with 1038 assertions.
824: 
824: [TAILORFS PRINT]: Enabling ERROR loggin
824: Filters: Update
824: RNG seed: 3003279834
824: [TAILORFS PRINT]: tailorfs::POSIXFSView::Open for file /p/gpfs1/iopp/tailorfs/data/test.dat_49
824: Passed 1 test case with 1038 assertions.
824: 
824: [TAILORFS PRINT]: Enabling ERROR loggin
824: Filters: Update
824: RNG seed: 4116199000
824: [TAILORFS PRINT]: tailorfs::POSIXFSView::Open for file /p/gpfs1/iopp/tailorfs/data/test.dat_15
824: Passed 1 test case with 1038 assertions.
824: 
824: [TAILORFS PRINT]: Enabling ERROR loggin
824: Filters: Update
824: RNG seed: 817777539
824: [TAILORFS PRINT]: tailorfs::POSIXFSView::Open for file /p/gpfs1/iopp/tailorfs/data/test.dat_47
824: Passed 1 test case with 1038 assertions.
824: 
824: [TAILORFS PRINT]: Enabling ERROR loggin
824: Filters: Update
824: RNG seed: 1163427856
824: [TAILORFS PRINT]: tailorfs::POSIXFSView::Open for file /p/gpfs1/iopp/tailorfs/data/test.dat_14
824: Passed 1 test case with 1038 assertions.
824: 
824: [TAILORFS PRINT]: Enabling ERROR loggin
824: Filters: Update
824: RNG seed: 1945500338
824: [TAILORFS PRINT]: tailorfs::POSIXFSView::Open for file /p/gpfs1/iopp/tailorfs/data/test.dat_52
824: Passed 1 test case with 1038 assertions.
824: 
824: [TAILORFS PRINT]: Enabling ERROR loggin
824: Filters: Update
824: RNG seed: 1194361570
824: [TAILORFS PRINT]: tailorfs::POSIXFSView::Open for file /p/gpfs1/iopp/tailorfs/data/test.dat_16
824: Passed 1 test case with 1038 assertions.
824: 
824: [TAILORFS PRINT]: Enabling ERROR loggin
824: Filters: Update
824: RNG seed: 2648174821
824: [TAILORFS PRINT]: tailorfs::POSIXFSView::Open for file /p/gpfs1/iopp/tailorfs/data/test.dat_53
824: Passed 1 test case with 1038 assertions.
824: 
824: [TAILORFS PRINT]: Enabling ERROR loggin
824: Filters: Update
824: RNG seed: 4212955819
824: [TAILORFS PRINT]: tailorfs::POSIXFSView::Open for file /p/gpfs1/iopp/tailorfs/data/test.dat_17
824: Passed 1 test case with 1038 assertions.
824: 
824: [TAILORFS PRINT]: Enabling ERROR loggin
824: Filters: Update
824: RNG seed: 2918250275
824: [TAILORFS PRINT]: tailorfs::POSIXFSView::Open for file /p/gpfs1/iopp/tailorfs/data/test.dat_51
824: Passed 1 test case with 1038 assertions.
824: 
824: [TAILORFS PRINT]: Enabling ERROR loggin
824: Filters: Update
824: RNG seed: 2787231093
824: [TAILORFS PRINT]: tailorfs::POSIXFSView::Open for file /p/gpfs1/iopp/tailorfs/data/test.dat_18
824: Passed 1 test case with 1038 assertions.
824: 
824: [TAILORFS PRINT]: Enabling ERROR loggin
824: Filters: Update
824: RNG seed: 3371347275
824: [TAILORFS PRINT]: tailorfs::POSIXFSView::Open for file /p/gpfs1/iopp/tailorfs/data/test.dat_54
824: Passed 1 test case with 1038 assertions.
824: 
824: [TAILORFS PRINT]: Enabling ERROR loggin
824: Filters: Update
824: RNG seed: 1465884349
824: [TAILORFS PRINT]: tailorfs::POSIXFSView::Open for file /p/gpfs1/iopp/tailorfs/data/test.dat_19
824: Passed 1 test case with 1038 assertions.
824: 
824: [TAILORFS PRINT]: Enabling ERROR loggin
824: Filters: Update
824: RNG seed: 3452001272
824: [TAILORFS PRINT]: tailorfs::POSIXFSView::Open for file /p/gpfs1/iopp/tailorfs/data/test.dat_55
824: Passed 1 test case with 1038 assertions.
824: 
824: [TAILORFS PRINT]: Enabling ERROR loggin
824: Filters: Update
824: RNG seed: 2761078949
824: [TAILORFS PRINT]: tailorfs::POSIXFSView::Open for file /p/gpfs1/iopp/tailorfs/data/test.dat_20
824: Passed 1 test case with 1038 assertions.
824: 
824: [TAILORFS PRINT]: Enabling ERROR loggin
824: Filters: Update
824: RNG seed: 3230783495
824: [TAILORFS PRINT]: tailorfs::POSIXFSView::Open for file /p/gpfs1/iopp/tailorfs/data/test.dat_56
824: Passed 1 test case with 1038 assertions.
824: 
824: [TAILORFS PRINT]: Enabling ERROR loggin
824: Filters: Update
824: RNG seed: 589570892
824: [TAILORFS PRINT]: tailorfs::POSIXFSView::Open for file /p/gpfs1/iopp/tailorfs/data/test.dat_21
824: Passed 1 test case with 1038 assertions.
824: 
824: [TAILORFS PRINT]: Enabling ERROR loggin
824: Filters: Update
824: RNG seed: 2696559737
824: [TAILORFS PRINT]: tailorfs::POSIXFSView::Open for file /p/gpfs1/iopp/tailorfs/data/test.dat_57
824: Passed 1 test case with 1038 assertions.
824: 
824: [TAILORFS PRINT]: Enabling ERROR loggin
824: Filters: Update
824: RNG seed: 4180103349
824: [TAILORFS PRINT]: tailorfs::POSIXFSView::Open for file /p/gpfs1/iopp/tailorfs/data/test.dat_22
824: Passed 1 test case with 1038 assertions.
824: 
824: [TAILORFS PRINT]: Enabling ERROR loggin
824: Filters: Update
824: RNG seed: 3524193255
824: [TAILORFS PRINT]: tailorfs::POSIXFSView::Open for file /p/gpfs1/iopp/tailorfs/data/test.dat_58
824: Passed 1 test case with 1038 assertions.
824: 
824: [TAILORFS PRINT]: Enabling ERROR loggin
824: Filters: Update
824: RNG seed: 254103180
824: [TAILORFS PRINT]: tailorfs::POSIXFSView::Open for file /p/gpfs1/iopp/tailorfs/data/test.dat_24
824: Passed 1 test case with 1038 assertions.
824: 
824: [TAILORFS PRINT]: Enabling ERROR loggin
824: Filters: Update
824: RNG seed: 282006303
824: [TAILORFS PRINT]: tailorfs::POSIXFSView::Open for file /p/gpfs1/iopp/tailorfs/data/test.dat_59
824: Passed 1 test case with 1038 assertions.
824: 
824: [TAILORFS PRINT]: Enabling ERROR loggin
824: Filters: Update
824: RNG seed: 892855392
824: [TAILORFS PRINT]: tailorfs::POSIXFSView::Open for file /p/gpfs1/iopp/tailorfs/data/test.dat_23
824: Passed 1 test case with 1038 assertions.
824: 
824: [TAILORFS PRINT]: Enabling ERROR loggin
824: Filters: Update
824: RNG seed: 1062570757
824: [TAILORFS PRINT]: tailorfs::POSIXFSView::Open for file /p/gpfs1/iopp/tailorfs/data/test.dat_60
824: Passed 1 test case with 1038 assertions.
824: 
824: [TAILORFS PRINT]: Enabling ERROR loggin
824: Filters: Update
824: RNG seed: 2699476670
824: [TAILORFS PRINT]: tailorfs::POSIXFSView::Open for file /p/gpfs1/iopp/tailorfs/data/test.dat_25
824: Passed 1 test case with 1038 assertions.
824: 
824: [TAILORFS PRINT]: Enabling ERROR loggin
824: Filters: Update
824: RNG seed: 2944071689
824: [TAILORFS PRINT]: tailorfs::POSIXFSView::Open for file /p/gpfs1/iopp/tailorfs/data/test.dat_61
824: Passed 1 test case with 1038 assertions.
824: 
824: [TAILORFS PRINT]: Enabling ERROR loggin
824: Filters: Update
824: RNG seed: 951872186
824: [TAILORFS PRINT]: tailorfs::POSIXFSView::Open for file /p/gpfs1/iopp/tailorfs/data/test.dat_26
824: Passed 1 test case with 1038 assertions.
824: 
824: [TAILORFS PRINT]: Enabling ERROR loggin
824: Filters: Update
824: RNG seed: 3198359709
824: [TAILORFS PRINT]: tailorfs::POSIXFSView::Open for file /p/gpfs1/iopp/tailorfs/data/test.dat_62
824: Passed 1 test case with 1038 assertions.
824: 
824: [TAILORFS PRINT]: Enabling ERROR loggin
824: Filters: Update
824: RNG seed: 3359063057
824: [TAILORFS PRINT]: tailorfs::POSIXFSView::Open for file /p/gpfs1/iopp/tailorfs/data/test.dat_27
824: Passed 1 test case with 1038 assertions.
824: 
824: [TAILORFS PRINT]: Enabling ERROR loggin
824: Filters: Update
824: RNG seed: 3516576130
824: [TAILORFS PRINT]: tailorfs::POSIXFSView::Open for file /p/gpfs1/iopp/tailorfs/data/test.dat_63
824: Passed 1 test case with 1038 assertions.
824: 
824: /usr/WS2/iopp/software/tailorfs/build_2/test/micro_benchmark
824: Finishing test.
824: [TailorFS] Finishing test.
6/9 Test #824: test_tailor_mb_lassen_2_32_1_1024_1024_fpp_seq_update_all ...   Passed    8.41 sec
test 826
    Start 826: test_tailor_mb_lassen_2_32_1_1024_1024_fpp_seq_worm_all

826: Test command: /usr/bin/bash "/usr/workspace/iopp/software/tailorfs/test/scripts/main_unifyfs_wrapper.sh" "lassen" "32" "/usr/workspace/iopp/software/tailorfs" "/usr/workspace/iopp/software/tailorfs/build_2/bin/io_tests" "/g/g92/haridev/unifyfs/logs" "/usr/workspace/iopp/software/tailorfs/dependency/.spack-env/view" "--request_size" "1048576" "--iteration" "1024" "--ranks_per_node" "32" "--access_pattern" "0" "--file_sharing" "0" "--process_grouping" "0" "--reporter" "compact" "WORM"
826: Environment variables: 
826:  pfs=/p/gpfs1/iopp
826:  BBPATH=/mnt/bb_6fc4bc552c29888844956a04c7527941
826:  MIMIR_CONFIG_PATH=/usr/workspace/iopp/software/tailorfs/test/mimir/json_files/lassen/mimir_config_2_32_1_1024_1024_fpp_seq_worm_all.json
826:  LD_LIBRARY_PATH=/usr/workspace/iopp/software/tailorfs/build_2/lib:/usr/workspace/iopp/software/tailorfs/dependency/.spack-env/view/lib
826: Test timeout computed to be: 10000000
826: /usr/workspace/iopp/software/tailorfs/test/scripts/lassen /usr/WS2/iopp/software/tailorfs/build_2/test/micro_benchmark
826: [TailorFS] Configuring test for lassen
826: [TailorFS] Run Test
826: Warning: Overriding <MPI_ROOT UNEXPECTEDLY NOT SET> (module loaded must exactly match)
826: Warning: Using      spectrum-mpi/2020.08.19 to match app's MPI
826: Please tell John Gyllenhaal (gyllen@llnl.gov, 4-5485) if this MPI env fix doesn't work
826: [TAILORFS PRINT]: Enabling ERROR loggin
826: Filters: WORM
826: RNG seed: 556169380
826: Passed 1 test case with 1035 assertions.
826: 
826: [TAILORFS PRINT]: Enabling ERROR loggin
826: Filters: WORM
826: RNG seed: 516002755
826: Passed 1 test case with 1035 assertions.
826: 
826: [TAILORFS PRINT]: Enabling ERROR loggin
826: Filters: WORM
826: RNG seed: 352073281
826: Passed 1 test case with 1035 assertions.
826: 
826: [TAILORFS PRINT]: Enabling ERROR loggin
826: Filters: WORM
826: RNG seed: 3097032364
826: Passed 1 test case with 1035 assertions.
826: 
826: [TAILORFS PRINT]: Enabling ERROR loggin
826: Filters: WORM
826: RNG seed: 1057043479
826: Passed 1 test case with 1035 assertions.
826: 
826: [TAILORFS PRINT]: Enabling ERROR loggin
826: Filters: WORM
826: RNG seed: 3964831275
826: Passed 1 test case with 1035 assertions.
826: 
826: [TAILORFS PRINT]: Enabling ERROR loggin
826: Filters: WORM
826: RNG seed: 2589200275
826: Passed 1 test case with 1035 assertions.
826: 
826: [TAILORFS PRINT]: Enabling ERROR loggin
826: Filters: WORM
826: RNG seed: 874190160
826: Passed 1 test case with 1035 assertions.
826: 
826: [TAILORFS PRINT]: Enabling ERROR loggin
826: Filters: WORM
826: RNG seed: 2351773114
826: Passed 1 test case with 1035 assertions.
826: 
826: [TAILORFS PRINT]: Enabling ERROR loggin
826: Filters: WORM
826: RNG seed: 379360325
826: Passed 1 test case with 1035 assertions.
826: 
826: [TAILORFS PRINT]: Enabling ERROR loggin
826: Filters: WORM
826: RNG seed: 167486854
826: Passed 1 test case with 1035 assertions.
826: 
826: [TAILORFS PRINT]: Enabling ERROR loggin
826: Filters: WORM
826: RNG seed: 2883229338
826: Passed 1 test case with 1035 assertions.
826: 
826: [TAILORFS PRINT]: Enabling ERROR loggin
826: Filters: WORM
826: RNG seed: 1851787407
826: Passed 1 test case with 1035 assertions.
826: 
826: [TAILORFS PRINT]: Enabling ERROR loggin
826: Filters: WORM
826: RNG seed: 913193521
826: Passed 1 test case with 1035 assertions.
826: 
826: [TAILORFS PRINT]: Enabling ERROR loggin
826: Filters: WORM
826: RNG seed: 1636248254
826: Passed 1 test case with 1035 assertions.
826: 
826: [TAILORFS PRINT]: Enabling ERROR loggin
826: Filters: WORM
826: RNG seed: 2608807179
826: Passed 1 test case with 1035 assertions.
826: 
826: [TAILORFS PRINT]: Enabling ERROR loggin
826: Filters: WORM
826: RNG seed: 75495295
826: Passed 1 test case with 1035 assertions.
826: 
826: [TAILORFS PRINT]: Enabling ERROR loggin
826: Filters: WORM
826: RNG seed: 2970429619
826: Passed 1 test case with 1035 assertions.
826: 
826: [TAILORFS PRINT]: Enabling ERROR loggin
826: Filters: WORM
826: RNG seed: 2511162840
826: Passed 1 test case with 1035 assertions.
826: 
826: [TAILORFS PRINT]: Enabling ERROR loggin
826: Filters: WORM
826: RNG seed: 1194216456
826: Passed 1 test case with 1035 assertions.
826: 
826: [TAILORFS PRINT]: Enabling ERROR loggin
826: Filters: WORM
826: RNG seed: 2161638222
826: Passed 1 test case with 1035 assertions.
826: 
826: [TAILORFS PRINT]: Enabling ERROR loggin
826: Filters: WORM
826: RNG seed: 1231743083
826: Passed 1 test case with 1035 assertions.
826: 
826: [TAILORFS PRINT]: Enabling ERROR loggin
826: Filters: WORM
826: RNG seed: 263178672
826: Passed 1 test case with 1035 assertions.
826: 
826: [TAILORFS PRINT]: Enabling ERROR loggin
826: Filters: WORM
826: RNG seed: 174536878
826: Passed 1 test case with 1035 assertions.
826: 
826: [TAILORFS PRINT]: Enabling ERROR loggin
826: Filters: WORM
826: RNG seed: 3114606105
826: Passed 1 test case with 1035 assertions.
826: 
826: [TAILORFS PRINT]: Enabling ERROR loggin
826: Filters: WORM
826: RNG seed: 1278232482
826: Passed 1 test case with 1035 assertions.
826: 
826: [TAILORFS PRINT]: Enabling ERROR loggin
826: Filters: WORM
826: RNG seed: 3513275951
826: Passed 1 test case with 1035 assertions.
826: 
826: [TAILORFS PRINT]: Enabling ERROR loggin
826: Filters: WORM
826: RNG seed: 2969082626
826: Passed 1 test case with 1035 assertions.
826: 
826: [TAILORFS PRINT]: Enabling ERROR loggin
826: Filters: WORM
826: RNG seed: 779817400
826: Passed 1 test case with 1035 assertions.
826: 
826: [TAILORFS PRINT]: Enabling ERROR loggin
826: Filters: WORM
826: RNG seed: 1728488849
826: Passed 1 test case with 1035 assertions.
826: 
826: [TAILORFS PRINT]: Enabling ERROR loggin
826: Filters: WORM
826: RNG seed: 3306248020
826: Passed 1 test case with 1035 assertions.
826: 
826: [TAILORFS PRINT]: Enabling ERROR loggin
826: Filters: WORM
826: RNG seed: 2509700769
826: Passed 1 test case with 1035 assertions.
826: 
826: [TAILORFS PRINT]: Enabling ERROR loggin
826: Filters: WORM
826: RNG seed: 3861478331
826: Passed 1 test case with 1035 assertions.
826: 
826: [TAILORFS PRINT]: Enabling ERROR loggin
826: Filters: WORM
826: RNG seed: 2630428568
826: Passed 1 test case with 1035 assertions.
826: 
826: [TAILORFS PRINT]: Enabling ERROR loggin
826: Filters: WORM
826: RNG seed: 2116720578
826: Passed 1 test case with 1035 assertions.
826: 
826: [TAILORFS PRINT]: Enabling ERROR loggin
826: Filters: WORM
826: RNG seed: 2669684732
826: Passed 1 test case with 1035 assertions.
826: 
826: [TAILORFS PRINT]: Enabling ERROR loggin
826: Filters: WORM
826: RNG seed: 474770786
826: Passed 1 test case with 1035 assertions.
826: 
826: [TAILORFS PRINT]: Enabling ERROR loggin
826: Filters: WORM
826: RNG seed: 1565066897
826: Passed 1 test case with 1035 assertions.
826: 
826: [TAILORFS PRINT]: Enabling ERROR loggin
826: Filters: WORM
826: RNG seed: 1814607776
826: Passed 1 test case with 1035 assertions.
826: 
826: [TAILORFS PRINT]: Enabling ERROR loggin
826: Filters: WORM
826: RNG seed: 1247902539
826: Passed 1 test case with 1035 assertions.
826: 
826: [TAILORFS PRINT]: Enabling ERROR loggin
826: Filters: WORM
826: RNG seed: 3669448019
826: Passed 1 test case with 1035 assertions.
826: 
826: [TAILORFS PRINT]: Enabling ERROR loggin
826: Filters: WORM
826: RNG seed: 3663015297
826: Passed 1 test case with 1035 assertions.
826: 
826: [TAILORFS PRINT]: Enabling ERROR loggin
826: Filters: WORM
826: RNG seed: 1519145233
826: Passed 1 test case with 1035 assertions.
826: 
826: [TAILORFS PRINT]: Enabling ERROR loggin
826: Filters: WORM
826: RNG seed: 3335323818
826: Passed 1 test case with 1035 assertions.
826: 
826: [TAILORFS PRINT]: Enabling ERROR loggin
826: Filters: WORM
826: RNG seed: 3183631467
826: Passed 1 test case with 1035 assertions.
826: 
826: [TAILORFS PRINT]: Enabling ERROR loggin
826: Filters: WORM
826: RNG seed: 1061974137
826: Passed 1 test case with 1035 assertions.
826: 
826: [TAILORFS PRINT]: Enabling ERROR loggin
826: Filters: WORM
826: RNG seed: 1219405779
826: Passed 1 test case with 1035 assertions.
826: 
826: [TAILORFS PRINT]: Enabling ERROR loggin
826: Filters: WORM
826: RNG seed: 4095431325
826: Passed 1 test case with 1035 assertions.
826: 
826: [TAILORFS PRINT]: Enabling ERROR loggin
826: Filters: WORM
826: RNG seed: 3600752218
826: Passed 1 test case with 1035 assertions.
826: 
826: [TAILORFS PRINT]: Enabling ERROR loggin
826: Filters: WORM
826: RNG seed: 1191648822
826: Passed 1 test case with 1035 assertions.
826: 
826: [TAILORFS PRINT]: Enabling ERROR loggin
826: Filters: WORM
826: RNG seed: 4015720843
826: Passed 1 test case with 1035 assertions.
826: 
826: [TAILORFS PRINT]: Enabling ERROR loggin
826: Filters: WORM
826: RNG seed: 2270654552
826: Passed 1 test case with 1035 assertions.
826: 
826: [TAILORFS PRINT]: Enabling ERROR loggin
826: Filters: WORM
826: RNG seed: 3691676885
826: Passed 1 test case with 1035 assertions.
826: 
826: [TAILORFS PRINT]: Enabling ERROR loggin
826: Filters: WORM
826: RNG seed: 2550031648
826: Passed 1 test case with 1035 assertions.
826: 
826: [TAILORFS PRINT]: Enabling ERROR loggin
826: Filters: WORM
826: RNG seed: 1843110038
826: Passed 1 test case with 1035 assertions.
826: 
826: [TAILORFS PRINT]: Enabling ERROR loggin
826: Filters: WORM
826: RNG seed: 3953174747
826: Passed 1 test case with 1035 assertions.
826: 
826: [TAILORFS PRINT]: Enabling ERROR loggin
826: Filters: WORM
826: RNG seed: 2037209706
826: Passed 1 test case with 1035 assertions.
826: 
826: [TAILORFS PRINT]: Enabling ERROR loggin
826: Filters: WORM
826: RNG seed: 1485911486
826: Passed 1 test case with 1035 assertions.
826: 
826: [TAILORFS PRINT]: Enabling ERROR loggin
826: Filters: WORM
826: RNG seed: 4056464666
826: Passed 1 test case with 1035 assertions.
826: 
826: [TAILORFS PRINT]: Enabling ERROR loggin
826: Filters: WORM
826: RNG seed: 1552261370
826: Passed 1 test case with 1035 assertions.
826: 
826: [TAILORFS PRINT]: Enabling ERROR loggin
826: Filters: WORM
826: RNG seed: 333745782
826: Passed 1 test case with 1035 assertions.
826: 
826: [TAILORFS PRINT]: Enabling ERROR loggin
826: Filters: WORM
826: RNG seed: 1461328519
826: Passed 1 test case with 1035 assertions.
826: 
826: [TAILORFS PRINT]: Enabling ERROR loggin
826: Filters: WORM
826: RNG seed: 1456182161
826: [TAILORFS PRINT]:     Timing,      1024,   1048576,  0.000000,  0.000000,  4.173671,  1.575508,  0.523470,  0.154941,     POSIX,      worm,1,0,0,0
826: 
826: Passed 1 test case with 1035 assertions.
826: 
826: [TAILORFS PRINT]: Enabling ERROR loggin
826: Filters: WORM
826: RNG seed: 1237711998
826: Passed 1 test case with 1035 assertions.
826: 
826: /usr/WS2/iopp/software/tailorfs/build_2/test/micro_benchmark
826: Finishing test.
826: [TailorFS] Finishing test.
7/9 Test #826: test_tailor_mb_lassen_2_32_1_1024_1024_fpp_seq_worm_all .....   Passed   10.10 sec
test 828
    Start 828: test_tailor_mb_lassen_2_32_1_1024_1024_fpp_seq_worm_split

828: Test command: /usr/bin/bash "/usr/workspace/iopp/software/tailorfs/test/scripts/main_unifyfs_wrapper.sh" "lassen" "32" "/usr/workspace/iopp/software/tailorfs" "/usr/workspace/iopp/software/tailorfs/build_2/bin/io_tests" "/g/g92/haridev/unifyfs/logs" "/usr/workspace/iopp/software/tailorfs/dependency/.spack-env/view" "--request_size" "1048576" "--iteration" "1024" "--ranks_per_node" "32" "--access_pattern" "0" "--file_sharing" "0" "--process_grouping" "1" "--reporter" "compact" "WORM"
828: Environment variables: 
828:  pfs=/p/gpfs1/iopp
828:  BBPATH=/mnt/bb_6fc4bc552c29888844956a04c7527941
828:  MIMIR_CONFIG_PATH=/usr/workspace/iopp/software/tailorfs/test/mimir/json_files/lassen/mimir_config_2_32_1_1024_1024_fpp_seq_worm_split.json
828:  LD_LIBRARY_PATH=/usr/workspace/iopp/software/tailorfs/build_2/lib:/usr/workspace/iopp/software/tailorfs/dependency/.spack-env/view/lib
828: Test timeout computed to be: 10000000
828: /usr/workspace/iopp/software/tailorfs/test/scripts/lassen /usr/WS2/iopp/software/tailorfs/build_2/test/micro_benchmark
828: [TailorFS] Configuring test for lassen
828: [TailorFS] Run Test
828: Warning: Overriding <MPI_ROOT UNEXPECTEDLY NOT SET> (module loaded must exactly match)
828: Warning: Using      spectrum-mpi/2020.08.19 to match app's MPI
828: Please tell John Gyllenhaal (gyllen@llnl.gov, 4-5485) if this MPI env fix doesn't work
828: [TAILORFS PRINT]: Enabling ERROR loggin
828: Filters: WORM
828: RNG seed: 2142167458
828: Passed 1 test case with 12 assertions.
828: 
828: [TAILORFS PRINT]: Enabling ERROR loggin
828: Filters: WORM
828: RNG seed: 379411574
828: Passed 1 test case with 1035 assertions.
828: 
828: [TAILORFS PRINT]: Enabling ERROR loggin
828: Filters: WORM
828: RNG seed: 2080415675
828: Passed 1 test case with 12 assertions.
828: 
828: [TAILORFS PRINT]: Enabling ERROR loggin
828: Filters: WORM
828: RNG seed: 3268332580
828: Passed 1 test case with 12 assertions.
828: 
828: [TAILORFS PRINT]: Enabling ERROR loggin
828: Filters: WORM
828: RNG seed: 3137396093
828: Passed 1 test case with 1035 assertions.
828: 
828: [TAILORFS PRINT]: Enabling ERROR loggin
828: Filters: WORM
828: RNG seed: 3219063149
828: [TAILORFS PRINT]:     Timing,      1024,   1048576,  0.000000,  0.000000,  1.470868,  0.760241,  0.523390,  0.141320,     POSIX,      worm,1,0,0,1
828: 
828: Passed 1 test case with 12 assertions.
828: 
828: [TAILORFS PRINT]: Enabling ERROR loggin
828: Filters: WORM
828: RNG seed: 1501277930
828: Passed 1 test case with 1035 assertions.
828: 
828: [TAILORFS PRINT]: Enabling ERROR loggin
828: Filters: WORM
828: RNG seed: 1289593563
828: Passed 1 test case with 12 assertions.
828: 
828: [TAILORFS PRINT]: Enabling ERROR loggin
828: Filters: WORM
828: RNG seed: 3773311705
828: Passed 1 test case with 1035 assertions.
828: 
828: [TAILORFS PRINT]: Enabling ERROR loggin
828: Filters: WORM
828: RNG seed: 3469336417
828: Passed 1 test case with 12 assertions.
828: 
828: [TAILORFS PRINT]: Enabling ERROR loggin
828: Filters: WORM
828: RNG seed: 323610309
828: Passed 1 test case with 1035 assertions.
828: 
828: [TAILORFS PRINT]: Enabling ERROR loggin
828: Filters: WORM
828: RNG seed: 916952187
828: Passed 1 test case with 1035 assertions.
828: 
828: [TAILORFS PRINT]: Enabling ERROR loggin
828: Filters: WORM
828: RNG seed: 1163496687
828: Passed 1 test case with 12 assertions.
828: 
828: [TAILORFS PRINT]: Enabling ERROR loggin
828: Filters: WORM
828: RNG seed: 3453669850
828: Passed 1 test case with 1035 assertions.
828: 
828: [TAILORFS PRINT]: Enabling ERROR loggin
828: Filters: WORM
828: RNG seed: 2879851923
828: Passed 1 test case with 12 assertions.
828: 
828: [TAILORFS PRINT]: Enabling ERROR loggin
828: Filters: WORM
828: RNG seed: 1675031450
828: Passed 1 test case with 1035 assertions.
828: 
828: [TAILORFS PRINT]: Enabling ERROR loggin
828: Filters: WORM
828: RNG seed: 3985826935
828: Passed 1 test case with 12 assertions.
828: 
828: [TAILORFS PRINT]: Enabling ERROR loggin
828: Filters: WORM
828: RNG seed: 1426879319
828: Passed 1 test case with 1035 assertions.
828: 
828: [TAILORFS PRINT]: Enabling ERROR loggin
828: Filters: WORM
828: RNG seed: 2781161819
828: Passed 1 test case with 12 assertions.
828: 
828: [TAILORFS PRINT]: Enabling ERROR loggin
828: Filters: WORM
828: RNG seed: 3741286781
828: Passed 1 test case with 12 assertions.
828: 
828: [TAILORFS PRINT]: Enabling ERROR loggin
828: Filters: WORM
828: RNG seed: 2646641831
828: Passed 1 test case with 1035 assertions.
828: 
828: [TAILORFS PRINT]: Enabling ERROR loggin
828: Filters: WORM
828: RNG seed: 2003297484
828: Passed 1 test case with 12 assertions.
828: 
828: [TAILORFS PRINT]: Enabling ERROR loggin
828: Filters: WORM
828: RNG seed: 80797332
828: Passed 1 test case with 1035 assertions.
828: 
828: [TAILORFS PRINT]: Enabling ERROR loggin
828: Filters: WORM
828: RNG seed: 2458824269
828: Passed 1 test case with 12 assertions.
828: 
828: [TAILORFS PRINT]: Enabling ERROR loggin
828: Filters: WORM
828: RNG seed: 3122173574
828: Passed 1 test case with 1035 assertions.
828: 
828: [TAILORFS PRINT]: Enabling ERROR loggin
828: Filters: WORM
828: RNG seed: 3628520579
828: Passed 1 test case with 12 assertions.
828: 
828: [TAILORFS PRINT]: Enabling ERROR loggin
828: Filters: WORM
828: RNG seed: 4213818187
828: Passed 1 test case with 1035 assertions.
828: 
828: [TAILORFS PRINT]: Enabling ERROR loggin
828: Filters: WORM
828: RNG seed: 4058587573
828: Passed 1 test case with 12 assertions.
828: 
828: [TAILORFS PRINT]: Enabling ERROR loggin
828: Filters: WORM
828: RNG seed: 3792873279
828: Passed 1 test case with 1035 assertions.
828: 
828: [TAILORFS PRINT]: Enabling ERROR loggin
828: Filters: WORM
828: RNG seed: 441204342
828: Passed 1 test case with 12 assertions.
828: 
828: [TAILORFS PRINT]: Enabling ERROR loggin
828: Filters: WORM
828: RNG seed: 646933612
828: Passed 1 test case with 1035 assertions.
828: 
828: [TAILORFS PRINT]: Enabling ERROR loggin
828: Filters: WORM
828: RNG seed: 1359035222
828: Passed 1 test case with 12 assertions.
828: 
828: [TAILORFS PRINT]: Enabling ERROR loggin
828: Filters: WORM
828: RNG seed: 1283715624
828: Passed 1 test case with 1035 assertions.
828: 
828: [TAILORFS PRINT]: Enabling ERROR loggin
828: Filters: WORM
828: RNG seed: 2076223897
828: Passed 1 test case with 12 assertions.
828: 
828: [TAILORFS PRINT]: Enabling ERROR loggin
828: Filters: WORM
828: RNG seed: 3303435512
828: Passed 1 test case with 1035 assertions.
828: 
828: [TAILORFS PRINT]: Enabling ERROR loggin
828: Filters: WORM
828: RNG seed: 1157025486
828: Passed 1 test case with 12 assertions.
828: 
828: [TAILORFS PRINT]: Enabling ERROR loggin
828: Filters: WORM
828: RNG seed: 3869623331
828: Passed 1 test case with 1035 assertions.
828: 
828: [TAILORFS PRINT]: Enabling ERROR loggin
828: Filters: WORM
828: RNG seed: 2974239830
828: Passed 1 test case with 12 assertions.
828: 
828: [TAILORFS PRINT]: Enabling ERROR loggin
828: Filters: WORM
828: RNG seed: 4063657585
828: Passed 1 test case with 1035 assertions.
828: 
828: [TAILORFS PRINT]: Enabling ERROR loggin
828: Filters: WORM
828: RNG seed: 2451625114
828: Passed 1 test case with 12 assertions.
828: 
828: [TAILORFS PRINT]: Enabling ERROR loggin
828: Filters: WORM
828: RNG seed: 2327958045
828: Passed 1 test case with 1035 assertions.
828: 
828: [TAILORFS PRINT]: Enabling ERROR loggin
828: Filters: WORM
828: RNG seed: 4142562895
828: Passed 1 test case with 1035 assertions.
828: 
828: [TAILORFS PRINT]: Enabling ERROR loggin
828: Filters: WORM
828: RNG seed: 3774145173
828: Passed 1 test case with 12 assertions.
828: 
828: [TAILORFS PRINT]: Enabling ERROR loggin
828: Filters: WORM
828: RNG seed: 3089942085
828: Passed 1 test case with 12 assertions.
828: 
828: [TAILORFS PRINT]: Enabling ERROR loggin
828: Filters: WORM
828: RNG seed: 3946541620
828: Passed 1 test case with 1035 assertions.
828: 
828: [TAILORFS PRINT]: Enabling ERROR loggin
828: Filters: WORM
828: RNG seed: 96148017
828: Passed 1 test case with 12 assertions.
828: 
828: [TAILORFS PRINT]: Enabling ERROR loggin
828: Filters: WORM
828: RNG seed: 1376651227
828: Passed 1 test case with 1035 assertions.
828: 
828: [TAILORFS PRINT]: Enabling ERROR loggin
828: Filters: WORM
828: RNG seed: 2323039003
828: Passed 1 test case with 12 assertions.
828: 
828: [TAILORFS PRINT]: Enabling ERROR loggin
828: Filters: WORM
828: RNG seed: 1167686182
828: Passed 1 test case with 1035 assertions.
828: 
828: [TAILORFS PRINT]: Enabling ERROR loggin
828: Filters: WORM
828: RNG seed: 825631339
828: Passed 1 test case with 12 assertions.
828: 
828: [TAILORFS PRINT]: Enabling ERROR loggin
828: Filters: WORM
828: RNG seed: 1596448552
828: Passed 1 test case with 1035 assertions.
828: 
828: [TAILORFS PRINT]: Enabling ERROR loggin
828: Filters: WORM
828: RNG seed: 3843510973
828: Passed 1 test case with 12 assertions.
828: 
828: [TAILORFS PRINT]: Enabling ERROR loggin
828: Filters: WORM
828: RNG seed: 635581908
828: Passed 1 test case with 1035 assertions.
828: 
828: [TAILORFS PRINT]: Enabling ERROR loggin
828: Filters: WORM
828: RNG seed: 1627818873
828: Passed 1 test case with 12 assertions.
828: 
828: [TAILORFS PRINT]: Enabling ERROR loggin
828: Filters: WORM
828: RNG seed: 3777478666
828: Passed 1 test case with 12 assertions.
828: 
828: [TAILORFS PRINT]: Enabling ERROR loggin
828: Filters: WORM
828: RNG seed: 3924720039
828: Passed 1 test case with 1035 assertions.
828: 
828: [TAILORFS PRINT]: Enabling ERROR loggin
828: Filters: WORM
828: RNG seed: 31566315
828: Passed 1 test case with 12 assertions.
828: 
828: [TAILORFS PRINT]: Enabling ERROR loggin
828: Filters: WORM
828: RNG seed: 828596115
828: Passed 1 test case with 1035 assertions.
828: 
828: [TAILORFS PRINT]: Enabling ERROR loggin
828: Filters: WORM
828: RNG seed: 1892565885
828: Passed 1 test case with 12 assertions.
828: 
828: [TAILORFS PRINT]: Enabling ERROR loggin
828: Filters: WORM
828: RNG seed: 1605880707
828: Passed 1 test case with 1035 assertions.
828: 
828: [TAILORFS PRINT]: Enabling ERROR loggin
828: Filters: WORM
828: RNG seed: 1942455699
828: Passed 1 test case with 12 assertions.
828: 
828: [TAILORFS PRINT]: Enabling ERROR loggin
828: Filters: WORM
828: RNG seed: 132142027
828: Passed 1 test case with 1035 assertions.
828: 
828: [TAILORFS PRINT]: Enabling ERROR loggin
828: Filters: WORM
828: RNG seed: 3600569851
828: Passed 1 test case with 1035 assertions.
828: 
828: [TAILORFS PRINT]: Enabling ERROR loggin
828: Filters: WORM
828: RNG seed: 1486134480
828: Passed 1 test case with 1035 assertions.
828: 
828: /usr/WS2/iopp/software/tailorfs/build_2/test/micro_benchmark
828: Finishing test.
828: [TailorFS] Finishing test.
8/9 Test #828: test_tailor_mb_lassen_2_32_1_1024_1024_fpp_seq_worm_split ...   Passed    9.67 sec
test 830
    Start 830: test_tailor_mb_lassen_2_32_1_1024_1024_fpp_seq_worm_alt

830: Test command: /usr/bin/bash "/usr/workspace/iopp/software/tailorfs/test/scripts/main_unifyfs_wrapper.sh" "lassen" "32" "/usr/workspace/iopp/software/tailorfs" "/usr/workspace/iopp/software/tailorfs/build_2/bin/io_tests" "/g/g92/haridev/unifyfs/logs" "/usr/workspace/iopp/software/tailorfs/dependency/.spack-env/view" "--request_size" "1048576" "--iteration" "1024" "--ranks_per_node" "32" "--access_pattern" "0" "--file_sharing" "0" "--process_grouping" "2" "--reporter" "compact" "WORM"
830: Environment variables: 
830:  pfs=/p/gpfs1/iopp
830:  BBPATH=/mnt/bb_6fc4bc552c29888844956a04c7527941
830:  MIMIR_CONFIG_PATH=/usr/workspace/iopp/software/tailorfs/test/mimir/json_files/lassen/mimir_config_2_32_1_1024_1024_fpp_seq_worm_alt.json
830:  LD_LIBRARY_PATH=/usr/workspace/iopp/software/tailorfs/build_2/lib:/usr/workspace/iopp/software/tailorfs/dependency/.spack-env/view/lib
830: Test timeout computed to be: 10000000
830: /usr/workspace/iopp/software/tailorfs/test/scripts/lassen /usr/WS2/iopp/software/tailorfs/build_2/test/micro_benchmark
830: [TailorFS] Configuring test for lassen
830: [TailorFS] Run Test
830: Warning: Overriding <MPI_ROOT UNEXPECTEDLY NOT SET> (module loaded must exactly match)
830: Warning: Using      spectrum-mpi/2020.08.19 to match app's MPI
830: Please tell John Gyllenhaal (gyllen@llnl.gov, 4-5485) if this MPI env fix doesn't work
830: [TAILORFS PRINT]: Enabling ERROR loggin
830: Filters: WORM
830: RNG seed: 3321267072
830: Passed 1 test case with 1035 assertions.
830: 
830: [TAILORFS PRINT]: Enabling ERROR loggin
830: Filters: WORM
830: RNG seed: 2568670604
830: Passed 1 test case with 12 assertions.
830: 
830: [TAILORFS PRINT]: Enabling ERROR loggin
830: Filters: WORM
830: RNG seed: 3205365727
830: [TAILORFS PRINT]:     Timing,      1024,   1048576,  0.000000,  0.000000,  0.602470,  0.009393,  0.278368,  0.238346,     POSIX,      worm,1,0,0,2
830: 
830: Passed 1 test case with 12 assertions.
830: 
830: [TAILORFS PRINT]: Enabling ERROR loggin
830: Filters: WORM
830: RNG seed: 501603040
830: Passed 1 test case with 1035 assertions.
830: 
830: [TAILORFS PRINT]: Enabling ERROR loggin
830: Filters: WORM
830: RNG seed: 2922411983
830: Passed 1 test case with 1035 assertions.
830: 
830: [TAILORFS PRINT]: Enabling ERROR loggin
830: Filters: WORM
830: RNG seed: 3672061111
830: Passed 1 test case with 1035 assertions.
830: 
830: [TAILORFS PRINT]: Enabling ERROR loggin
830: Filters: WORM
830: RNG seed: 1038404730
830: Passed 1 test case with 1035 assertions.
830: 
830: [TAILORFS PRINT]: Enabling ERROR loggin
830: Filters: WORM
830: RNG seed: 1250814454
830: Passed 1 test case with 12 assertions.
830: 
830: [TAILORFS PRINT]: Enabling ERROR loggin
830: Filters: WORM
830: RNG seed: 2971173778
830: Passed 1 test case with 1035 assertions.
830: 
830: [TAILORFS PRINT]: Enabling ERROR loggin
830: Filters: WORM
830: RNG seed: 3841815731
830: Passed 1 test case with 1035 assertions.
830: 
830: [TAILORFS PRINT]: Enabling ERROR loggin
830: Filters: WORM
830: RNG seed: 3107043700
830: Passed 1 test case with 12 assertions.
830: 
830: [TAILORFS PRINT]: Enabling ERROR loggin
830: Filters: WORM
830: RNG seed: 1500853226
830: Passed 1 test case with 12 assertions.
830: 
830: [TAILORFS PRINT]: Enabling ERROR loggin
830: Filters: WORM
830: RNG seed: 97067124
830: Passed 1 test case with 12 assertions.
830: 
830: [TAILORFS PRINT]: Enabling ERROR loggin
830: Filters: WORM
830: RNG seed: 3824241365
830: Passed 1 test case with 12 assertions.
830: 
830: [TAILORFS PRINT]: Enabling ERROR loggin
830: Filters: WORM
830: RNG seed: 540772684
830: Passed 1 test case with 12 assertions.
830: 
830: [TAILORFS PRINT]: Enabling ERROR loggin
830: Filters: WORM
830: RNG seed: 109972091
830: Passed 1 test case with 1035 assertions.
830: 
830: [TAILORFS PRINT]: Enabling ERROR loggin
830: Filters: WORM
830: RNG seed: 3308603164
830: Passed 1 test case with 1035 assertions.
830: 
830: [TAILORFS PRINT]: Enabling ERROR loggin
830: Filters: WORM
830: RNG seed: 81384962
830: Passed 1 test case with 1035 assertions.
830: 
830: [TAILORFS PRINT]: Enabling ERROR loggin
830: Filters: WORM
830: RNG seed: 1074852918
830: Passed 1 test case with 12 assertions.
830: 
830: [TAILORFS PRINT]: Enabling ERROR loggin
830: Filters: WORM
830: RNG seed: 1488887236
830: Passed 1 test case with 12 assertions.
830: 
830: [TAILORFS PRINT]: Enabling ERROR loggin
830: Filters: WORM
830: RNG seed: 4153384509
830: Passed 1 test case with 1035 assertions.
830: 
830: [TAILORFS PRINT]: Enabling ERROR loggin
830: Filters: WORM
830: RNG seed: 1676799085
830: Passed 1 test case with 12 assertions.
830: 
830: [TAILORFS PRINT]: Enabling ERROR loggin
830: Filters: WORM
830: RNG seed: 2636077394
830: Passed 1 test case with 1035 assertions.
830: 
830: [TAILORFS PRINT]: Enabling ERROR loggin
830: Filters: WORM
830: RNG seed: 796597043
830: Passed 1 test case with 1035 assertions.
830: 
830: [TAILORFS PRINT]: Enabling ERROR loggin
830: Filters: WORM
830: RNG seed: 788596404
830: Passed 1 test case with 12 assertions.
830: 
830: [TAILORFS PRINT]: Enabling ERROR loggin
830: Filters: WORM
830: RNG seed: 2502891937
830: Passed 1 test case with 12 assertions.
830: 
830: [TAILORFS PRINT]: Enabling ERROR loggin
830: Filters: WORM
830: RNG seed: 3941246399
830: Passed 1 test case with 1035 assertions.
830: 
830: [TAILORFS PRINT]: Enabling ERROR loggin
830: Filters: WORM
830: RNG seed: 4261802792
830: Passed 1 test case with 12 assertions.
830: 
830: [TAILORFS PRINT]: Enabling ERROR loggin
830: Filters: WORM
830: RNG seed: 1608709632
830: Passed 1 test case with 12 assertions.
830: 
830: [TAILORFS PRINT]: Enabling ERROR loggin
830: Filters: WORM
830: RNG seed: 3959525263
830: Passed 1 test case with 1035 assertions.
830: 
830: [TAILORFS PRINT]: Enabling ERROR loggin
830: Filters: WORM
830: RNG seed: 4113628618
830: Passed 1 test case with 12 assertions.
830: 
830: [TAILORFS PRINT]: Enabling ERROR loggin
830: Filters: WORM
830: RNG seed: 603605889
830: Passed 1 test case with 12 assertions.
830: 
830: [TAILORFS PRINT]: Enabling ERROR loggin
830: Filters: WORM
830: RNG seed: 2514236100
830: Passed 1 test case with 1035 assertions.
830: 
830: [TAILORFS PRINT]: Enabling ERROR loggin
830: Filters: WORM
830: RNG seed: 1511297070
830: Passed 1 test case with 1035 assertions.
830: 
830: [TAILORFS PRINT]: Enabling ERROR loggin
830: Filters: WORM
830: RNG seed: 1955164256
830: Passed 1 test case with 12 assertions.
830: 
830: [TAILORFS PRINT]: Enabling ERROR loggin
830: Filters: WORM
830: RNG seed: 2788353439
830: Passed 1 test case with 12 assertions.
830: 
830: [TAILORFS PRINT]: Enabling ERROR loggin
830: Filters: WORM
830: RNG seed: 2789711307
830: Passed 1 test case with 1035 assertions.
830: 
830: [TAILORFS PRINT]: Enabling ERROR loggin
830: Filters: WORM
830: RNG seed: 527440068
830: Passed 1 test case with 1035 assertions.
830: 
830: [TAILORFS PRINT]: Enabling ERROR loggin
830: Filters: WORM
830: RNG seed: 2918053709
830: Passed 1 test case with 1035 assertions.
830: 
830: [TAILORFS PRINT]: Enabling ERROR loggin
830: Filters: WORM
830: RNG seed: 915971414
830: Passed 1 test case with 1035 assertions.
830: 
830: [TAILORFS PRINT]: Enabling ERROR loggin
830: Filters: WORM
830: RNG seed: 1945803690
830: Passed 1 test case with 12 assertions.
830: 
830: [TAILORFS PRINT]: Enabling ERROR loggin
830: Filters: WORM
830: RNG seed: 2476301774
830: Passed 1 test case with 12 assertions.
830: 
830: [TAILORFS PRINT]: Enabling ERROR loggin
830: Filters: WORM
830: RNG seed: 2288291338
830: Passed 1 test case with 12 assertions.
830: 
830: [TAILORFS PRINT]: Enabling ERROR loggin
830: Filters: WORM
830: RNG seed: 2871963508
830: Passed 1 test case with 1035 assertions.
830: 
830: [TAILORFS PRINT]: Enabling ERROR loggin
830: Filters: WORM
830: RNG seed: 3473904424
830: Passed 1 test case with 1035 assertions.
830: 
830: [TAILORFS PRINT]: Enabling ERROR loggin
830: Filters: WORM
830: RNG seed: 992267751
830: Passed 1 test case with 12 assertions.
830: 
830: [TAILORFS PRINT]: Enabling ERROR loggin
830: Filters: WORM
830: RNG seed: 2486391163
830: Passed 1 test case with 1035 assertions.
830: 
830: [TAILORFS PRINT]: Enabling ERROR loggin
830: Filters: WORM
830: RNG seed: 3224839713
830: Passed 1 test case with 1035 assertions.
830: 
830: [TAILORFS PRINT]: Enabling ERROR loggin
830: Filters: WORM
830: RNG seed: 3007614034
830: Passed 1 test case with 12 assertions.
830: 
830: [TAILORFS PRINT]: Enabling ERROR loggin
830: Filters: WORM
830: RNG seed: 4258337724
830: Passed 1 test case with 12 assertions.
830: 
830: [TAILORFS PRINT]: Enabling ERROR loggin
830: Filters: WORM
830: RNG seed: 1637332029
830: Passed 1 test case with 12 assertions.
830: 
830: [TAILORFS PRINT]: Enabling ERROR loggin
830: Filters: WORM
830: RNG seed: 4255320569
830: Passed 1 test case with 1035 assertions.
830: 
830: [TAILORFS PRINT]: Enabling ERROR loggin
830: Filters: WORM
830: RNG seed: 4105729169
830: Passed 1 test case with 1035 assertions.
830: 
830: [TAILORFS PRINT]: Enabling ERROR loggin
830: Filters: WORM
830: RNG seed: 4238043278
830: Passed 1 test case with 1035 assertions.
830: 
830: [TAILORFS PRINT]: Enabling ERROR loggin
830: Filters: WORM
830: RNG seed: 231422159
830: Passed 1 test case with 12 assertions.
830: 
830: [TAILORFS PRINT]: Enabling ERROR loggin
830: Filters: WORM
830: RNG seed: 12192158
830: Passed 1 test case with 12 assertions.
830: 
830: [TAILORFS PRINT]: Enabling ERROR loggin
830: Filters: WORM
830: RNG seed: 91567979
830: Passed 1 test case with 12 assertions.
830: 
830: [TAILORFS PRINT]: Enabling ERROR loggin
830: Filters: WORM
830: RNG seed: 3949645704
830: Passed 1 test case with 12 assertions.
830: 
830: [TAILORFS PRINT]: Enabling ERROR loggin
830: Filters: WORM
830: RNG seed: 2850145329
830: Passed 1 test case with 12 assertions.
830: 
830: [TAILORFS PRINT]: Enabling ERROR loggin
830: Filters: WORM
830: RNG seed: 4161715203
830: Passed 1 test case with 1035 assertions.
830: 
830: [TAILORFS PRINT]: Enabling ERROR loggin
830: Filters: WORM
830: RNG seed: 3125586738
830: Passed 1 test case with 1035 assertions.
830: 
830: [TAILORFS PRINT]: Enabling ERROR loggin
830: Filters: WORM
830: RNG seed: 1632112938
830: Passed 1 test case with 12 assertions.
830: 
830: [TAILORFS PRINT]: Enabling ERROR loggin
830: Filters: WORM
830: RNG seed: 2763538994
830: Passed 1 test case with 1035 assertions.
830: 
830: [TAILORFS PRINT]: Enabling ERROR loggin
830: Filters: WORM
830: RNG seed: 3911355224
830: Passed 1 test case with 1035 assertions.
830: 
830: /usr/WS2/iopp/software/tailorfs/build_2/test/micro_benchmark
830: Finishing test.
830: [TailorFS] Finishing test.
9/9 Test #830: test_tailor_mb_lassen_2_32_1_1024_1024_fpp_seq_worm_alt .....   Passed    5.41 sec

The following tests passed:
	test_tailor_mb_lassen_2_32_1_1024_1024_fpp_seq_wo_all
	test_tailor_mb_lassen_2_32_1_1024_1024_fpp_seq_ro_all
	test_tailor_mb_lassen_2_32_1_1024_1024_fpp_seq_raw_all
	test_tailor_mb_lassen_2_32_1_1024_1024_fpp_seq_raw_split
	test_tailor_mb_lassen_2_32_1_1024_1024_fpp_seq_raw_alt
	test_tailor_mb_lassen_2_32_1_1024_1024_fpp_seq_update_all
	test_tailor_mb_lassen_2_32_1_1024_1024_fpp_seq_worm_all
	test_tailor_mb_lassen_2_32_1_1024_1024_fpp_seq_worm_split
	test_tailor_mb_lassen_2_32_1_1024_1024_fpp_seq_worm_alt

100% tests passed, 0 tests failed out of 9

Total Test time (real) =  77.32 sec
Timing, Baseline
UpdateCTestConfiguration  from :/usr/workspace/iopp/software/tailorfs/build_2/DartConfiguration.tcl
UpdateCTestConfiguration  from :/usr/workspace/iopp/software/tailorfs/build_2/DartConfiguration.tcl
Test project /usr/workspace/iopp/software/tailorfs/build_2
Constructing a list of tests
Done constructing a list of tests
Updating test list for fixtures
Added 0 tests to meet fixture requirements
Checking test dependency graph...
Checking test dependency graph end
test 813
    Start 813: test_baseline_mb_lassen_2_32_1_1024_1024_fpp_seq_wo_all

813: Test command: /usr/tcetmp/bin/jsrun "-r" "1" "-a" "32" "-c" "32" "-d" "packed" "/usr/workspace/iopp/software/tailorfs/build_2/bin/io_tests" "--request_size" "1048576" "--iteration" "1024" "--ranks_per_node" "32" "--access_pattern" "0" "--file_sharing" "0" "--process_grouping" "0" "--reporter" "compact" "Write-Only"
813: Environment variables: 
813:  pfs=/p/gpfs1/iopp
813:  BBPATH=/mnt/bb_6fc4bc552c29888844956a04c7527941
813:  LD_LIBRARY_PATH=/usr/workspace/iopp/software/tailorfs/build_2/lib:/usr/workspace/iopp/software/tailorfs/dependency/.spack-env/view/lib
813: Test timeout computed to be: 10000000
813: Warning: Overriding <MPI_ROOT UNEXPECTEDLY NOT SET> (module loaded must exactly match)
813: Warning: Using      spectrum-mpi/2020.08.19 to match app's MPI
813: Please tell John Gyllenhaal (gyllen@llnl.gov, 4-5485) if this MPI env fix doesn't work
813: Filters: Write-Only
813: RNG seed: 2334868321
813: [TAILORFS PRINT]:     Timing,      1024,   1048576,  0.000000,  0.000000,  1.252665,  0.000276,  0.871665,  0.000000,     POSIX,        wo,1,0,0,0
813: 
813: Passed 1 test case with 1036 assertions.
813: 
813: Filters: Write-Only
813: RNG seed: 635632066
813: Passed 1 test case with 1036 assertions.
813: 
813: Filters: Write-Only
813: RNG seed: 1888225679
813: Passed 1 test case with 1036 assertions.
813: 
813: Filters: Write-Only
813: RNG seed: 2821055716
813: Passed 1 test case with 1036 assertions.
813: 
813: Filters: Write-Only
813: RNG seed: 2894896828
813: Passed 1 test case with 1036 assertions.
813: 
813: Filters: Write-Only
813: RNG seed: 1269440623
813: Passed 1 test case with 1036 assertions.
813: 
813: Filters: Write-Only
813: RNG seed: 2202392514
813: Passed 1 test case with 1036 assertions.
813: 
813: Filters: Write-Only
813: RNG seed: 2951019429
813: Passed 1 test case with 1036 assertions.
813: 
813: Filters: Write-Only
813: RNG seed: 2244253598
813: Passed 1 test case with 1036 assertions.
813: 
813: Filters: Write-Only
813: RNG seed: 1292173213
813: Passed 1 test case with 1036 assertions.
813: 
813: Filters: Write-Only
813: RNG seed: 2358402689
813: Passed 1 test case with 1036 assertions.
813: 
813: Filters: Write-Only
813: RNG seed: 3095529353
813: Passed 1 test case with 1036 assertions.
813: 
813: Filters: Write-Only
813: RNG seed: 42749747
813: Passed 1 test case with 1036 assertions.
813: 
813: Filters: Write-Only
813: RNG seed: 798201437
813: Passed 1 test case with 1036 assertions.
813: 
813: Filters: Write-Only
813: RNG seed: 3061245570
813: Passed 1 test case with 1036 assertions.
813: 
813: Filters: Write-Only
813: RNG seed: 2388497595
813: Passed 1 test case with 1036 assertions.
813: 
813: Filters: Write-Only
813: RNG seed: 3289009252
813: Passed 1 test case with 1036 assertions.
813: 
813: Filters: Write-Only
813: RNG seed: 464178682
813: Passed 1 test case with 1036 assertions.
813: 
813: Filters: Write-Only
813: RNG seed: 1154457747
813: Passed 1 test case with 1036 assertions.
813: 
813: Filters: Write-Only
813: RNG seed: 714635876
813: Passed 1 test case with 1036 assertions.
813: 
813: Filters: Write-Only
813: RNG seed: 3139222783
813: Passed 1 test case with 1036 assertions.
813: 
813: Filters: Write-Only
813: RNG seed: 49116530
813: Passed 1 test case with 1036 assertions.
813: 
813: Filters: Write-Only
813: RNG seed: 2957791548
813: Passed 1 test case with 1036 assertions.
813: 
813: Filters: Write-Only
813: RNG seed: 1154963930
813: Passed 1 test case with 1036 assertions.
813: 
813: Filters: Write-Only
813: RNG seed: 4054547534
813: Passed 1 test case with 1036 assertions.
813: 
813: Filters: Write-Only
813: RNG seed: 675960741
813: Passed 1 test case with 1036 assertions.
813: 
813: Filters: Write-Only
813: RNG seed: 1926767892
813: Passed 1 test case with 1036 assertions.
813: 
813: Filters: Write-Only
813: RNG seed: 1140743669
813: Passed 1 test case with 1036 assertions.
813: 
813: Filters: Write-Only
813: RNG seed: 616672998
813: Passed 1 test case with 1036 assertions.
813: 
813: Filters: Write-Only
813: RNG seed: 2697947999
813: Passed 1 test case with 1036 assertions.
813: 
813: Filters: Write-Only
813: RNG seed: 2639820473
813: Passed 1 test case with 1036 assertions.
813: 
813: Filters: Write-Only
813: RNG seed: 1119443667
813: Passed 1 test case with 1036 assertions.
813: 
813: Filters: Write-Only
813: RNG seed: 213540751
813: Passed 1 test case with 1036 assertions.
813: 
813: Filters: Write-Only
813: RNG seed: 3653336228
813: Passed 1 test case with 1036 assertions.
813: 
813: Filters: Write-Only
813: RNG seed: 1533023148
813: Passed 1 test case with 1036 assertions.
813: 
813: Filters: Write-Only
813: RNG seed: 631973245
813: Passed 1 test case with 1036 assertions.
813: 
813: Filters: Write-Only
813: RNG seed: 2397840575
813: Passed 1 test case with 1036 assertions.
813: 
813: Filters: Write-Only
813: RNG seed: 3019190705
813: Passed 1 test case with 1036 assertions.
813: 
813: Filters: Write-Only
813: RNG seed: 3513287181
813: Passed 1 test case with 1036 assertions.
813: 
813: Filters: Write-Only
813: RNG seed: 3715088560
813: Passed 1 test case with 1036 assertions.
813: 
813: Filters: Write-Only
813: RNG seed: 3057449359
813: Passed 1 test case with 1036 assertions.
813: 
813: Filters: Write-Only
813: RNG seed: 222534872
813: Passed 1 test case with 1036 assertions.
813: 
813: Filters: Write-Only
813: RNG seed: 3592925232
813: Passed 1 test case with 1036 assertions.
813: 
813: Filters: Write-Only
813: RNG seed: 2716726774
813: Passed 1 test case with 1036 assertions.
813: 
813: Filters: Write-Only
813: RNG seed: 2022573141
813: Passed 1 test case with 1036 assertions.
813: 
813: Filters: Write-Only
813: RNG seed: 1232396844
813: Passed 1 test case with 1036 assertions.
813: 
813: Filters: Write-Only
813: RNG seed: 1822772237
813: Passed 1 test case with 1036 assertions.
813: 
813: Filters: Write-Only
813: RNG seed: 973313271
813: Passed 1 test case with 1036 assertions.
813: 
813: Filters: Write-Only
813: RNG seed: 1306107817
813: Passed 1 test case with 1036 assertions.
813: 
813: Filters: Write-Only
813: RNG seed: 990846366
813: Passed 1 test case with 1036 assertions.
813: 
813: Filters: Write-Only
813: RNG seed: 2082913619
813: Passed 1 test case with 1036 assertions.
813: 
813: Filters: Write-Only
813: RNG seed: 1275888033
813: Passed 1 test case with 1036 assertions.
813: 
813: Filters: Write-Only
813: RNG seed: 3552783525
813: Passed 1 test case with 1036 assertions.
813: 
813: Filters: Write-Only
813: RNG seed: 3617017777
813: Passed 1 test case with 1036 assertions.
813: 
813: Filters: Write-Only
813: RNG seed: 41177007
813: Passed 1 test case with 1036 assertions.
813: 
813: Filters: Write-Only
813: RNG seed: 2194982998
813: Passed 1 test case with 1036 assertions.
813: 
813: Filters: Write-Only
813: RNG seed: 1361009147
813: Passed 1 test case with 1036 assertions.
813: 
813: Filters: Write-Only
813: RNG seed: 3353094376
813: Passed 1 test case with 1036 assertions.
813: 
813: Filters: Write-Only
813: RNG seed: 1261242875
813: Passed 1 test case with 1036 assertions.
813: 
813: Filters: Write-Only
813: RNG seed: 1252828964
813: Passed 1 test case with 1036 assertions.
813: 
813: Filters: Write-Only
813: RNG seed: 733575901
813: Passed 1 test case with 1036 assertions.
813: 
813: Filters: Write-Only
813: RNG seed: 3051200376
813: Passed 1 test case with 1036 assertions.
813: 
813: Filters: Write-Only
813: RNG seed: 3785610223
813: Passed 1 test case with 1036 assertions.
813: 
813: Filters: Write-Only
813: RNG seed: 2798971771
813: Passed 1 test case with 1036 assertions.
813: 
1/9 Test #813: test_baseline_mb_lassen_2_32_1_1024_1024_fpp_seq_wo_all .......   Passed    6.68 sec
test 815
    Start 815: test_baseline_mb_lassen_2_32_1_1024_1024_fpp_seq_ro_all

815: Test command: /usr/tcetmp/bin/jsrun "-r" "1" "-a" "32" "-c" "32" "-d" "packed" "/usr/workspace/iopp/software/tailorfs/build_2/bin/io_tests" "--request_size" "1048576" "--iteration" "1024" "--ranks_per_node" "32" "--access_pattern" "0" "--file_sharing" "0" "--process_grouping" "0" "--reporter" "compact" "Read-Only"
815: Environment variables: 
815:  pfs=/p/gpfs1/iopp
815:  BBPATH=/mnt/bb_6fc4bc552c29888844956a04c7527941
815:  LD_LIBRARY_PATH=/usr/workspace/iopp/software/tailorfs/build_2/lib:/usr/workspace/iopp/software/tailorfs/dependency/.spack-env/view/lib
815: Test timeout computed to be: 10000000
815: Warning: Overriding <MPI_ROOT UNEXPECTEDLY NOT SET> (module loaded must exactly match)
815: Warning: Using      spectrum-mpi/2020.08.19 to match app's MPI
815: Please tell John Gyllenhaal (gyllen@llnl.gov, 4-5485) if this MPI env fix doesn't work
815: Filters: Read-Only
815: RNG seed: 4222887310
815: [TAILORFS PRINT]:     Timing,      1024,   1048576,  0.000000,  0.000000,  0.000061,  0.000027,  0.000000,  0.861215,     POSIX,        ro,1,0,0,0
815: 
815: Passed 1 test case with 1039 assertions.
815: 
815: Filters: Read-Only
815: RNG seed: 2467524270
815: Passed 1 test case with 1038 assertions.
815: 
815: Filters: Read-Only
815: RNG seed: 3745119721
815: Passed 1 test case with 1038 assertions.
815: 
815: Filters: Read-Only
815: RNG seed: 679386406
815: Passed 1 test case with 1038 assertions.
815: 
815: Filters: Read-Only
815: RNG seed: 798891977
815: Passed 1 test case with 1038 assertions.
815: 
815: Filters: Read-Only
815: RNG seed: 665444221
815: Passed 1 test case with 1038 assertions.
815: 
815: Filters: Read-Only
815: RNG seed: 2056589955
815: Passed 1 test case with 1038 assertions.
815: 
815: Filters: Read-Only
815: RNG seed: 2899311259
815: Passed 1 test case with 1038 assertions.
815: 
815: Filters: Read-Only
815: RNG seed: 926250502
815: Passed 1 test case with 1038 assertions.
815: 
815: Filters: Read-Only
815: RNG seed: 3763254049
815: Passed 1 test case with 1038 assertions.
815: 
815: Filters: Read-Only
815: RNG seed: 3557865253
815: Passed 1 test case with 1038 assertions.
815: 
815: Filters: Read-Only
815: RNG seed: 3587344080
815: Passed 1 test case with 1038 assertions.
815: 
815: Filters: Read-Only
815: RNG seed: 1746872767
815: Passed 1 test case with 1038 assertions.
815: 
815: Filters: Read-Only
815: RNG seed: 2221337221
815: Passed 1 test case with 1038 assertions.
815: 
815: Filters: Read-Only
815: RNG seed: 3731220047
815: Passed 1 test case with 1038 assertions.
815: 
815: Filters: Read-Only
815: RNG seed: 2795184495
815: Passed 1 test case with 1038 assertions.
815: 
815: Filters: Read-Only
815: RNG seed: 3247963385
815: Passed 1 test case with 1038 assertions.
815: 
815: Filters: Read-Only
815: RNG seed: 411115035
815: Passed 1 test case with 1038 assertions.
815: 
815: Filters: Read-Only
815: RNG seed: 3573872636
815: Passed 1 test case with 1038 assertions.
815: 
815: Filters: Read-Only
815: RNG seed: 3673237932
815: Passed 1 test case with 1038 assertions.
815: 
815: Filters: Read-Only
815: RNG seed: 1610258710
815: Passed 1 test case with 1038 assertions.
815: 
815: Filters: Read-Only
815: RNG seed: 1415895561
815: Passed 1 test case with 1038 assertions.
815: 
815: Filters: Read-Only
815: RNG seed: 407952282
815: Passed 1 test case with 1038 assertions.
815: 
815: Filters: Read-Only
815: RNG seed: 322597757
815: Passed 1 test case with 1038 assertions.
815: 
815: Filters: Read-Only
815: RNG seed: 1989846103
815: Passed 1 test case with 1038 assertions.
815: 
815: Filters: Read-Only
815: RNG seed: 1195580662
815: Passed 1 test case with 1038 assertions.
815: 
815: Filters: Read-Only
815: RNG seed: 1957657435
815: Passed 1 test case with 1038 assertions.
815: 
815: Filters: Read-Only
815: RNG seed: 1912685422
815: Passed 1 test case with 1038 assertions.
815: 
815: Filters: Read-Only
815: RNG seed: 3324243782
815: Passed 1 test case with 1038 assertions.
815: 
815: Filters: Read-Only
815: RNG seed: 1482985300
815: Passed 1 test case with 1038 assertions.
815: 
815: Filters: Read-Only
815: RNG seed: 3709729662
815: Passed 1 test case with 1038 assertions.
815: 
815: Filters: Read-Only
815: RNG seed: 3908975166
815: Passed 1 test case with 1038 assertions.
815: 
815: Filters: Read-Only
815: RNG seed: 3902065840
815: Passed 1 test case with 1038 assertions.
815: 
815: Filters: Read-Only
815: RNG seed: 3112229910
815: Passed 1 test case with 1038 assertions.
815: 
815: Filters: Read-Only
815: RNG seed: 3110069675
815: Passed 1 test case with 1038 assertions.
815: 
815: Filters: Read-Only
815: RNG seed: 3772255776
815: Passed 1 test case with 1038 assertions.
815: 
815: Filters: Read-Only
815: RNG seed: 4008760498
815: Passed 1 test case with 1038 assertions.
815: 
815: Filters: Read-Only
815: RNG seed: 1480814700
815: Passed 1 test case with 1038 assertions.
815: 
815: Filters: Read-Only
815: RNG seed: 472818311
815: Passed 1 test case with 1038 assertions.
815: 
815: Filters: Read-Only
815: RNG seed: 702520192
815: Passed 1 test case with 1038 assertions.
815: 
815: Filters: Read-Only
815: RNG seed: 3714686101
815: Passed 1 test case with 1038 assertions.
815: 
815: Filters: Read-Only
815: RNG seed: 1453645889
815: Passed 1 test case with 1038 assertions.
815: 
815: Filters: Read-Only
815: RNG seed: 1123592869
815: Passed 1 test case with 1038 assertions.
815: 
815: Filters: Read-Only
815: RNG seed: 3956172879
815: Passed 1 test case with 1038 assertions.
815: 
815: Filters: Read-Only
815: RNG seed: 352108859
815: Passed 1 test case with 1038 assertions.
815: 
815: Filters: Read-Only
815: RNG seed: 3422787550
815: Passed 1 test case with 1038 assertions.
815: 
815: Filters: Read-Only
815: RNG seed: 4289962148
815: Passed 1 test case with 1038 assertions.
815: 
815: Filters: Read-Only
815: RNG seed: 958924112
815: Passed 1 test case with 1038 assertions.
815: 
815: Filters: Read-Only
815: RNG seed: 1959221284
815: Passed 1 test case with 1038 assertions.
815: 
815: Filters: Read-Only
815: RNG seed: 2757459504
815: Passed 1 test case with 1038 assertions.
815: 
815: Filters: Read-Only
815: RNG seed: 3838331236
815: Passed 1 test case with 1038 assertions.
815: 
815: Filters: Read-Only
815: RNG seed: 3842000802
815: Passed 1 test case with 1038 assertions.
815: 
815: Filters: Read-Only
815: RNG seed: 1431159378
815: Passed 1 test case with 1038 assertions.
815: 
815: Filters: Read-Only
815: RNG seed: 2749011620
815: Passed 1 test case with 1038 assertions.
815: 
815: Filters: Read-Only
815: RNG seed: 3644023752
815: Passed 1 test case with 1038 assertions.
815: 
815: Filters: Read-Only
815: RNG seed: 345496195
815: Passed 1 test case with 1038 assertions.
815: 
815: Filters: Read-Only
815: RNG seed: 1383130786
815: Passed 1 test case with 1038 assertions.
815: 
815: Filters: Read-Only
815: RNG seed: 1635929490
815: Passed 1 test case with 1038 assertions.
815: 
815: Filters: Read-Only
815: RNG seed: 2604353690
815: Passed 1 test case with 1038 assertions.
815: 
815: Filters: Read-Only
815: RNG seed: 1527635710
815: Passed 1 test case with 1038 assertions.
815: 
815: Filters: Read-Only
815: RNG seed: 1102395835
815: Passed 1 test case with 1038 assertions.
815: 
815: Filters: Read-Only
815: RNG seed: 1400838896
815: Passed 1 test case with 1038 assertions.
815: 
815: Filters: Read-Only
815: RNG seed: 246335009
815: Passed 1 test case with 1038 assertions.
815: 
815: Filters: Read-Only
815: RNG seed: 684469429
815: Passed 1 test case with 1038 assertions.
815: 
2/9 Test #815: test_baseline_mb_lassen_2_32_1_1024_1024_fpp_seq_ro_all .......   Passed    7.51 sec
test 817
    Start 817: test_baseline_mb_lassen_2_32_1_1024_1024_fpp_seq_raw_all

817: Test command: /usr/tcetmp/bin/jsrun "-r" "1" "-a" "32" "-c" "32" "-d" "packed" "/usr/workspace/iopp/software/tailorfs/build_2/bin/io_tests" "--request_size" "1048576" "--iteration" "1024" "--ranks_per_node" "32" "--access_pattern" "0" "--file_sharing" "0" "--process_grouping" "0" "--reporter" "compact" "Read-After-Write"
817: Environment variables: 
817:  pfs=/p/gpfs1/iopp
817:  BBPATH=/mnt/bb_6fc4bc552c29888844956a04c7527941
817:  LD_LIBRARY_PATH=/usr/workspace/iopp/software/tailorfs/build_2/lib:/usr/workspace/iopp/software/tailorfs/dependency/.spack-env/view/lib
817: Test timeout computed to be: 10000000
817: Warning: Overriding <MPI_ROOT UNEXPECTEDLY NOT SET> (module loaded must exactly match)
817: Warning: Using      spectrum-mpi/2020.08.19 to match app's MPI
817: Please tell John Gyllenhaal (gyllen@llnl.gov, 4-5485) if this MPI env fix doesn't work
817: Filters: Read-After-Write
817: RNG seed: 3285545303
817: Passed 1 test case with 2058 assertions.
817: 
817: Filters: Read-After-Write
817: RNG seed: 3624478777
817: Passed 1 test case with 2058 assertions.
817: 
817: Filters: Read-After-Write
817: RNG seed: 2666557244
817: Passed 1 test case with 2058 assertions.
817: 
817: Filters: Read-After-Write
817: RNG seed: 2468231281
817: Passed 1 test case with 2058 assertions.
817: 
817: Filters: Read-After-Write
817: RNG seed: 1969619970
817: Passed 1 test case with 2058 assertions.
817: 
817: Filters: Read-After-Write
817: RNG seed: 925234362
817: Passed 1 test case with 2058 assertions.
817: 
817: Filters: Read-After-Write
817: RNG seed: 3690184063
817: Passed 1 test case with 2058 assertions.
817: 
817: Filters: Read-After-Write
817: RNG seed: 2461152255
817: [TAILORFS PRINT]:     Timing,      1024,   1048576,  0.000000,  0.000000,  1.279050,  0.000294,  0.844660,  0.957576,     POSIX,       raw,1,0,0,0
817: 
817: Passed 1 test case with 2058 assertions.
817: 
817: Filters: Read-After-Write
817: RNG seed: 1278299220
817: Passed 1 test case with 2058 assertions.
817: 
817: Filters: Read-After-Write
817: RNG seed: 2337393493
817: Passed 1 test case with 2058 assertions.
817: 
817: Filters: Read-After-Write
817: RNG seed: 3066993100
817: Passed 1 test case with 2058 assertions.
817: 
817: Filters: Read-After-Write
817: RNG seed: 184467261
817: Passed 1 test case with 2058 assertions.
817: 
817: Filters: Read-After-Write
817: RNG seed: 319175883
817: Passed 1 test case with 2058 assertions.
817: 
817: Filters: Read-After-Write
817: RNG seed: 1352411565
817: Passed 1 test case with 2058 assertions.
817: 
817: Filters: Read-After-Write
817: RNG seed: 3253597135
817: Passed 1 test case with 2058 assertions.
817: 
817: Filters: Read-After-Write
817: RNG seed: 3506895903
817: Passed 1 test case with 2058 assertions.
817: 
817: Filters: Read-After-Write
817: RNG seed: 1819373444
817: Passed 1 test case with 2058 assertions.
817: 
817: Filters: Read-After-Write
817: RNG seed: 2405773194
817: Passed 1 test case with 2058 assertions.
817: 
817: Filters: Read-After-Write
817: RNG seed: 4222422192
817: Passed 1 test case with 2058 assertions.
817: 
817: Filters: Read-After-Write
817: RNG seed: 2352886280
817: Passed 1 test case with 2058 assertions.
817: 
817: Filters: Read-After-Write
817: RNG seed: 1578796765
817: Passed 1 test case with 2058 assertions.
817: 
817: Filters: Read-After-Write
817: RNG seed: 4099272111
817: Passed 1 test case with 2058 assertions.
817: 
817: Filters: Read-After-Write
817: RNG seed: 2746792529
817: Passed 1 test case with 2058 assertions.
817: 
817: Filters: Read-After-Write
817: RNG seed: 48229128
817: Passed 1 test case with 2058 assertions.
817: 
817: Filters: Read-After-Write
817: RNG seed: 3618477233
817: Passed 1 test case with 2058 assertions.
817: 
817: Filters: Read-After-Write
817: RNG seed: 2943398898
817: Passed 1 test case with 2058 assertions.
817: 
817: Filters: Read-After-Write
817: RNG seed: 3202647930
817: Passed 1 test case with 2058 assertions.
817: 
817: Filters: Read-After-Write
817: RNG seed: 36502702
817: Passed 1 test case with 2058 assertions.
817: 
817: Filters: Read-After-Write
817: RNG seed: 3972200690
817: Passed 1 test case with 2058 assertions.
817: 
817: Filters: Read-After-Write
817: RNG seed: 2985961662
817: Passed 1 test case with 2058 assertions.
817: 
817: Filters: Read-After-Write
817: RNG seed: 1607649055
817: Passed 1 test case with 2058 assertions.
817: 
817: Filters: Read-After-Write
817: RNG seed: 2527362889
817: Passed 1 test case with 2058 assertions.
817: 
817: Filters: Read-After-Write
817: RNG seed: 2658312403
817: Passed 1 test case with 2058 assertions.
817: 
817: Filters: Read-After-Write
817: RNG seed: 3082524450
817: Passed 1 test case with 2058 assertions.
817: 
817: Filters: Read-After-Write
817: RNG seed: 4159421842
817: Passed 1 test case with 2058 assertions.
817: 
817: Filters: Read-After-Write
817: RNG seed: 2272426696
817: Passed 1 test case with 2058 assertions.
817: 
817: Filters: Read-After-Write
817: RNG seed: 274525938
817: Passed 1 test case with 2058 assertions.
817: 
817: Filters: Read-After-Write
817: RNG seed: 1784676624
817: Passed 1 test case with 2058 assertions.
817: 
817: Filters: Read-After-Write
817: RNG seed: 1430778830
817: Passed 1 test case with 2058 assertions.
817: 
817: Filters: Read-After-Write
817: RNG seed: 2446429340
817: Passed 1 test case with 2058 assertions.
817: 
817: Filters: Read-After-Write
817: RNG seed: 3123239711
817: Passed 1 test case with 2058 assertions.
817: 
817: Filters: Read-After-Write
817: RNG seed: 2615009478
817: Passed 1 test case with 2058 assertions.
817: 
817: Filters: Read-After-Write
817: RNG seed: 38977732
817: Passed 1 test case with 2058 assertions.
817: 
817: Filters: Read-After-Write
817: RNG seed: 2540663173
817: Passed 1 test case with 2058 assertions.
817: 
817: Filters: Read-After-Write
817: RNG seed: 12787897
817: Passed 1 test case with 2058 assertions.
817: 
817: Filters: Read-After-Write
817: RNG seed: 2025837267
817: Passed 1 test case with 2058 assertions.
817: 
817: Filters: Read-After-Write
817: RNG seed: 1019886647
817: Passed 1 test case with 2058 assertions.
817: 
817: Filters: Read-After-Write
817: RNG seed: 1274272006
817: Passed 1 test case with 2058 assertions.
817: 
817: Filters: Read-After-Write
817: RNG seed: 3219609182
817: Passed 1 test case with 2058 assertions.
817: 
817: Filters: Read-After-Write
817: RNG seed: 2280579733
817: Passed 1 test case with 2058 assertions.
817: 
817: Filters: Read-After-Write
817: RNG seed: 2520982657
817: Passed 1 test case with 2058 assertions.
817: 
817: Filters: Read-After-Write
817: RNG seed: 213859504
817: Passed 1 test case with 2058 assertions.
817: 
817: Filters: Read-After-Write
817: RNG seed: 188315211
817: Passed 1 test case with 2058 assertions.
817: 
817: Filters: Read-After-Write
817: RNG seed: 840189943
817: Passed 1 test case with 2058 assertions.
817: 
817: Filters: Read-After-Write
817: RNG seed: 3284779025
817: Passed 1 test case with 2058 assertions.
817: 
817: Filters: Read-After-Write
817: RNG seed: 177862936
817: Passed 1 test case with 2058 assertions.
817: 
817: Filters: Read-After-Write
817: RNG seed: 1713839383
817: Passed 1 test case with 2058 assertions.
817: 
817: Filters: Read-After-Write
817: RNG seed: 2117442103
817: Passed 1 test case with 2058 assertions.
817: 
817: Filters: Read-After-Write
817: RNG seed: 3573967727
817: Passed 1 test case with 2058 assertions.
817: 
817: Filters: Read-After-Write
817: RNG seed: 725714560
817: Passed 1 test case with 2058 assertions.
817: 
817: Filters: Read-After-Write
817: RNG seed: 260555879
817: Passed 1 test case with 2058 assertions.
817: 
817: Filters: Read-After-Write
817: RNG seed: 3719016799
817: Passed 1 test case with 2058 assertions.
817: 
817: Filters: Read-After-Write
817: RNG seed: 785772159
817: Passed 1 test case with 2058 assertions.
817: 
817: Filters: Read-After-Write
817: RNG seed: 3317549454
817: Passed 1 test case with 2058 assertions.
817: 
3/9 Test #817: test_baseline_mb_lassen_2_32_1_1024_1024_fpp_seq_raw_all ......   Passed    6.23 sec
test 819
    Start 819: test_baseline_mb_lassen_2_32_1_1024_1024_fpp_seq_raw_split

819: Test command: /usr/tcetmp/bin/jsrun "-r" "1" "-a" "32" "-c" "32" "-d" "packed" "/usr/workspace/iopp/software/tailorfs/build_2/bin/io_tests" "--request_size" "1048576" "--iteration" "1024" "--ranks_per_node" "32" "--access_pattern" "0" "--file_sharing" "0" "--process_grouping" "1" "--reporter" "compact" "Read-After-Write"
819: Environment variables: 
819:  pfs=/p/gpfs1/iopp
819:  BBPATH=/mnt/bb_6fc4bc552c29888844956a04c7527941
819:  LD_LIBRARY_PATH=/usr/workspace/iopp/software/tailorfs/build_2/lib:/usr/workspace/iopp/software/tailorfs/dependency/.spack-env/view/lib
819: Test timeout computed to be: 10000000
819: Warning: Overriding <MPI_ROOT UNEXPECTEDLY NOT SET> (module loaded must exactly match)
819: Warning: Using      spectrum-mpi/2020.08.19 to match app's MPI
819: Please tell John Gyllenhaal (gyllen@llnl.gov, 4-5485) if this MPI env fix doesn't work
819: Filters: Read-After-Write
819: RNG seed: 3777690112
819: [TAILORFS PRINT]:     Timing,      1024,   1048576,  0.000000,  0.000000,  0.035582,  0.000192,  1.186131,  1.359887,     POSIX,       raw,1,0,0,1
819: 
819: Passed 1 test case with 1035 assertions.
819: 
819: Filters: Read-After-Write
819: RNG seed: 1767816396
819: Passed 1 test case with 1035 assertions.
819: 
819: Filters: Read-After-Write
819: RNG seed: 730608375
819: Passed 1 test case with 1035 assertions.
819: 
819: Filters: Read-After-Write
819: RNG seed: 1133948990
819: Passed 1 test case with 1035 assertions.
819: 
819: Filters: Read-After-Write
819: RNG seed: 2484325431
819: Passed 1 test case with 1035 assertions.
819: 
819: Filters: Read-After-Write
819: RNG seed: 2755313085
819: Passed 1 test case with 1035 assertions.
819: 
819: Filters: Read-After-Write
819: RNG seed: 1459597425
819: Passed 1 test case with 1035 assertions.
819: 
819: Filters: Read-After-Write
819: RNG seed: 726862869
819: Passed 1 test case with 1035 assertions.
819: 
819: Filters: Read-After-Write
819: RNG seed: 3109256002
819: Passed 1 test case with 1035 assertions.
819: 
819: Filters: Read-After-Write
819: RNG seed: 806487937
819: Passed 1 test case with 1035 assertions.
819: 
819: Filters: Read-After-Write
819: RNG seed: 2119402173
819: Passed 1 test case with 1035 assertions.
819: 
819: Filters: Read-After-Write
819: RNG seed: 1889215319
819: Passed 1 test case with 1035 assertions.
819: 
819: Filters: Read-After-Write
819: RNG seed: 575195718
819: Passed 1 test case with 1035 assertions.
819: 
819: Filters: Read-After-Write
819: RNG seed: 2003384940
819: Passed 1 test case with 1035 assertions.
819: 
819: Filters: Read-After-Write
819: RNG seed: 3241136141
819: Passed 1 test case with 1035 assertions.
819: 
819: Filters: Read-After-Write
819: RNG seed: 915388153
819: Passed 1 test case with 1035 assertions.
819: 
819: Filters: Read-After-Write
819: RNG seed: 4242163666
819: Passed 1 test case with 1035 assertions.
819: 
819: Filters: Read-After-Write
819: RNG seed: 1432432484
819: Passed 1 test case with 1035 assertions.
819: 
819: Filters: Read-After-Write
819: RNG seed: 609945029
819: Passed 1 test case with 1035 assertions.
819: 
819: Filters: Read-After-Write
819: RNG seed: 1792967459
819: Passed 1 test case with 1035 assertions.
819: 
819: Filters: Read-After-Write
819: RNG seed: 1788967562
819: Passed 1 test case with 1035 assertions.
819: 
819: Filters: Read-After-Write
819: RNG seed: 831604519
819: Passed 1 test case with 1035 assertions.
819: 
819: Filters: Read-After-Write
819: RNG seed: 1590904400
819: Passed 1 test case with 1035 assertions.
819: 
819: Filters: Read-After-Write
819: RNG seed: 3510278797
819: Passed 1 test case with 1035 assertions.
819: 
819: Filters: Read-After-Write
819: RNG seed: 1164603540
819: Passed 1 test case with 1035 assertions.
819: 
819: Filters: Read-After-Write
819: RNG seed: 4063892261
819: Passed 1 test case with 1035 assertions.
819: 
819: Filters: Read-After-Write
819: RNG seed: 1977975240
819: Passed 1 test case with 1035 assertions.
819: 
819: Filters: Read-After-Write
819: RNG seed: 716310178
819: Passed 1 test case with 1035 assertions.
819: 
819: Filters: Read-After-Write
819: RNG seed: 3899451613
819: Passed 1 test case with 1035 assertions.
819: 
819: Filters: Read-After-Write
819: RNG seed: 856623209
819: Passed 1 test case with 1035 assertions.
819: 
819: Filters: Read-After-Write
819: RNG seed: 2367626081
819: Passed 1 test case with 1035 assertions.
819: 
819: Filters: Read-After-Write
819: RNG seed: 4077606755
819: Passed 1 test case with 1035 assertions.
819: 
819: Filters: Read-After-Write
819: RNG seed: 2031397482
819: Passed 1 test case with 1035 assertions.
819: 
819: Filters: Read-After-Write
819: RNG seed: 2523865812
819: Passed 1 test case with 1035 assertions.
819: 
819: Filters: Read-After-Write
819: RNG seed: 2272258823
819: Passed 1 test case with 1035 assertions.
819: 
819: Filters: Read-After-Write
819: RNG seed: 587668884
819: Passed 1 test case with 1035 assertions.
819: 
819: Filters: Read-After-Write
819: RNG seed: 2623017463
819: Passed 1 test case with 1035 assertions.
819: 
819: Filters: Read-After-Write
819: RNG seed: 3229072484
819: Passed 1 test case with 1035 assertions.
819: 
819: Filters: Read-After-Write
819: RNG seed: 1809979155
819: Passed 1 test case with 1035 assertions.
819: 
819: Filters: Read-After-Write
819: RNG seed: 4233160237
819: Passed 1 test case with 1035 assertions.
819: 
819: Filters: Read-After-Write
819: RNG seed: 460301001
819: Passed 1 test case with 1035 assertions.
819: 
819: Filters: Read-After-Write
819: RNG seed: 1185312616
819: Passed 1 test case with 1035 assertions.
819: 
819: Filters: Read-After-Write
819: RNG seed: 4013846082
819: Passed 1 test case with 1035 assertions.
819: 
819: Filters: Read-After-Write
819: RNG seed: 4255617995
819: Passed 1 test case with 1035 assertions.
819: 
819: Filters: Read-After-Write
819: RNG seed: 2378616128
819: Passed 1 test case with 1035 assertions.
819: 
819: Filters: Read-After-Write
819: RNG seed: 1408281564
819: Passed 1 test case with 1035 assertions.
819: 
819: Filters: Read-After-Write
819: RNG seed: 2849353958
819: Passed 1 test case with 1035 assertions.
819: 
819: Filters: Read-After-Write
819: RNG seed: 3244829611
819: Passed 1 test case with 1035 assertions.
819: 
819: Filters: Read-After-Write
819: RNG seed: 3658198387
819: Passed 1 test case with 1035 assertions.
819: 
819: Filters: Read-After-Write
819: RNG seed: 2644169443
819: Passed 1 test case with 1035 assertions.
819: 
819: Filters: Read-After-Write
819: RNG seed: 3855201855
819: Passed 1 test case with 1035 assertions.
819: 
819: Filters: Read-After-Write
819: RNG seed: 313913166
819: Passed 1 test case with 1035 assertions.
819: 
819: Filters: Read-After-Write
819: RNG seed: 3059256576
819: Passed 1 test case with 1035 assertions.
819: 
819: Filters: Read-After-Write
819: RNG seed: 2807471224
819: Passed 1 test case with 1035 assertions.
819: 
819: Filters: Read-After-Write
819: RNG seed: 968843887
819: Passed 1 test case with 1035 assertions.
819: 
819: Filters: Read-After-Write
819: RNG seed: 2890786666
819: Passed 1 test case with 1035 assertions.
819: 
819: Filters: Read-After-Write
819: RNG seed: 4038180477
819: Passed 1 test case with 1035 assertions.
819: 
819: Filters: Read-After-Write
819: RNG seed: 1699808588
819: Passed 1 test case with 1035 assertions.
819: 
819: Filters: Read-After-Write
819: RNG seed: 2597707536
819: Passed 1 test case with 1035 assertions.
819: 
819: Filters: Read-After-Write
819: RNG seed: 2991599473
819: Passed 1 test case with 1035 assertions.
819: 
819: Filters: Read-After-Write
819: RNG seed: 1729304577
819: Passed 1 test case with 1035 assertions.
819: 
819: Filters: Read-After-Write
819: RNG seed: 1266987426
819: Passed 1 test case with 1035 assertions.
819: 
819: Filters: Read-After-Write
819: RNG seed: 1547694905
819: Passed 1 test case with 1035 assertions.
819: 
819: Filters: Read-After-Write
819: RNG seed: 2197304425
819: Passed 1 test case with 1035 assertions.
819: 
4/9 Test #819: test_baseline_mb_lassen_2_32_1_1024_1024_fpp_seq_raw_split ....   Passed    5.96 sec
test 821
    Start 821: test_baseline_mb_lassen_2_32_1_1024_1024_fpp_seq_raw_alt

821: Test command: /usr/tcetmp/bin/jsrun "-r" "1" "-a" "32" "-c" "32" "-d" "packed" "/usr/workspace/iopp/software/tailorfs/build_2/bin/io_tests" "--request_size" "1048576" "--iteration" "1024" "--ranks_per_node" "32" "--access_pattern" "0" "--file_sharing" "0" "--process_grouping" "2" "--reporter" "compact" "Read-After-Write"
821: Environment variables: 
821:  pfs=/p/gpfs1/iopp
821:  BBPATH=/mnt/bb_6fc4bc552c29888844956a04c7527941
821:  LD_LIBRARY_PATH=/usr/workspace/iopp/software/tailorfs/build_2/lib:/usr/workspace/iopp/software/tailorfs/dependency/.spack-env/view/lib
821: Test timeout computed to be: 10000000
821: Warning: Overriding <MPI_ROOT UNEXPECTEDLY NOT SET> (module loaded must exactly match)
821: Warning: Using      spectrum-mpi/2020.08.19 to match app's MPI
821: Please tell John Gyllenhaal (gyllen@llnl.gov, 4-5485) if this MPI env fix doesn't work
821: Filters: Read-After-Write
821: RNG seed: 253542183
821: [TAILORFS PRINT]:     Timing,      1024,   1048576,  0.000000,  0.000000,  0.580610,  0.000140,  0.303426,  0.395176,     POSIX,       raw,1,0,0,2
821: 
821: Passed 1 test case with 1035 assertions.
821: 
821: Filters: Read-After-Write
821: RNG seed: 2998109247
821: Passed 1 test case with 1035 assertions.
821: 
821: Filters: Read-After-Write
821: RNG seed: 2621754284
821: Passed 1 test case with 1035 assertions.
821: 
821: Filters: Read-After-Write
821: RNG seed: 530887790
821: Passed 1 test case with 1035 assertions.
821: 
821: Filters: Read-After-Write
821: RNG seed: 1218634977
821: Passed 1 test case with 1035 assertions.
821: 
821: Filters: Read-After-Write
821: RNG seed: 220889190
821: Passed 1 test case with 1035 assertions.
821: 
821: Filters: Read-After-Write
821: RNG seed: 1377807556
821: Passed 1 test case with 1035 assertions.
821: 
821: Filters: Read-After-Write
821: RNG seed: 594386017
821: Passed 1 test case with 1035 assertions.
821: 
821: Filters: Read-After-Write
821: RNG seed: 4014475577
821: Passed 1 test case with 1035 assertions.
821: 
821: Filters: Read-After-Write
821: RNG seed: 1737493097
821: Passed 1 test case with 1035 assertions.
821: 
821: Filters: Read-After-Write
821: RNG seed: 1807607233
821: Passed 1 test case with 1035 assertions.
821: 
821: Filters: Read-After-Write
821: RNG seed: 252427439
821: Passed 1 test case with 1035 assertions.
821: 
821: Filters: Read-After-Write
821: RNG seed: 3105412233
821: Passed 1 test case with 1035 assertions.
821: 
821: Filters: Read-After-Write
821: RNG seed: 3394715776
821: Passed 1 test case with 1035 assertions.
821: 
821: Filters: Read-After-Write
821: RNG seed: 1280899264
821: Passed 1 test case with 1035 assertions.
821: 
821: Filters: Read-After-Write
821: RNG seed: 2401050956
821: Passed 1 test case with 1035 assertions.
821: 
821: Filters: Read-After-Write
821: RNG seed: 1339586335
821: Passed 1 test case with 1035 assertions.
821: 
821: Filters: Read-After-Write
821: RNG seed: 2216384097
821: Passed 1 test case with 1035 assertions.
821: 
821: Filters: Read-After-Write
821: RNG seed: 2249991017
821: Passed 1 test case with 1035 assertions.
821: 
821: Filters: Read-After-Write
821: RNG seed: 2670130448
821: Passed 1 test case with 1035 assertions.
821: 
821: Filters: Read-After-Write
821: RNG seed: 2809139792
821: Passed 1 test case with 1035 assertions.
821: 
821: Filters: Read-After-Write
821: RNG seed: 3831011005
821: Passed 1 test case with 1035 assertions.
821: 
821: Filters: Read-After-Write
821: RNG seed: 41405272
821: Passed 1 test case with 1035 assertions.
821: 
821: Filters: Read-After-Write
821: RNG seed: 1260740975
821: Passed 1 test case with 1035 assertions.
821: 
821: Filters: Read-After-Write
821: RNG seed: 1078816406
821: Passed 1 test case with 1035 assertions.
821: 
821: Filters: Read-After-Write
821: RNG seed: 552671178
821: Passed 1 test case with 1035 assertions.
821: 
821: Filters: Read-After-Write
821: RNG seed: 2770804400
821: Passed 1 test case with 1035 assertions.
821: 
821: Filters: Read-After-Write
821: RNG seed: 3544310883
821: Passed 1 test case with 1035 assertions.
821: 
821: Filters: Read-After-Write
821: RNG seed: 2253593026
821: Passed 1 test case with 1035 assertions.
821: 
821: Filters: Read-After-Write
821: RNG seed: 2113822048
821: Passed 1 test case with 1035 assertions.
821: 
821: Filters: Read-After-Write
821: RNG seed: 1272429483
821: Passed 1 test case with 1035 assertions.
821: 
821: Filters: Read-After-Write
821: RNG seed: 3251577431
821: Passed 1 test case with 1035 assertions.
821: 
821: Filters: Read-After-Write
821: RNG seed: 2427621529
821: Passed 1 test case with 1035 assertions.
821: 
821: Filters: Read-After-Write
821: RNG seed: 3652187495
821: Passed 1 test case with 1035 assertions.
821: 
821: Filters: Read-After-Write
821: RNG seed: 2709657181
821: Passed 1 test case with 1035 assertions.
821: 
821: Filters: Read-After-Write
821: RNG seed: 3344445319
821: Passed 1 test case with 1035 assertions.
821: 
821: Filters: Read-After-Write
821: RNG seed: 1825860070
821: Passed 1 test case with 1035 assertions.
821: 
821: Filters: Read-After-Write
821: RNG seed: 573824816
821: Passed 1 test case with 1035 assertions.
821: 
821: Filters: Read-After-Write
821: RNG seed: 643872451
821: Passed 1 test case with 1035 assertions.
821: 
821: Filters: Read-After-Write
821: RNG seed: 464687772
821: Passed 1 test case with 1035 assertions.
821: 
821: Filters: Read-After-Write
821: RNG seed: 3806187758
821: Passed 1 test case with 1035 assertions.
821: 
821: Filters: Read-After-Write
821: RNG seed: 354378440
821: Passed 1 test case with 1035 assertions.
821: 
821: Filters: Read-After-Write
821: RNG seed: 1029225038
821: Passed 1 test case with 1035 assertions.
821: 
821: Filters: Read-After-Write
821: RNG seed: 3545080696
821: Passed 1 test case with 1035 assertions.
821: 
821: Filters: Read-After-Write
821: RNG seed: 1617691409
821: Passed 1 test case with 1035 assertions.
821: 
821: Filters: Read-After-Write
821: RNG seed: 1418577750
821: Passed 1 test case with 1035 assertions.
821: 
821: Filters: Read-After-Write
821: RNG seed: 1814483244
821: Passed 1 test case with 1035 assertions.
821: 
821: Filters: Read-After-Write
821: RNG seed: 2123658145
821: Passed 1 test case with 1035 assertions.
821: 
821: Filters: Read-After-Write
821: RNG seed: 3505420127
821: Passed 1 test case with 1035 assertions.
821: 
821: Filters: Read-After-Write
821: RNG seed: 4113612163
821: Passed 1 test case with 1035 assertions.
821: 
821: Filters: Read-After-Write
821: RNG seed: 2376951359
821: Passed 1 test case with 1035 assertions.
821: 
821: Filters: Read-After-Write
821: RNG seed: 3368838702
821: Passed 1 test case with 1035 assertions.
821: 
821: Filters: Read-After-Write
821: RNG seed: 3257324795
821: Passed 1 test case with 1035 assertions.
821: 
821: Filters: Read-After-Write
821: RNG seed: 2073607768
821: Passed 1 test case with 1035 assertions.
821: 
821: Filters: Read-After-Write
821: RNG seed: 971654630
821: Passed 1 test case with 1035 assertions.
821: 
821: Filters: Read-After-Write
821: RNG seed: 1456485502
821: Passed 1 test case with 1035 assertions.
821: 
821: Filters: Read-After-Write
821: RNG seed: 2635915082
821: Passed 1 test case with 1035 assertions.
821: 
821: Filters: Read-After-Write
821: RNG seed: 1574063423
821: Passed 1 test case with 1035 assertions.
821: 
821: Filters: Read-After-Write
821: RNG seed: 580055082
821: Passed 1 test case with 1035 assertions.
821: 
821: Filters: Read-After-Write
821: RNG seed: 2890860259
821: Passed 1 test case with 1035 assertions.
821: 
821: Filters: Read-After-Write
821: RNG seed: 4075778764
821: Passed 1 test case with 1035 assertions.
821: 
821: Filters: Read-After-Write
821: RNG seed: 3564379375
821: Passed 1 test case with 1035 assertions.
821: 
821: Filters: Read-After-Write
821: RNG seed: 2926230294
821: Passed 1 test case with 1035 assertions.
821: 
821: Filters: Read-After-Write
821: RNG seed: 1813137828
821: Passed 1 test case with 1035 assertions.
821: 
5/9 Test #821: test_baseline_mb_lassen_2_32_1_1024_1024_fpp_seq_raw_alt ......   Passed    4.55 sec
test 823
    Start 823: test_baseline_mb_lassen_2_32_1_1024_1024_fpp_seq_update_all

823: Test command: /usr/tcetmp/bin/jsrun "-r" "1" "-a" "32" "-c" "32" "-d" "packed" "/usr/workspace/iopp/software/tailorfs/build_2/bin/io_tests" "--request_size" "1048576" "--iteration" "1024" "--ranks_per_node" "32" "--access_pattern" "0" "--file_sharing" "0" "--process_grouping" "0" "--reporter" "compact" "Update"
823: Environment variables: 
823:  pfs=/p/gpfs1/iopp
823:  BBPATH=/mnt/bb_6fc4bc552c29888844956a04c7527941
823:  LD_LIBRARY_PATH=/usr/workspace/iopp/software/tailorfs/build_2/lib:/usr/workspace/iopp/software/tailorfs/dependency/.spack-env/view/lib
823: Test timeout computed to be: 10000000
823: Warning: Overriding <MPI_ROOT UNEXPECTEDLY NOT SET> (module loaded must exactly match)
823: Warning: Using      spectrum-mpi/2020.08.19 to match app's MPI
823: Please tell John Gyllenhaal (gyllen@llnl.gov, 4-5485) if this MPI env fix doesn't work
823: Filters: Update
823: RNG seed: 423046773
823: Passed 1 test case with 1038 assertions.
823: 
823: Filters: Update
823: RNG seed: 171734724
823: Passed 1 test case with 1038 assertions.
823: 
823: Filters: Update
823: RNG seed: 1665623792
823: Passed 1 test case with 1038 assertions.
823: 
823: Filters: Update
823: RNG seed: 77923013
823: [TAILORFS PRINT]:     Timing,      1024,   1048576,  0.000000,  0.000000,  1.251441,  0.000212,  0.857211,  0.000000,     POSIX,        up,1,0,0,0
823: 
823: Passed 1 test case with 1039 assertions.
823: 
823: Filters: Update
823: RNG seed: 3284544046
823: Passed 1 test case with 1038 assertions.
823: 
823: Filters: Update
823: RNG seed: 1764441209
823: Passed 1 test case with 1038 assertions.
823: 
823: Filters: Update
823: RNG seed: 1967423964
823: Passed 1 test case with 1038 assertions.
823: 
823: Filters: Update
823: RNG seed: 1013043226
823: Passed 1 test case with 1038 assertions.
823: 
823: Filters: Update
823: RNG seed: 3575063249
823: Passed 1 test case with 1038 assertions.
823: 
823: Filters: Update
823: RNG seed: 174073038
823: Passed 1 test case with 1038 assertions.
823: 
823: Filters: Update
823: RNG seed: 2961116161
823: Passed 1 test case with 1038 assertions.
823: 
823: Filters: Update
823: RNG seed: 2106013878
823: Passed 1 test case with 1038 assertions.
823: 
823: Filters: Update
823: RNG seed: 1947943492
823: Passed 1 test case with 1038 assertions.
823: 
823: Filters: Update
823: RNG seed: 22428274
823: Passed 1 test case with 1038 assertions.
823: 
823: Filters: Update
823: RNG seed: 3845917878
823: Passed 1 test case with 1038 assertions.
823: 
823: Filters: Update
823: RNG seed: 3647280164
823: Passed 1 test case with 1038 assertions.
823: 
823: Filters: Update
823: RNG seed: 2372373372
823: Passed 1 test case with 1038 assertions.
823: 
823: Filters: Update
823: RNG seed: 1278967823
823: Passed 1 test case with 1038 assertions.
823: 
823: Filters: Update
823: RNG seed: 2759004657
823: Passed 1 test case with 1038 assertions.
823: 
823: Filters: Update
823: RNG seed: 1043380021
823: Passed 1 test case with 1038 assertions.
823: 
823: Filters: Update
823: RNG seed: 1815916442
823: Passed 1 test case with 1038 assertions.
823: 
823: Filters: Update
823: RNG seed: 4102149608
823: Passed 1 test case with 1038 assertions.
823: 
823: Filters: Update
823: RNG seed: 3542237225
823: Passed 1 test case with 1038 assertions.
823: 
823: Filters: Update
823: RNG seed: 3622949724
823: Passed 1 test case with 1038 assertions.
823: 
823: Filters: Update
823: RNG seed: 4030230933
823: Passed 1 test case with 1038 assertions.
823: 
823: Filters: Update
823: RNG seed: 2927483598
823: Passed 1 test case with 1038 assertions.
823: 
823: Filters: Update
823: RNG seed: 3125721623
823: Passed 1 test case with 1038 assertions.
823: 
823: Filters: Update
823: RNG seed: 3268239694
823: Passed 1 test case with 1038 assertions.
823: 
823: Filters: Update
823: RNG seed: 793224941
823: Passed 1 test case with 1038 assertions.
823: 
823: Filters: Update
823: RNG seed: 543694576
823: Passed 1 test case with 1038 assertions.
823: 
823: Filters: Update
823: RNG seed: 2543072830
823: Passed 1 test case with 1038 assertions.
823: 
823: Filters: Update
823: RNG seed: 3279009083
823: Passed 1 test case with 1038 assertions.
823: 
823: Filters: Update
823: RNG seed: 3248548685
823: Passed 1 test case with 1038 assertions.
823: 
823: Filters: Update
823: RNG seed: 1170291578
823: Passed 1 test case with 1038 assertions.
823: 
823: Filters: Update
823: RNG seed: 3267037615
823: Passed 1 test case with 1038 assertions.
823: 
823: Filters: Update
823: RNG seed: 75033390
823: Passed 1 test case with 1038 assertions.
823: 
823: Filters: Update
823: RNG seed: 1163589068
823: Passed 1 test case with 1038 assertions.
823: 
823: Filters: Update
823: RNG seed: 4197402379
823: Passed 1 test case with 1038 assertions.
823: 
823: Filters: Update
823: RNG seed: 2658072544
823: Passed 1 test case with 1038 assertions.
823: 
823: Filters: Update
823: RNG seed: 3552244334
823: Passed 1 test case with 1038 assertions.
823: 
823: Filters: Update
823: RNG seed: 12968805
823: Passed 1 test case with 1038 assertions.
823: 
823: Filters: Update
823: RNG seed: 3468934023
823: Passed 1 test case with 1038 assertions.
823: 
823: Filters: Update
823: RNG seed: 3914476741
823: Passed 1 test case with 1038 assertions.
823: 
823: Filters: Update
823: RNG seed: 2709318913
823: Passed 1 test case with 1038 assertions.
823: 
823: Filters: Update
823: RNG seed: 174683771
823: Passed 1 test case with 1038 assertions.
823: 
823: Filters: Update
823: RNG seed: 2095777372
823: Passed 1 test case with 1038 assertions.
823: 
823: Filters: Update
823: RNG seed: 3520376616
823: Passed 1 test case with 1038 assertions.
823: 
823: Filters: Update
823: RNG seed: 1783275748
823: Passed 1 test case with 1038 assertions.
823: 
823: Filters: Update
823: RNG seed: 1432759344
823: Passed 1 test case with 1038 assertions.
823: 
823: Filters: Update
823: RNG seed: 3697649060
823: Passed 1 test case with 1038 assertions.
823: 
823: Filters: Update
823: RNG seed: 780277492
823: Passed 1 test case with 1038 assertions.
823: 
823: Filters: Update
823: RNG seed: 1288537011
823: Passed 1 test case with 1038 assertions.
823: 
823: Filters: Update
823: RNG seed: 1202115139
823: Passed 1 test case with 1038 assertions.
823: 
823: Filters: Update
823: RNG seed: 3852904836
823: Passed 1 test case with 1038 assertions.
823: 
823: Filters: Update
823: RNG seed: 115381544
823: Passed 1 test case with 1038 assertions.
823: 
823: Filters: Update
823: RNG seed: 2414403845
823: Passed 1 test case with 1038 assertions.
823: 
823: Filters: Update
823: RNG seed: 4140087129
823: Passed 1 test case with 1038 assertions.
823: 
823: Filters: Update
823: RNG seed: 3020174489
823: Passed 1 test case with 1038 assertions.
823: 
823: Filters: Update
823: RNG seed: 995495496
823: Passed 1 test case with 1038 assertions.
823: 
823: Filters: Update
823: RNG seed: 3775410806
823: Passed 1 test case with 1038 assertions.
823: 
823: Filters: Update
823: RNG seed: 146423279
823: Passed 1 test case with 1038 assertions.
823: 
823: Filters: Update
823: RNG seed: 2210872090
823: Passed 1 test case with 1038 assertions.
823: 
823: Filters: Update
823: RNG seed: 89112717
823: Passed 1 test case with 1038 assertions.
823: 
823: Filters: Update
823: RNG seed: 340329045
823: Passed 1 test case with 1038 assertions.
823: 
6/9 Test #823: test_baseline_mb_lassen_2_32_1_1024_1024_fpp_seq_update_all ...   Passed    8.17 sec
test 825
    Start 825: test_baseline_mb_lassen_2_32_1_1024_1024_fpp_seq_worm_all

825: Test command: /usr/tcetmp/bin/jsrun "-r" "1" "-a" "32" "-c" "32" "-d" "packed" "/usr/workspace/iopp/software/tailorfs/build_2/bin/io_tests" "--request_size" "1048576" "--iteration" "1024" "--ranks_per_node" "32" "--access_pattern" "0" "--file_sharing" "0" "--process_grouping" "0" "--reporter" "compact" "WORM"
825: Environment variables: 
825:  pfs=/p/gpfs1/iopp
825:  BBPATH=/mnt/bb_6fc4bc552c29888844956a04c7527941
825:  LD_LIBRARY_PATH=/usr/workspace/iopp/software/tailorfs/build_2/lib:/usr/workspace/iopp/software/tailorfs/dependency/.spack-env/view/lib
825: Test timeout computed to be: 10000000
825: Warning: Overriding <MPI_ROOT UNEXPECTEDLY NOT SET> (module loaded must exactly match)
825: Warning: Using      spectrum-mpi/2020.08.19 to match app's MPI
825: Please tell John Gyllenhaal (gyllen@llnl.gov, 4-5485) if this MPI env fix doesn't work
825: Filters: WORM
825: RNG seed: 1984616712
825: Passed 1 test case with 1035 assertions.
825: 
825: Filters: WORM
825: RNG seed: 234410244
825: Passed 1 test case with 1035 assertions.
825: 
825: Filters: WORM
825: RNG seed: 109151182
825: Passed 1 test case with 1035 assertions.
825: 
825: Filters: WORM
825: RNG seed: 2654370130
825: Passed 1 test case with 1035 assertions.
825: 
825: Filters: WORM
825: RNG seed: 893630631
825: Passed 1 test case with 1035 assertions.
825: 
825: Filters: WORM
825: RNG seed: 4291113954
825: [TAILORFS PRINT]:     Timing,      1024,   1048576,  0.000000,  0.000000,  1.254927,  0.000267,  0.788437,  0.957338,     POSIX,      worm,1,0,0,0
825: 
825: Passed 1 test case with 1035 assertions.
825: 
825: Filters: WORM
825: RNG seed: 3468859246
825: Passed 1 test case with 1035 assertions.
825: 
825: Filters: WORM
825: RNG seed: 2536206724
825: Passed 1 test case with 1035 assertions.
825: 
825: Filters: WORM
825: RNG seed: 2773146540
825: Passed 1 test case with 1035 assertions.
825: 
825: Filters: WORM
825: RNG seed: 1033247939
825: Passed 1 test case with 1035 assertions.
825: 
825: Filters: WORM
825: RNG seed: 4171010525
825: Passed 1 test case with 1035 assertions.
825: 
825: Filters: WORM
825: RNG seed: 579170190
825: Passed 1 test case with 1035 assertions.
825: 
825: Filters: WORM
825: RNG seed: 3730017971
825: Passed 1 test case with 1035 assertions.
825: 
825: Filters: WORM
825: RNG seed: 3808088919
825: Passed 1 test case with 1035 assertions.
825: 
825: Filters: WORM
825: RNG seed: 780637720
825: Passed 1 test case with 1035 assertions.
825: 
825: Filters: WORM
825: RNG seed: 2729882856
825: Passed 1 test case with 1035 assertions.
825: 
825: Filters: WORM
825: RNG seed: 300654515
825: Passed 1 test case with 1035 assertions.
825: 
825: Filters: WORM
825: RNG seed: 3902536428
825: Passed 1 test case with 1035 assertions.
825: 
825: Filters: WORM
825: RNG seed: 1104860185
825: Passed 1 test case with 1035 assertions.
825: 
825: Filters: WORM
825: RNG seed: 1258370195
825: Passed 1 test case with 1035 assertions.
825: 
825: Filters: WORM
825: RNG seed: 2641580351
825: Passed 1 test case with 1035 assertions.
825: 
825: Filters: WORM
825: RNG seed: 3703392709
825: Passed 1 test case with 1035 assertions.
825: 
825: Filters: WORM
825: RNG seed: 1693112429
825: Passed 1 test case with 1035 assertions.
825: 
825: Filters: WORM
825: RNG seed: 59062278
825: Passed 1 test case with 1035 assertions.
825: 
825: Filters: WORM
825: RNG seed: 1869043545
825: Passed 1 test case with 1035 assertions.
825: 
825: Filters: WORM
825: RNG seed: 3524468300
825: Passed 1 test case with 1035 assertions.
825: 
825: Filters: WORM
825: RNG seed: 3405949113
825: Passed 1 test case with 1035 assertions.
825: 
825: Filters: WORM
825: RNG seed: 2695937367
825: Passed 1 test case with 1035 assertions.
825: 
825: Filters: WORM
825: RNG seed: 4110772020
825: Passed 1 test case with 1035 assertions.
825: 
825: Filters: WORM
825: RNG seed: 3312754382
825: Passed 1 test case with 1035 assertions.
825: 
825: Filters: WORM
825: RNG seed: 116961057
825: Passed 1 test case with 1035 assertions.
825: 
825: Filters: WORM
825: RNG seed: 2451634582
825: Passed 1 test case with 1035 assertions.
825: 
825: Filters: WORM
825: RNG seed: 3036286269
825: Passed 1 test case with 1035 assertions.
825: 
825: Filters: WORM
825: RNG seed: 1836194186
825: Passed 1 test case with 1035 assertions.
825: 
825: Filters: WORM
825: RNG seed: 1030520404
825: Passed 1 test case with 1035 assertions.
825: 
825: Filters: WORM
825: RNG seed: 271535809
825: Passed 1 test case with 1035 assertions.
825: 
825: Filters: WORM
825: RNG seed: 3263729721
825: Passed 1 test case with 1035 assertions.
825: 
825: Filters: WORM
825: RNG seed: 2454790792
825: Passed 1 test case with 1035 assertions.
825: 
825: Filters: WORM
825: RNG seed: 2248487294
825: Passed 1 test case with 1035 assertions.
825: 
825: Filters: WORM
825: RNG seed: 3382950489
825: Passed 1 test case with 1035 assertions.
825: 
825: Filters: WORM
825: RNG seed: 1476520286
825: Passed 1 test case with 1035 assertions.
825: 
825: Filters: WORM
825: RNG seed: 1408637405
825: Passed 1 test case with 1035 assertions.
825: 
825: Filters: WORM
825: RNG seed: 1720401888
825: Passed 1 test case with 1035 assertions.
825: 
825: Filters: WORM
825: RNG seed: 1764441734
825: Passed 1 test case with 1035 assertions.
825: 
825: Filters: WORM
825: RNG seed: 2436463907
825: Passed 1 test case with 1035 assertions.
825: 
825: Filters: WORM
825: RNG seed: 1733502993
825: Passed 1 test case with 1035 assertions.
825: 
825: Filters: WORM
825: RNG seed: 3020715880
825: Passed 1 test case with 1035 assertions.
825: 
825: Filters: WORM
825: RNG seed: 3251475114
825: Passed 1 test case with 1035 assertions.
825: 
825: Filters: WORM
825: RNG seed: 627804754
825: Passed 1 test case with 1035 assertions.
825: 
825: Filters: WORM
825: RNG seed: 3798707404
825: Passed 1 test case with 1035 assertions.
825: 
825: Filters: WORM
825: RNG seed: 3133277193
825: Passed 1 test case with 1035 assertions.
825: 
825: Filters: WORM
825: RNG seed: 884870043
825: Passed 1 test case with 1035 assertions.
825: 
825: Filters: WORM
825: RNG seed: 2360080345
825: Passed 1 test case with 1035 assertions.
825: 
825: Filters: WORM
825: RNG seed: 89928563
825: Passed 1 test case with 1035 assertions.
825: 
825: Filters: WORM
825: RNG seed: 3528131253
825: Passed 1 test case with 1035 assertions.
825: 
825: Filters: WORM
825: RNG seed: 2768567617
825: Passed 1 test case with 1035 assertions.
825: 
825: Filters: WORM
825: RNG seed: 359756134
825: Passed 1 test case with 1035 assertions.
825: 
825: Filters: WORM
825: RNG seed: 1041403535
825: Passed 1 test case with 1035 assertions.
825: 
825: Filters: WORM
825: RNG seed: 3094989567
825: Passed 1 test case with 1035 assertions.
825: 
825: Filters: WORM
825: RNG seed: 2085990150
825: Passed 1 test case with 1035 assertions.
825: 
825: Filters: WORM
825: RNG seed: 644635844
825: Passed 1 test case with 1035 assertions.
825: 
825: Filters: WORM
825: RNG seed: 3562513299
825: Passed 1 test case with 1035 assertions.
825: 
825: Filters: WORM
825: RNG seed: 3345251947
825: Passed 1 test case with 1035 assertions.
825: 
825: Filters: WORM
825: RNG seed: 1345532209
825: Passed 1 test case with 1035 assertions.
825: 
7/9 Test #825: test_baseline_mb_lassen_2_32_1_1024_1024_fpp_seq_worm_all .....   Passed    6.30 sec
test 827
    Start 827: test_baseline_mb_lassen_2_32_1_1024_1024_fpp_seq_worm_split

827: Test command: /usr/tcetmp/bin/jsrun "-r" "1" "-a" "32" "-c" "32" "-d" "packed" "/usr/workspace/iopp/software/tailorfs/build_2/bin/io_tests" "--request_size" "1048576" "--iteration" "1024" "--ranks_per_node" "32" "--access_pattern" "0" "--file_sharing" "0" "--process_grouping" "1" "--reporter" "compact" "WORM"
827: Environment variables: 
827:  pfs=/p/gpfs1/iopp
827:  BBPATH=/mnt/bb_6fc4bc552c29888844956a04c7527941
827:  LD_LIBRARY_PATH=/usr/workspace/iopp/software/tailorfs/build_2/lib:/usr/workspace/iopp/software/tailorfs/dependency/.spack-env/view/lib
827: Test timeout computed to be: 10000000
827: Warning: Overriding <MPI_ROOT UNEXPECTEDLY NOT SET> (module loaded must exactly match)
827: Warning: Using      spectrum-mpi/2020.08.19 to match app's MPI
827: Please tell John Gyllenhaal (gyllen@llnl.gov, 4-5485) if this MPI env fix doesn't work
827: Filters: WORM
827: RNG seed: 3452881225
827: Passed 1 test case with 12 assertions.
827: 
827: Filters: WORM
827: RNG seed: 2329861202
827: Passed 1 test case with 1035 assertions.
827: 
827: Filters: WORM
827: RNG seed: 3391318573
827: Passed 1 test case with 12 assertions.
827: 
827: Filters: WORM
827: RNG seed: 2695343527
827: Passed 1 test case with 1035 assertions.
827: 
827: Filters: WORM
827: RNG seed: 483275221
827: Passed 1 test case with 12 assertions.
827: 
827: Filters: WORM
827: RNG seed: 2033921998
827: Passed 1 test case with 12 assertions.
827: 
827: Filters: WORM
827: RNG seed: 3112921986
827: Passed 1 test case with 1035 assertions.
827: 
827: Filters: WORM
827: RNG seed: 222531513
827: Passed 1 test case with 12 assertions.
827: 
827: Filters: WORM
827: RNG seed: 1005642333
827: Passed 1 test case with 1035 assertions.
827: 
827: Filters: WORM
827: RNG seed: 1511623069
827: Passed 1 test case with 12 assertions.
827: 
827: Filters: WORM
827: RNG seed: 1937403848
827: [TAILORFS PRINT]:     Timing,      1024,   1048576,  0.000000,  0.000000,  0.015348,  0.000123,  0.963290,  1.383287,     POSIX,      worm,1,0,0,1
827: 
827: Passed 1 test case with 12 assertions.
827: 
827: Filters: WORM
827: RNG seed: 3805173431
827: Passed 1 test case with 1035 assertions.
827: 
827: Filters: WORM
827: RNG seed: 3620751386
827: Passed 1 test case with 12 assertions.
827: 
827: Filters: WORM
827: RNG seed: 540434120
827: Passed 1 test case with 1035 assertions.
827: 
827: Filters: WORM
827: RNG seed: 395968531
827: Passed 1 test case with 12 assertions.
827: 
827: Filters: WORM
827: RNG seed: 623923700
827: Passed 1 test case with 1035 assertions.
827: 
827: Filters: WORM
827: RNG seed: 1098561619
827: Passed 1 test case with 12 assertions.
827: 
827: Filters: WORM
827: RNG seed: 1816014475
827: Passed 1 test case with 1035 assertions.
827: 
827: Filters: WORM
827: RNG seed: 3206416665
827: Passed 1 test case with 12 assertions.
827: 
827: Filters: WORM
827: RNG seed: 4098073203
827: Passed 1 test case with 1035 assertions.
827: 
827: Filters: WORM
827: RNG seed: 2941804058
827: Passed 1 test case with 1035 assertions.
827: 
827: Filters: WORM
827: RNG seed: 1769400046
827: Passed 1 test case with 12 assertions.
827: 
827: Filters: WORM
827: RNG seed: 3287178774
827: Passed 1 test case with 1035 assertions.
827: 
827: Filters: WORM
827: RNG seed: 3552905334
827: Passed 1 test case with 1035 assertions.
827: 
827: Filters: WORM
827: RNG seed: 3337239214
827: Passed 1 test case with 12 assertions.
827: 
827: Filters: WORM
827: RNG seed: 878994046
827: Passed 1 test case with 1035 assertions.
827: 
827: Filters: WORM
827: RNG seed: 3159407129
827: Passed 1 test case with 12 assertions.
827: 
827: Filters: WORM
827: RNG seed: 3368797
827: Passed 1 test case with 1035 assertions.
827: 
827: Filters: WORM
827: RNG seed: 979250833
827: Passed 1 test case with 12 assertions.
827: 
827: Filters: WORM
827: RNG seed: 3141716171
827: Passed 1 test case with 1035 assertions.
827: 
827: Filters: WORM
827: RNG seed: 954344072
827: Passed 1 test case with 1035 assertions.
827: 
827: Filters: WORM
827: RNG seed: 2780801306
827: Passed 1 test case with 12 assertions.
827: 
827: Filters: WORM
827: RNG seed: 1023231167
827: Passed 1 test case with 12 assertions.
827: 
827: Filters: WORM
827: RNG seed: 386283487
827: Passed 1 test case with 1035 assertions.
827: 
827: Filters: WORM
827: RNG seed: 2981363063
827: Passed 1 test case with 1035 assertions.
827: 
827: Filters: WORM
827: RNG seed: 3074987907
827: Passed 1 test case with 12 assertions.
827: 
827: Filters: WORM
827: RNG seed: 2516725028
827: Passed 1 test case with 1035 assertions.
827: 
827: Filters: WORM
827: RNG seed: 800530957
827: Passed 1 test case with 12 assertions.
827: 
827: Filters: WORM
827: RNG seed: 1747845802
827: Passed 1 test case with 12 assertions.
827: 
827: Filters: WORM
827: RNG seed: 566081571
827: Passed 1 test case with 1035 assertions.
827: 
827: Filters: WORM
827: RNG seed: 3358624094
827: Passed 1 test case with 12 assertions.
827: 
827: Filters: WORM
827: RNG seed: 1439432459
827: Passed 1 test case with 1035 assertions.
827: 
827: Filters: WORM
827: RNG seed: 3000083213
827: Passed 1 test case with 12 assertions.
827: 
827: Filters: WORM
827: RNG seed: 878679130
827: Passed 1 test case with 1035 assertions.
827: 
827: Filters: WORM
827: RNG seed: 3620457574
827: Passed 1 test case with 12 assertions.
827: 
827: Filters: WORM
827: RNG seed: 2822247281
827: Passed 1 test case with 1035 assertions.
827: 
827: Filters: WORM
827: RNG seed: 4066411633
827: Passed 1 test case with 12 assertions.
827: 
827: Filters: WORM
827: RNG seed: 3350097259
827: Passed 1 test case with 1035 assertions.
827: 
827: Filters: WORM
827: RNG seed: 4084014873
827: Passed 1 test case with 12 assertions.
827: 
827: Filters: WORM
827: RNG seed: 358756100
827: Passed 1 test case with 1035 assertions.
827: 
827: Filters: WORM
827: RNG seed: 889624782
827: Passed 1 test case with 12 assertions.
827: 
827: Filters: WORM
827: RNG seed: 229907252
827: Passed 1 test case with 1035 assertions.
827: 
827: Filters: WORM
827: RNG seed: 3825343097
827: Passed 1 test case with 12 assertions.
827: 
827: Filters: WORM
827: RNG seed: 2504793600
827: Passed 1 test case with 1035 assertions.
827: 
827: Filters: WORM
827: RNG seed: 216979010
827: Passed 1 test case with 12 assertions.
827: 
827: Filters: WORM
827: RNG seed: 1771837825
827: Passed 1 test case with 1035 assertions.
827: 
827: Filters: WORM
827: RNG seed: 2452073877
827: Passed 1 test case with 12 assertions.
827: 
827: Filters: WORM
827: RNG seed: 2084795851
827: Passed 1 test case with 1035 assertions.
827: 
827: Filters: WORM
827: RNG seed: 1593750880
827: Passed 1 test case with 12 assertions.
827: 
827: Filters: WORM
827: RNG seed: 2117408997
827: Passed 1 test case with 1035 assertions.
827: 
827: Filters: WORM
827: RNG seed: 2708184584
827: Passed 1 test case with 12 assertions.
827: 
827: Filters: WORM
827: RNG seed: 1249389154
827: Passed 1 test case with 1035 assertions.
827: 
827: Filters: WORM
827: RNG seed: 228253604
827: Passed 1 test case with 12 assertions.
827: 
827: Filters: WORM
827: RNG seed: 1848315254
827: Passed 1 test case with 1035 assertions.
827: 
8/9 Test #827: test_baseline_mb_lassen_2_32_1_1024_1024_fpp_seq_worm_split ...   Passed    6.63 sec
test 829
    Start 829: test_baseline_mb_lassen_2_32_1_1024_1024_fpp_seq_worm_alt

829: Test command: /usr/tcetmp/bin/jsrun "-r" "1" "-a" "32" "-c" "32" "-d" "packed" "/usr/workspace/iopp/software/tailorfs/build_2/bin/io_tests" "--request_size" "1048576" "--iteration" "1024" "--ranks_per_node" "32" "--access_pattern" "0" "--file_sharing" "0" "--process_grouping" "2" "--reporter" "compact" "WORM"
829: Environment variables: 
829:  pfs=/p/gpfs1/iopp
829:  BBPATH=/mnt/bb_6fc4bc552c29888844956a04c7527941
829:  LD_LIBRARY_PATH=/usr/workspace/iopp/software/tailorfs/build_2/lib:/usr/workspace/iopp/software/tailorfs/dependency/.spack-env/view/lib
829: Test timeout computed to be: 10000000
829: Warning: Overriding <MPI_ROOT UNEXPECTEDLY NOT SET> (module loaded must exactly match)
829: Warning: Using      spectrum-mpi/2020.08.19 to match app's MPI
829: Please tell John Gyllenhaal (gyllen@llnl.gov, 4-5485) if this MPI env fix doesn't work
829: Filters: WORM
829: RNG seed: 3607054518
829: Passed 1 test case with 12 assertions.
829: 
829: Filters: WORM
829: RNG seed: 1980768753
829: Passed 1 test case with 12 assertions.
829: 
829: Filters: WORM
829: RNG seed: 1046071119
829: Passed 1 test case with 12 assertions.
829: 
829: Filters: WORM
829: RNG seed: 1270981992
829: Passed 1 test case with 12 assertions.
829: 
829: Filters: WORM
829: RNG seed: 3572741669
829: Passed 1 test case with 1035 assertions.
829: 
829: Filters: WORM
829: RNG seed: 3900793555
829: Passed 1 test case with 12 assertions.
829: 
829: Filters: WORM
829: RNG seed: 1495397074
829: Passed 1 test case with 1035 assertions.
829: 
829: Filters: WORM
829: RNG seed: 1892631076
829: Passed 1 test case with 12 assertions.
829: 
829: Filters: WORM
829: RNG seed: 1392874810
829: [TAILORFS PRINT]:     Timing,      1024,   1048576,  0.000000,  0.000000,  0.586198,  0.000127,  0.341851,  0.372370,     POSIX,      worm,1,0,0,2
829: 
829: Passed 1 test case with 12 assertions.
829: 
829: Filters: WORM
829: RNG seed: 3009327325
829: Passed 1 test case with 1035 assertions.
829: 
829: Filters: WORM
829: RNG seed: 1161923150
829: Passed 1 test case with 12 assertions.
829: 
829: Filters: WORM
829: RNG seed: 4162319869
829: Passed 1 test case with 1035 assertions.
829: 
829: Filters: WORM
829: RNG seed: 2284437896
829: Passed 1 test case with 1035 assertions.
829: 
829: Filters: WORM
829: RNG seed: 948559818
829: Passed 1 test case with 12 assertions.
829: 
829: Filters: WORM
829: RNG seed: 1119379848
829: Passed 1 test case with 12 assertions.
829: 
829: Filters: WORM
829: RNG seed: 529960288
829: Passed 1 test case with 12 assertions.
829: 
829: Filters: WORM
829: RNG seed: 1559549468
829: Passed 1 test case with 12 assertions.
829: 
829: Filters: WORM
829: RNG seed: 1667135505
829: Passed 1 test case with 12 assertions.
829: 
829: Filters: WORM
829: RNG seed: 2324484676
829: Passed 1 test case with 1035 assertions.
829: 
829: Filters: WORM
829: RNG seed: 1359645986
829: Passed 1 test case with 1035 assertions.
829: 
829: Filters: WORM
829: RNG seed: 2276917257
829: Passed 1 test case with 1035 assertions.
829: 
829: Filters: WORM
829: RNG seed: 3353873551
829: Passed 1 test case with 12 assertions.
829: 
829: Filters: WORM
829: RNG seed: 1917542597
829: Passed 1 test case with 12 assertions.
829: 
829: Filters: WORM
829: RNG seed: 3197430295
829: Passed 1 test case with 12 assertions.
829: 
829: Filters: WORM
829: RNG seed: 653868568
829: Passed 1 test case with 1035 assertions.
829: 
829: Filters: WORM
829: RNG seed: 1399061660
829: Passed 1 test case with 1035 assertions.
829: 
829: Filters: WORM
829: RNG seed: 3030601427
829: Passed 1 test case with 12 assertions.
829: 
829: Filters: WORM
829: RNG seed: 3304050218
829: Passed 1 test case with 1035 assertions.
829: 
829: Filters: WORM
829: RNG seed: 2769762097
829: Passed 1 test case with 1035 assertions.
829: 
829: Filters: WORM
829: RNG seed: 3212183207
829: Passed 1 test case with 1035 assertions.
829: 
829: Filters: WORM
829: RNG seed: 3679468884
829: Passed 1 test case with 1035 assertions.
829: 
829: Filters: WORM
829: RNG seed: 2404040492
829: Passed 1 test case with 12 assertions.
829: 
829: Filters: WORM
829: RNG seed: 2660993753
829: Passed 1 test case with 12 assertions.
829: 
829: Filters: WORM
829: RNG seed: 234376375
829: Passed 1 test case with 12 assertions.
829: 
829: Filters: WORM
829: RNG seed: 1153352441
829: Passed 1 test case with 12 assertions.
829: 
829: Filters: WORM
829: RNG seed: 1706984196
829: Passed 1 test case with 1035 assertions.
829: 
829: Filters: WORM
829: RNG seed: 660744241
829: Passed 1 test case with 1035 assertions.
829: 
829: Filters: WORM
829: RNG seed: 725461464
829: Passed 1 test case with 12 assertions.
829: 
829: Filters: WORM
829: RNG seed: 4015060040
829: Passed 1 test case with 1035 assertions.
829: 
829: Filters: WORM
829: RNG seed: 3400365238
829: Passed 1 test case with 1035 assertions.
829: 
829: Filters: WORM
829: RNG seed: 2539204414
829: Passed 1 test case with 1035 assertions.
829: 
829: Filters: WORM
829: RNG seed: 907671801
829: Passed 1 test case with 1035 assertions.
829: 
829: Filters: WORM
829: RNG seed: 3556296493
829: Passed 1 test case with 1035 assertions.
829: 
829: Filters: WORM
829: RNG seed: 3210406084
829: Passed 1 test case with 12 assertions.
829: 
829: Filters: WORM
829: RNG seed: 472374446
829: Passed 1 test case with 12 assertions.
829: 
829: Filters: WORM
829: RNG seed: 163276238
829: Passed 1 test case with 1035 assertions.
829: 
829: Filters: WORM
829: RNG seed: 368269566
829: Passed 1 test case with 1035 assertions.
829: 
829: Filters: WORM
829: RNG seed: 2601442095
829: Passed 1 test case with 1035 assertions.
829: 
829: Filters: WORM
829: RNG seed: 474209680
829: Passed 1 test case with 12 assertions.
829: 
829: Filters: WORM
829: RNG seed: 2519181587
829: Passed 1 test case with 1035 assertions.
829: 
829: Filters: WORM
829: RNG seed: 3466296112
829: Passed 1 test case with 1035 assertions.
829: 
829: Filters: WORM
829: RNG seed: 4020039985
829: Passed 1 test case with 12 assertions.
829: 
829: Filters: WORM
829: RNG seed: 3966797128
829: Passed 1 test case with 12 assertions.
829: 
829: Filters: WORM
829: RNG seed: 591137003
829: Passed 1 test case with 12 assertions.
829: 
829: Filters: WORM
829: RNG seed: 3965622310
829: Passed 1 test case with 1035 assertions.
829: 
829: Filters: WORM
829: RNG seed: 144461617
829: Passed 1 test case with 1035 assertions.
829: 
829: Filters: WORM
829: RNG seed: 819815159
829: Passed 1 test case with 12 assertions.
829: 
829: Filters: WORM
829: RNG seed: 3029336630
829: Passed 1 test case with 12 assertions.
829: 
829: Filters: WORM
829: RNG seed: 110110857
829: Passed 1 test case with 1035 assertions.
829: 
829: Filters: WORM
829: RNG seed: 4012033343
829: Passed 1 test case with 1035 assertions.
829: 
829: Filters: WORM
829: RNG seed: 4160358780
829: Passed 1 test case with 12 assertions.
829: 
829: Filters: WORM
829: RNG seed: 1254579871
829: Passed 1 test case with 12 assertions.
829: 
829: Filters: WORM
829: RNG seed: 1326775751
829: Passed 1 test case with 1035 assertions.
829: 
829: Filters: WORM
829: RNG seed: 867350022
829: Passed 1 test case with 1035 assertions.
829: 
9/9 Test #829: test_baseline_mb_lassen_2_32_1_1024_1024_fpp_seq_worm_alt .....   Passed    4.75 sec

The following tests passed:
	test_baseline_mb_lassen_2_32_1_1024_1024_fpp_seq_wo_all
	test_baseline_mb_lassen_2_32_1_1024_1024_fpp_seq_ro_all
	test_baseline_mb_lassen_2_32_1_1024_1024_fpp_seq_raw_all
	test_baseline_mb_lassen_2_32_1_1024_1024_fpp_seq_raw_split
	test_baseline_mb_lassen_2_32_1_1024_1024_fpp_seq_raw_alt
	test_baseline_mb_lassen_2_32_1_1024_1024_fpp_seq_update_all
	test_baseline_mb_lassen_2_32_1_1024_1024_fpp_seq_worm_all
	test_baseline_mb_lassen_2_32_1_1024_1024_fpp_seq_worm_split
	test_baseline_mb_lassen_2_32_1_1024_1024_fpp_seq_worm_alt

100% tests passed, 0 tests failed out of 9

Total Test time (real) =  56.89 sec

------------------------------------------------------------
Sender: LSF System <lsfadmin@lassen710>
Subject: Job 3896042: <paper_benefit.sh_2> in cluster <lassen> Exited

Job <paper_benefit.sh_2> was submitted from host <lassen708> by user <haridev> in cluster <lassen> at Thu Sep  8 00:35:40 2022
Job was executed on host(s) <1*lassen710>, in queue <pbatch>, as user <haridev> in cluster <lassen> at Thu Sep  8 00:35:59 2022
                            <40*lassen489>
                            <40*lassen310>
</g/g92/haridev> was used as the home directory.
</usr/workspace/iopp/software/tailorfs/scripts> was used as the working directory.
Started at Thu Sep  8 00:35:59 2022
Terminated at Thu Sep  8 00:40:14 2022
Results reported at Thu Sep  8 00:40:14 2022

Your job looked like:

------------------------------------------------------------
# LSBATCH: User input
/usr/workspace/iopp/software/tailorfs/scripts/paper_benefit.sh 2 1024
------------------------------------------------------------

TERM_OWNER: job killed by owner.
Exited with signal termination: 14.

Resource usage summary:

    CPU time :                                   25.00 sec.
    Max Memory :                                 1149 MB
    Average Memory :                             240.47 MB
    Total Requested Memory :                     -
    Delta Memory :                               -
    Max Swap :                                   2142 MB
    Max Processes :                              42
    Max Threads :                                65
    Run time :                                   257 sec.
    Turnaround time :                            274 sec.

The output (if any) is above this job summary.

