/usr/workspace/iopp/install_scripts/bin/iopp-init: line 11: module: command not found
/usr/workspace/iopp/software/tailorfs /usr/workspace/iopp/software/tailorfs/scripts
mkdir: cannot create directory 'build_1': File exists
/usr/workspace/iopp/software/tailorfs/build_1 /usr/workspace/iopp/software/tailorfs /usr/workspace/iopp/software/tailorfs/scripts
-- The C compiler identification is GNU 8.3.1
-- The CXX compiler identification is GNU 8.3.1
-- Detecting C compiler ABI info
-- Detecting C compiler ABI info - done
-- Check for working C compiler: /usr/tce/packages/gcc/gcc-8.3.1/bin/gcc - skipped
-- Detecting C compile features
-- Detecting C compile features - done
-- Detecting CXX compiler ABI info
-- Detecting CXX compiler ABI info - done
-- Check for working CXX compiler: /usr/tce/packages/gcc/gcc-8.3.1/bin/g++ - skipped
-- Detecting CXX compile features
-- Detecting CXX compile features - done
-- /usr/local/bin
-- /usr/workspace/iopp/software/tailorfs/dependency/.spack-env/view/usr/workspace/iopp/software/tailorfs/build_1/lib/cmake/usr/workspace/iopp/software/tailorfs/external/brahma/dependency/.spack-env/view/usr/workspace/iopp/software/tailorfs/build_1/lib/cmake
-- /usr/local/bin
-- Found cpp-logger: TRUE  
-- [CPP_LOGGER] found cpp-logger at /usr/workspace/iopp/software/tailorfs/build_1/include
-- [Gotcha] found gotcha at /usr/workspace/iopp/software/tailorfs/dependency/.spack-env/view/include/
-- Found MPI_CXX: /usr/tce/packages/spectrum-mpi/ibm/spectrum-mpi-2020.08.19/lib/libmpiprofilesupport.so (found version "3.1") 
-- Found MPI: TRUE (found version "3.1") found components: CXX 
-- [MPI] found mpi.h at /usr/tce/packages/spectrum-mpi/ibm/spectrum-mpi-2020.08.19/include
-- /usr/local/bin
-- [CPP_LOGGER] found cpp-logger at /usr/workspace/iopp/software/tailorfs/build_1/include
-- Found nlohmann_json: /usr/workspace/iopp/software/tailorfs/dependency/.spack-env/view/lib64/cmake/nlohmann_json/nlohmann_jsonConfig.cmake (found suitable version "3.10.5", minimum required is "3.10.5") 
-- found nlohmann_json
-- found mpi.h at /usr/tce/packages/spectrum-mpi/ibm/spectrum-mpi-2020.08.19/include
-- Looking for pthread.h
-- Looking for pthread.h - found
-- Performing Test CMAKE_HAVE_LIBC_PTHREAD
-- Performing Test CMAKE_HAVE_LIBC_PTHREAD - Failed
-- Looking for pthread_create in pthreads
-- Looking for pthread_create in pthreads - not found
-- Looking for pthread_create in pthread
-- Looking for pthread_create in pthread - found
-- Found Threads: TRUE  
-- Found mimir: TRUE  
-- [MIMIR] found mimir at /usr/workspace/iopp/software/tailorfs/build_1/include
-- [CPP_LOGGER] found cpp-logger at /usr/workspace/iopp/software/tailorfs/build_1/include
-- Found brahma: TRUE  
-- [BRAHMA] found brahma at /usr/workspace/iopp/software/tailorfs/build_1/include
-- UNIFYFS_INCLUDE_DIRS: /usr/workspace/iopp/software/tailorfs/dependency/.spack-env/view/include
-- UNIFYFS_ROOT_DIR: /usr/workspace/iopp/software/tailorfs/dependency/.spack-env/view
-- UNIFYFS_LIBRARY_PATH: /usr/workspace/iopp/software/tailorfs/dependency/.spack-env/view/lib
-- Found unifyfs: TRUE  
-- [UnifyFS] found headers at /usr/workspace/iopp/software/tailorfs/dependency/.spack-env/view/include
-- [MPI] found mpi.h at /usr/tce/packages/spectrum-mpi/ibm/spectrum-mpi-2020.08.19/include
-- Number of nodes: 1
-- Number of nodes: 1
-- Configuring done
-- Generating done
-- Build files have been written to: /usr/workspace/iopp/software/tailorfs/build_1
[  5%] Building CXX object test/micro_benchmark/CMakeFiles/io_tests.dir/io_tests.cpp.o
[  5%] Building CXX object external/cpp-logger/CMakeFiles/cpp-logger.dir/src/cpp-logger/logger.cpp.o
[  7%] Linking CXX shared library ../../lib/libcpp-logger.so
[  7%] Built target cpp-logger
[ 15%] Building CXX object external/brahma/CMakeFiles/brahma.dir/src/brahma/interface/interface_utility.cpp.o
[ 15%] Building CXX object external/brahma/CMakeFiles/brahma.dir/src/brahma/interface/mpiio.cpp.o
[ 15%] Building CXX object external/brahma/CMakeFiles/brahma.dir/src/brahma/interface/posix.cpp.o
[ 20%] Building CXX object external/brahma/CMakeFiles/brahma.dir/src/brahma/interceptor.cpp.o
[ 25%] Building CXX object external/brahma/CMakeFiles/brahma.dir/src/brahma/mpi.cpp.o
[ 30%] Building CXX object external/mimir/CMakeFiles/mimir.dir/src/mimir/api/posix.cpp.o
[ 30%] Building CXX object external/mimir/CMakeFiles/mimir.dir/src/mimir/api/workflow.cpp.o
[ 30%] Building CXX object external/mimir/CMakeFiles/mimir.dir/src/mimir/api/application.cpp.o
[ 30%] Building CXX object external/mimir/CMakeFiles/mimir.dir/src/mimir/advice/advice.cpp.o
[ 33%] Building CXX object external/brahma/CMakeFiles/brahma.dir/src/brahma/interface/stdio.cpp.o
[ 38%] Building CXX object external/brahma/CMakeFiles/brahma.dir/src/brahma/brahma.cpp.o
[ 41%] Building CXX object external/brahma/CMakeFiles/brahma.dir/src/brahma/interface/interface.cpp.o
[ 41%] Building CXX object external/mimir/CMakeFiles/mimir.dir/src/mimir/api/mimir_interceptor.cpp.o
[ 46%] Building CXX object external/mimir/CMakeFiles/mimir.dir/src/mimir/api/job_configuration.cpp.o
[ 46%] Building CXX object external/mimir/CMakeFiles/mimir.dir/src/mimir/common/debug.cpp.o
[ 48%] Linking CXX shared library ../../lib/libbrahma.so
[ 48%] Built target brahma
[ 51%] Linking CXX executable ../../bin/io_tests
[ 51%] Built target io_tests
[ 53%] Linking CXX shared library ../../lib/libmimir.so
[ 53%] Built target mimir
[ 58%] Building CXX object CMakeFiles/tailorfs.dir/src/tailorfs/brahma/mpi.cpp.o
[ 61%] Building CXX object CMakeFiles/tailorfs.dir/src/tailorfs/brahma/stdio.cpp.o
[ 71%] Building CXX object CMakeFiles/tailorfs.dir/src/tailorfs/brahma/posix.cpp.o
[ 74%] Building CXX object CMakeFiles/tailorfs.dir/src/tailorfs/core/process_state.cpp.o
[ 76%] Building CXX object CMakeFiles/tailorfs.dir/src/tailorfs/core/fsview/mpiio_fsview.cpp.o
[ 76%] Building CXX object CMakeFiles/tailorfs.dir/src/tailorfs/core/fsview_manager.cpp.o
[ 79%] Building CXX object CMakeFiles/tailorfs.dir/src/tailorfs/brahma/mpiio.cpp.o
[ 79%] Building CXX object CMakeFiles/tailorfs.dir/main.cpp.o
[ 82%] Building CXX object CMakeFiles/tailorfs.dir/src/tailorfs/core/fsview/unifyfs_fsview.cpp.o
[ 82%] Building CXX object CMakeFiles/tailorfs.dir/src/tailorfs/core/fsview/posix_fsview.cpp.o
[ 82%] Building CXX object test/mimir/CMakeFiles/mimir_test.dir/mimir_test.cpp.o
[ 87%] Building CXX object CMakeFiles/tailorfs.dir/src/tailorfs/tailorfs.cpp.o
[ 87%] Building CXX object CMakeFiles/tailorfs.dir/src/tailorfs/core/fsview/stdio_fsview.cpp.o
[ 89%] Building CXX object CMakeFiles/tailorfs.dir/src/tailorfs/util/unifyfs-stage-transfer.cpp.o
[ 92%] Linking CXX shared library lib/libtailorfs.so
[ 92%] Built target tailorfs
[ 94%] Building CXX object CMakeFiles/tailorfs_exe.dir/main.cpp.o
[ 97%] Linking CXX executable ../../bin/mimir_test
[ 97%] Built target mimir_test
[100%] Linking CXX executable bin/tailorfs_exe
[100%] Built target tailorfs_exe
Test project /usr/workspace/iopp/software/tailorfs/build_1
      Start 521: test_generate_config_lassen_1_32_1_1024_1024_fpp_seq_wo_all
 1/18 Test #521: test_generate_config_lassen_1_32_1_1024_1024_fpp_seq_wo_all ..........   Passed    1.24 sec
      Start 523: test_generate_config_lassen_1_32_1_1024_1024_fpp_seq_ro_all
 2/18 Test #523: test_generate_config_lassen_1_32_1_1024_1024_fpp_seq_ro_all ..........   Passed    0.73 sec
      Start 525: test_generate_config_lassen_1_32_1_1024_1024_fpp_seq_raw_all
 3/18 Test #525: test_generate_config_lassen_1_32_1_1024_1024_fpp_seq_raw_all .........   Passed    0.72 sec
      Start 527: test_generate_config_lassen_1_32_1_1024_1024_fpp_seq_raw_split
 4/18 Test #527: test_generate_config_lassen_1_32_1_1024_1024_fpp_seq_raw_split .......   Passed    0.80 sec
      Start 529: test_generate_config_lassen_1_32_1_1024_1024_fpp_seq_raw_alt
 5/18 Test #529: test_generate_config_lassen_1_32_1_1024_1024_fpp_seq_raw_alt .........   Passed    0.73 sec
      Start 531: test_generate_config_lassen_1_32_1_1024_1024_fpp_seq_update_all
 6/18 Test #531: test_generate_config_lassen_1_32_1_1024_1024_fpp_seq_update_all ......   Passed    0.80 sec
      Start 533: test_generate_config_lassen_1_32_1_1024_1024_fpp_seq_worm_all
 7/18 Test #533: test_generate_config_lassen_1_32_1_1024_1024_fpp_seq_worm_all ........   Passed    0.72 sec
      Start 535: test_generate_config_lassen_1_32_1_1024_1024_fpp_seq_worm_split
 8/18 Test #535: test_generate_config_lassen_1_32_1_1024_1024_fpp_seq_worm_split ......   Passed    0.91 sec
      Start 537: test_generate_config_lassen_1_32_1_1024_1024_fpp_seq_worm_alt
 9/18 Test #537: test_generate_config_lassen_1_32_1_1024_1024_fpp_seq_worm_alt ........   Passed    0.78 sec
      Start 539: test_generate_config_lassen_1_32_1_1024_1024_fpp_random_wo_all
10/18 Test #539: test_generate_config_lassen_1_32_1_1024_1024_fpp_random_wo_all .......   Passed    0.78 sec
      Start 541: test_generate_config_lassen_1_32_1_1024_1024_fpp_random_ro_all
11/18 Test #541: test_generate_config_lassen_1_32_1_1024_1024_fpp_random_ro_all .......   Passed    0.77 sec
      Start 543: test_generate_config_lassen_1_32_1_1024_1024_fpp_random_raw_all
12/18 Test #543: test_generate_config_lassen_1_32_1_1024_1024_fpp_random_raw_all ......   Passed    1.05 sec
      Start 545: test_generate_config_lassen_1_32_1_1024_1024_fpp_random_raw_split
13/18 Test #545: test_generate_config_lassen_1_32_1_1024_1024_fpp_random_raw_split ....   Passed    0.77 sec
      Start 547: test_generate_config_lassen_1_32_1_1024_1024_fpp_random_raw_alt
14/18 Test #547: test_generate_config_lassen_1_32_1_1024_1024_fpp_random_raw_alt ......   Passed    0.67 sec
      Start 549: test_generate_config_lassen_1_32_1_1024_1024_fpp_random_update_all
15/18 Test #549: test_generate_config_lassen_1_32_1_1024_1024_fpp_random_update_all ...   Passed    0.79 sec
      Start 551: test_generate_config_lassen_1_32_1_1024_1024_fpp_random_worm_all
16/18 Test #551: test_generate_config_lassen_1_32_1_1024_1024_fpp_random_worm_all .....   Passed    0.66 sec
      Start 553: test_generate_config_lassen_1_32_1_1024_1024_fpp_random_worm_split
17/18 Test #553: test_generate_config_lassen_1_32_1_1024_1024_fpp_random_worm_split ...   Passed    0.62 sec
      Start 555: test_generate_config_lassen_1_32_1_1024_1024_fpp_random_worm_alt
18/18 Test #555: test_generate_config_lassen_1_32_1_1024_1024_fpp_random_worm_alt .....   Passed    0.77 sec

100% tests passed, 0 tests failed out of 18

Total Test time (real) =  14.45 sec
Timing, Baseline
UpdateCTestConfiguration  from :/usr/workspace/iopp/software/tailorfs/build_1/DartConfiguration.tcl
UpdateCTestConfiguration  from :/usr/workspace/iopp/software/tailorfs/build_1/DartConfiguration.tcl
Test project /usr/workspace/iopp/software/tailorfs/build_1
Constructing a list of tests
Done constructing a list of tests
Updating test list for fixtures
Added 0 tests to meet fixture requirements
Checking test dependency graph...
Checking test dependency graph end
test 853
    Start 853: test_baseline_mb_lassen_1_32_1_1024_1024_fpp_seq_wo_all

853: Test command: /usr/tcetmp/bin/jsrun "-r" "1" "-a" "32" "-c" "32" "-d" "packed" "/usr/workspace/iopp/software/tailorfs/build_1/bin/io_tests" "--request_size" "1048576" "--iteration" "1024" "--ranks_per_node" "32" "--access_pattern" "0" "--file_sharing" "0" "--process_grouping" "0" "--reporter" "compact" "Write-Only"
853: Environment variables: 
853:  pfs=/p/gpfs1/iopp
853:  BBPATH=/mnt/bb_c803d33fcd7eb5513297d6e52cb07a36
853:  LD_LIBRARY_PATH=/usr/workspace/iopp/software/tailorfs/build_1/lib:/usr/workspace/iopp/software/tailorfs/dependency/.spack-env/view/lib
853: Test timeout computed to be: 10000000
853: Warning: Overriding <MPI_ROOT UNEXPECTEDLY NOT SET> (module loaded must exactly match)
853: Warning: Using      spectrum-mpi/2020.08.19 to match app's MPI
853: Please tell John Gyllenhaal (gyllen@llnl.gov, 4-5485) if this MPI env fix doesn't work
853: Filters: Write-Only
853: RNG seed: 2964880681
853: Passed 1 test case with 1036 assertions.
853: 
853: Filters: Write-Only
853: RNG seed: 1502625853
853: Passed 1 test case with 1036 assertions.
853: 
853: Filters: Write-Only
853: RNG seed: 2022105299
853: Passed 1 test case with 1036 assertions.
853: 
853: Filters: Write-Only
853: RNG seed: 3485350736
853: Passed 1 test case with 1036 assertions.
853: 
853: Filters: Write-Only
853: RNG seed: 39219226
853: Passed 1 test case with 1036 assertions.
853: 
853: Filters: Write-Only
853: RNG seed: 1677642377
853: Passed 1 test case with 1036 assertions.
853: 
853: Filters: Write-Only
853: RNG seed: 4053941112
853: Passed 1 test case with 1036 assertions.
853: 
853: Filters: Write-Only
853: RNG seed: 2567085457
853: Passed 1 test case with 1036 assertions.
853: 
853: Filters: Write-Only
853: RNG seed: 917897232
853: [TAILORFS PRINT]:     Timing,      1024,   1048576,  0.000000,  0.000000,  0.079955,  0.000346,  0.888425,  0.000000,     POSIX,        wo,1,0,0,0
853: 
853: Passed 1 test case with 1036 assertions.
853: 
853: Filters: Write-Only
853: RNG seed: 1164789615
853: Passed 1 test case with 1036 assertions.
853: 
853: Filters: Write-Only
853: RNG seed: 1758586081
853: Passed 1 test case with 1036 assertions.
853: 
853: Filters: Write-Only
853: RNG seed: 4200229918
853: Passed 1 test case with 1036 assertions.
853: 
853: Filters: Write-Only
853: RNG seed: 3978572692
853: Passed 1 test case with 1036 assertions.
853: 
853: Filters: Write-Only
853: RNG seed: 1625994109
853: Passed 1 test case with 1036 assertions.
853: 
853: Filters: Write-Only
853: RNG seed: 3359775955
853: Passed 1 test case with 1036 assertions.
853: 
853: Filters: Write-Only
853: RNG seed: 1654683210
853: Passed 1 test case with 1036 assertions.
853: 
853: Filters: Write-Only
853: RNG seed: 3221730231
853: Passed 1 test case with 1036 assertions.
853: 
853: Filters: Write-Only
853: RNG seed: 3116786493
853: Passed 1 test case with 1036 assertions.
853: 
853: Filters: Write-Only
853: RNG seed: 2406705575
853: Passed 1 test case with 1036 assertions.
853: 
853: Filters: Write-Only
853: RNG seed: 1274068937
853: Passed 1 test case with 1036 assertions.
853: 
853: Filters: Write-Only
853: RNG seed: 84072035
853: Passed 1 test case with 1036 assertions.
853: 
853: Filters: Write-Only
853: RNG seed: 502834797
853: Passed 1 test case with 1036 assertions.
853: 
853: Filters: Write-Only
853: RNG seed: 641912904
853: Passed 1 test case with 1036 assertions.
853: 
853: Filters: Write-Only
853: RNG seed: 1345209719
853: Passed 1 test case with 1036 assertions.
853: 
853: Filters: Write-Only
853: RNG seed: 1135595252
853: Passed 1 test case with 1036 assertions.
853: 
853: Filters: Write-Only
853: RNG seed: 3620109928
853: Passed 1 test case with 1036 assertions.
853: 
853: Filters: Write-Only
853: RNG seed: 2877174944
853: Passed 1 test case with 1036 assertions.
853: 
853: Filters: Write-Only
853: RNG seed: 2866202756
853: Passed 1 test case with 1036 assertions.
853: 
853: Filters: Write-Only
853: RNG seed: 762739261
853: Passed 1 test case with 1036 assertions.
853: 
853: Filters: Write-Only
853: RNG seed: 1139592680
853: Passed 1 test case with 1036 assertions.
853: 
853: Filters: Write-Only
853: RNG seed: 3928480584
853: Passed 1 test case with 1036 assertions.
853: 
853: Filters: Write-Only
853: RNG seed: 1629816155
853: Passed 1 test case with 1036 assertions.
853: 
1/9 Test #853: test_baseline_mb_lassen_1_32_1_1024_1024_fpp_seq_wo_all .......   Passed    3.17 sec
test 855
    Start 855: test_baseline_mb_lassen_1_32_1_1024_1024_fpp_seq_ro_all

855: Test command: /usr/tcetmp/bin/jsrun "-r" "1" "-a" "32" "-c" "32" "-d" "packed" "/usr/workspace/iopp/software/tailorfs/build_1/bin/io_tests" "--request_size" "1048576" "--iteration" "1024" "--ranks_per_node" "32" "--access_pattern" "0" "--file_sharing" "0" "--process_grouping" "0" "--reporter" "compact" "Read-Only"
855: Environment variables: 
855:  pfs=/p/gpfs1/iopp
855:  BBPATH=/mnt/bb_c803d33fcd7eb5513297d6e52cb07a36
855:  LD_LIBRARY_PATH=/usr/workspace/iopp/software/tailorfs/build_1/lib:/usr/workspace/iopp/software/tailorfs/dependency/.spack-env/view/lib
855: Test timeout computed to be: 10000000
855: Warning: Overriding <MPI_ROOT UNEXPECTEDLY NOT SET> (module loaded must exactly match)
855: Warning: Using      spectrum-mpi/2020.08.19 to match app's MPI
855: Please tell John Gyllenhaal (gyllen@llnl.gov, 4-5485) if this MPI env fix doesn't work
855: Filters: Read-Only
855: RNG seed: 1711148191
855: Passed 1 test case with 1038 assertions.
855: 
855: Filters: Read-Only
855: RNG seed: 1906819981
855: Passed 1 test case with 1038 assertions.
855: 
855: Filters: Read-Only
855: RNG seed: 353849756
855: Passed 1 test case with 1038 assertions.
855: 
855: Filters: Read-Only
855: RNG seed: 3502681333
855: Passed 1 test case with 1038 assertions.
855: 
855: Filters: Read-Only
855: RNG seed: 3339530977
855: Passed 1 test case with 1038 assertions.
855: 
855: Filters: Read-Only
855: RNG seed: 1133893232
855: Passed 1 test case with 1038 assertions.
855: 
855: Filters: Read-Only
855: RNG seed: 2632073224
855: Passed 1 test case with 1038 assertions.
855: 
855: Filters: Read-Only
855: RNG seed: 776309903
855: Passed 1 test case with 1038 assertions.
855: 
855: Filters: Read-Only
855: RNG seed: 1295319536
855: Passed 1 test case with 1038 assertions.
855: 
855: Filters: Read-Only
855: RNG seed: 3187514185
855: Passed 1 test case with 1038 assertions.
855: 
855: Filters: Read-Only
855: RNG seed: 2895745405
855: Passed 1 test case with 1038 assertions.
855: 
855: Filters: Read-Only
855: RNG seed: 1126654576
855: Passed 1 test case with 1038 assertions.
855: 
855: Filters: Read-Only
855: RNG seed: 957393715
855: Passed 1 test case with 1038 assertions.
855: 
855: Filters: Read-Only
855: RNG seed: 3229262900
855: Passed 1 test case with 1038 assertions.
855: 
855: Filters: Read-Only
855: RNG seed: 2665445379
855: Passed 1 test case with 1038 assertions.
855: 
855: Filters: Read-Only
855: RNG seed: 239858072
855: Passed 1 test case with 1038 assertions.
855: 
855: Filters: Read-Only
855: RNG seed: 505453752
855: Passed 1 test case with 1038 assertions.
855: 
855: Filters: Read-Only
855: RNG seed: 2750213677
855: Passed 1 test case with 1038 assertions.
855: 
855: Filters: Read-Only
855: RNG seed: 4221857396
855: Passed 1 test case with 1038 assertions.
855: 
855: Filters: Read-Only
855: RNG seed: 2726778464
855: Passed 1 test case with 1038 assertions.
855: 
855: Filters: Read-Only
855: RNG seed: 1817115474
855: Passed 1 test case with 1038 assertions.
855: 
855: Filters: Read-Only
855: RNG seed: 897794899
855: Passed 1 test case with 1038 assertions.
855: 
855: Filters: Read-Only
855: RNG seed: 2408826876
855: Passed 1 test case with 1038 assertions.
855: 
855: Filters: Read-Only
855: RNG seed: 3127437024
855: Passed 1 test case with 1038 assertions.
855: 
855: Filters: Read-Only
855: RNG seed: 1925420333
855: Passed 1 test case with 1038 assertions.
855: 
855: Filters: Read-Only
855: RNG seed: 2869741467
855: Passed 1 test case with 1038 assertions.
855: 
855: Filters: Read-Only
855: RNG seed: 526039375
855: [TAILORFS PRINT]:     Timing,      1024,   1048576,  0.000000,  0.000000,  0.000061,  0.000035,  0.000000,  0.979648,     POSIX,        ro,1,0,0,0
855: 
855: Passed 1 test case with 1039 assertions.
855: 
855: Filters: Read-Only
855: RNG seed: 2097013200
855: Passed 1 test case with 1038 assertions.
855: 
855: Filters: Read-Only
855: RNG seed: 4200528659
855: Passed 1 test case with 1038 assertions.
855: 
855: Filters: Read-Only
855: RNG seed: 993073569
855: Passed 1 test case with 1038 assertions.
855: 
855: Filters: Read-Only
855: RNG seed: 2297477156
855: Passed 1 test case with 1038 assertions.
855: 
855: Filters: Read-Only
855: RNG seed: 2299014107
855: Passed 1 test case with 1038 assertions.
855: 
2/9 Test #855: test_baseline_mb_lassen_1_32_1_1024_1024_fpp_seq_ro_all .......   Passed    4.22 sec
test 857
    Start 857: test_baseline_mb_lassen_1_32_1_1024_1024_fpp_seq_raw_all

857: Test command: /usr/tcetmp/bin/jsrun "-r" "1" "-a" "32" "-c" "32" "-d" "packed" "/usr/workspace/iopp/software/tailorfs/build_1/bin/io_tests" "--request_size" "1048576" "--iteration" "1024" "--ranks_per_node" "32" "--access_pattern" "0" "--file_sharing" "0" "--process_grouping" "0" "--reporter" "compact" "Read-After-Write"
857: Environment variables: 
857:  pfs=/p/gpfs1/iopp
857:  BBPATH=/mnt/bb_c803d33fcd7eb5513297d6e52cb07a36
857:  LD_LIBRARY_PATH=/usr/workspace/iopp/software/tailorfs/build_1/lib:/usr/workspace/iopp/software/tailorfs/dependency/.spack-env/view/lib
857: Test timeout computed to be: 10000000
857: Warning: Overriding <MPI_ROOT UNEXPECTEDLY NOT SET> (module loaded must exactly match)
857: Warning: Using      spectrum-mpi/2020.08.19 to match app's MPI
857: Please tell John Gyllenhaal (gyllen@llnl.gov, 4-5485) if this MPI env fix doesn't work
857: Filters: Read-After-Write
857: RNG seed: 3146750491
857: Passed 1 test case with 2058 assertions.
857: 
857: Filters: Read-After-Write
857: RNG seed: 1686678424
857: [TAILORFS PRINT]:     Timing,      1024,   1048576,  0.000000,  0.000000,  0.004935,  0.000342,  1.173102,  1.013052,     POSIX,       raw,1,0,0,0
857: 
857: Passed 1 test case with 2058 assertions.
857: 
857: Filters: Read-After-Write
857: RNG seed: 325531526
857: Passed 1 test case with 2058 assertions.
857: 
857: Filters: Read-After-Write
857: RNG seed: 3523133709
857: Passed 1 test case with 2058 assertions.
857: 
857: Filters: Read-After-Write
857: RNG seed: 1890244476
857: Passed 1 test case with 2058 assertions.
857: 
857: Filters: Read-After-Write
857: RNG seed: 1436650330
857: Passed 1 test case with 2058 assertions.
857: 
857: Filters: Read-After-Write
857: RNG seed: 1400761944
857: Passed 1 test case with 2058 assertions.
857: 
857: Filters: Read-After-Write
857: RNG seed: 2588227779
857: Passed 1 test case with 2058 assertions.
857: 
857: Filters: Read-After-Write
857: RNG seed: 4127247299
857: Passed 1 test case with 2058 assertions.
857: 
857: Filters: Read-After-Write
857: RNG seed: 2567371694
857: Passed 1 test case with 2058 assertions.
857: 
857: Filters: Read-After-Write
857: RNG seed: 3644382277
857: Passed 1 test case with 2058 assertions.
857: 
857: Filters: Read-After-Write
857: RNG seed: 3222303014
857: Passed 1 test case with 2058 assertions.
857: 
857: Filters: Read-After-Write
857: RNG seed: 1403752024
857: Passed 1 test case with 2058 assertions.
857: 
857: Filters: Read-After-Write
857: RNG seed: 2406414053
857: Passed 1 test case with 2058 assertions.
857: 
857: Filters: Read-After-Write
857: RNG seed: 1625813766
857: Passed 1 test case with 2058 assertions.
857: 
857: Filters: Read-After-Write
857: RNG seed: 443837719
857: Passed 1 test case with 2058 assertions.
857: 
857: Filters: Read-After-Write
857: RNG seed: 3766361862
857: Passed 1 test case with 2058 assertions.
857: 
857: Filters: Read-After-Write
857: RNG seed: 2564434123
857: Passed 1 test case with 2058 assertions.
857: 
857: Filters: Read-After-Write
857: RNG seed: 3638982534
857: Passed 1 test case with 2058 assertions.
857: 
857: Filters: Read-After-Write
857: RNG seed: 2050916826
857: Passed 1 test case with 2058 assertions.
857: 
857: Filters: Read-After-Write
857: RNG seed: 974816955
857: Passed 1 test case with 2058 assertions.
857: 
857: Filters: Read-After-Write
857: RNG seed: 3750564730
857: Passed 1 test case with 2058 assertions.
857: 
857: Filters: Read-After-Write
857: RNG seed: 1213149
857: Passed 1 test case with 2058 assertions.
857: 
857: Filters: Read-After-Write
857: RNG seed: 3753110205
857: Passed 1 test case with 2058 assertions.
857: 
857: Filters: Read-After-Write
857: RNG seed: 2745308509
857: Passed 1 test case with 2058 assertions.
857: 
857: Filters: Read-After-Write
857: RNG seed: 3392401958
857: Passed 1 test case with 2058 assertions.
857: 
857: Filters: Read-After-Write
857: RNG seed: 2800433520
857: Passed 1 test case with 2058 assertions.
857: 
857: Filters: Read-After-Write
857: RNG seed: 3298217326
857: Passed 1 test case with 2058 assertions.
857: 
857: Filters: Read-After-Write
857: RNG seed: 2084598469
857: Passed 1 test case with 2058 assertions.
857: 
857: Filters: Read-After-Write
857: RNG seed: 951482595
857: Passed 1 test case with 2058 assertions.
857: 
857: Filters: Read-After-Write
857: RNG seed: 1233641498
857: Passed 1 test case with 2058 assertions.
857: 
857: Filters: Read-After-Write
857: RNG seed: 1534992867
857: Passed 1 test case with 2058 assertions.
857: 
3/9 Test #857: test_baseline_mb_lassen_1_32_1_1024_1024_fpp_seq_raw_all ......   Passed    3.88 sec
test 859
    Start 859: test_baseline_mb_lassen_1_32_1_1024_1024_fpp_seq_raw_split

859: Test command: /usr/tcetmp/bin/jsrun "-r" "1" "-a" "32" "-c" "32" "-d" "packed" "/usr/workspace/iopp/software/tailorfs/build_1/bin/io_tests" "--request_size" "1048576" "--iteration" "1024" "--ranks_per_node" "32" "--access_pattern" "0" "--file_sharing" "0" "--process_grouping" "1" "--reporter" "compact" "Read-After-Write"
859: Environment variables: 
859:  pfs=/p/gpfs1/iopp
859:  BBPATH=/mnt/bb_c803d33fcd7eb5513297d6e52cb07a36
859:  LD_LIBRARY_PATH=/usr/workspace/iopp/software/tailorfs/build_1/lib:/usr/workspace/iopp/software/tailorfs/dependency/.spack-env/view/lib
859: Test timeout computed to be: 10000000
859: Warning: Overriding <MPI_ROOT UNEXPECTEDLY NOT SET> (module loaded must exactly match)
859: Warning: Using      spectrum-mpi/2020.08.19 to match app's MPI
859: Please tell John Gyllenhaal (gyllen@llnl.gov, 4-5485) if this MPI env fix doesn't work
859: Filters: Read-After-Write
859: RNG seed: 3620405780
859: Passed 1 test case with 1035 assertions.
859: 
859: Filters: Read-After-Write
859: RNG seed: 663219558
859: Passed 1 test case with 1035 assertions.
859: 
859: Filters: Read-After-Write
859: RNG seed: 2269157839
859: [TAILORFS PRINT]:     Timing,      1024,   1048576,  0.000000,  0.000000,  0.009729,  0.000122,  0.318824,  0.493575,     POSIX,       raw,1,0,0,1
859: 
859: Passed 1 test case with 1035 assertions.
859: 
859: Filters: Read-After-Write
859: RNG seed: 1366649881
859: Passed 1 test case with 1035 assertions.
859: 
859: Filters: Read-After-Write
859: RNG seed: 3687116390
859: Passed 1 test case with 1035 assertions.
859: 
859: Filters: Read-After-Write
859: RNG seed: 3869365302
859: Passed 1 test case with 1035 assertions.
859: 
859: Filters: Read-After-Write
859: RNG seed: 1874882462
859: Passed 1 test case with 1035 assertions.
859: 
859: Filters: Read-After-Write
859: RNG seed: 1157788701
859: Passed 1 test case with 1035 assertions.
859: 
859: Filters: Read-After-Write
859: RNG seed: 2432007140
859: Passed 1 test case with 1035 assertions.
859: 
859: Filters: Read-After-Write
859: RNG seed: 2048704825
859: Passed 1 test case with 1035 assertions.
859: 
859: Filters: Read-After-Write
859: RNG seed: 2371434012
859: Passed 1 test case with 1035 assertions.
859: 
859: Filters: Read-After-Write
859: RNG seed: 733838758
859: Passed 1 test case with 1035 assertions.
859: 
859: Filters: Read-After-Write
859: RNG seed: 3033543509
859: Passed 1 test case with 1035 assertions.
859: 
859: Filters: Read-After-Write
859: RNG seed: 3337053107
859: Passed 1 test case with 1035 assertions.
859: 
859: Filters: Read-After-Write
859: RNG seed: 3616942582
859: Passed 1 test case with 1035 assertions.
859: 
859: Filters: Read-After-Write
859: RNG seed: 317931246
859: Passed 1 test case with 1035 assertions.
859: 
859: Filters: Read-After-Write
859: RNG seed: 1288836482
859: Passed 1 test case with 1035 assertions.
859: 
859: Filters: Read-After-Write
859: RNG seed: 922423391
859: Passed 1 test case with 1035 assertions.
859: 
859: Filters: Read-After-Write
859: RNG seed: 1250234633
859: Passed 1 test case with 1035 assertions.
859: 
859: Filters: Read-After-Write
859: RNG seed: 4267728936
859: Passed 1 test case with 1035 assertions.
859: 
859: Filters: Read-After-Write
859: RNG seed: 302642366
859: Passed 1 test case with 1035 assertions.
859: 
859: Filters: Read-After-Write
859: RNG seed: 3511847643
859: Passed 1 test case with 1035 assertions.
859: 
859: Filters: Read-After-Write
859: RNG seed: 2902613884
859: Passed 1 test case with 1035 assertions.
859: 
859: Filters: Read-After-Write
859: RNG seed: 372188987
859: Passed 1 test case with 1035 assertions.
859: 
859: Filters: Read-After-Write
859: RNG seed: 59890745
859: Passed 1 test case with 1035 assertions.
859: 
859: Filters: Read-After-Write
859: RNG seed: 1472876375
859: Passed 1 test case with 1035 assertions.
859: 
859: Filters: Read-After-Write
859: RNG seed: 2299731217
859: Passed 1 test case with 1035 assertions.
859: 
859: Filters: Read-After-Write
859: RNG seed: 1994066480
859: Passed 1 test case with 1035 assertions.
859: 
859: Filters: Read-After-Write
859: RNG seed: 2188484781
859: Passed 1 test case with 1035 assertions.
859: 
859: Filters: Read-After-Write
859: RNG seed: 1993672930
859: Passed 1 test case with 1035 assertions.
859: 
859: Filters: Read-After-Write
859: RNG seed: 428496773
859: Passed 1 test case with 1035 assertions.
859: 
859: Filters: Read-After-Write
859: RNG seed: 1074149426
859: Passed 1 test case with 1035 assertions.
859: 
4/9 Test #859: test_baseline_mb_lassen_1_32_1_1024_1024_fpp_seq_raw_split ....   Passed    2.56 sec
test 861
    Start 861: test_baseline_mb_lassen_1_32_1_1024_1024_fpp_seq_raw_alt

861: Test command: /usr/tcetmp/bin/jsrun "-r" "1" "-a" "32" "-c" "32" "-d" "packed" "/usr/workspace/iopp/software/tailorfs/build_1/bin/io_tests" "--request_size" "1048576" "--iteration" "1024" "--ranks_per_node" "32" "--access_pattern" "0" "--file_sharing" "0" "--process_grouping" "2" "--reporter" "compact" "Read-After-Write"
861: Environment variables: 
861:  pfs=/p/gpfs1/iopp
861:  BBPATH=/mnt/bb_c803d33fcd7eb5513297d6e52cb07a36
861:  LD_LIBRARY_PATH=/usr/workspace/iopp/software/tailorfs/build_1/lib:/usr/workspace/iopp/software/tailorfs/dependency/.spack-env/view/lib
861: Test timeout computed to be: 10000000
861: Warning: Overriding <MPI_ROOT UNEXPECTEDLY NOT SET> (module loaded must exactly match)
861: Warning: Using      spectrum-mpi/2020.08.19 to match app's MPI
861: Please tell John Gyllenhaal (gyllen@llnl.gov, 4-5485) if this MPI env fix doesn't work
861: Filters: Read-After-Write
861: RNG seed: 1825163829
861: Passed 1 test case with 1035 assertions.
861: 
861: Filters: Read-After-Write
861: RNG seed: 35961008
861: [TAILORFS PRINT]:     Timing,      1024,   1048576,  0.000000,  0.000000,  0.000973,  0.000129,  0.431845,  0.476864,     POSIX,       raw,1,0,0,2
861: 
861: Passed 1 test case with 1035 assertions.
861: 
861: Filters: Read-After-Write
861: RNG seed: 3335217038
861: Passed 1 test case with 1035 assertions.
861: 
861: Filters: Read-After-Write
861: RNG seed: 2728524707
861: Passed 1 test case with 1035 assertions.
861: 
861: Filters: Read-After-Write
861: RNG seed: 1056085389
861: Passed 1 test case with 1035 assertions.
861: 
861: Filters: Read-After-Write
861: RNG seed: 66857981
861: Passed 1 test case with 1035 assertions.
861: 
861: Filters: Read-After-Write
861: RNG seed: 711798855
861: Passed 1 test case with 1035 assertions.
861: 
861: Filters: Read-After-Write
861: RNG seed: 4193972868
861: Passed 1 test case with 1035 assertions.
861: 
861: Filters: Read-After-Write
861: RNG seed: 2333078797
861: Passed 1 test case with 1035 assertions.
861: 
861: Filters: Read-After-Write
861: RNG seed: 1721094904
861: Passed 1 test case with 1035 assertions.
861: 
861: Filters: Read-After-Write
861: RNG seed: 13440239
861: Passed 1 test case with 1035 assertions.
861: 
861: Filters: Read-After-Write
861: RNG seed: 2752747853
861: Passed 1 test case with 1035 assertions.
861: 
861: Filters: Read-After-Write
861: RNG seed: 3844195741
861: Passed 1 test case with 1035 assertions.
861: 
861: Filters: Read-After-Write
861: RNG seed: 4049292075
861: Passed 1 test case with 1035 assertions.
861: 
861: Filters: Read-After-Write
861: RNG seed: 1718189868
861: Passed 1 test case with 1035 assertions.
861: 
861: Filters: Read-After-Write
861: RNG seed: 3694529460
861: Passed 1 test case with 1035 assertions.
861: 
861: Filters: Read-After-Write
861: RNG seed: 3628476752
861: Passed 1 test case with 1035 assertions.
861: 
861: Filters: Read-After-Write
861: RNG seed: 189772430
861: Passed 1 test case with 1035 assertions.
861: 
861: Filters: Read-After-Write
861: RNG seed: 2042173882
861: Passed 1 test case with 1035 assertions.
861: 
861: Filters: Read-After-Write
861: RNG seed: 1864192144
861: Passed 1 test case with 1035 assertions.
861: 
861: Filters: Read-After-Write
861: RNG seed: 1948497083
861: Passed 1 test case with 1035 assertions.
861: 
861: Filters: Read-After-Write
861: RNG seed: 919216138
861: Passed 1 test case with 1035 assertions.
861: 
861: Filters: Read-After-Write
861: RNG seed: 2764711907
861: Passed 1 test case with 1035 assertions.
861: 
861: Filters: Read-After-Write
861: RNG seed: 2000029646
861: Passed 1 test case with 1035 assertions.
861: 
861: Filters: Read-After-Write
861: RNG seed: 125817343
861: Passed 1 test case with 1035 assertions.
861: 
861: Filters: Read-After-Write
861: RNG seed: 1798142058
861: Passed 1 test case with 1035 assertions.
861: 
861: Filters: Read-After-Write
861: RNG seed: 3013153569
861: Passed 1 test case with 1035 assertions.
861: 
861: Filters: Read-After-Write
861: RNG seed: 2703968093
861: Passed 1 test case with 1035 assertions.
861: 
861: Filters: Read-After-Write
861: RNG seed: 4119612371
861: Passed 1 test case with 1035 assertions.
861: 
861: Filters: Read-After-Write
861: RNG seed: 215773939
861: Passed 1 test case with 1035 assertions.
861: 
861: Filters: Read-After-Write
861: RNG seed: 748197545
861: Passed 1 test case with 1035 assertions.
861: 
861: Filters: Read-After-Write
861: RNG seed: 645909889
861: Passed 1 test case with 1035 assertions.
861: 
5/9 Test #861: test_baseline_mb_lassen_1_32_1_1024_1024_fpp_seq_raw_alt ......   Passed    2.81 sec
test 863
    Start 863: test_baseline_mb_lassen_1_32_1_1024_1024_fpp_seq_update_all

863: Test command: /usr/tcetmp/bin/jsrun "-r" "1" "-a" "32" "-c" "32" "-d" "packed" "/usr/workspace/iopp/software/tailorfs/build_1/bin/io_tests" "--request_size" "1048576" "--iteration" "1024" "--ranks_per_node" "32" "--access_pattern" "0" "--file_sharing" "0" "--process_grouping" "0" "--reporter" "compact" "Update"
863: Environment variables: 
863:  pfs=/p/gpfs1/iopp
863:  BBPATH=/mnt/bb_c803d33fcd7eb5513297d6e52cb07a36
863:  LD_LIBRARY_PATH=/usr/workspace/iopp/software/tailorfs/build_1/lib:/usr/workspace/iopp/software/tailorfs/dependency/.spack-env/view/lib
863: Test timeout computed to be: 10000000
863: Warning: Overriding <MPI_ROOT UNEXPECTEDLY NOT SET> (module loaded must exactly match)
863: Warning: Using      spectrum-mpi/2020.08.19 to match app's MPI
863: Please tell John Gyllenhaal (gyllen@llnl.gov, 4-5485) if this MPI env fix doesn't work
863: Filters: Update
863: RNG seed: 2143705321
863: Passed 1 test case with 1038 assertions.
863: 
863: Filters: Update
863: RNG seed: 2403707154
863: Passed 1 test case with 1038 assertions.
863: 
863: Filters: Update
863: RNG seed: 2927360923
863: Passed 1 test case with 1038 assertions.
863: 
863: Filters: Update
863: RNG seed: 3467538514
863: Passed 1 test case with 1038 assertions.
863: 
863: Filters: Update
863: RNG seed: 1174715203
863: Passed 1 test case with 1038 assertions.
863: 
863: Filters: Update
863: RNG seed: 3239552461
863: Passed 1 test case with 1038 assertions.
863: 
863: Filters: Update
863: RNG seed: 1096094409
863: Passed 1 test case with 1038 assertions.
863: 
863: Filters: Update
863: RNG seed: 1381364769
863: Passed 1 test case with 1038 assertions.
863: 
863: Filters: Update
863: RNG seed: 915960865
863: Passed 1 test case with 1038 assertions.
863: 
863: Filters: Update
863: RNG seed: 4153673963
863: Passed 1 test case with 1038 assertions.
863: 
863: Filters: Update
863: RNG seed: 1580065580
863: Passed 1 test case with 1038 assertions.
863: 
863: Filters: Update
863: RNG seed: 1488079173
863: Passed 1 test case with 1038 assertions.
863: 
863: Filters: Update
863: RNG seed: 2872114311
863: Passed 1 test case with 1038 assertions.
863: 
863: Filters: Update
863: RNG seed: 1921619335
863: Passed 1 test case with 1038 assertions.
863: 
863: Filters: Update
863: RNG seed: 4076805259
863: [TAILORFS PRINT]:     Timing,      1024,   1048576,  0.000000,  0.000000,  0.008498,  0.000287,  1.129289,  0.000000,     POSIX,        up,1,0,0,0
863: 
863: Passed 1 test case with 1039 assertions.
863: 
863: Filters: Update
863: RNG seed: 2587631579
863: Passed 1 test case with 1038 assertions.
863: 
863: Filters: Update
863: RNG seed: 2090286403
863: Passed 1 test case with 1038 assertions.
863: 
863: Filters: Update
863: RNG seed: 163936334
863: Passed 1 test case with 1038 assertions.
863: 
863: Filters: Update
863: RNG seed: 2402439246
863: Passed 1 test case with 1038 assertions.
863: 
863: Filters: Update
863: RNG seed: 2145661575
863: Passed 1 test case with 1038 assertions.
863: 
863: Filters: Update
863: RNG seed: 1965198333
863: Passed 1 test case with 1038 assertions.
863: 
863: Filters: Update
863: RNG seed: 3129864900
863: Passed 1 test case with 1038 assertions.
863: 
863: Filters: Update
863: RNG seed: 2476374239
863: Passed 1 test case with 1038 assertions.
863: 
863: Filters: Update
863: RNG seed: 1503577097
863: Passed 1 test case with 1038 assertions.
863: 
863: Filters: Update
863: RNG seed: 3350427161
863: Passed 1 test case with 1038 assertions.
863: 
863: Filters: Update
863: RNG seed: 3419128150
863: Passed 1 test case with 1038 assertions.
863: 
863: Filters: Update
863: RNG seed: 2119341153
863: Passed 1 test case with 1038 assertions.
863: 
863: Filters: Update
863: RNG seed: 3740719927
863: Passed 1 test case with 1038 assertions.
863: 
863: Filters: Update
863: RNG seed: 3773327517
863: Passed 1 test case with 1038 assertions.
863: 
863: Filters: Update
863: RNG seed: 796088100
863: Passed 1 test case with 1038 assertions.
863: 
863: Filters: Update
863: RNG seed: 1853253338
863: Passed 1 test case with 1038 assertions.
863: 
863: Filters: Update
863: RNG seed: 2122208111
863: Passed 1 test case with 1038 assertions.
863: 
6/9 Test #863: test_baseline_mb_lassen_1_32_1_1024_1024_fpp_seq_update_all ...   Passed    4.53 sec
test 865
    Start 865: test_baseline_mb_lassen_1_32_1_1024_1024_fpp_seq_worm_all

865: Test command: /usr/tcetmp/bin/jsrun "-r" "1" "-a" "32" "-c" "32" "-d" "packed" "/usr/workspace/iopp/software/tailorfs/build_1/bin/io_tests" "--request_size" "1048576" "--iteration" "1024" "--ranks_per_node" "32" "--access_pattern" "0" "--file_sharing" "0" "--process_grouping" "0" "--reporter" "compact" "WORM"
865: Environment variables: 
865:  pfs=/p/gpfs1/iopp
865:  BBPATH=/mnt/bb_c803d33fcd7eb5513297d6e52cb07a36
865:  LD_LIBRARY_PATH=/usr/workspace/iopp/software/tailorfs/build_1/lib:/usr/workspace/iopp/software/tailorfs/dependency/.spack-env/view/lib
865: Test timeout computed to be: 10000000
865: Warning: Overriding <MPI_ROOT UNEXPECTEDLY NOT SET> (module loaded must exactly match)
865: Warning: Using      spectrum-mpi/2020.08.19 to match app's MPI
865: Please tell John Gyllenhaal (gyllen@llnl.gov, 4-5485) if this MPI env fix doesn't work
865: Filters: WORM
865: RNG seed: 1792556556
865: Passed 1 test case with 1035 assertions.
865: 
865: Filters: WORM
865: RNG seed: 3837956573
865: Passed 1 test case with 1035 assertions.
865: 
865: Filters: WORM
865: RNG seed: 855620234
865: Passed 1 test case with 1035 assertions.
865: 
865: Filters: WORM
865: RNG seed: 2357408750
865: Passed 1 test case with 1035 assertions.
865: 
865: Filters: WORM
865: RNG seed: 2371540680
865: Passed 1 test case with 1035 assertions.
865: 
865: Filters: WORM
865: RNG seed: 2288259654
865: [TAILORFS PRINT]:     Timing,      1024,   1048576,  0.000000,  0.000000,  0.004129,  0.000277,  1.059373,  0.922287,     POSIX,      worm,1,0,0,0
865: 
865: Passed 1 test case with 1035 assertions.
865: 
865: Filters: WORM
865: RNG seed: 4242757469
865: Passed 1 test case with 1035 assertions.
865: 
865: Filters: WORM
865: RNG seed: 1182945481
865: Passed 1 test case with 1035 assertions.
865: 
865: Filters: WORM
865: RNG seed: 3688890259
865: Passed 1 test case with 1035 assertions.
865: 
865: Filters: WORM
865: RNG seed: 622334972
865: Passed 1 test case with 1035 assertions.
865: 
865: Filters: WORM
865: RNG seed: 1758770332
865: Passed 1 test case with 1035 assertions.
865: 
865: Filters: WORM
865: RNG seed: 2656502211
865: Passed 1 test case with 1035 assertions.
865: 
865: Filters: WORM
865: RNG seed: 3895403762
865: Passed 1 test case with 1035 assertions.
865: 
865: Filters: WORM
865: RNG seed: 1440553069
865: Passed 1 test case with 1035 assertions.
865: 
865: Filters: WORM
865: RNG seed: 3519869409
865: Passed 1 test case with 1035 assertions.
865: 
865: Filters: WORM
865: RNG seed: 2827786127
865: Passed 1 test case with 1035 assertions.
865: 
865: Filters: WORM
865: RNG seed: 3712021512
865: Passed 1 test case with 1035 assertions.
865: 
865: Filters: WORM
865: RNG seed: 11526964
865: Passed 1 test case with 1035 assertions.
865: 
865: Filters: WORM
865: RNG seed: 1103946708
865: Passed 1 test case with 1035 assertions.
865: 
865: Filters: WORM
865: RNG seed: 3868582507
865: Passed 1 test case with 1035 assertions.
865: 
865: Filters: WORM
865: RNG seed: 4159732851
865: Passed 1 test case with 1035 assertions.
865: 
865: Filters: WORM
865: RNG seed: 3565082209
865: Passed 1 test case with 1035 assertions.
865: 
865: Filters: WORM
865: RNG seed: 654612749
865: Passed 1 test case with 1035 assertions.
865: 
865: Filters: WORM
865: RNG seed: 3960458513
865: Passed 1 test case with 1035 assertions.
865: 
865: Filters: WORM
865: RNG seed: 3911663051
865: Passed 1 test case with 1035 assertions.
865: 
865: Filters: WORM
865: RNG seed: 3980635165
865: Passed 1 test case with 1035 assertions.
865: 
865: Filters: WORM
865: RNG seed: 1920040482
865: Passed 1 test case with 1035 assertions.
865: 
865: Filters: WORM
865: RNG seed: 1352061339
865: Passed 1 test case with 1035 assertions.
865: 
865: Filters: WORM
865: RNG seed: 543921262
865: Passed 1 test case with 1035 assertions.
865: 
865: Filters: WORM
865: RNG seed: 506217645
865: Passed 1 test case with 1035 assertions.
865: 
865: Filters: WORM
865: RNG seed: 1463305794
865: Passed 1 test case with 1035 assertions.
865: 
865: Filters: WORM
865: RNG seed: 1282988232
865: Passed 1 test case with 1035 assertions.
865: 
7/9 Test #865: test_baseline_mb_lassen_1_32_1_1024_1024_fpp_seq_worm_all .....   Passed    4.20 sec
test 867
    Start 867: test_baseline_mb_lassen_1_32_1_1024_1024_fpp_seq_worm_split

867: Test command: /usr/tcetmp/bin/jsrun "-r" "1" "-a" "32" "-c" "32" "-d" "packed" "/usr/workspace/iopp/software/tailorfs/build_1/bin/io_tests" "--request_size" "1048576" "--iteration" "1024" "--ranks_per_node" "32" "--access_pattern" "0" "--file_sharing" "0" "--process_grouping" "1" "--reporter" "compact" "WORM"
867: Environment variables: 
867:  pfs=/p/gpfs1/iopp
867:  BBPATH=/mnt/bb_c803d33fcd7eb5513297d6e52cb07a36
867:  LD_LIBRARY_PATH=/usr/workspace/iopp/software/tailorfs/build_1/lib:/usr/workspace/iopp/software/tailorfs/dependency/.spack-env/view/lib
867: Test timeout computed to be: 10000000
867: Warning: Overriding <MPI_ROOT UNEXPECTEDLY NOT SET> (module loaded must exactly match)
867: Warning: Using      spectrum-mpi/2020.08.19 to match app's MPI
867: Please tell John Gyllenhaal (gyllen@llnl.gov, 4-5485) if this MPI env fix doesn't work
867: Filters: WORM
867: RNG seed: 528847735
867: Passed 1 test case with 12 assertions.
867: 
867: Filters: WORM
867: RNG seed: 2899906172
867: [TAILORFS PRINT]:     Timing,      1024,   1048576,  0.000000,  0.000000,  0.000881,  0.000121,  0.331228,  0.345988,     POSIX,      worm,1,0,0,1
867: 
867: Passed 1 test case with 12 assertions.
867: 
867: Filters: WORM
867: RNG seed: 1062901840
867: Passed 1 test case with 12 assertions.
867: 
867: Filters: WORM
867: RNG seed: 1294846429
867: Passed 1 test case with 12 assertions.
867: 
867: Filters: WORM
867: RNG seed: 4201492936
867: Passed 1 test case with 12 assertions.
867: 
867: Filters: WORM
867: RNG seed: 2725069769
867: Passed 1 test case with 12 assertions.
867: 
867: Filters: WORM
867: RNG seed: 2087268994
867: Passed 1 test case with 12 assertions.
867: 
867: Filters: WORM
867: RNG seed: 4128098144
867: Passed 1 test case with 12 assertions.
867: 
867: Filters: WORM
867: RNG seed: 248013580
867: Passed 1 test case with 12 assertions.
867: 
867: Filters: WORM
867: RNG seed: 756425034
867: Passed 1 test case with 12 assertions.
867: 
867: Filters: WORM
867: RNG seed: 236574702
867: Passed 1 test case with 12 assertions.
867: 
867: Filters: WORM
867: RNG seed: 609774702
867: Passed 1 test case with 12 assertions.
867: 
867: Filters: WORM
867: RNG seed: 119605629
867: Passed 1 test case with 12 assertions.
867: 
867: Filters: WORM
867: RNG seed: 487158116
867: Passed 1 test case with 12 assertions.
867: 
867: Filters: WORM
867: RNG seed: 2429402719
867: Passed 1 test case with 12 assertions.
867: 
867: Filters: WORM
867: RNG seed: 2054600512
867: Passed 1 test case with 1035 assertions.
867: 
867: Filters: WORM
867: RNG seed: 3312377351
867: Passed 1 test case with 1035 assertions.
867: 
867: Filters: WORM
867: RNG seed: 1347524910
867: Passed 1 test case with 12 assertions.
867: 
867: Filters: WORM
867: RNG seed: 3439167681
867: Passed 1 test case with 1035 assertions.
867: 
867: Filters: WORM
867: RNG seed: 3696043819
867: Passed 1 test case with 1035 assertions.
867: 
867: Filters: WORM
867: RNG seed: 4028178496
867: Passed 1 test case with 1035 assertions.
867: 
867: Filters: WORM
867: RNG seed: 3813245062
867: Passed 1 test case with 1035 assertions.
867: 
867: Filters: WORM
867: RNG seed: 1327062457
867: Passed 1 test case with 1035 assertions.
867: 
867: Filters: WORM
867: RNG seed: 3219890012
867: Passed 1 test case with 1035 assertions.
867: 
867: Filters: WORM
867: RNG seed: 2571240170
867: Passed 1 test case with 1035 assertions.
867: 
867: Filters: WORM
867: RNG seed: 3099229010
867: Passed 1 test case with 1035 assertions.
867: 
867: Filters: WORM
867: RNG seed: 3905813499
867: Passed 1 test case with 1035 assertions.
867: 
867: Filters: WORM
867: RNG seed: 3252822495
867: Passed 1 test case with 1035 assertions.
867: 
867: Filters: WORM
867: RNG seed: 2264081755
867: Passed 1 test case with 1035 assertions.
867: 
867: Filters: WORM
867: RNG seed: 320103012
867: Passed 1 test case with 1035 assertions.
867: 
867: Filters: WORM
867: RNG seed: 3698616266
867: Passed 1 test case with 1035 assertions.
867: 
867: Filters: WORM
867: RNG seed: 3341447774
867: Passed 1 test case with 1035 assertions.
867: 
8/9 Test #867: test_baseline_mb_lassen_1_32_1_1024_1024_fpp_seq_worm_split ...   Passed    2.75 sec
test 869
    Start 869: test_baseline_mb_lassen_1_32_1_1024_1024_fpp_seq_worm_alt

869: Test command: /usr/tcetmp/bin/jsrun "-r" "1" "-a" "32" "-c" "32" "-d" "packed" "/usr/workspace/iopp/software/tailorfs/build_1/bin/io_tests" "--request_size" "1048576" "--iteration" "1024" "--ranks_per_node" "32" "--access_pattern" "0" "--file_sharing" "0" "--process_grouping" "2" "--reporter" "compact" "WORM"
869: Environment variables: 
869:  pfs=/p/gpfs1/iopp
869:  BBPATH=/mnt/bb_c803d33fcd7eb5513297d6e52cb07a36
869:  LD_LIBRARY_PATH=/usr/workspace/iopp/software/tailorfs/build_1/lib:/usr/workspace/iopp/software/tailorfs/dependency/.spack-env/view/lib
869: Test timeout computed to be: 10000000
869: Warning: Overriding <MPI_ROOT UNEXPECTEDLY NOT SET> (module loaded must exactly match)
869: Warning: Using      spectrum-mpi/2020.08.19 to match app's MPI
869: Please tell John Gyllenhaal (gyllen@llnl.gov, 4-5485) if this MPI env fix doesn't work
869: Filters: WORM
869: RNG seed: 4245451054
869: Passed 1 test case with 12 assertions.
869: 
869: Filters: WORM
869: RNG seed: 2487759185
869: Passed 1 test case with 12 assertions.
869: 
869: Filters: WORM
869: RNG seed: 1556022025
869: Passed 1 test case with 12 assertions.
869: 
869: Filters: WORM
869: RNG seed: 1571676320
869: Passed 1 test case with 1035 assertions.
869: 
869: Filters: WORM
869: RNG seed: 550347348
869: Passed 1 test case with 1035 assertions.
869: 
869: Filters: WORM
869: RNG seed: 3492331966
869: Passed 1 test case with 12 assertions.
869: 
869: Filters: WORM
869: RNG seed: 3841864655
869: Passed 1 test case with 1035 assertions.
869: 
869: Filters: WORM
869: RNG seed: 3371562775
869: Passed 1 test case with 12 assertions.
869: 
869: Filters: WORM
869: RNG seed: 796948690
869: Passed 1 test case with 1035 assertions.
869: 
869: Filters: WORM
869: RNG seed: 555542980
869: Passed 1 test case with 1035 assertions.
869: 
869: Filters: WORM
869: RNG seed: 101329329
869: [TAILORFS PRINT]:     Timing,      1024,   1048576,  0.000000,  0.000000,  0.000900,  0.000128,  0.485181,  0.496969,     POSIX,      worm,1,0,0,2
869: 
869: Passed 1 test case with 12 assertions.
869: 
869: Filters: WORM
869: RNG seed: 3128697824
869: Passed 1 test case with 12 assertions.
869: 
869: Filters: WORM
869: RNG seed: 4285722979
869: Passed 1 test case with 1035 assertions.
869: 
869: Filters: WORM
869: RNG seed: 3426206371
869: Passed 1 test case with 12 assertions.
869: 
869: Filters: WORM
869: RNG seed: 1966334393
869: Passed 1 test case with 1035 assertions.
869: 
869: Filters: WORM
869: RNG seed: 2061289531
869: Passed 1 test case with 12 assertions.
869: 
869: Filters: WORM
869: RNG seed: 838143485
869: Passed 1 test case with 1035 assertions.
869: 
869: Filters: WORM
869: RNG seed: 190383061
869: Passed 1 test case with 12 assertions.
869: 
869: Filters: WORM
869: RNG seed: 1959973310
869: Passed 1 test case with 1035 assertions.
869: 
869: Filters: WORM
869: RNG seed: 3002433982
869: Passed 1 test case with 1035 assertions.
869: 
869: Filters: WORM
869: RNG seed: 59701235
869: Passed 1 test case with 1035 assertions.
869: 
869: Filters: WORM
869: RNG seed: 3268510955
869: Passed 1 test case with 12 assertions.
869: 
869: Filters: WORM
869: RNG seed: 3453662496
869: Passed 1 test case with 12 assertions.
869: 
869: Filters: WORM
869: RNG seed: 3506142796
869: Passed 1 test case with 1035 assertions.
869: 
869: Filters: WORM
869: RNG seed: 1896705737
869: Passed 1 test case with 12 assertions.
869: 
869: Filters: WORM
869: RNG seed: 840268753
869: Passed 1 test case with 12 assertions.
869: 
869: Filters: WORM
869: RNG seed: 1832337385
869: Passed 1 test case with 1035 assertions.
869: 
869: Filters: WORM
869: RNG seed: 604271639
869: Passed 1 test case with 1035 assertions.
869: 
869: Filters: WORM
869: RNG seed: 684646496
869: Passed 1 test case with 1035 assertions.
869: 
869: Filters: WORM
869: RNG seed: 2935000940
869: Passed 1 test case with 12 assertions.
869: 
869: Filters: WORM
869: RNG seed: 890365131
869: Passed 1 test case with 1035 assertions.
869: 
869: Filters: WORM
869: RNG seed: 631540522
869: Passed 1 test case with 12 assertions.
869: 
9/9 Test #869: test_baseline_mb_lassen_1_32_1_1024_1024_fpp_seq_worm_alt .....   Passed    2.76 sec

The following tests passed:
	test_baseline_mb_lassen_1_32_1_1024_1024_fpp_seq_wo_all
	test_baseline_mb_lassen_1_32_1_1024_1024_fpp_seq_ro_all
	test_baseline_mb_lassen_1_32_1_1024_1024_fpp_seq_raw_all
	test_baseline_mb_lassen_1_32_1_1024_1024_fpp_seq_raw_split
	test_baseline_mb_lassen_1_32_1_1024_1024_fpp_seq_raw_alt
	test_baseline_mb_lassen_1_32_1_1024_1024_fpp_seq_update_all
	test_baseline_mb_lassen_1_32_1_1024_1024_fpp_seq_worm_all
	test_baseline_mb_lassen_1_32_1_1024_1024_fpp_seq_worm_split
	test_baseline_mb_lassen_1_32_1_1024_1024_fpp_seq_worm_alt

100% tests passed, 0 tests failed out of 9

Total Test time (real) =  31.01 sec
Timing, TailorFS
UpdateCTestConfiguration  from :/usr/workspace/iopp/software/tailorfs/build_1/DartConfiguration.tcl
UpdateCTestConfiguration  from :/usr/workspace/iopp/software/tailorfs/build_1/DartConfiguration.tcl
Test project /usr/workspace/iopp/software/tailorfs/build_1
Constructing a list of tests
Done constructing a list of tests
Updating test list for fixtures
Added 0 tests to meet fixture requirements
Checking test dependency graph...
Checking test dependency graph end
test 854
    Start 854: test_tailor_mb_lassen_1_32_1_1024_1024_fpp_seq_wo_all

854: Test command: /usr/bin/bash "/usr/workspace/iopp/software/tailorfs/test/scripts/main_unifyfs_wrapper.sh" "lassen" "32" "/usr/workspace/iopp/software/tailorfs" "/usr/workspace/iopp/software/tailorfs/build_1/bin/io_tests" "/g/g92/haridev/unifyfs/logs" "/usr/workspace/iopp/software/tailorfs/dependency/.spack-env/view" "--request_size" "1048576" "--iteration" "1024" "--ranks_per_node" "32" "--access_pattern" "0" "--file_sharing" "0" "--process_grouping" "0" "--reporter" "compact" "Write-Only"
854: Environment variables: 
854:  pfs=/p/gpfs1/iopp
854:  BBPATH=/mnt/bb_c803d33fcd7eb5513297d6e52cb07a36
854:  MIMIR_CONFIG_PATH=/usr/workspace/iopp/software/tailorfs/test/mimir/json_files/lassen/mimir_config_1_32_1_1024_1024_fpp_seq_wo_all.json
854:  LD_LIBRARY_PATH=/usr/workspace/iopp/software/tailorfs/build_1/lib:/usr/workspace/iopp/software/tailorfs/dependency/.spack-env/view/lib
854: Test timeout computed to be: 10000000
854: /usr/workspace/iopp/software/tailorfs/test/scripts/lassen /usr/WS2/iopp/software/tailorfs/build_1/test/micro_benchmark
854: [TailorFS] Configuring test for lassen
854: [TailorFS] Run Test
854: Warning: Overriding <MPI_ROOT UNEXPECTEDLY NOT SET> (module loaded must exactly match)
854: Warning: Using      spectrum-mpi/2020.08.19 to match app's MPI
854: Please tell John Gyllenhaal (gyllen@llnl.gov, 4-5485) if this MPI env fix doesn't work
854: [TAILORFS PRINT]: Enabling ERROR loggin
854: Filters: Write-Only
854: RNG seed: 2358120045
854: [TAILORFS PRINT]: tailorfs::STDIOFSView::Open for file /p/gpfs1/iopp/tailorfs/data/test.dat_1 with redirection to /dev/shm/tailorfs/data
854: Passed 1 test case with 1036 assertions.
854: 
854: [TAILORFS PRINT]: Enabling ERROR loggin
854: Filters: Write-Only
854: RNG seed: 4225041136
854: [TAILORFS PRINT]: tailorfs::STDIOFSView::Open for file /p/gpfs1/iopp/tailorfs/data/test.dat_2 with redirection to /dev/shm/tailorfs/data
854: Passed 1 test case with 1036 assertions.
854: 
854: [TAILORFS PRINT]: Enabling ERROR loggin
854: Filters: Write-Only
854: RNG seed: 951464375
854: [TAILORFS PRINT]: tailorfs::STDIOFSView::Open for file /p/gpfs1/iopp/tailorfs/data/test.dat_4 with redirection to /dev/shm/tailorfs/data
854: Passed 1 test case with 1036 assertions.
854: 
854: [TAILORFS PRINT]: Enabling ERROR loggin
854: Filters: Write-Only
854: RNG seed: 343151132
854: [TAILORFS PRINT]: tailorfs::STDIOFSView::Open for file /p/gpfs1/iopp/tailorfs/data/test.dat_8 with redirection to /dev/shm/tailorfs/data
854: Passed 1 test case with 1036 assertions.
854: 
854: [TAILORFS PRINT]: Enabling ERROR loggin
854: Filters: Write-Only
854: RNG seed: 748413666
854: [TAILORFS PRINT]: tailorfs::STDIOFSView::Open for file /p/gpfs1/iopp/tailorfs/data/test.dat_14 with redirection to /dev/shm/tailorfs/data
854: Passed 1 test case with 1036 assertions.
854: 
854: [TAILORFS PRINT]: Enabling ERROR loggin
854: Filters: Write-Only
854: RNG seed: 1738175794
854: [TAILORFS PRINT]: tailorfs::STDIOFSView::Open for file /p/gpfs1/iopp/tailorfs/data/test.dat_17 with redirection to /dev/shm/tailorfs/data
854: Passed 1 test case with 1036 assertions.
854: 
854: [TAILORFS PRINT]: Enabling ERROR loggin
854: Filters: Write-Only
854: RNG seed: 2490871802
854: [TAILORFS PRINT]: tailorfs::STDIOFSView::Open for file /p/gpfs1/iopp/tailorfs/data/test.dat_5 with redirection to /dev/shm/tailorfs/data
854: Passed 1 test case with 1036 assertions.
854: 
854: [TAILORFS PRINT]: Enabling ERROR loggin
854: Filters: Write-Only
854: RNG seed: 586897209
854: [TAILORFS PRINT]: tailorfs::STDIOFSView::Open for file /p/gpfs1/iopp/tailorfs/data/test.dat_7 with redirection to /dev/shm/tailorfs/data
854: Passed 1 test case with 1036 assertions.
854: 
854: [TAILORFS PRINT]: Enabling ERROR loggin
854: Filters: Write-Only
854: RNG seed: 2640785536
854: [TAILORFS PRINT]: tailorfs::STDIOFSView::Open for file /p/gpfs1/iopp/tailorfs/data/test.dat_6 with redirection to /dev/shm/tailorfs/data
854: Passed 1 test case with 1036 assertions.
854: 
854: [TAILORFS PRINT]: Enabling ERROR loggin
854: Filters: Write-Only
854: RNG seed: 3183378453
854: [TAILORFS PRINT]: tailorfs::STDIOFSView::Open for file /p/gpfs1/iopp/tailorfs/data/test.dat_16 with redirection to /dev/shm/tailorfs/data
854: Passed 1 test case with 1036 assertions.
854: 
854: [TAILORFS PRINT]: Enabling ERROR loggin
854: Filters: Write-Only
854: RNG seed: 719794339
854: [TAILORFS PRINT]: tailorfs::STDIOFSView::Open for file /p/gpfs1/iopp/tailorfs/data/test.dat_3 with redirection to /dev/shm/tailorfs/data
854: Passed 1 test case with 1036 assertions.
854: 
854: [TAILORFS PRINT]: Enabling ERROR loggin
854: Filters: Write-Only
854: RNG seed: 1797336970
854: [TAILORFS PRINT]: tailorfs::STDIOFSView::Open for file /p/gpfs1/iopp/tailorfs/data/test.dat_15 with redirection to /dev/shm/tailorfs/data
854: Passed 1 test case with 1036 assertions.
854: 
854: [TAILORFS PRINT]: Enabling ERROR loggin
854: Filters: Write-Only
854: RNG seed: 3312970642
854: [TAILORFS PRINT]: tailorfs::STDIOFSView::Open for file /p/gpfs1/iopp/tailorfs/data/test.dat_12 with redirection to /dev/shm/tailorfs/data
854: Passed 1 test case with 1036 assertions.
854: 
854: [TAILORFS PRINT]: Enabling ERROR loggin
854: Filters: Write-Only
854: RNG seed: 1356824390
854: [TAILORFS PRINT]: tailorfs::STDIOFSView::Open for file /p/gpfs1/iopp/tailorfs/data/test.dat_0 with redirection to /dev/shm/tailorfs/data
854: [TAILORFS PRINT]:     Timing,      1024,   1048576,  0.000000,  0.000000,  0.006450,  1.026650,  0.282352,  0.000000,     POSIX,        wo,1,0,0,0
854: 
854: Passed 1 test case with 1036 assertions.
854: 
854: [TAILORFS PRINT]: Enabling ERROR loggin
854: Filters: Write-Only
854: RNG seed: 1057103290
854: [TAILORFS PRINT]: tailorfs::STDIOFSView::Open for file /p/gpfs1/iopp/tailorfs/data/test.dat_18 with redirection to /dev/shm/tailorfs/data
854: Passed 1 test case with 1036 assertions.
854: 
854: [TAILORFS PRINT]: Enabling ERROR loggin
854: Filters: Write-Only
854: RNG seed: 1763057654
854: [TAILORFS PRINT]: tailorfs::STDIOFSView::Open for file /p/gpfs1/iopp/tailorfs/data/test.dat_21 with redirection to /dev/shm/tailorfs/data
854: Passed 1 test case with 1036 assertions.
854: 
854: [TAILORFS PRINT]: Enabling ERROR loggin
854: Filters: Write-Only
854: RNG seed: 1305033553
854: [TAILORFS PRINT]: tailorfs::STDIOFSView::Open for file /p/gpfs1/iopp/tailorfs/data/test.dat_20 with redirection to /dev/shm/tailorfs/data
854: Passed 1 test case with 1036 assertions.
854: 
854: [TAILORFS PRINT]: Enabling ERROR loggin
854: Filters: Write-Only
854: RNG seed: 448283425
854: [TAILORFS PRINT]: tailorfs::STDIOFSView::Open for file /p/gpfs1/iopp/tailorfs/data/test.dat_19 with redirection to /dev/shm/tailorfs/data
854: Passed 1 test case with 1036 assertions.
854: 
854: [TAILORFS PRINT]: Enabling ERROR loggin
854: Filters: Write-Only
854: RNG seed: 3862475038
854: [TAILORFS PRINT]: tailorfs::STDIOFSView::Open for file /p/gpfs1/iopp/tailorfs/data/test.dat_23 with redirection to /dev/shm/tailorfs/data
854: Passed 1 test case with 1036 assertions.
854: 
854: [TAILORFS PRINT]: Enabling ERROR loggin
854: Filters: Write-Only
854: RNG seed: 3207270874
854: [TAILORFS PRINT]: tailorfs::STDIOFSView::Open for file /p/gpfs1/iopp/tailorfs/data/test.dat_24 with redirection to /dev/shm/tailorfs/data
854: Passed 1 test case with 1036 assertions.
854: 
854: [TAILORFS PRINT]: Enabling ERROR loggin
854: Filters: Write-Only
854: RNG seed: 1104211981
854: [TAILORFS PRINT]: tailorfs::STDIOFSView::Open for file /p/gpfs1/iopp/tailorfs/data/test.dat_22 with redirection to /dev/shm/tailorfs/data
854: Passed 1 test case with 1036 assertions.
854: 
854: [TAILORFS PRINT]: Enabling ERROR loggin
854: Filters: Write-Only
854: RNG seed: 3806816825
854: [TAILORFS PRINT]: tailorfs::STDIOFSView::Open for file /p/gpfs1/iopp/tailorfs/data/test.dat_25 with redirection to /dev/shm/tailorfs/data
854: Passed 1 test case with 1036 assertions.
854: 
854: [TAILORFS PRINT]: Enabling ERROR loggin
854: Filters: Write-Only
854: RNG seed: 2540374944
854: [TAILORFS PRINT]: tailorfs::STDIOFSView::Open for file /p/gpfs1/iopp/tailorfs/data/test.dat_26 with redirection to /dev/shm/tailorfs/data
854: Passed 1 test case with 1036 assertions.
854: 
854: [TAILORFS PRINT]: Enabling ERROR loggin
854: Filters: Write-Only
854: RNG seed: 855768550
854: [TAILORFS PRINT]: tailorfs::STDIOFSView::Open for file /p/gpfs1/iopp/tailorfs/data/test.dat_27 with redirection to /dev/shm/tailorfs/data
854: Passed 1 test case with 1036 assertions.
854: 
854: [TAILORFS PRINT]: Enabling ERROR loggin
854: Filters: Write-Only
854: RNG seed: 843510160
854: [TAILORFS PRINT]: tailorfs::STDIOFSView::Open for file /p/gpfs1/iopp/tailorfs/data/test.dat_28 with redirection to /dev/shm/tailorfs/data
854: Passed 1 test case with 1036 assertions.
854: 
854: [TAILORFS PRINT]: Enabling ERROR loggin
854: Filters: Write-Only
854: RNG seed: 1774700917
854: [TAILORFS PRINT]: tailorfs::STDIOFSView::Open for file /p/gpfs1/iopp/tailorfs/data/test.dat_30 with redirection to /dev/shm/tailorfs/data
854: Passed 1 test case with 1036 assertions.
854: 
854: [TAILORFS PRINT]: Enabling ERROR loggin
854: Filters: Write-Only
854: RNG seed: 3303769007
854: [TAILORFS PRINT]: tailorfs::STDIOFSView::Open for file /p/gpfs1/iopp/tailorfs/data/test.dat_31 with redirection to /dev/shm/tailorfs/data
854: Passed 1 test case with 1036 assertions.
854: 
854: [TAILORFS PRINT]: Enabling ERROR loggin
854: Filters: Write-Only
854: RNG seed: 18468057
854: [TAILORFS PRINT]: tailorfs::STDIOFSView::Open for file /p/gpfs1/iopp/tailorfs/data/test.dat_11 with redirection to /dev/shm/tailorfs/data
854: Passed 1 test case with 1036 assertions.
854: 
854: [TAILORFS PRINT]: Enabling ERROR loggin
854: Filters: Write-Only
854: RNG seed: 1303029872
854: [TAILORFS PRINT]: tailorfs::STDIOFSView::Open for file /p/gpfs1/iopp/tailorfs/data/test.dat_13 with redirection to /dev/shm/tailorfs/data
854: Passed 1 test case with 1036 assertions.
854: 
854: [TAILORFS PRINT]: Enabling ERROR loggin
854: Filters: Write-Only
854: RNG seed: 1767766204
854: [TAILORFS PRINT]: tailorfs::STDIOFSView::Open for file /p/gpfs1/iopp/tailorfs/data/test.dat_29 with redirection to /dev/shm/tailorfs/data
854: Passed 1 test case with 1036 assertions.
854: 
854: [TAILORFS PRINT]: Enabling ERROR loggin
854: Filters: Write-Only
854: RNG seed: 2502508061
854: [TAILORFS PRINT]: tailorfs::STDIOFSView::Open for file /p/gpfs1/iopp/tailorfs/data/test.dat_9 with redirection to /dev/shm/tailorfs/data
854: Passed 1 test case with 1036 assertions.
854: 
854: [TAILORFS PRINT]: Enabling ERROR loggin
854: Filters: Write-Only
854: RNG seed: 4076628003
854: [TAILORFS PRINT]: tailorfs::STDIOFSView::Open for file /p/gpfs1/iopp/tailorfs/data/test.dat_10 with redirection to /dev/shm/tailorfs/data
854: Passed 1 test case with 1036 assertions.
854: 
854: /usr/WS2/iopp/software/tailorfs/build_1/test/micro_benchmark
854: Finishing test.
854: [TailorFS] Finishing test.
1/9 Test #854: test_tailor_mb_lassen_1_32_1_1024_1024_fpp_seq_wo_all .......   Passed    3.43 sec
test 856
    Start 856: test_tailor_mb_lassen_1_32_1_1024_1024_fpp_seq_ro_all

856: Test command: /usr/bin/bash "/usr/workspace/iopp/software/tailorfs/test/scripts/main_unifyfs_wrapper.sh" "lassen" "32" "/usr/workspace/iopp/software/tailorfs" "/usr/workspace/iopp/software/tailorfs/build_1/bin/io_tests" "/g/g92/haridev/unifyfs/logs" "/usr/workspace/iopp/software/tailorfs/dependency/.spack-env/view" "--request_size" "1048576" "--iteration" "1024" "--ranks_per_node" "32" "--access_pattern" "0" "--file_sharing" "0" "--process_grouping" "0" "--reporter" "compact" "Read-Only"
856: Environment variables: 
856:  pfs=/p/gpfs1/iopp
856:  BBPATH=/mnt/bb_c803d33fcd7eb5513297d6e52cb07a36
856:  MIMIR_CONFIG_PATH=/usr/workspace/iopp/software/tailorfs/test/mimir/json_files/lassen/mimir_config_1_32_1_1024_1024_fpp_seq_ro_all.json
856:  LD_LIBRARY_PATH=/usr/workspace/iopp/software/tailorfs/build_1/lib:/usr/workspace/iopp/software/tailorfs/dependency/.spack-env/view/lib
856: Test timeout computed to be: 10000000
856: /usr/workspace/iopp/software/tailorfs/test/scripts/lassen /usr/WS2/iopp/software/tailorfs/build_1/test/micro_benchmark
856: [TailorFS] Configuring test for lassen
856: [TailorFS] Run Test
856: Warning: Overriding <MPI_ROOT UNEXPECTEDLY NOT SET> (module loaded must exactly match)
856: Warning: Using      spectrum-mpi/2020.08.19 to match app's MPI
856: Please tell John Gyllenhaal (gyllen@llnl.gov, 4-5485) if this MPI env fix doesn't work
856: [TAILORFS PRINT]: Enabling ERROR loggin
856: Filters: Read-Only
856: RNG seed: 1270331282
856: [TAILORFS PRINT]: tailorfs::STDIOFSView::Open for file /p/gpfs1/iopp/tailorfs/data/test.dat_30 with redirection to /dev/shm/tailorfs/data
856: Passed 1 test case with 1038 assertions.
856: 
856: [TAILORFS PRINT]: Enabling ERROR loggin
856: Filters: Read-Only
856: RNG seed: 3646406636
856: [TAILORFS PRINT]: tailorfs::STDIOFSView::Open for file /p/gpfs1/iopp/tailorfs/data/test.dat_24 with redirection to /dev/shm/tailorfs/data
856: Passed 1 test case with 1038 assertions.
856: 
856: [TAILORFS PRINT]: Enabling ERROR loggin
856: Filters: Read-Only
856: RNG seed: 2574541676
856: [TAILORFS PRINT]: tailorfs::STDIOFSView::Open for file /p/gpfs1/iopp/tailorfs/data/test.dat_19 with redirection to /dev/shm/tailorfs/data
856: Passed 1 test case with 1038 assertions.
856: 
856: [TAILORFS PRINT]: Enabling ERROR loggin
856: Filters: Read-Only
856: RNG seed: 2188814908
856: [TAILORFS PRINT]: tailorfs::STDIOFSView::Open for file /p/gpfs1/iopp/tailorfs/data/test.dat_3 with redirection to /dev/shm/tailorfs/data
856: Passed 1 test case with 1038 assertions.
856: 
856: [TAILORFS PRINT]: Enabling ERROR loggin
856: Filters: Read-Only
856: RNG seed: 3521323580
856: [TAILORFS PRINT]: tailorfs::STDIOFSView::Open for file /p/gpfs1/iopp/tailorfs/data/test.dat_7 with redirection to /dev/shm/tailorfs/data
856: Passed 1 test case with 1038 assertions.
856: 
856: [TAILORFS PRINT]: Enabling ERROR loggin
856: Filters: Read-Only
856: RNG seed: 1780473875
856: [TAILORFS PRINT]: tailorfs::STDIOFSView::Open for file /p/gpfs1/iopp/tailorfs/data/test.dat_4 with redirection to /dev/shm/tailorfs/data
856: Passed 1 test case with 1038 assertions.
856: 
856: [TAILORFS PRINT]: Enabling ERROR loggin
856: Filters: Read-Only
856: RNG seed: 3368461001
856: [TAILORFS PRINT]: tailorfs::STDIOFSView::Open for file /p/gpfs1/iopp/tailorfs/data/test.dat_21 with redirection to /dev/shm/tailorfs/data
856: Passed 1 test case with 1038 assertions.
856: 
856: [TAILORFS PRINT]: Enabling ERROR loggin
856: Filters: Read-Only
856: RNG seed: 752914886
856: [TAILORFS PRINT]: tailorfs::STDIOFSView::Open for file /p/gpfs1/iopp/tailorfs/data/test.dat_9 with redirection to /dev/shm/tailorfs/data
856: Passed 1 test case with 1038 assertions.
856: 
856: [TAILORFS PRINT]: Enabling ERROR loggin
856: Filters: Read-Only
856: RNG seed: 4139526172
856: [TAILORFS PRINT]: tailorfs::STDIOFSView::Open for file /p/gpfs1/iopp/tailorfs/data/test.dat_10 with redirection to /dev/shm/tailorfs/data
856: Passed 1 test case with 1038 assertions.
856: 
856: [TAILORFS PRINT]: Enabling ERROR loggin
856: Filters: Read-Only
856: RNG seed: 1721554768
856: [TAILORFS PRINT]: tailorfs::STDIOFSView::Open for file /p/gpfs1/iopp/tailorfs/data/test.dat_11 with redirection to /dev/shm/tailorfs/data
856: Passed 1 test case with 1038 assertions.
856: 
856: [TAILORFS PRINT]: Enabling ERROR loggin
856: Filters: Read-Only
856: RNG seed: 1810128924
856: [TAILORFS PRINT]: tailorfs::STDIOFSView::Open for file /p/gpfs1/iopp/tailorfs/data/test.dat_31 with redirection to /dev/shm/tailorfs/data
856: Passed 1 test case with 1038 assertions.
856: 
856: [TAILORFS PRINT]: Enabling ERROR loggin
856: Filters: Read-Only
856: RNG seed: 2518624066
856: [TAILORFS PRINT]: tailorfs::STDIOFSView::Open for file /p/gpfs1/iopp/tailorfs/data/test.dat_25 with redirection to /dev/shm/tailorfs/data
856: Passed 1 test case with 1038 assertions.
856: 
856: [TAILORFS PRINT]: Enabling ERROR loggin
856: Filters: Read-Only
856: RNG seed: 3961201181
856: [TAILORFS PRINT]: tailorfs::STDIOFSView::Open for file /p/gpfs1/iopp/tailorfs/data/test.dat_23 with redirection to /dev/shm/tailorfs/data
856: Passed 1 test case with 1038 assertions.
856: 
856: [TAILORFS PRINT]: Enabling ERROR loggin
856: Filters: Read-Only
856: RNG seed: 1925840919
856: [TAILORFS PRINT]: tailorfs::STDIOFSView::Open for file /p/gpfs1/iopp/tailorfs/data/test.dat_20 with redirection to /dev/shm/tailorfs/data
856: Passed 1 test case with 1038 assertions.
856: 
856: [TAILORFS PRINT]: Enabling ERROR loggin
856: Filters: Read-Only
856: RNG seed: 662156443
856: [TAILORFS PRINT]: tailorfs::STDIOFSView::Open for file /p/gpfs1/iopp/tailorfs/data/test.dat_2 with redirection to /dev/shm/tailorfs/data
856: Passed 1 test case with 1038 assertions.
856: 
856: [TAILORFS PRINT]: Enabling ERROR loggin
856: Filters: Read-Only
856: RNG seed: 3699913959
856: [TAILORFS PRINT]: tailorfs::STDIOFSView::Open for file /p/gpfs1/iopp/tailorfs/data/test.dat_6 with redirection to /dev/shm/tailorfs/data
856: Passed 1 test case with 1038 assertions.
856: 
856: [TAILORFS PRINT]: Enabling ERROR loggin
856: Filters: Read-Only
856: RNG seed: 34419589
856: [TAILORFS PRINT]: tailorfs::STDIOFSView::Open for file /p/gpfs1/iopp/tailorfs/data/test.dat_27 with redirection to /dev/shm/tailorfs/data
856: Passed 1 test case with 1038 assertions.
856: 
856: [TAILORFS PRINT]: Enabling ERROR loggin
856: Filters: Read-Only
856: RNG seed: 430124122
856: [TAILORFS PRINT]: tailorfs::STDIOFSView::Open for file /p/gpfs1/iopp/tailorfs/data/test.dat_26 with redirection to /dev/shm/tailorfs/data
856: Passed 1 test case with 1038 assertions.
856: 
856: [TAILORFS PRINT]: Enabling ERROR loggin
856: Filters: Read-Only
856: RNG seed: 3534429251
856: [TAILORFS PRINT]: tailorfs::STDIOFSView::Open for file /p/gpfs1/iopp/tailorfs/data/test.dat_12 with redirection to /dev/shm/tailorfs/data
856: Passed 1 test case with 1038 assertions.
856: 
856: [TAILORFS PRINT]: Enabling ERROR loggin
856: Filters: Read-Only
856: RNG seed: 1600680162
856: [TAILORFS PRINT]: tailorfs::STDIOFSView::Open for file /p/gpfs1/iopp/tailorfs/data/test.dat_13 with redirection to /dev/shm/tailorfs/data
856: Passed 1 test case with 1038 assertions.
856: 
856: [TAILORFS PRINT]: Enabling ERROR loggin
856: Filters: Read-Only
856: RNG seed: 4256912846
856: [TAILORFS PRINT]: tailorfs::STDIOFSView::Open for file /p/gpfs1/iopp/tailorfs/data/test.dat_22 with redirection to /dev/shm/tailorfs/data
856: Passed 1 test case with 1038 assertions.
856: 
856: [TAILORFS PRINT]: Enabling ERROR loggin
856: Filters: Read-Only
856: RNG seed: 1184148751
856: [TAILORFS PRINT]: tailorfs::STDIOFSView::Open for file /p/gpfs1/iopp/tailorfs/data/test.dat_14 with redirection to /dev/shm/tailorfs/data
856: Passed 1 test case with 1038 assertions.
856: 
856: [TAILORFS PRINT]: Enabling ERROR loggin
856: Filters: Read-Only
856: RNG seed: 1166277659
856: [TAILORFS PRINT]: tailorfs::STDIOFSView::Open for file /p/gpfs1/iopp/tailorfs/data/test.dat_15 with redirection to /dev/shm/tailorfs/data
856: Passed 1 test case with 1038 assertions.
856: 
856: [TAILORFS PRINT]: Enabling ERROR loggin
856: Filters: Read-Only
856: RNG seed: 3161509951
856: [TAILORFS PRINT]: tailorfs::STDIOFSView::Open for file /p/gpfs1/iopp/tailorfs/data/test.dat_5 with redirection to /dev/shm/tailorfs/data
856: Passed 1 test case with 1038 assertions.
856: 
856: [TAILORFS PRINT]: Enabling ERROR loggin
856: Filters: Read-Only
856: RNG seed: 3067256186
856: [TAILORFS PRINT]: tailorfs::STDIOFSView::Open for file /p/gpfs1/iopp/tailorfs/data/test.dat_16 with redirection to /dev/shm/tailorfs/data
856: Passed 1 test case with 1038 assertions.
856: 
856: [TAILORFS PRINT]: Enabling ERROR loggin
856: Filters: Read-Only
856: RNG seed: 94059115
856: [TAILORFS PRINT]: tailorfs::STDIOFSView::Open for file /p/gpfs1/iopp/tailorfs/data/test.dat_28 with redirection to /dev/shm/tailorfs/data
856: Passed 1 test case with 1038 assertions.
856: 
856: [TAILORFS PRINT]: Enabling ERROR loggin
856: Filters: Read-Only
856: RNG seed: 968086301
856: [TAILORFS PRINT]: tailorfs::STDIOFSView::Open for file /p/gpfs1/iopp/tailorfs/data/test.dat_29 with redirection to /dev/shm/tailorfs/data
856: Passed 1 test case with 1038 assertions.
856: 
856: [TAILORFS PRINT]: Enabling ERROR loggin
856: Filters: Read-Only
856: RNG seed: 3608897682
856: [TAILORFS PRINT]: tailorfs::STDIOFSView::Open for file /p/gpfs1/iopp/tailorfs/data/test.dat_8 with redirection to /dev/shm/tailorfs/data
856: Passed 1 test case with 1038 assertions.
856: 
856: [TAILORFS PRINT]: Enabling ERROR loggin
856: Filters: Read-Only
856: RNG seed: 1914390105
856: [TAILORFS PRINT]: tailorfs::STDIOFSView::Open for file /p/gpfs1/iopp/tailorfs/data/test.dat_17 with redirection to /dev/shm/tailorfs/data
856: Passed 1 test case with 1038 assertions.
856: 
856: [TAILORFS PRINT]: Enabling ERROR loggin
856: Filters: Read-Only
856: RNG seed: 3604662879
856: [TAILORFS PRINT]: tailorfs::STDIOFSView::Open for file /p/gpfs1/iopp/tailorfs/data/test.dat_18 with redirection to /dev/shm/tailorfs/data
856: Passed 1 test case with 1038 assertions.
856: 
856: [TAILORFS PRINT]: Enabling ERROR loggin
856: Filters: Read-Only
856: RNG seed: 2612247865
856: [TAILORFS PRINT]: tailorfs::STDIOFSView::Open for file /p/gpfs1/iopp/tailorfs/data/test.dat_1 with redirection to /dev/shm/tailorfs/data
856: Passed 1 test case with 1038 assertions.
856: 
856: [TAILORFS PRINT]: Enabling ERROR loggin
856: Filters: Read-Only
856: RNG seed: 3184263782
856: [TAILORFS PRINT]: tailorfs::STDIOFSView::Open for file /p/gpfs1/iopp/tailorfs/data/test.dat_0 with redirection to /dev/shm/tailorfs/data
856: [TAILORFS PRINT]:     Timing,      1024,   1048576,  0.000000,  0.000000,  2.699670,  0.027391,  0.000000,  0.124841,     POSIX,        ro,1,0,0,0
856: 
856: Passed 1 test case with 1039 assertions.
856: 
856: /usr/WS2/iopp/software/tailorfs/build_1/test/micro_benchmark
856: Finishing test.
856: [TailorFS] Finishing test.
2/9 Test #856: test_tailor_mb_lassen_1_32_1_1024_1024_fpp_seq_ro_all .......   Passed    6.76 sec
test 858
    Start 858: test_tailor_mb_lassen_1_32_1_1024_1024_fpp_seq_raw_all

858: Test command: /usr/bin/bash "/usr/workspace/iopp/software/tailorfs/test/scripts/main_unifyfs_wrapper.sh" "lassen" "32" "/usr/workspace/iopp/software/tailorfs" "/usr/workspace/iopp/software/tailorfs/build_1/bin/io_tests" "/g/g92/haridev/unifyfs/logs" "/usr/workspace/iopp/software/tailorfs/dependency/.spack-env/view" "--request_size" "1048576" "--iteration" "1024" "--ranks_per_node" "32" "--access_pattern" "0" "--file_sharing" "0" "--process_grouping" "0" "--reporter" "compact" "Read-After-Write"
858: Environment variables: 
858:  pfs=/p/gpfs1/iopp
858:  BBPATH=/mnt/bb_c803d33fcd7eb5513297d6e52cb07a36
858:  MIMIR_CONFIG_PATH=/usr/workspace/iopp/software/tailorfs/test/mimir/json_files/lassen/mimir_config_1_32_1_1024_1024_fpp_seq_raw_all.json
858:  LD_LIBRARY_PATH=/usr/workspace/iopp/software/tailorfs/build_1/lib:/usr/workspace/iopp/software/tailorfs/dependency/.spack-env/view/lib
858: Test timeout computed to be: 10000000
858: /usr/workspace/iopp/software/tailorfs/test/scripts/lassen /usr/WS2/iopp/software/tailorfs/build_1/test/micro_benchmark
858: [TailorFS] Configuring test for lassen
858: [TailorFS] Run Test
858: Warning: Overriding <MPI_ROOT UNEXPECTEDLY NOT SET> (module loaded must exactly match)
858: Warning: Using      spectrum-mpi/2020.08.19 to match app's MPI
858: Please tell John Gyllenhaal (gyllen@llnl.gov, 4-5485) if this MPI env fix doesn't work
858: [TAILORFS PRINT]: Enabling ERROR loggin
858: Filters: Read-After-Write
858: RNG seed: 631762414
858: [TAILORFS PRINT]: tailorfs::STDIOFSView::Open for file /p/gpfs1/iopp/tailorfs/data/test.dat_0 with redirection to /dev/shm/tailorfs/data
858: [TAILORFS PRINT]: tailorfs::STDIOFSView::Open for file /p/gpfs1/iopp/tailorfs/data/test.dat_0 with redirection to /dev/shm/tailorfs/data
858: [TAILORFS PRINT]:     Timing,      1024,   1048576,  0.000000,  0.000000,  2.922447,  1.951358,  0.285961,  0.132494,     POSIX,       raw,1,0,0,0
858: 
858: Passed 1 test case with 2058 assertions.
858: 
858: [TAILORFS PRINT]: Enabling ERROR loggin
858: Filters: Read-After-Write
858: RNG seed: 2915462007
858: [TAILORFS PRINT]: tailorfs::STDIOFSView::Open for file /p/gpfs1/iopp/tailorfs/data/test.dat_5 with redirection to /dev/shm/tailorfs/data
858: [TAILORFS PRINT]: tailorfs::STDIOFSView::Open for file /p/gpfs1/iopp/tailorfs/data/test.dat_5 with redirection to /dev/shm/tailorfs/data
858: Passed 1 test case with 2058 assertions.
858: 
858: [TAILORFS PRINT]: Enabling ERROR loggin
858: Filters: Read-After-Write
858: RNG seed: 3149332575
858: [TAILORFS PRINT]: tailorfs::STDIOFSView::Open for file /p/gpfs1/iopp/tailorfs/data/test.dat_2 with redirection to /dev/shm/tailorfs/data
858: [TAILORFS PRINT]: tailorfs::STDIOFSView::Open for file /p/gpfs1/iopp/tailorfs/data/test.dat_2 with redirection to /dev/shm/tailorfs/data
858: Passed 1 test case with 2058 assertions.
858: 
858: [TAILORFS PRINT]: Enabling ERROR loggin
858: Filters: Read-After-Write
858: RNG seed: 3314920525
858: [TAILORFS PRINT]: tailorfs::STDIOFSView::Open for file /p/gpfs1/iopp/tailorfs/data/test.dat_1 with redirection to /dev/shm/tailorfs/data
858: [TAILORFS PRINT]: tailorfs::STDIOFSView::Open for file /p/gpfs1/iopp/tailorfs/data/test.dat_1 with redirection to /dev/shm/tailorfs/data
858: Passed 1 test case with 2058 assertions.
858: 
858: [TAILORFS PRINT]: Enabling ERROR loggin
858: Filters: Read-After-Write
858: RNG seed: 2787758877
858: [TAILORFS PRINT]: tailorfs::STDIOFSView::Open for file /p/gpfs1/iopp/tailorfs/data/test.dat_9 with redirection to /dev/shm/tailorfs/data
858: [TAILORFS PRINT]: tailorfs::STDIOFSView::Open for file /p/gpfs1/iopp/tailorfs/data/test.dat_9 with redirection to /dev/shm/tailorfs/data
858: Passed 1 test case with 2058 assertions.
858: 
858: [TAILORFS PRINT]: Enabling ERROR loggin
858: Filters: Read-After-Write
858: RNG seed: 3076997384
858: [TAILORFS PRINT]: tailorfs::STDIOFSView::Open for file /p/gpfs1/iopp/tailorfs/data/test.dat_4 with redirection to /dev/shm/tailorfs/data
858: [TAILORFS PRINT]: tailorfs::STDIOFSView::Open for file /p/gpfs1/iopp/tailorfs/data/test.dat_4 with redirection to /dev/shm/tailorfs/data
858: Passed 1 test case with 2058 assertions.
858: 
858: [TAILORFS PRINT]: Enabling ERROR loggin
858: Filters: Read-After-Write
858: RNG seed: 3804825439
858: [TAILORFS PRINT]: tailorfs::STDIOFSView::Open for file /p/gpfs1/iopp/tailorfs/data/test.dat_15 with redirection to /dev/shm/tailorfs/data
858: [TAILORFS PRINT]: tailorfs::STDIOFSView::Open for file /p/gpfs1/iopp/tailorfs/data/test.dat_15 with redirection to /dev/shm/tailorfs/data
858: Passed 1 test case with 2058 assertions.
858: 
858: [TAILORFS PRINT]: Enabling ERROR loggin
858: Filters: Read-After-Write
858: RNG seed: 816631702
858: [TAILORFS PRINT]: tailorfs::STDIOFSView::Open for file /p/gpfs1/iopp/tailorfs/data/test.dat_11 with redirection to /dev/shm/tailorfs/data
858: [TAILORFS PRINT]: tailorfs::STDIOFSView::Open for file /p/gpfs1/iopp/tailorfs/data/test.dat_11 with redirection to /dev/shm/tailorfs/data
858: Passed 1 test case with 2058 assertions.
858: 
858: [TAILORFS PRINT]: Enabling ERROR loggin
858: Filters: Read-After-Write
858: RNG seed: 4226730531
858: [TAILORFS PRINT]: tailorfs::STDIOFSView::Open for file /p/gpfs1/iopp/tailorfs/data/test.dat_10 with redirection to /dev/shm/tailorfs/data
858: [TAILORFS PRINT]: tailorfs::STDIOFSView::Open for file /p/gpfs1/iopp/tailorfs/data/test.dat_10 with redirection to /dev/shm/tailorfs/data
858: Passed 1 test case with 2058 assertions.
858: 
858: [TAILORFS PRINT]: Enabling ERROR loggin
858: Filters: Read-After-Write
858: RNG seed: 1277610563
858: [TAILORFS PRINT]: tailorfs::STDIOFSView::Open for file /p/gpfs1/iopp/tailorfs/data/test.dat_12 with redirection to /dev/shm/tailorfs/data
858: [TAILORFS PRINT]: tailorfs::STDIOFSView::Open for file /p/gpfs1/iopp/tailorfs/data/test.dat_12 with redirection to /dev/shm/tailorfs/data
858: Passed 1 test case with 2058 assertions.
858: 
858: [TAILORFS PRINT]: Enabling ERROR loggin
858: Filters: Read-After-Write
858: RNG seed: 4011656748
858: [TAILORFS PRINT]: tailorfs::STDIOFSView::Open for file /p/gpfs1/iopp/tailorfs/data/test.dat_7 with redirection to /dev/shm/tailorfs/data
858: [TAILORFS PRINT]: tailorfs::STDIOFSView::Open for file /p/gpfs1/iopp/tailorfs/data/test.dat_7 with redirection to /dev/shm/tailorfs/data
858: Passed 1 test case with 2058 assertions.
858: 
858: [TAILORFS PRINT]: Enabling ERROR loggin
858: Filters: Read-After-Write
858: RNG seed: 3900703912
858: [TAILORFS PRINT]: tailorfs::STDIOFSView::Open for file /p/gpfs1/iopp/tailorfs/data/test.dat_6 with redirection to /dev/shm/tailorfs/data
858: [TAILORFS PRINT]: tailorfs::STDIOFSView::Open for file /p/gpfs1/iopp/tailorfs/data/test.dat_6 with redirection to /dev/shm/tailorfs/data
858: Passed 1 test case with 2058 assertions.
858: 
858: [TAILORFS PRINT]: Enabling ERROR loggin
858: Filters: Read-After-Write
858: RNG seed: 2668996539
858: [TAILORFS PRINT]: tailorfs::STDIOFSView::Open for file /p/gpfs1/iopp/tailorfs/data/test.dat_3 with redirection to /dev/shm/tailorfs/data
858: [TAILORFS PRINT]: tailorfs::STDIOFSView::Open for file /p/gpfs1/iopp/tailorfs/data/test.dat_3 with redirection to /dev/shm/tailorfs/data
858: Passed 1 test case with 2058 assertions.
858: 
858: [TAILORFS PRINT]: Enabling ERROR loggin
858: Filters: Read-After-Write
858: RNG seed: 557736415
858: [TAILORFS PRINT]: tailorfs::STDIOFSView::Open for file /p/gpfs1/iopp/tailorfs/data/test.dat_8 with redirection to /dev/shm/tailorfs/data
858: [TAILORFS PRINT]: tailorfs::STDIOFSView::Open for file /p/gpfs1/iopp/tailorfs/data/test.dat_8 with redirection to /dev/shm/tailorfs/data
858: Passed 1 test case with 2058 assertions.
858: 
858: [TAILORFS PRINT]: Enabling ERROR loggin
858: Filters: Read-After-Write
858: RNG seed: 4152507159
858: [TAILORFS PRINT]: tailorfs::STDIOFSView::Open for file /p/gpfs1/iopp/tailorfs/data/test.dat_13 with redirection to /dev/shm/tailorfs/data
858: [TAILORFS PRINT]: tailorfs::STDIOFSView::Open for file /p/gpfs1/iopp/tailorfs/data/test.dat_13 with redirection to /dev/shm/tailorfs/data
858: Passed 1 test case with 2058 assertions.
858: 
858: [TAILORFS PRINT]: Enabling ERROR loggin
858: Filters: Read-After-Write
858: RNG seed: 958009824
858: [TAILORFS PRINT]: tailorfs::STDIOFSView::Open for file /p/gpfs1/iopp/tailorfs/data/test.dat_14 with redirection to /dev/shm/tailorfs/data
858: [TAILORFS PRINT]: tailorfs::STDIOFSView::Open for file /p/gpfs1/iopp/tailorfs/data/test.dat_14 with redirection to /dev/shm/tailorfs/data
858: Passed 1 test case with 2058 assertions.
858: 
858: [TAILORFS PRINT]: Enabling ERROR loggin
858: Filters: Read-After-Write
858: RNG seed: 1879584074
858: [TAILORFS PRINT]: tailorfs::STDIOFSView::Open for file /p/gpfs1/iopp/tailorfs/data/test.dat_16 with redirection to /dev/shm/tailorfs/data
858: [TAILORFS PRINT]: tailorfs::STDIOFSView::Open for file /p/gpfs1/iopp/tailorfs/data/test.dat_16 with redirection to /dev/shm/tailorfs/data
858: Passed 1 test case with 2058 assertions.
858: 
858: [TAILORFS PRINT]: Enabling ERROR loggin
858: Filters: Read-After-Write
858: RNG seed: 261871886
858: [TAILORFS PRINT]: tailorfs::STDIOFSView::Open for file /p/gpfs1/iopp/tailorfs/data/test.dat_18 with redirection to /dev/shm/tailorfs/data
858: [TAILORFS PRINT]: tailorfs::STDIOFSView::Open for file /p/gpfs1/iopp/tailorfs/data/test.dat_18 with redirection to /dev/shm/tailorfs/data
858: Passed 1 test case with 2058 assertions.
858: 
858: [TAILORFS PRINT]: Enabling ERROR loggin
858: Filters: Read-After-Write
858: RNG seed: 3154381482
858: [TAILORFS PRINT]: tailorfs::STDIOFSView::Open for file /p/gpfs1/iopp/tailorfs/data/test.dat_19 with redirection to /dev/shm/tailorfs/data
858: [TAILORFS PRINT]: tailorfs::STDIOFSView::Open for file /p/gpfs1/iopp/tailorfs/data/test.dat_19 with redirection to /dev/shm/tailorfs/data
858: Passed 1 test case with 2058 assertions.
858: 
858: [TAILORFS PRINT]: Enabling ERROR loggin
858: Filters: Read-After-Write
858: RNG seed: 2825322133
858: [TAILORFS PRINT]: tailorfs::STDIOFSView::Open for file /p/gpfs1/iopp/tailorfs/data/test.dat_17 with redirection to /dev/shm/tailorfs/data
858: [TAILORFS PRINT]: tailorfs::STDIOFSView::Open for file /p/gpfs1/iopp/tailorfs/data/test.dat_17 with redirection to /dev/shm/tailorfs/data
858: Passed 1 test case with 2058 assertions.
858: 
858: [TAILORFS PRINT]: Enabling ERROR loggin
858: Filters: Read-After-Write
858: RNG seed: 2899587323
858: [TAILORFS PRINT]: tailorfs::STDIOFSView::Open for file /p/gpfs1/iopp/tailorfs/data/test.dat_21 with redirection to /dev/shm/tailorfs/data
858: [TAILORFS PRINT]: tailorfs::STDIOFSView::Open for file /p/gpfs1/iopp/tailorfs/data/test.dat_21 with redirection to /dev/shm/tailorfs/data
858: Passed 1 test case with 2058 assertions.
858: 
858: [TAILORFS PRINT]: Enabling ERROR loggin
858: Filters: Read-After-Write
858: RNG seed: 1948167026
858: [TAILORFS PRINT]: tailorfs::STDIOFSView::Open for file /p/gpfs1/iopp/tailorfs/data/test.dat_20 with redirection to /dev/shm/tailorfs/data
858: [TAILORFS PRINT]: tailorfs::STDIOFSView::Open for file /p/gpfs1/iopp/tailorfs/data/test.dat_20 with redirection to /dev/shm/tailorfs/data
858: Passed 1 test case with 2058 assertions.
858: 
858: [TAILORFS PRINT]: Enabling ERROR loggin
858: Filters: Read-After-Write
858: RNG seed: 2431706306
858: [TAILORFS PRINT]: tailorfs::STDIOFSView::Open for file /p/gpfs1/iopp/tailorfs/data/test.dat_23 with redirection to /dev/shm/tailorfs/data
858: [TAILORFS PRINT]: tailorfs::STDIOFSView::Open for file /p/gpfs1/iopp/tailorfs/data/test.dat_23 with redirection to /dev/shm/tailorfs/data
858: Passed 1 test case with 2058 assertions.
858: 
858: [TAILORFS PRINT]: Enabling ERROR loggin
858: Filters: Read-After-Write
858: RNG seed: 1592173008
858: [TAILORFS PRINT]: tailorfs::STDIOFSView::Open for file /p/gpfs1/iopp/tailorfs/data/test.dat_22 with redirection to /dev/shm/tailorfs/data
858: [TAILORFS PRINT]: tailorfs::STDIOFSView::Open for file /p/gpfs1/iopp/tailorfs/data/test.dat_22 with redirection to /dev/shm/tailorfs/data
858: Passed 1 test case with 2058 assertions.
858: 
858: [TAILORFS PRINT]: Enabling ERROR loggin
858: Filters: Read-After-Write
858: RNG seed: 953230679
858: [TAILORFS PRINT]: tailorfs::STDIOFSView::Open for file /p/gpfs1/iopp/tailorfs/data/test.dat_24 with redirection to /dev/shm/tailorfs/data
858: [TAILORFS PRINT]: tailorfs::STDIOFSView::Open for file /p/gpfs1/iopp/tailorfs/data/test.dat_24 with redirection to /dev/shm/tailorfs/data
858: Passed 1 test case with 2058 assertions.
858: 
858: [TAILORFS PRINT]: Enabling ERROR loggin
858: Filters: Read-After-Write
858: RNG seed: 1188842305
858: [TAILORFS PRINT]: tailorfs::STDIOFSView::Open for file /p/gpfs1/iopp/tailorfs/data/test.dat_25 with redirection to /dev/shm/tailorfs/data
858: [TAILORFS PRINT]: tailorfs::STDIOFSView::Open for file /p/gpfs1/iopp/tailorfs/data/test.dat_25 with redirection to /dev/shm/tailorfs/data
858: Passed 1 test case with 2058 assertions.
858: 
858: [TAILORFS PRINT]: Enabling ERROR loggin
858: Filters: Read-After-Write
858: RNG seed: 620993333
858: [TAILORFS PRINT]: tailorfs::STDIOFSView::Open for file /p/gpfs1/iopp/tailorfs/data/test.dat_26 with redirection to /dev/shm/tailorfs/data
858: [TAILORFS PRINT]: tailorfs::STDIOFSView::Open for file /p/gpfs1/iopp/tailorfs/data/test.dat_26 with redirection to /dev/shm/tailorfs/data
858: Passed 1 test case with 2058 assertions.
858: 
858: [TAILORFS PRINT]: Enabling ERROR loggin
858: Filters: Read-After-Write
858: RNG seed: 1388448467
858: [TAILORFS PRINT]: tailorfs::STDIOFSView::Open for file /p/gpfs1/iopp/tailorfs/data/test.dat_27 with redirection to /dev/shm/tailorfs/data
858: [TAILORFS PRINT]: tailorfs::STDIOFSView::Open for file /p/gpfs1/iopp/tailorfs/data/test.dat_27 with redirection to /dev/shm/tailorfs/data
858: Passed 1 test case with 2058 assertions.
858: 
858: [TAILORFS PRINT]: Enabling ERROR loggin
858: Filters: Read-After-Write
858: RNG seed: 1702525778
858: [TAILORFS PRINT]: tailorfs::STDIOFSView::Open for file /p/gpfs1/iopp/tailorfs/data/test.dat_28 with redirection to /dev/shm/tailorfs/data
858: [TAILORFS PRINT]: tailorfs::STDIOFSView::Open for file /p/gpfs1/iopp/tailorfs/data/test.dat_28 with redirection to /dev/shm/tailorfs/data
858: Passed 1 test case with 2058 assertions.
858: 
858: [TAILORFS PRINT]: Enabling ERROR loggin
858: Filters: Read-After-Write
858: RNG seed: 3877487850
858: [TAILORFS PRINT]: tailorfs::STDIOFSView::Open for file /p/gpfs1/iopp/tailorfs/data/test.dat_29 with redirection to /dev/shm/tailorfs/data
858: [TAILORFS PRINT]: tailorfs::STDIOFSView::Open for file /p/gpfs1/iopp/tailorfs/data/test.dat_29 with redirection to /dev/shm/tailorfs/data
858: Passed 1 test case with 2058 assertions.
858: 
858: [TAILORFS PRINT]: Enabling ERROR loggin
858: Filters: Read-After-Write
858: RNG seed: 3115720664
858: [TAILORFS PRINT]: tailorfs::STDIOFSView::Open for file /p/gpfs1/iopp/tailorfs/data/test.dat_30 with redirection to /dev/shm/tailorfs/data
858: [TAILORFS PRINT]: tailorfs::STDIOFSView::Open for file /p/gpfs1/iopp/tailorfs/data/test.dat_30 with redirection to /dev/shm/tailorfs/data
858: Passed 1 test case with 2058 assertions.
858: 
858: [TAILORFS PRINT]: Enabling ERROR loggin
858: Filters: Read-After-Write
858: RNG seed: 2163695655
858: [TAILORFS PRINT]: tailorfs::STDIOFSView::Open for file /p/gpfs1/iopp/tailorfs/data/test.dat_31 with redirection to /dev/shm/tailorfs/data
858: [TAILORFS PRINT]: tailorfs::STDIOFSView::Open for file /p/gpfs1/iopp/tailorfs/data/test.dat_31 with redirection to /dev/shm/tailorfs/data
858: Passed 1 test case with 2058 assertions.
858: 
858: /usr/WS2/iopp/software/tailorfs/build_1/test/micro_benchmark
858: Finishing test.
858: [TailorFS] Finishing test.
3/9 Test #858: test_tailor_mb_lassen_1_32_1_1024_1024_fpp_seq_raw_all ......   Passed    8.20 sec
test 860
    Start 860: test_tailor_mb_lassen_1_32_1_1024_1024_fpp_seq_raw_split

860: Test command: /usr/bin/bash "/usr/workspace/iopp/software/tailorfs/test/scripts/main_unifyfs_wrapper.sh" "lassen" "32" "/usr/workspace/iopp/software/tailorfs" "/usr/workspace/iopp/software/tailorfs/build_1/bin/io_tests" "/g/g92/haridev/unifyfs/logs" "/usr/workspace/iopp/software/tailorfs/dependency/.spack-env/view" "--request_size" "1048576" "--iteration" "1024" "--ranks_per_node" "32" "--access_pattern" "0" "--file_sharing" "0" "--process_grouping" "1" "--reporter" "compact" "Read-After-Write"
860: Environment variables: 
860:  pfs=/p/gpfs1/iopp
860:  BBPATH=/mnt/bb_c803d33fcd7eb5513297d6e52cb07a36
860:  MIMIR_CONFIG_PATH=/usr/workspace/iopp/software/tailorfs/test/mimir/json_files/lassen/mimir_config_1_32_1_1024_1024_fpp_seq_raw_split.json
860:  LD_LIBRARY_PATH=/usr/workspace/iopp/software/tailorfs/build_1/lib:/usr/workspace/iopp/software/tailorfs/dependency/.spack-env/view/lib
860: Test timeout computed to be: 10000000
860: /usr/workspace/iopp/software/tailorfs/test/scripts/lassen /usr/WS2/iopp/software/tailorfs/build_1/test/micro_benchmark
860: [TailorFS] Configuring test for lassen
860: [TailorFS] Run Test
860: Warning: Overriding <MPI_ROOT UNEXPECTEDLY NOT SET> (module loaded must exactly match)
860: Warning: Using      spectrum-mpi/2020.08.19 to match app's MPI
860: Please tell John Gyllenhaal (gyllen@llnl.gov, 4-5485) if this MPI env fix doesn't work
860: [MIMIR ERROR]: app hash not matching
860: [MIMIR ERROR]: app hash not matching
860: [MIMIR ERROR]: app hash not matching
860: [MIMIR ERROR]: app hash not matching
860: [MIMIR ERROR]: app hash not matching
860: [MIMIR ERROR]: app hash not matching
860: [MIMIR ERROR]: app hash not matching
860: [MIMIR ERROR]: app hash not matching
860: [MIMIR ERROR]: app hash not matching
860: [MIMIR ERROR]: app hash not matching
860: [MIMIR ERROR]: app hash not matching
860: [MIMIR ERROR]: app hash not matching
860: [MIMIR ERROR]: app hash not matching
860: [MIMIR ERROR]: app hash not matching
860: [MIMIR ERROR]: app hash not matching
860: [MIMIR ERROR]: app hash not matching
860: [MIMIR ERROR]: app hash not matching
860: [MIMIR ERROR]: app hash not matching
860: [MIMIR ERROR]: app hash not matching
860: [MIMIR ERROR]: app hash not matching
860: [MIMIR ERROR]: app hash not matching
860: [MIMIR ERROR]: app hash not matching
860: [MIMIR ERROR]: app hash not matching
860: [MIMIR ERROR]: app hash not matching
860: [MIMIR ERROR]: app hash not matching
860: [MIMIR ERROR]: app hash not matching
860: [MIMIR ERROR]: app hash not matching
860: [MIMIR ERROR]: app hash not matching
860: [MIMIR ERROR]: app hash not matching
860: [MIMIR ERROR]: app hash not matching
860: [MIMIR ERROR]: app hash not matching
860: [MIMIR ERROR]: app hash not matching
860: [TAILORFS PRINT]: Enabling ERROR loggin
860: Filters: Read-After-Write
860: RNG seed: 1057594075
860: [TAILORFS PRINT]:     Timing,      1024,   1048576,  0.000000,  0.000000,  0.001188,  0.000113,  0.367245,  0.577833,     POSIX,       raw,1,0,0,1
860: 
860: Passed 1 test case with 1035 assertions.
860: 
860: [TAILORFS PRINT]: Enabling ERROR loggin
860: Filters: Read-After-Write
860: RNG seed: 2636735802
860: Passed 1 test case with 1035 assertions.
860: 
860: [TAILORFS PRINT]: Enabling ERROR loggin
860: Filters: Read-After-Write
860: RNG seed: 3192024628
860: Passed 1 test case with 1035 assertions.
860: 
860: [TAILORFS PRINT]: Enabling ERROR loggin
860: Filters: Read-After-Write
860: RNG seed: 2098308338
860: Passed 1 test case with 1035 assertions.
860: 
860: [TAILORFS PRINT]: Enabling ERROR loggin
860: Filters: Read-After-Write
860: RNG seed: 487138236
860: Passed 1 test case with 1035 assertions.
860: 
860: [TAILORFS PRINT]: Enabling ERROR loggin
860: Filters: Read-After-Write
860: RNG seed: 2253306247
860: Passed 1 test case with 1035 assertions.
860: 
860: [TAILORFS PRINT]: Enabling ERROR loggin
860: Filters: Read-After-Write
860: RNG seed: 1797294034
860: Passed 1 test case with 1035 assertions.
860: 
860: [TAILORFS PRINT]: Enabling ERROR loggin
860: Filters: Read-After-Write
860: RNG seed: 3807168776
860: Passed 1 test case with 1035 assertions.
860: 
860: [TAILORFS PRINT]: Enabling ERROR loggin
860: Filters: Read-After-Write
860: RNG seed: 2057131694
860: Passed 1 test case with 1035 assertions.
860: 
860: [TAILORFS PRINT]: Enabling ERROR loggin
860: Filters: Read-After-Write
860: RNG seed: 1537707865
860: Passed 1 test case with 1035 assertions.
860: 
860: [TAILORFS PRINT]: Enabling ERROR loggin
860: Filters: Read-After-Write
860: RNG seed: 1280065647
860: Passed 1 test case with 1035 assertions.
860: 
860: [TAILORFS PRINT]: Enabling ERROR loggin
860: Filters: Read-After-Write
860: RNG seed: 756143072
860: Passed 1 test case with 1035 assertions.
860: 
860: [TAILORFS PRINT]: Enabling ERROR loggin
860: Filters: Read-After-Write
860: RNG seed: 1837214257
860: Passed 1 test case with 1035 assertions.
860: 
860: [TAILORFS PRINT]: Enabling ERROR loggin
860: Filters: Read-After-Write
860: RNG seed: 1702811834
860: Passed 1 test case with 1035 assertions.
860: 
860: [TAILORFS PRINT]: Enabling ERROR loggin
860: Filters: Read-After-Write
860: RNG seed: 1519233806
860: Passed 1 test case with 1035 assertions.
860: 
860: [TAILORFS PRINT]: Enabling ERROR loggin
860: Filters: Read-After-Write
860: RNG seed: 716947976
860: Passed 1 test case with 1035 assertions.
860: 
860: [TAILORFS PRINT]: Enabling ERROR loggin
860: Filters: Read-After-Write
860: RNG seed: 1878506015
860: Passed 1 test case with 1035 assertions.
860: 
860: [TAILORFS PRINT]: Enabling ERROR loggin
860: Filters: Read-After-Write
860: RNG seed: 1243205349
860: Passed 1 test case with 1035 assertions.
860: 
860: [TAILORFS PRINT]: Enabling ERROR loggin
860: Filters: Read-After-Write
860: RNG seed: 1287015526
860: Passed 1 test case with 1035 assertions.
860: 
860: [TAILORFS PRINT]: Enabling ERROR loggin
860: Filters: Read-After-Write
860: RNG seed: 2590168016
860: Passed 1 test case with 1035 assertions.
860: 
860: [TAILORFS PRINT]: Enabling ERROR loggin
860: Filters: Read-After-Write
860: RNG seed: 4034211830
860: Passed 1 test case with 1035 assertions.
860: 
860: [TAILORFS PRINT]: Enabling ERROR loggin
860: Filters: Read-After-Write
860: RNG seed: 2374235404
860: Passed 1 test case with 1035 assertions.
860: 
860: [TAILORFS PRINT]: Enabling ERROR loggin
860: Filters: Read-After-Write
860: RNG seed: 2063698401
860: Passed 1 test case with 1035 assertions.
860: 
860: [TAILORFS PRINT]: Enabling ERROR loggin
860: Filters: Read-After-Write
860: RNG seed: 4125735733
860: Passed 1 test case with 1035 assertions.
860: 
860: [TAILORFS PRINT]: Enabling ERROR loggin
860: Filters: Read-After-Write
860: RNG seed: 4141283825
860: Passed 1 test case with 1035 assertions.
860: 
860: [TAILORFS PRINT]: Enabling ERROR loggin
860: Filters: Read-After-Write
860: RNG seed: 2565825097
860: Passed 1 test case with 1035 assertions.
860: 
860: [TAILORFS PRINT]: Enabling ERROR loggin
860: Filters: Read-After-Write
860: RNG seed: 832432010
860: Passed 1 test case with 1035 assertions.
860: 
860: [TAILORFS PRINT]: Enabling ERROR loggin
860: Filters: Read-After-Write
860: RNG seed: 2536420357
860: Passed 1 test case with 1035 assertions.
860: 
860: [TAILORFS PRINT]: Enabling ERROR loggin
860: Filters: Read-After-Write
860: RNG seed: 3190004686
860: Passed 1 test case with 1035 assertions.
860: 
860: [TAILORFS PRINT]: Enabling ERROR loggin
860: Filters: Read-After-Write
860: RNG seed: 725600653
860: Passed 1 test case with 1035 assertions.
860: 
860: [TAILORFS PRINT]: Enabling ERROR loggin
860: Filters: Read-After-Write
860: RNG seed: 2209959623
860: Passed 1 test case with 1035 assertions.
860: 
860: [TAILORFS PRINT]: Enabling ERROR loggin
860: Filters: Read-After-Write
860: RNG seed: 2521290152
860: Passed 1 test case with 1035 assertions.
860: 
860: /usr/WS2/iopp/software/tailorfs/build_1/test/micro_benchmark
860: Finishing test.
860: [TailorFS] Finishing test.
4/9 Test #860: test_tailor_mb_lassen_1_32_1_1024_1024_fpp_seq_raw_split ....   Passed    3.20 sec
test 862
    Start 862: test_tailor_mb_lassen_1_32_1_1024_1024_fpp_seq_raw_alt

862: Test command: /usr/bin/bash "/usr/workspace/iopp/software/tailorfs/test/scripts/main_unifyfs_wrapper.sh" "lassen" "32" "/usr/workspace/iopp/software/tailorfs" "/usr/workspace/iopp/software/tailorfs/build_1/bin/io_tests" "/g/g92/haridev/unifyfs/logs" "/usr/workspace/iopp/software/tailorfs/dependency/.spack-env/view" "--request_size" "1048576" "--iteration" "1024" "--ranks_per_node" "32" "--access_pattern" "0" "--file_sharing" "0" "--process_grouping" "2" "--reporter" "compact" "Read-After-Write"
862: Environment variables: 
862:  pfs=/p/gpfs1/iopp
862:  BBPATH=/mnt/bb_c803d33fcd7eb5513297d6e52cb07a36
862:  MIMIR_CONFIG_PATH=/usr/workspace/iopp/software/tailorfs/test/mimir/json_files/lassen/mimir_config_1_32_1_1024_1024_fpp_seq_raw_alt.json
862:  LD_LIBRARY_PATH=/usr/workspace/iopp/software/tailorfs/build_1/lib:/usr/workspace/iopp/software/tailorfs/dependency/.spack-env/view/lib
862: Test timeout computed to be: 10000000
862: /usr/workspace/iopp/software/tailorfs/test/scripts/lassen /usr/WS2/iopp/software/tailorfs/build_1/test/micro_benchmark
862: [TailorFS] Configuring test for lassen
862: [TailorFS] Run Test
862: Warning: Overriding <MPI_ROOT UNEXPECTEDLY NOT SET> (module loaded must exactly match)
862: Warning: Using      spectrum-mpi/2020.08.19 to match app's MPI
862: Please tell John Gyllenhaal (gyllen@llnl.gov, 4-5485) if this MPI env fix doesn't work
862: [MIMIR ERROR]: app hash not matching
862: [MIMIR ERROR]: app hash not matching
862: [MIMIR ERROR]: app hash not matching
862: [MIMIR ERROR]: app hash not matching
862: [MIMIR ERROR]: app hash not matching
862: [MIMIR ERROR]: app hash not matching
862: [MIMIR ERROR]: app hash not matching
862: [MIMIR ERROR]: app hash not matching
862: [MIMIR ERROR]: app hash not matching
862: [MIMIR ERROR]: app hash not matching
862: [MIMIR ERROR]: app hash not matching
862: [MIMIR ERROR]: app hash not matching
862: [MIMIR ERROR]: app hash not matching
862: [MIMIR ERROR]: app hash not matching
862: [MIMIR ERROR]: app hash not matching
862: [MIMIR ERROR]: app hash not matching
862: [MIMIR ERROR]: app hash not matching
862: [MIMIR ERROR]: app hash not matching
862: [MIMIR ERROR]: app hash not matching
862: [MIMIR ERROR]: app hash not matching
862: [MIMIR ERROR]: app hash not matching
862: [MIMIR ERROR]: app hash not matching
862: [MIMIR ERROR]: app hash not matching
862: [MIMIR ERROR]: app hash not matching
862: [MIMIR ERROR]: app hash not matching
862: [MIMIR ERROR]: app hash not matching
862: [MIMIR ERROR]: app hash not matching
862: [MIMIR ERROR]: app hash not matching
862: [MIMIR ERROR]: app hash not matching
862: [MIMIR ERROR]: app hash not matching
862: [MIMIR ERROR]: app hash not matching
862: [MIMIR ERROR]: app hash not matching
862: [TAILORFS PRINT]: Enabling ERROR loggin
862: Filters: Read-After-Write
862: RNG seed: 2395223895
862: Passed 1 test case with 1035 assertions.
862: 
862: [TAILORFS PRINT]: Enabling ERROR loggin
862: Filters: Read-After-Write
862: RNG seed: 4281355775
862: Passed 1 test case with 1035 assertions.
862: 
862: [TAILORFS PRINT]: Enabling ERROR loggin
862: Filters: Read-After-Write
862: RNG seed: 307265517
862: Passed 1 test case with 1035 assertions.
862: 
862: [TAILORFS PRINT]: Enabling ERROR loggin
862: Filters: Read-After-Write
862: RNG seed: 431731907
862: Passed 1 test case with 1035 assertions.
862: 
862: [TAILORFS PRINT]: Enabling ERROR loggin
862: Filters: Read-After-Write
862: RNG seed: 2551769097
862: Passed 1 test case with 1035 assertions.
862: 
862: [TAILORFS PRINT]: Enabling ERROR loggin
862: Filters: Read-After-Write
862: RNG seed: 1172580059
862: Passed 1 test case with 1035 assertions.
862: 
862: [TAILORFS PRINT]: Enabling ERROR loggin
862: Filters: Read-After-Write
862: RNG seed: 2393964446
862: Passed 1 test case with 1035 assertions.
862: 
862: [TAILORFS PRINT]: Enabling ERROR loggin
862: Filters: Read-After-Write
862: RNG seed: 3877364624
862: Passed 1 test case with 1035 assertions.
862: 
862: [TAILORFS PRINT]: Enabling ERROR loggin
862: Filters: Read-After-Write
862: RNG seed: 995831326
862: Passed 1 test case with 1035 assertions.
862: 
862: [TAILORFS PRINT]: Enabling ERROR loggin
862: Filters: Read-After-Write
862: RNG seed: 3195147150
862: Passed 1 test case with 1035 assertions.
862: 
862: [TAILORFS PRINT]: Enabling ERROR loggin
862: Filters: Read-After-Write
862: RNG seed: 2559083561
862: Passed 1 test case with 1035 assertions.
862: 
862: [TAILORFS PRINT]: Enabling ERROR loggin
862: Filters: Read-After-Write
862: RNG seed: 2079601039
862: [TAILORFS PRINT]:     Timing,      1024,   1048576,  0.000000,  0.000000,  0.001256,  0.000139,  0.433760,  0.559026,     POSIX,       raw,1,0,0,2
862: 
862: Passed 1 test case with 1035 assertions.
862: 
862: [TAILORFS PRINT]: Enabling ERROR loggin
862: Filters: Read-After-Write
862: RNG seed: 1386916184
862: Passed 1 test case with 1035 assertions.
862: 
862: [TAILORFS PRINT]: Enabling ERROR loggin
862: Filters: Read-After-Write
862: RNG seed: 209604982
862: Passed 1 test case with 1035 assertions.
862: 
862: [TAILORFS PRINT]: Enabling ERROR loggin
862: Filters: Read-After-Write
862: RNG seed: 3743451689
862: Passed 1 test case with 1035 assertions.
862: 
862: [TAILORFS PRINT]: Enabling ERROR loggin
862: Filters: Read-After-Write
862: RNG seed: 172011293
862: Passed 1 test case with 1035 assertions.
862: 
862: [TAILORFS PRINT]: Enabling ERROR loggin
862: Filters: Read-After-Write
862: RNG seed: 517426132
862: Passed 1 test case with 1035 assertions.
862: 
862: [TAILORFS PRINT]: Enabling ERROR loggin
862: Filters: Read-After-Write
862: RNG seed: 3686702603
862: Passed 1 test case with 1035 assertions.
862: 
862: [TAILORFS PRINT]: Enabling ERROR loggin
862: Filters: Read-After-Write
862: RNG seed: 3021236541
862: Passed 1 test case with 1035 assertions.
862: 
862: [TAILORFS PRINT]: Enabling ERROR loggin
862: Filters: Read-After-Write
862: RNG seed: 2145471304
862: Passed 1 test case with 1035 assertions.
862: 
862: [TAILORFS PRINT]: Enabling ERROR loggin
862: Filters: Read-After-Write
862: RNG seed: 4130764671
862: Passed 1 test case with 1035 assertions.
862: 
862: [TAILORFS PRINT]: Enabling ERROR loggin
862: Filters: Read-After-Write
862: RNG seed: 2877973177
862: Passed 1 test case with 1035 assertions.
862: 
862: [TAILORFS PRINT]: Enabling ERROR loggin
862: Filters: Read-After-Write
862: RNG seed: 1405064206
862: Passed 1 test case with 1035 assertions.
862: 
862: [TAILORFS PRINT]: Enabling ERROR loggin
862: Filters: Read-After-Write
862: RNG seed: 2736958532
862: Passed 1 test case with 1035 assertions.
862: 
862: [TAILORFS PRINT]: Enabling ERROR loggin
862: Filters: Read-After-Write
862: RNG seed: 303678382
862: Passed 1 test case with 1035 assertions.
862: 
862: [TAILORFS PRINT]: Enabling ERROR loggin
862: Filters: Read-After-Write
862: RNG seed: 580007795
862: Passed 1 test case with 1035 assertions.
862: 
862: [TAILORFS PRINT]: Enabling ERROR loggin
862: Filters: Read-After-Write
862: RNG seed: 2372302421
862: Passed 1 test case with 1035 assertions.
862: 
862: [TAILORFS PRINT]: Enabling ERROR loggin
862: Filters: Read-After-Write
862: RNG seed: 2152418795
862: Passed 1 test case with 1035 assertions.
862: 
862: [TAILORFS PRINT]: Enabling ERROR loggin
862: Filters: Read-After-Write
862: RNG seed: 1801395423
862: Passed 1 test case with 1035 assertions.
862: 
862: [TAILORFS PRINT]: Enabling ERROR loggin
862: Filters: Read-After-Write
862: RNG seed: 2754348569
862: Passed 1 test case with 1035 assertions.
862: 
862: [TAILORFS PRINT]: Enabling ERROR loggin
862: Filters: Read-After-Write
862: RNG seed: 3241697834
862: Passed 1 test case with 1035 assertions.
862: 
862: [TAILORFS PRINT]: Enabling ERROR loggin
862: Filters: Read-After-Write
862: RNG seed: 1361959362
862: Passed 1 test case with 1035 assertions.
862: 
862: /usr/WS2/iopp/software/tailorfs/build_1/test/micro_benchmark
862: Finishing test.
862: [TailorFS] Finishing test.
5/9 Test #862: test_tailor_mb_lassen_1_32_1_1024_1024_fpp_seq_raw_alt ......   Passed    2.92 sec
test 864
    Start 864: test_tailor_mb_lassen_1_32_1_1024_1024_fpp_seq_update_all

864: Test command: /usr/bin/bash "/usr/workspace/iopp/software/tailorfs/test/scripts/main_unifyfs_wrapper.sh" "lassen" "32" "/usr/workspace/iopp/software/tailorfs" "/usr/workspace/iopp/software/tailorfs/build_1/bin/io_tests" "/g/g92/haridev/unifyfs/logs" "/usr/workspace/iopp/software/tailorfs/dependency/.spack-env/view" "--request_size" "1048576" "--iteration" "1024" "--ranks_per_node" "32" "--access_pattern" "0" "--file_sharing" "0" "--process_grouping" "0" "--reporter" "compact" "Update"
864: Environment variables: 
864:  pfs=/p/gpfs1/iopp
864:  BBPATH=/mnt/bb_c803d33fcd7eb5513297d6e52cb07a36
864:  MIMIR_CONFIG_PATH=/usr/workspace/iopp/software/tailorfs/test/mimir/json_files/lassen/mimir_config_1_32_1_1024_1024_fpp_seq_update_all.json
864:  LD_LIBRARY_PATH=/usr/workspace/iopp/software/tailorfs/build_1/lib:/usr/workspace/iopp/software/tailorfs/dependency/.spack-env/view/lib
864: Test timeout computed to be: 10000000
864: /usr/workspace/iopp/software/tailorfs/test/scripts/lassen /usr/WS2/iopp/software/tailorfs/build_1/test/micro_benchmark
864: [TailorFS] Configuring test for lassen
864: [TailorFS] Run Test
864: Warning: Overriding <MPI_ROOT UNEXPECTEDLY NOT SET> (module loaded must exactly match)
864: Warning: Using      spectrum-mpi/2020.08.19 to match app's MPI
864: Please tell John Gyllenhaal (gyllen@llnl.gov, 4-5485) if this MPI env fix doesn't work
864: [TAILORFS ERROR]: Opening file using POSIX - failed
864: [TAILORFS ERROR]: Opening file using POSIX - failed
864: [TAILORFS ERROR]: Opening file using POSIX - failed
864: [TAILORFS ERROR]: Opening file using POSIX - failed
864: [TAILORFS ERROR]: Opening file using POSIX - failed
864: [TAILORFS ERROR]: Opening file using POSIX - failed
864: [TAILORFS ERROR]: Opening file using POSIX - failed
864: [TAILORFS ERROR]: Opening file using POSIX - failed
864: [TAILORFS ERROR]: Opening file using POSIX - failed
864: [TAILORFS ERROR]: Opening file using POSIX - failed
864: [TAILORFS ERROR]: Opening file using POSIX - failed
864: [TAILORFS ERROR]: Opening file using POSIX - failed
864: [TAILORFS ERROR]: Opening file using POSIX - failed
864: [TAILORFS ERROR]: Opening file using POSIX - failed
864: [TAILORFS ERROR]: Opening file using POSIX - failed
864: [TAILORFS ERROR]: Opening file using POSIX - failed
864: [TAILORFS ERROR]: Opening file using POSIX - failed
864: [TAILORFS ERROR]: Opening file using POSIX - failed
864: [TAILORFS ERROR]: Opening file using POSIX - failed
864: [TAILORFS ERROR]: Opening file using POSIX - failed
864: [TAILORFS ERROR]: Opening file using POSIX - failed
864: [TAILORFS ERROR]: Opening file using POSIX - failed
864: [TAILORFS ERROR]: Opening file using POSIX - failed
864: [TAILORFS ERROR]: Opening file using POSIX - failed
864: [TAILORFS ERROR]: Opening file using POSIX - failed
864: [TAILORFS ERROR]: Opening file using POSIX - failed
864: [TAILORFS ERROR]: Opening file using POSIX - failed
864: [TAILORFS ERROR]: Opening file using POSIX - failed
864: [TAILORFS ERROR]: Opening file using POSIX - failed
864: [TAILORFS ERROR]: Opening file using POSIX - failed
864: [TAILORFS ERROR]: Opening file using POSIX - failed
864: [TAILORFS ERROR]: Opening file using POSIX - failed
864: [TAILORFS PRINT]: Enabling ERROR loggin
864: Filters: Update
864: RNG seed: 2362208306
864: [TAILORFS PRINT]: tailorfs::POSIXFSView::Open for file /p/gpfs1/iopp/tailorfs/data/test.dat_12
864: Passed 1 test case with 1038 assertions.
864: 
864: [TAILORFS PRINT]: Enabling ERROR loggin
864: Filters: Update
864: RNG seed: 2808932401
864: [TAILORFS PRINT]: tailorfs::POSIXFSView::Open for file /p/gpfs1/iopp/tailorfs/data/test.dat_21
864: Passed 1 test case with 1038 assertions.
864: 
864: [TAILORFS PRINT]: Enabling ERROR loggin
864: Filters: Update
864: RNG seed: 117050437
864: [TAILORFS PRINT]: tailorfs::POSIXFSView::Open for file /p/gpfs1/iopp/tailorfs/data/test.dat_30
864: Passed 1 test case with 1038 assertions.
864: 
864: [TAILORFS PRINT]: Enabling ERROR loggin
864: Filters: Update
864: RNG seed: 2123008119
864: [TAILORFS PRINT]: tailorfs::POSIXFSView::Open for file /p/gpfs1/iopp/tailorfs/data/test.dat_18
864: Passed 1 test case with 1038 assertions.
864: 
864: [TAILORFS PRINT]: Enabling ERROR loggin
864: Filters: Update
864: RNG seed: 2489197303
864: [TAILORFS PRINT]: tailorfs::POSIXFSView::Open for file /p/gpfs1/iopp/tailorfs/data/test.dat_14
864: Passed 1 test case with 1038 assertions.
864: 
864: [TAILORFS PRINT]: Enabling ERROR loggin
864: Filters: Update
864: RNG seed: 2275071003
864: [TAILORFS PRINT]: tailorfs::POSIXFSView::Open for file /p/gpfs1/iopp/tailorfs/data/test.dat_7
864: Passed 1 test case with 1038 assertions.
864: 
864: [TAILORFS PRINT]: Enabling ERROR loggin
864: Filters: Update
864: RNG seed: 352148578
864: [TAILORFS PRINT]: tailorfs::POSIXFSView::Open for file /p/gpfs1/iopp/tailorfs/data/test.dat_4
864: Passed 1 test case with 1038 assertions.
864: 
864: [TAILORFS PRINT]: Enabling ERROR loggin
864: Filters: Update
864: RNG seed: 2163404880
864: [TAILORFS PRINT]: tailorfs::POSIXFSView::Open for file /p/gpfs1/iopp/tailorfs/data/test.dat_26
864: Passed 1 test case with 1038 assertions.
864: 
864: [TAILORFS PRINT]: Enabling ERROR loggin
864: Filters: Update
864: RNG seed: 639564597
864: [TAILORFS PRINT]: tailorfs::POSIXFSView::Open for file /p/gpfs1/iopp/tailorfs/data/test.dat_1
864: Passed 1 test case with 1038 assertions.
864: 
864: [TAILORFS PRINT]: Enabling ERROR loggin
864: Filters: Update
864: RNG seed: 20144712
864: [TAILORFS PRINT]: tailorfs::POSIXFSView::Open for file /p/gpfs1/iopp/tailorfs/data/test.dat_0
864: [TAILORFS PRINT]:     Timing,      1024,   1048576,  0.000000,  0.000000,  0.006837,  0.000237,  1.130430,  0.000000,     POSIX,        up,1,0,0,0
864: 
864: Passed 1 test case with 1039 assertions.
864: 
864: [TAILORFS PRINT]: Enabling ERROR loggin
864: Filters: Update
864: RNG seed: 1251993748
864: [TAILORFS PRINT]: tailorfs::POSIXFSView::Open for file /p/gpfs1/iopp/tailorfs/data/test.dat_8
864: Passed 1 test case with 1038 assertions.
864: 
864: [TAILORFS PRINT]: Enabling ERROR loggin
864: Filters: Update
864: RNG seed: 502837157
864: [TAILORFS PRINT]: tailorfs::POSIXFSView::Open for file /p/gpfs1/iopp/tailorfs/data/test.dat_5
864: Passed 1 test case with 1038 assertions.
864: 
864: [TAILORFS PRINT]: Enabling ERROR loggin
864: Filters: Update
864: RNG seed: 378565677
864: [TAILORFS PRINT]: tailorfs::POSIXFSView::Open for file /p/gpfs1/iopp/tailorfs/data/test.dat_2
864: Passed 1 test case with 1038 assertions.
864: 
864: [TAILORFS PRINT]: Enabling ERROR loggin
864: Filters: Update
864: RNG seed: 946195352
864: [TAILORFS PRINT]: tailorfs::POSIXFSView::Open for file /p/gpfs1/iopp/tailorfs/data/test.dat_9
864: Passed 1 test case with 1038 assertions.
864: 
864: [TAILORFS PRINT]: Enabling ERROR loggin
864: Filters: Update
864: RNG seed: 1965341809
864: [TAILORFS PRINT]: tailorfs::POSIXFSView::Open for file /p/gpfs1/iopp/tailorfs/data/test.dat_6
864: Passed 1 test case with 1038 assertions.
864: 
864: [TAILORFS PRINT]: Enabling ERROR loggin
864: Filters: Update
864: RNG seed: 367283349
864: [TAILORFS PRINT]: tailorfs::POSIXFSView::Open for file /p/gpfs1/iopp/tailorfs/data/test.dat_25
864: Passed 1 test case with 1038 assertions.
864: 
864: [TAILORFS PRINT]: Enabling ERROR loggin
864: Filters: Update
864: RNG seed: 4113676763
864: [TAILORFS PRINT]: tailorfs::POSIXFSView::Open for file /p/gpfs1/iopp/tailorfs/data/test.dat_10
864: Passed 1 test case with 1038 assertions.
864: 
864: [TAILORFS PRINT]: Enabling ERROR loggin
864: Filters: Update
864: RNG seed: 2691910578
864: [TAILORFS PRINT]: tailorfs::POSIXFSView::Open for file /p/gpfs1/iopp/tailorfs/data/test.dat_13
864: Passed 1 test case with 1038 assertions.
864: 
864: [TAILORFS PRINT]: Enabling ERROR loggin
864: Filters: Update
864: RNG seed: 1660620637
864: [TAILORFS PRINT]: tailorfs::POSIXFSView::Open for file /p/gpfs1/iopp/tailorfs/data/test.dat_15
864: Passed 1 test case with 1038 assertions.
864: 
864: [TAILORFS PRINT]: Enabling ERROR loggin
864: Filters: Update
864: RNG seed: 773220243
864: [TAILORFS PRINT]: tailorfs::POSIXFSView::Open for file /p/gpfs1/iopp/tailorfs/data/test.dat_3
864: Passed 1 test case with 1038 assertions.
864: 
864: [TAILORFS PRINT]: Enabling ERROR loggin
864: Filters: Update
864: RNG seed: 2471811377
864: [TAILORFS PRINT]: tailorfs::POSIXFSView::Open for file /p/gpfs1/iopp/tailorfs/data/test.dat_11
864: Passed 1 test case with 1038 assertions.
864: 
864: [TAILORFS PRINT]: Enabling ERROR loggin
864: Filters: Update
864: RNG seed: 3003839585
864: [TAILORFS PRINT]: tailorfs::POSIXFSView::Open for file /p/gpfs1/iopp/tailorfs/data/test.dat_16
864: Passed 1 test case with 1038 assertions.
864: 
864: [TAILORFS PRINT]: Enabling ERROR loggin
864: Filters: Update
864: RNG seed: 4209505244
864: [TAILORFS PRINT]: tailorfs::POSIXFSView::Open for file /p/gpfs1/iopp/tailorfs/data/test.dat_19
864: Passed 1 test case with 1038 assertions.
864: 
864: [TAILORFS PRINT]: Enabling ERROR loggin
864: Filters: Update
864: RNG seed: 2536452638
864: [TAILORFS PRINT]: tailorfs::POSIXFSView::Open for file /p/gpfs1/iopp/tailorfs/data/test.dat_20
864: Passed 1 test case with 1038 assertions.
864: 
864: [TAILORFS PRINT]: Enabling ERROR loggin
864: Filters: Update
864: RNG seed: 377343588
864: [TAILORFS PRINT]: tailorfs::POSIXFSView::Open for file /p/gpfs1/iopp/tailorfs/data/test.dat_22
864: Passed 1 test case with 1038 assertions.
864: 
864: [TAILORFS PRINT]: Enabling ERROR loggin
864: Filters: Update
864: RNG seed: 3014355973
864: [TAILORFS PRINT]: tailorfs::POSIXFSView::Open for file /p/gpfs1/iopp/tailorfs/data/test.dat_17
864: Passed 1 test case with 1038 assertions.
864: 
864: [TAILORFS PRINT]: Enabling ERROR loggin
864: Filters: Update
864: RNG seed: 2359887874
864: [TAILORFS PRINT]: tailorfs::POSIXFSView::Open for file /p/gpfs1/iopp/tailorfs/data/test.dat_27
864: Passed 1 test case with 1038 assertions.
864: 
864: [TAILORFS PRINT]: Enabling ERROR loggin
864: Filters: Update
864: RNG seed: 956185680
864: [TAILORFS PRINT]: tailorfs::POSIXFSView::Open for file /p/gpfs1/iopp/tailorfs/data/test.dat_23
864: Passed 1 test case with 1038 assertions.
864: 
864: [TAILORFS PRINT]: Enabling ERROR loggin
864: Filters: Update
864: RNG seed: 3960026718
864: [TAILORFS PRINT]: tailorfs::POSIXFSView::Open for file /p/gpfs1/iopp/tailorfs/data/test.dat_29
864: Passed 1 test case with 1038 assertions.
864: 
864: [TAILORFS PRINT]: Enabling ERROR loggin
864: Filters: Update
864: RNG seed: 2982047864
864: [TAILORFS PRINT]: tailorfs::POSIXFSView::Open for file /p/gpfs1/iopp/tailorfs/data/test.dat_24
864: Passed 1 test case with 1038 assertions.
864: 
864: [TAILORFS PRINT]: Enabling ERROR loggin
864: Filters: Update
864: RNG seed: 1816021519
864: [TAILORFS PRINT]: tailorfs::POSIXFSView::Open for file /p/gpfs1/iopp/tailorfs/data/test.dat_28
864: Passed 1 test case with 1038 assertions.
864: 
864: [TAILORFS PRINT]: Enabling ERROR loggin
864: Filters: Update
864: RNG seed: 501399722
864: [TAILORFS PRINT]: tailorfs::POSIXFSView::Open for file /p/gpfs1/iopp/tailorfs/data/test.dat_31
864: Passed 1 test case with 1038 assertions.
864: 
864: /usr/WS2/iopp/software/tailorfs/build_1/test/micro_benchmark
864: Finishing test.
864: [TailorFS] Finishing test.
6/9 Test #864: test_tailor_mb_lassen_1_32_1_1024_1024_fpp_seq_update_all ...   Passed    5.08 sec
test 866
    Start 866: test_tailor_mb_lassen_1_32_1_1024_1024_fpp_seq_worm_all

866: Test command: /usr/bin/bash "/usr/workspace/iopp/software/tailorfs/test/scripts/main_unifyfs_wrapper.sh" "lassen" "32" "/usr/workspace/iopp/software/tailorfs" "/usr/workspace/iopp/software/tailorfs/build_1/bin/io_tests" "/g/g92/haridev/unifyfs/logs" "/usr/workspace/iopp/software/tailorfs/dependency/.spack-env/view" "--request_size" "1048576" "--iteration" "1024" "--ranks_per_node" "32" "--access_pattern" "0" "--file_sharing" "0" "--process_grouping" "0" "--reporter" "compact" "WORM"
866: Environment variables: 
866:  pfs=/p/gpfs1/iopp
866:  BBPATH=/mnt/bb_c803d33fcd7eb5513297d6e52cb07a36
866:  MIMIR_CONFIG_PATH=/usr/workspace/iopp/software/tailorfs/test/mimir/json_files/lassen/mimir_config_1_32_1_1024_1024_fpp_seq_worm_all.json
866:  LD_LIBRARY_PATH=/usr/workspace/iopp/software/tailorfs/build_1/lib:/usr/workspace/iopp/software/tailorfs/dependency/.spack-env/view/lib
866: Test timeout computed to be: 10000000
866: /usr/workspace/iopp/software/tailorfs/test/scripts/lassen /usr/WS2/iopp/software/tailorfs/build_1/test/micro_benchmark
866: [TailorFS] Configuring test for lassen
866: [TailorFS] Run Test
866: Warning: Overriding <MPI_ROOT UNEXPECTEDLY NOT SET> (module loaded must exactly match)
866: Warning: Using      spectrum-mpi/2020.08.19 to match app's MPI
866: Please tell John Gyllenhaal (gyllen@llnl.gov, 4-5485) if this MPI env fix doesn't work
866: [TAILORFS PRINT]: Enabling ERROR loggin
866: Filters: WORM
866: RNG seed: 1227791041
866: [TAILORFS PRINT]: tailorfs::STDIOFSView::Open for file /p/gpfs1/iopp/tailorfs/data/test.dat_0 with redirection to /dev/shm/tailorfs/data
866: [TAILORFS PRINT]: tailorfs::STDIOFSView::Open for file /p/gpfs1/iopp/tailorfs/data/test.dat_0 with redirection to /dev/shm/tailorfs/data
866: [TAILORFS PRINT]:     Timing,      1024,   1048576,  0.000000,  0.000000,  2.968234,  1.687515,  0.546205,  0.136976,     POSIX,      worm,1,0,0,0
866: 
866: Passed 1 test case with 1035 assertions.
866: 
866: [TAILORFS PRINT]: Enabling ERROR loggin
866: Filters: WORM
866: RNG seed: 2944658100
866: [TAILORFS PRINT]: tailorfs::STDIOFSView::Open for file /p/gpfs1/iopp/tailorfs/data/test.dat_6 with redirection to /dev/shm/tailorfs/data
866: [TAILORFS PRINT]: tailorfs::STDIOFSView::Open for file /p/gpfs1/iopp/tailorfs/data/test.dat_6 with redirection to /dev/shm/tailorfs/data
866: Passed 1 test case with 1035 assertions.
866: 
866: [TAILORFS PRINT]: Enabling ERROR loggin
866: Filters: WORM
866: RNG seed: 2420292514
866: [TAILORFS PRINT]: tailorfs::STDIOFSView::Open for file /p/gpfs1/iopp/tailorfs/data/test.dat_11 with redirection to /dev/shm/tailorfs/data
866: [TAILORFS PRINT]: tailorfs::STDIOFSView::Open for file /p/gpfs1/iopp/tailorfs/data/test.dat_11 with redirection to /dev/shm/tailorfs/data
866: Passed 1 test case with 1035 assertions.
866: 
866: [TAILORFS PRINT]: Enabling ERROR loggin
866: Filters: WORM
866: RNG seed: 1884871957
866: [TAILORFS PRINT]: tailorfs::STDIOFSView::Open for file /p/gpfs1/iopp/tailorfs/data/test.dat_7 with redirection to /dev/shm/tailorfs/data
866: [TAILORFS PRINT]: tailorfs::STDIOFSView::Open for file /p/gpfs1/iopp/tailorfs/data/test.dat_7 with redirection to /dev/shm/tailorfs/data
866: Passed 1 test case with 1035 assertions.
866: 
866: [TAILORFS PRINT]: Enabling ERROR loggin
866: Filters: WORM
866: RNG seed: 3337739165
866: [TAILORFS PRINT]: tailorfs::STDIOFSView::Open for file /p/gpfs1/iopp/tailorfs/data/test.dat_10 with redirection to /dev/shm/tailorfs/data
866: [TAILORFS PRINT]: tailorfs::STDIOFSView::Open for file /p/gpfs1/iopp/tailorfs/data/test.dat_10 with redirection to /dev/shm/tailorfs/data
866: Passed 1 test case with 1035 assertions.
866: 
866: [TAILORFS PRINT]: Enabling ERROR loggin
866: Filters: WORM
866: RNG seed: 1672328736
866: [TAILORFS PRINT]: tailorfs::STDIOFSView::Open for file /p/gpfs1/iopp/tailorfs/data/test.dat_14 with redirection to /dev/shm/tailorfs/data
866: [TAILORFS PRINT]: tailorfs::STDIOFSView::Open for file /p/gpfs1/iopp/tailorfs/data/test.dat_14 with redirection to /dev/shm/tailorfs/data
866: Passed 1 test case with 1035 assertions.
866: 
866: [TAILORFS PRINT]: Enabling ERROR loggin
866: Filters: WORM
866: RNG seed: 2554429536
866: [TAILORFS PRINT]: tailorfs::STDIOFSView::Open for file /p/gpfs1/iopp/tailorfs/data/test.dat_1 with redirection to /dev/shm/tailorfs/data
866: [TAILORFS PRINT]: tailorfs::STDIOFSView::Open for file /p/gpfs1/iopp/tailorfs/data/test.dat_1 with redirection to /dev/shm/tailorfs/data
866: Passed 1 test case with 1035 assertions.
866: 
866: [TAILORFS PRINT]: Enabling ERROR loggin
866: Filters: WORM
866: RNG seed: 3317250453
866: [TAILORFS PRINT]: tailorfs::STDIOFSView::Open for file /p/gpfs1/iopp/tailorfs/data/test.dat_3 with redirection to /dev/shm/tailorfs/data
866: [TAILORFS PRINT]: tailorfs::STDIOFSView::Open for file /p/gpfs1/iopp/tailorfs/data/test.dat_3 with redirection to /dev/shm/tailorfs/data
866: Passed 1 test case with 1035 assertions.
866: 
866: [TAILORFS PRINT]: Enabling ERROR loggin
866: Filters: WORM
866: RNG seed: 4089915385
866: [TAILORFS PRINT]: tailorfs::STDIOFSView::Open for file /p/gpfs1/iopp/tailorfs/data/test.dat_12 with redirection to /dev/shm/tailorfs/data
866: [TAILORFS PRINT]: tailorfs::STDIOFSView::Open for file /p/gpfs1/iopp/tailorfs/data/test.dat_12 with redirection to /dev/shm/tailorfs/data
866: Passed 1 test case with 1035 assertions.
866: 
866: [TAILORFS PRINT]: Enabling ERROR loggin
866: Filters: WORM
866: RNG seed: 1146215861
866: [TAILORFS PRINT]: tailorfs::STDIOFSView::Open for file /p/gpfs1/iopp/tailorfs/data/test.dat_8 with redirection to /dev/shm/tailorfs/data
866: [TAILORFS PRINT]: tailorfs::STDIOFSView::Open for file /p/gpfs1/iopp/tailorfs/data/test.dat_8 with redirection to /dev/shm/tailorfs/data
866: Passed 1 test case with 1035 assertions.
866: 
866: [TAILORFS PRINT]: Enabling ERROR loggin
866: Filters: WORM
866: RNG seed: 4208168192
866: [TAILORFS PRINT]: tailorfs::STDIOFSView::Open for file /p/gpfs1/iopp/tailorfs/data/test.dat_2 with redirection to /dev/shm/tailorfs/data
866: [TAILORFS PRINT]: tailorfs::STDIOFSView::Open for file /p/gpfs1/iopp/tailorfs/data/test.dat_2 with redirection to /dev/shm/tailorfs/data
866: Passed 1 test case with 1035 assertions.
866: 
866: [TAILORFS PRINT]: Enabling ERROR loggin
866: Filters: WORM
866: RNG seed: 108077613
866: [TAILORFS PRINT]: tailorfs::STDIOFSView::Open for file /p/gpfs1/iopp/tailorfs/data/test.dat_15 with redirection to /dev/shm/tailorfs/data
866: [TAILORFS PRINT]: tailorfs::STDIOFSView::Open for file /p/gpfs1/iopp/tailorfs/data/test.dat_15 with redirection to /dev/shm/tailorfs/data
866: Passed 1 test case with 1035 assertions.
866: 
866: [TAILORFS PRINT]: Enabling ERROR loggin
866: Filters: WORM
866: RNG seed: 3061337775
866: [TAILORFS PRINT]: tailorfs::STDIOFSView::Open for file /p/gpfs1/iopp/tailorfs/data/test.dat_5 with redirection to /dev/shm/tailorfs/data
866: [TAILORFS PRINT]: tailorfs::STDIOFSView::Open for file /p/gpfs1/iopp/tailorfs/data/test.dat_5 with redirection to /dev/shm/tailorfs/data
866: Passed 1 test case with 1035 assertions.
866: 
866: [TAILORFS PRINT]: Enabling ERROR loggin
866: Filters: WORM
866: RNG seed: 1257234945
866: [TAILORFS PRINT]: tailorfs::STDIOFSView::Open for file /p/gpfs1/iopp/tailorfs/data/test.dat_13 with redirection to /dev/shm/tailorfs/data
866: [TAILORFS PRINT]: tailorfs::STDIOFSView::Open for file /p/gpfs1/iopp/tailorfs/data/test.dat_13 with redirection to /dev/shm/tailorfs/data
866: Passed 1 test case with 1035 assertions.
866: 
866: [TAILORFS PRINT]: Enabling ERROR loggin
866: Filters: WORM
866: RNG seed: 148969824
866: [TAILORFS PRINT]: tailorfs::STDIOFSView::Open for file /p/gpfs1/iopp/tailorfs/data/test.dat_9 with redirection to /dev/shm/tailorfs/data
866: [TAILORFS PRINT]: tailorfs::STDIOFSView::Open for file /p/gpfs1/iopp/tailorfs/data/test.dat_9 with redirection to /dev/shm/tailorfs/data
866: Passed 1 test case with 1035 assertions.
866: 
866: [TAILORFS PRINT]: Enabling ERROR loggin
866: Filters: WORM
866: RNG seed: 3107432160
866: [TAILORFS PRINT]: tailorfs::STDIOFSView::Open for file /p/gpfs1/iopp/tailorfs/data/test.dat_4 with redirection to /dev/shm/tailorfs/data
866: [TAILORFS PRINT]: tailorfs::STDIOFSView::Open for file /p/gpfs1/iopp/tailorfs/data/test.dat_4 with redirection to /dev/shm/tailorfs/data
866: Passed 1 test case with 1035 assertions.
866: 
866: [TAILORFS PRINT]: Enabling ERROR loggin
866: Filters: WORM
866: RNG seed: 2943818036
866: [TAILORFS PRINT]: tailorfs::STDIOFSView::Open for file /p/gpfs1/iopp/tailorfs/data/test.dat_16 with redirection to /dev/shm/tailorfs/data
866: [TAILORFS PRINT]: tailorfs::STDIOFSView::Open for file /p/gpfs1/iopp/tailorfs/data/test.dat_16 with redirection to /dev/shm/tailorfs/data
866: Passed 1 test case with 1035 assertions.
866: 
866: [TAILORFS PRINT]: Enabling ERROR loggin
866: Filters: WORM
866: RNG seed: 2369438570
866: [TAILORFS PRINT]: tailorfs::STDIOFSView::Open for file /p/gpfs1/iopp/tailorfs/data/test.dat_17 with redirection to /dev/shm/tailorfs/data
866: [TAILORFS PRINT]: tailorfs::STDIOFSView::Open for file /p/gpfs1/iopp/tailorfs/data/test.dat_17 with redirection to /dev/shm/tailorfs/data
866: Passed 1 test case with 1035 assertions.
866: 
866: [TAILORFS PRINT]: Enabling ERROR loggin
866: Filters: WORM
866: RNG seed: 1042981527
866: [TAILORFS PRINT]: tailorfs::STDIOFSView::Open for file /p/gpfs1/iopp/tailorfs/data/test.dat_19 with redirection to /dev/shm/tailorfs/data
866: [TAILORFS PRINT]: tailorfs::STDIOFSView::Open for file /p/gpfs1/iopp/tailorfs/data/test.dat_19 with redirection to /dev/shm/tailorfs/data
866: Passed 1 test case with 1035 assertions.
866: 
866: [TAILORFS PRINT]: Enabling ERROR loggin
866: Filters: WORM
866: RNG seed: 3955844620
866: [TAILORFS PRINT]: tailorfs::STDIOFSView::Open for file /p/gpfs1/iopp/tailorfs/data/test.dat_18 with redirection to /dev/shm/tailorfs/data
866: [TAILORFS PRINT]: tailorfs::STDIOFSView::Open for file /p/gpfs1/iopp/tailorfs/data/test.dat_18 with redirection to /dev/shm/tailorfs/data
866: Passed 1 test case with 1035 assertions.
866: 
866: [TAILORFS PRINT]: Enabling ERROR loggin
866: Filters: WORM
866: RNG seed: 1804952154
866: [TAILORFS PRINT]: tailorfs::STDIOFSView::Open for file /p/gpfs1/iopp/tailorfs/data/test.dat_20 with redirection to /dev/shm/tailorfs/data
866: [TAILORFS PRINT]: tailorfs::STDIOFSView::Open for file /p/gpfs1/iopp/tailorfs/data/test.dat_20 with redirection to /dev/shm/tailorfs/data
866: Passed 1 test case with 1035 assertions.
866: 
866: [TAILORFS PRINT]: Enabling ERROR loggin
866: Filters: WORM
866: RNG seed: 1594307034
866: [TAILORFS PRINT]: tailorfs::STDIOFSView::Open for file /p/gpfs1/iopp/tailorfs/data/test.dat_21 with redirection to /dev/shm/tailorfs/data
866: [TAILORFS PRINT]: tailorfs::STDIOFSView::Open for file /p/gpfs1/iopp/tailorfs/data/test.dat_21 with redirection to /dev/shm/tailorfs/data
866: Passed 1 test case with 1035 assertions.
866: 
866: [TAILORFS PRINT]: Enabling ERROR loggin
866: Filters: WORM
866: RNG seed: 1285064865
866: [TAILORFS PRINT]: tailorfs::STDIOFSView::Open for file /p/gpfs1/iopp/tailorfs/data/test.dat_22 with redirection to /dev/shm/tailorfs/data
866: [TAILORFS PRINT]: tailorfs::STDIOFSView::Open for file /p/gpfs1/iopp/tailorfs/data/test.dat_22 with redirection to /dev/shm/tailorfs/data
866: Passed 1 test case with 1035 assertions.
866: 
866: [TAILORFS PRINT]: Enabling ERROR loggin
866: Filters: WORM
866: RNG seed: 1642402207
866: [TAILORFS PRINT]: tailorfs::STDIOFSView::Open for file /p/gpfs1/iopp/tailorfs/data/test.dat_24 with redirection to /dev/shm/tailorfs/data
866: [TAILORFS PRINT]: tailorfs::STDIOFSView::Open for file /p/gpfs1/iopp/tailorfs/data/test.dat_24 with redirection to /dev/shm/tailorfs/data
866: Passed 1 test case with 1035 assertions.
866: 
866: [TAILORFS PRINT]: Enabling ERROR loggin
866: Filters: WORM
866: RNG seed: 2507434864
866: [TAILORFS PRINT]: tailorfs::STDIOFSView::Open for file /p/gpfs1/iopp/tailorfs/data/test.dat_23 with redirection to /dev/shm/tailorfs/data
866: [TAILORFS PRINT]: tailorfs::STDIOFSView::Open for file /p/gpfs1/iopp/tailorfs/data/test.dat_23 with redirection to /dev/shm/tailorfs/data
866: Passed 1 test case with 1035 assertions.
866: 
866: [TAILORFS PRINT]: Enabling ERROR loggin
866: Filters: WORM
866: RNG seed: 2559666781
866: [TAILORFS PRINT]: tailorfs::STDIOFSView::Open for file /p/gpfs1/iopp/tailorfs/data/test.dat_25 with redirection to /dev/shm/tailorfs/data
866: [TAILORFS PRINT]: tailorfs::STDIOFSView::Open for file /p/gpfs1/iopp/tailorfs/data/test.dat_25 with redirection to /dev/shm/tailorfs/data
866: Passed 1 test case with 1035 assertions.
866: 
866: [TAILORFS PRINT]: Enabling ERROR loggin
866: Filters: WORM
866: RNG seed: 770113130
866: [TAILORFS PRINT]: tailorfs::STDIOFSView::Open for file /p/gpfs1/iopp/tailorfs/data/test.dat_26 with redirection to /dev/shm/tailorfs/data
866: [TAILORFS PRINT]: tailorfs::STDIOFSView::Open for file /p/gpfs1/iopp/tailorfs/data/test.dat_26 with redirection to /dev/shm/tailorfs/data
866: Passed 1 test case with 1035 assertions.
866: 
866: [TAILORFS PRINT]: Enabling ERROR loggin
866: Filters: WORM
866: RNG seed: 1029762116
866: [TAILORFS PRINT]: tailorfs::STDIOFSView::Open for file /p/gpfs1/iopp/tailorfs/data/test.dat_29 with redirection to /dev/shm/tailorfs/data
866: [TAILORFS PRINT]: tailorfs::STDIOFSView::Open for file /p/gpfs1/iopp/tailorfs/data/test.dat_29 with redirection to /dev/shm/tailorfs/data
866: Passed 1 test case with 1035 assertions.
866: 
866: [TAILORFS PRINT]: Enabling ERROR loggin
866: Filters: WORM
866: RNG seed: 1796608071
866: [TAILORFS PRINT]: tailorfs::STDIOFSView::Open for file /p/gpfs1/iopp/tailorfs/data/test.dat_28 with redirection to /dev/shm/tailorfs/data
866: [TAILORFS PRINT]: tailorfs::STDIOFSView::Open for file /p/gpfs1/iopp/tailorfs/data/test.dat_28 with redirection to /dev/shm/tailorfs/data
866: Passed 1 test case with 1035 assertions.
866: 
866: [TAILORFS PRINT]: Enabling ERROR loggin
866: Filters: WORM
866: RNG seed: 2442705807
866: [TAILORFS PRINT]: tailorfs::STDIOFSView::Open for file /p/gpfs1/iopp/tailorfs/data/test.dat_27 with redirection to /dev/shm/tailorfs/data
866: [TAILORFS PRINT]: tailorfs::STDIOFSView::Open for file /p/gpfs1/iopp/tailorfs/data/test.dat_27 with redirection to /dev/shm/tailorfs/data
866: Passed 1 test case with 1035 assertions.
866: 
866: [TAILORFS PRINT]: Enabling ERROR loggin
866: Filters: WORM
866: RNG seed: 818510160
866: [TAILORFS PRINT]: tailorfs::STDIOFSView::Open for file /p/gpfs1/iopp/tailorfs/data/test.dat_30 with redirection to /dev/shm/tailorfs/data
866: [TAILORFS PRINT]: tailorfs::STDIOFSView::Open for file /p/gpfs1/iopp/tailorfs/data/test.dat_30 with redirection to /dev/shm/tailorfs/data
866: Passed 1 test case with 1035 assertions.
866: 
866: [TAILORFS PRINT]: Enabling ERROR loggin
866: Filters: WORM
866: RNG seed: 2377594657
866: [TAILORFS PRINT]: tailorfs::STDIOFSView::Open for file /p/gpfs1/iopp/tailorfs/data/test.dat_31 with redirection to /dev/shm/tailorfs/data
866: [TAILORFS PRINT]: tailorfs::STDIOFSView::Open for file /p/gpfs1/iopp/tailorfs/data/test.dat_31 with redirection to /dev/shm/tailorfs/data
866: Passed 1 test case with 1035 assertions.
866: 
866: /usr/WS2/iopp/software/tailorfs/build_1/test/micro_benchmark
866: Finishing test.
866: [TailorFS] Finishing test.
7/9 Test #866: test_tailor_mb_lassen_1_32_1_1024_1024_fpp_seq_worm_all .....   Passed    8.35 sec
test 868
    Start 868: test_tailor_mb_lassen_1_32_1_1024_1024_fpp_seq_worm_split

868: Test command: /usr/bin/bash "/usr/workspace/iopp/software/tailorfs/test/scripts/main_unifyfs_wrapper.sh" "lassen" "32" "/usr/workspace/iopp/software/tailorfs" "/usr/workspace/iopp/software/tailorfs/build_1/bin/io_tests" "/g/g92/haridev/unifyfs/logs" "/usr/workspace/iopp/software/tailorfs/dependency/.spack-env/view" "--request_size" "1048576" "--iteration" "1024" "--ranks_per_node" "32" "--access_pattern" "0" "--file_sharing" "0" "--process_grouping" "1" "--reporter" "compact" "WORM"
868: Environment variables: 
868:  pfs=/p/gpfs1/iopp
868:  BBPATH=/mnt/bb_c803d33fcd7eb5513297d6e52cb07a36
868:  MIMIR_CONFIG_PATH=/usr/workspace/iopp/software/tailorfs/test/mimir/json_files/lassen/mimir_config_1_32_1_1024_1024_fpp_seq_worm_split.json
868:  LD_LIBRARY_PATH=/usr/workspace/iopp/software/tailorfs/build_1/lib:/usr/workspace/iopp/software/tailorfs/dependency/.spack-env/view/lib
868: Test timeout computed to be: 10000000
868: /usr/workspace/iopp/software/tailorfs/test/scripts/lassen /usr/WS2/iopp/software/tailorfs/build_1/test/micro_benchmark
868: [TailorFS] Configuring test for lassen
868: [TailorFS] Run Test
868: Warning: Overriding <MPI_ROOT UNEXPECTEDLY NOT SET> (module loaded must exactly match)
868: Warning: Using      spectrum-mpi/2020.08.19 to match app's MPI
868: Please tell John Gyllenhaal (gyllen@llnl.gov, 4-5485) if this MPI env fix doesn't work
868: [MIMIR ERROR]: app hash not matching
868: [MIMIR ERROR]: app hash not matching
868: [MIMIR ERROR]: app hash not matching
868: [MIMIR ERROR]: app hash not matching
868: [MIMIR ERROR]: app hash not matching
868: [MIMIR ERROR]: app hash not matching
868: [MIMIR ERROR]: app hash not matching
868: [MIMIR ERROR]: app hash not matching
868: [MIMIR ERROR]: app hash not matching
868: [MIMIR ERROR]: app hash not matching
868: [MIMIR ERROR]: app hash not matching
868: [MIMIR ERROR]: app hash not matching
868: [MIMIR ERROR]: app hash not matching
868: [MIMIR ERROR]: app hash not matching
868: [MIMIR ERROR]: app hash not matching
868: [MIMIR ERROR]: app hash not matching
868: [MIMIR ERROR]: app hash not matching
868: [MIMIR ERROR]: app hash not matching
868: [MIMIR ERROR]: app hash not matching
868: [MIMIR ERROR]: app hash not matching
868: [MIMIR ERROR]: app hash not matching
868: [MIMIR ERROR]: app hash not matching
868: [MIMIR ERROR]: app hash not matching
868: [MIMIR ERROR]: app hash not matching
868: [MIMIR ERROR]: app hash not matching
868: [MIMIR ERROR]: app hash not matching
868: [MIMIR ERROR]: app hash not matching
868: [MIMIR ERROR]: app hash not matching
868: [MIMIR ERROR]: app hash not matching
868: [MIMIR ERROR]: app hash not matching
868: [MIMIR ERROR]: app hash not matching
868: [MIMIR ERROR]: app hash not matching
868: [TAILORFS PRINT]: Enabling ERROR loggin
868: Filters: WORM
868: RNG seed: 427822452
868: [TAILORFS PRINT]:     Timing,      1024,   1048576,  0.000000,  0.000000,  0.001906,  0.000161,  0.373778,  0.341534,     POSIX,      worm,1,0,0,1
868: 
868: Passed 1 test case with 12 assertions.
868: 
868: [TAILORFS PRINT]: Enabling ERROR loggin
868: Filters: WORM
868: RNG seed: 1054511310
868: Passed 1 test case with 12 assertions.
868: 
868: [TAILORFS PRINT]: Enabling ERROR loggin
868: Filters: WORM
868: RNG seed: 3435826679
868: Passed 1 test case with 12 assertions.
868: 
868: [TAILORFS PRINT]: Enabling ERROR loggin
868: Filters: WORM
868: RNG seed: 3955961091
868: Passed 1 test case with 12 assertions.
868: 
868: [TAILORFS PRINT]: Enabling ERROR loggin
868: Filters: WORM
868: RNG seed: 3783009640
868: Passed 1 test case with 12 assertions.
868: 
868: [TAILORFS PRINT]: Enabling ERROR loggin
868: Filters: WORM
868: RNG seed: 1240726331
868: Passed 1 test case with 12 assertions.
868: 
868: [TAILORFS PRINT]: Enabling ERROR loggin
868: Filters: WORM
868: RNG seed: 3325117444
868: Passed 1 test case with 12 assertions.
868: 
868: [TAILORFS PRINT]: Enabling ERROR loggin
868: Filters: WORM
868: RNG seed: 3854469829
868: Passed 1 test case with 12 assertions.
868: 
868: [TAILORFS PRINT]: Enabling ERROR loggin
868: Filters: WORM
868: RNG seed: 1551431217
868: Passed 1 test case with 1035 assertions.
868: 
868: [TAILORFS PRINT]: Enabling ERROR loggin
868: Filters: WORM
868: RNG seed: 1388610040
868: Passed 1 test case with 12 assertions.
868: 
868: [TAILORFS PRINT]: Enabling ERROR loggin
868: Filters: WORM
868: RNG seed: 1776943354
868: Passed 1 test case with 1035 assertions.
868: 
868: [TAILORFS PRINT]: Enabling ERROR loggin
868: Filters: WORM
868: RNG seed: 3063474086
868: Passed 1 test case with 1035 assertions.
868: 
868: [TAILORFS PRINT]: Enabling ERROR loggin
868: Filters: WORM
868: RNG seed: 1580253683
868: Passed 1 test case with 1035 assertions.
868: 
868: [TAILORFS PRINT]: Enabling ERROR loggin
868: Filters: WORM
868: RNG seed: 2746354424
868: Passed 1 test case with 12 assertions.
868: 
868: [TAILORFS PRINT]: Enabling ERROR loggin
868: Filters: WORM
868: RNG seed: 2979393298
868: Passed 1 test case with 12 assertions.
868: 
868: [TAILORFS PRINT]: Enabling ERROR loggin
868: Filters: WORM
868: RNG seed: 734494941
868: Passed 1 test case with 12 assertions.
868: 
868: [TAILORFS PRINT]: Enabling ERROR loggin
868: Filters: WORM
868: RNG seed: 516598364
868: Passed 1 test case with 12 assertions.
868: 
868: [TAILORFS PRINT]: Enabling ERROR loggin
868: Filters: WORM
868: RNG seed: 1915005593
868: Passed 1 test case with 12 assertions.
868: 
868: [TAILORFS PRINT]: Enabling ERROR loggin
868: Filters: WORM
868: RNG seed: 2932461247
868: Passed 1 test case with 12 assertions.
868: 
868: [TAILORFS PRINT]: Enabling ERROR loggin
868: Filters: WORM
868: RNG seed: 382131489
868: Passed 1 test case with 12 assertions.
868: 
868: [TAILORFS PRINT]: Enabling ERROR loggin
868: Filters: WORM
868: RNG seed: 3106351275
868: Passed 1 test case with 1035 assertions.
868: 
868: [TAILORFS PRINT]: Enabling ERROR loggin
868: Filters: WORM
868: RNG seed: 178137032
868: Passed 1 test case with 1035 assertions.
868: 
868: [TAILORFS PRINT]: Enabling ERROR loggin
868: Filters: WORM
868: RNG seed: 1028379744
868: Passed 1 test case with 1035 assertions.
868: 
868: [TAILORFS PRINT]: Enabling ERROR loggin
868: Filters: WORM
868: RNG seed: 3571236901
868: Passed 1 test case with 1035 assertions.
868: 
868: [TAILORFS PRINT]: Enabling ERROR loggin
868: Filters: WORM
868: RNG seed: 1819581660
868: Passed 1 test case with 1035 assertions.
868: 
868: [TAILORFS PRINT]: Enabling ERROR loggin
868: Filters: WORM
868: RNG seed: 3623083553
868: Passed 1 test case with 1035 assertions.
868: 
868: [TAILORFS PRINT]: Enabling ERROR loggin
868: Filters: WORM
868: RNG seed: 2293271171
868: Passed 1 test case with 1035 assertions.
868: 
868: [TAILORFS PRINT]: Enabling ERROR loggin
868: Filters: WORM
868: RNG seed: 1140414202
868: Passed 1 test case with 1035 assertions.
868: 
868: [TAILORFS PRINT]: Enabling ERROR loggin
868: Filters: WORM
868: RNG seed: 4177660456
868: Passed 1 test case with 1035 assertions.
868: 
868: [TAILORFS PRINT]: Enabling ERROR loggin
868: Filters: WORM
868: RNG seed: 2863832779
868: Passed 1 test case with 1035 assertions.
868: 
868: [TAILORFS PRINT]: Enabling ERROR loggin
868: Filters: WORM
868: RNG seed: 3321157560
868: Passed 1 test case with 1035 assertions.
868: 
868: [TAILORFS PRINT]: Enabling ERROR loggin
868: Filters: WORM
868: RNG seed: 602841443
868: Passed 1 test case with 1035 assertions.
868: 
868: /usr/WS2/iopp/software/tailorfs/build_1/test/micro_benchmark
868: Finishing test.
868: [TailorFS] Finishing test.
8/9 Test #868: test_tailor_mb_lassen_1_32_1_1024_1024_fpp_seq_worm_split ...   Passed    2.82 sec
test 870
    Start 870: test_tailor_mb_lassen_1_32_1_1024_1024_fpp_seq_worm_alt

870: Test command: /usr/bin/bash "/usr/workspace/iopp/software/tailorfs/test/scripts/main_unifyfs_wrapper.sh" "lassen" "32" "/usr/workspace/iopp/software/tailorfs" "/usr/workspace/iopp/software/tailorfs/build_1/bin/io_tests" "/g/g92/haridev/unifyfs/logs" "/usr/workspace/iopp/software/tailorfs/dependency/.spack-env/view" "--request_size" "1048576" "--iteration" "1024" "--ranks_per_node" "32" "--access_pattern" "0" "--file_sharing" "0" "--process_grouping" "2" "--reporter" "compact" "WORM"
870: Environment variables: 
870:  pfs=/p/gpfs1/iopp
870:  BBPATH=/mnt/bb_c803d33fcd7eb5513297d6e52cb07a36
870:  MIMIR_CONFIG_PATH=/usr/workspace/iopp/software/tailorfs/test/mimir/json_files/lassen/mimir_config_1_32_1_1024_1024_fpp_seq_worm_alt.json
870:  LD_LIBRARY_PATH=/usr/workspace/iopp/software/tailorfs/build_1/lib:/usr/workspace/iopp/software/tailorfs/dependency/.spack-env/view/lib
870: Test timeout computed to be: 10000000
870: /usr/workspace/iopp/software/tailorfs/test/scripts/lassen /usr/WS2/iopp/software/tailorfs/build_1/test/micro_benchmark
870: [TailorFS] Configuring test for lassen
870: [TailorFS] Run Test
870: Warning: Overriding <MPI_ROOT UNEXPECTEDLY NOT SET> (module loaded must exactly match)
870: Warning: Using      spectrum-mpi/2020.08.19 to match app's MPI
870: Please tell John Gyllenhaal (gyllen@llnl.gov, 4-5485) if this MPI env fix doesn't work
870: [MIMIR ERROR]: app hash not matching
870: [MIMIR ERROR]: app hash not matching
870: [MIMIR ERROR]: app hash not matching
870: [MIMIR ERROR]: app hash not matching
870: [MIMIR ERROR]: app hash not matching
870: [MIMIR ERROR]: app hash not matching
870: [MIMIR ERROR]: app hash not matching
870: [MIMIR ERROR]: app hash not matching
870: [MIMIR ERROR]: app hash not matching
870: [MIMIR ERROR]: app hash not matching
870: [MIMIR ERROR]: app hash not matching
870: [MIMIR ERROR]: app hash not matching
870: [MIMIR ERROR]: app hash not matching
870: [MIMIR ERROR]: app hash not matching
870: [MIMIR ERROR]: app hash not matching
870: [MIMIR ERROR]: app hash not matching
870: [MIMIR ERROR]: app hash not matching
870: [MIMIR ERROR]: app hash not matching
870: [MIMIR ERROR]: app hash not matching
870: [MIMIR ERROR]: app hash not matching
870: [MIMIR ERROR]: app hash not matching
870: [MIMIR ERROR]: app hash not matching
870: [MIMIR ERROR]: app hash not matching
870: [MIMIR ERROR]: app hash not matching
870: [MIMIR ERROR]: app hash not matching
870: [MIMIR ERROR]: app hash not matching
870: [MIMIR ERROR]: app hash not matching
870: [MIMIR ERROR]: app hash not matching
870: [MIMIR ERROR]: app hash not matching
870: [MIMIR ERROR]: app hash not matching
870: [MIMIR ERROR]: app hash not matching
870: [MIMIR ERROR]: app hash not matching
870: [TAILORFS PRINT]: Enabling ERROR loggin
870: Filters: WORM
870: RNG seed: 2028988787
870: Passed 1 test case with 1035 assertions.
870: 
870: [TAILORFS PRINT]: Enabling ERROR loggin
870: Filters: WORM
870: RNG seed: 214720197
870: Passed 1 test case with 1035 assertions.
870: 
870: [TAILORFS PRINT]: Enabling ERROR loggin
870: Filters: WORM
870: RNG seed: 3965233893
870: Passed 1 test case with 12 assertions.
870: 
870: [TAILORFS PRINT]: Enabling ERROR loggin
870: Filters: WORM
870: RNG seed: 2713231153
870: Passed 1 test case with 12 assertions.
870: 
870: [TAILORFS PRINT]: Enabling ERROR loggin
870: Filters: WORM
870: RNG seed: 2712752538
870: [TAILORFS PRINT]:     Timing,      1024,   1048576,  0.000000,  0.000000,  0.001369,  0.000114,  0.485384,  0.466744,     POSIX,      worm,1,0,0,2
870: 
870: Passed 1 test case with 12 assertions.
870: 
870: [TAILORFS PRINT]: Enabling ERROR loggin
870: Filters: WORM
870: RNG seed: 4012515477
870: Passed 1 test case with 12 assertions.
870: 
870: [TAILORFS PRINT]: Enabling ERROR loggin
870: Filters: WORM
870: RNG seed: 3585426193
870: Passed 1 test case with 1035 assertions.
870: 
870: [TAILORFS PRINT]: Enabling ERROR loggin
870: Filters: WORM
870: RNG seed: 2627906112
870: Passed 1 test case with 12 assertions.
870: 
870: [TAILORFS PRINT]: Enabling ERROR loggin
870: Filters: WORM
870: RNG seed: 3370663480
870: Passed 1 test case with 1035 assertions.
870: 
870: [TAILORFS PRINT]: Enabling ERROR loggin
870: Filters: WORM
870: RNG seed: 2099531722
870: Passed 1 test case with 1035 assertions.
870: 
870: [TAILORFS PRINT]: Enabling ERROR loggin
870: Filters: WORM
870: RNG seed: 3712258894
870: Passed 1 test case with 12 assertions.
870: 
870: [TAILORFS PRINT]: Enabling ERROR loggin
870: Filters: WORM
870: RNG seed: 3266378777
870: Passed 1 test case with 1035 assertions.
870: 
870: [TAILORFS PRINT]: Enabling ERROR loggin
870: Filters: WORM
870: RNG seed: 320410289
870: Passed 1 test case with 12 assertions.
870: 
870: [TAILORFS PRINT]: Enabling ERROR loggin
870: Filters: WORM
870: RNG seed: 2434587887
870: Passed 1 test case with 1035 assertions.
870: 
870: [TAILORFS PRINT]: Enabling ERROR loggin
870: Filters: WORM
870: RNG seed: 1232339104
870: Passed 1 test case with 1035 assertions.
870: 
870: [TAILORFS PRINT]: Enabling ERROR loggin
870: Filters: WORM
870: RNG seed: 3969419570
870: Passed 1 test case with 12 assertions.
870: 
870: [TAILORFS PRINT]: Enabling ERROR loggin
870: Filters: WORM
870: RNG seed: 3392428495
870: Passed 1 test case with 1035 assertions.
870: 
870: [TAILORFS PRINT]: Enabling ERROR loggin
870: Filters: WORM
870: RNG seed: 474588856
870: Passed 1 test case with 12 assertions.
870: 
870: [TAILORFS PRINT]: Enabling ERROR loggin
870: Filters: WORM
870: RNG seed: 1243585758
870: Passed 1 test case with 12 assertions.
870: 
870: [TAILORFS PRINT]: Enabling ERROR loggin
870: Filters: WORM
870: RNG seed: 3170670508
870: Passed 1 test case with 1035 assertions.
870: 
870: [TAILORFS PRINT]: Enabling ERROR loggin
870: Filters: WORM
870: RNG seed: 3255268809
870: Passed 1 test case with 12 assertions.
870: 
870: [TAILORFS PRINT]: Enabling ERROR loggin
870: Filters: WORM
870: RNG seed: 749952716
870: Passed 1 test case with 12 assertions.
870: 
870: [TAILORFS PRINT]: Enabling ERROR loggin
870: Filters: WORM
870: RNG seed: 3246140613
870: Passed 1 test case with 1035 assertions.
870: 
870: [TAILORFS PRINT]: Enabling ERROR loggin
870: Filters: WORM
870: RNG seed: 3039543689
870: Passed 1 test case with 1035 assertions.
870: 
870: [TAILORFS PRINT]: Enabling ERROR loggin
870: Filters: WORM
870: RNG seed: 1408126239
870: Passed 1 test case with 12 assertions.
870: 
870: [TAILORFS PRINT]: Enabling ERROR loggin
870: Filters: WORM
870: RNG seed: 27228706
870: Passed 1 test case with 1035 assertions.
870: 
870: [TAILORFS PRINT]: Enabling ERROR loggin
870: Filters: WORM
870: RNG seed: 3338805738
870: Passed 1 test case with 12 assertions.
870: 
870: [TAILORFS PRINT]: Enabling ERROR loggin
870: Filters: WORM
870: RNG seed: 900406069
870: Passed 1 test case with 1035 assertions.
870: 
870: [TAILORFS PRINT]: Enabling ERROR loggin
870: Filters: WORM
870: RNG seed: 2414685385
870: Passed 1 test case with 12 assertions.
870: 
870: [TAILORFS PRINT]: Enabling ERROR loggin
870: Filters: WORM
870: RNG seed: 1828714596
870: Passed 1 test case with 1035 assertions.
870: 
870: [TAILORFS PRINT]: Enabling ERROR loggin
870: Filters: WORM
870: RNG seed: 2763014900
870: Passed 1 test case with 12 assertions.
870: 
870: [TAILORFS PRINT]: Enabling ERROR loggin
870: Filters: WORM
870: RNG seed: 1433543573
870: Passed 1 test case with 1035 assertions.
870: 
870: /usr/WS2/iopp/software/tailorfs/build_1/test/micro_benchmark
870: Finishing test.
870: [TailorFS] Finishing test.
9/9 Test #870: test_tailor_mb_lassen_1_32_1_1024_1024_fpp_seq_worm_alt .....   Passed    2.89 sec

The following tests passed:
	test_tailor_mb_lassen_1_32_1_1024_1024_fpp_seq_wo_all
	test_tailor_mb_lassen_1_32_1_1024_1024_fpp_seq_ro_all
	test_tailor_mb_lassen_1_32_1_1024_1024_fpp_seq_raw_all
	test_tailor_mb_lassen_1_32_1_1024_1024_fpp_seq_raw_split
	test_tailor_mb_lassen_1_32_1_1024_1024_fpp_seq_raw_alt
	test_tailor_mb_lassen_1_32_1_1024_1024_fpp_seq_update_all
	test_tailor_mb_lassen_1_32_1_1024_1024_fpp_seq_worm_all
	test_tailor_mb_lassen_1_32_1_1024_1024_fpp_seq_worm_split
	test_tailor_mb_lassen_1_32_1_1024_1024_fpp_seq_worm_alt

100% tests passed, 0 tests failed out of 9

Total Test time (real) =  43.76 sec

------------------------------------------------------------
Sender: LSF System <lsfadmin@lassen710>
Subject: Job 3893971: <paper_benefit.sh_1> in cluster <lassen> Exited

Job <paper_benefit.sh_1> was submitted from host <lassen708> by user <haridev> in cluster <lassen> at Wed Sep  7 00:02:17 2022
Job was executed on host(s) <1*lassen710>, in queue <pbatch>, as user <haridev> in cluster <lassen> at Wed Sep  7 00:06:25 2022
                            <40*lassen805>
</g/g92/haridev> was used as the home directory.
</usr/workspace/iopp/software/tailorfs/scripts> was used as the working directory.
Started at Wed Sep  7 00:06:25 2022
Terminated at Wed Sep  7 00:13:02 2022
Results reported at Wed Sep  7 00:13:02 2022

Your job looked like:

------------------------------------------------------------
# LSBATCH: User input
/usr/workspace/iopp/software/tailorfs/scripts/paper_benefit.sh 1 1024
------------------------------------------------------------

TERM_OWNER: job killed by owner.
Exited with signal termination: 14.

Resource usage summary:

    CPU time :                                   69.00 sec.
    Max Memory :                                 115 MB
    Average Memory :                             69.06 MB
    Total Requested Memory :                     -
    Delta Memory :                               -
    Max Swap :                                   1523 MB
    Max Processes :                              10
    Max Threads :                                35
    Run time :                                   397 sec.
    Turnaround time :                            645 sec.

The output (if any) is above this job summary.

